+ Rscript -e 'Sys.setenv(BIOCONDUCTOR_USE_CONTAINER_REPOSITORY=FALSE);
  p <- .libPaths();
  p <- c('\''/tmp/library'\'', '\''/mnt/library'\'', p);
  .libPaths(p);
  if(BiocManager::install('\''EBarrays'\'', INSTALL_opts = '\''--build'\'', update = TRUE, quiet = FALSE, dependencies=TRUE, force = TRUE, keep_outputs = TRUE) %in% rownames(installed.packages())) q(status = 0) else q(status = 1)'
'getOption("repos")' replaces Bioconductor standard repositories, see
'help("repositories", package = "BiocManager")' for details.
Replacement repositories:
    CRAN: https://cloud.r-project.org
Bioconductor version 3.23 (BiocManager 1.30.26), R Under development (unstable)
  (2025-10-28 r88973)
Installing package(s) 'EBarrays'
trying URL 'https://bioconductor.org/packages/3.23/bioc/src/contrib/EBarrays_2.75.0.tar.gz'
Content type 'application/x-gzip' length 1089866 bytes (1.0 MB)
==================================================
downloaded 1.0 MB

* installing *source* package ‘EBarrays’ ...
** this is package ‘EBarrays’ version ‘2.75.0’
** using staged installation
** libs
using C compiler: ‘gcc (Ubuntu 13.3.0-6ubuntu2~24.04) 13.3.0’
gcc -std=gnu2x -I"/usr/local/lib/R/include" -DNDEBUG   -I/usr/local/include    -fpic  -g -O2 -fstack-protector-strong -Wformat -Werror=format-security -Wdate-time -D_FORTIFY_SOURCE=2 -g  -c ebarrays.c -o ebarrays.o
gcc -std=gnu2x -shared -L/usr/local/lib/R/lib -L/usr/local/lib -o EBarrays.so ebarrays.o -L/usr/local/lib/R/lib -lR
installing to /tmp/library/00LOCK-EBarrays/00new/EBarrays/libs
** R
** data
** demo
** inst
** byte-compile and prepare package for lazy loading
** help
*** installing help indices
** building package indices
** installing vignettes
** testing if installed package can be loaded from temporary location
** checking absolute paths in shared objects and dynamic libraries
** testing if installed package can be loaded from final location
** testing if installed package keeps a record of temporary installation path
* creating tarball
packaged installation of ‘EBarrays’ as ‘EBarrays_2.75.0_R_x86_64-pc-linux-gnu.tar.gz’
* DONE (EBarrays)

The downloaded source packages are in
	‘/tmp/RtmpnHzeTu/downloaded_packages’
Old packages: 'promises'

real	0m9.006s
user	0m6.322s
sys	0m1.755s
