+ Rscript -e 'Sys.setenv(BIOCONDUCTOR_USE_CONTAINER_REPOSITORY=FALSE);
  p <- .libPaths();
  p <- c('\''/tmp/library'\'', '\''/mnt/library'\'', p);
  .libPaths(p);
  if(BiocManager::install('\''AWFisher'\'', INSTALL_opts = '\''--build'\'', update = TRUE, quiet = FALSE, dependencies=TRUE, force = TRUE, keep_outputs = TRUE) %in% rownames(installed.packages())) q(status = 0) else q(status = 1)'
'getOption("repos")' replaces Bioconductor standard repositories, see
'help("repositories", package = "BiocManager")' for details.
Replacement repositories:
    CRAN: https://cloud.r-project.org
Bioconductor version 3.23 (BiocManager 1.30.26), R Under development (unstable)
  (2025-10-28 r88973)
Installing package(s) 'AWFisher'
also installing the dependency ‘tightClust’

trying URL 'https://cloud.r-project.org/src/contrib/tightClust_1.1.tar.gz'
trying URL 'https://bioconductor.org/packages/3.23/bioc/src/contrib/AWFisher_1.25.0.tar.gz'
* installing *source* package ‘tightClust’ ...
** this is package ‘tightClust’ version ‘1.1’
** package ‘tightClust’ successfully unpacked and MD5 sums checked
** using staged installation
** R
** data
** byte-compile and prepare package for lazy loading
** help
*** installing help indices
** building package indices
** testing if installed package can be loaded from temporary location
** testing if installed package can be loaded from final location
** testing if installed package keeps a record of temporary installation path
* creating tarball
packaged installation of ‘tightClust’ as ‘tightClust_1.1_R_x86_64-pc-linux-gnu.tar.gz’
* DONE (tightClust)
* installing *source* package ‘AWFisher’ ...
** this is package ‘AWFisher’ version ‘1.25.0’
** using staged installation
** libs
using C++ compiler: ‘g++ (Ubuntu 13.3.0-6ubuntu2~24.04) 13.3.0’
g++ -std=gnu++17 -I"/usr/local/lib/R/include" -DNDEBUG   -I/usr/local/include    -fpic  -g -O2 -fstack-protector-strong -Wformat -Werror=format-security -Wdate-time -D_FORTIFY_SOURCE=2 -g   -c AWFisher.cpp -o AWFisher.o
g++ -std=gnu++17 -shared -L/usr/local/lib/R/lib -L/usr/local/lib -o AWFisher.so AWFisher.o -L/usr/local/lib/R/lib -lR
installing to /tmp/library/00LOCK-AWFisher/00new/AWFisher/libs
** R
** data
** inst
** byte-compile and prepare package for lazy loading
** help
*** installing help indices
** building package indices
** installing vignettes
** testing if installed package can be loaded from temporary location
** checking absolute paths in shared objects and dynamic libraries
** testing if installed package can be loaded from final location
** testing if installed package keeps a record of temporary installation path
* creating tarball
packaged installation of ‘AWFisher’ as ‘AWFisher_1.25.0_R_x86_64-pc-linux-gnu.tar.gz’
* DONE (AWFisher)

The downloaded source packages are in
	‘/tmp/RtmpbfwLE3/downloaded_packages’
Old packages: 'promises'

real	0m8.416s
user	0m6.138s
sys	0m2.629s
