+ Rscript -e 'Sys.setenv(BIOCONDUCTOR_USE_CONTAINER_REPOSITORY=FALSE);
  p <- .libPaths();
  p <- c('\'''\'', '\'''\'', p);
  .libPaths(p);
  if(BiocManager::install('\''agilp'\'', INSTALL_opts = '\''--build'\'', update = TRUE, quiet = FALSE, dependencies=TRUE, force = TRUE, keep_outputs = TRUE) %in% rownames(installed.packages())) q(status = 0) else q(status = 1)'
'getOption("repos")' replaces Bioconductor standard repositories, see
'help("repositories", package = "BiocManager")' for details.
Replacement repositories:
    CRAN: https://p3m.dev/cran/__linux__/noble/latest
Bioconductor version 3.21 (BiocManager 1.30.26), R 4.5.1 (2025-06-13)
Installing package(s) 'agilp'
trying URL 'https://bioconductor.org/packages/3.21/bioc/src/contrib/agilp_3.40.0.tar.gz'
Content type 'application/x-gzip' length 464145 bytes (453 KB)
==================================================
downloaded 453 KB

* installing *source* package ‘agilp’ ...
** this is package ‘agilp’ version ‘3.40.0’
** using staged installation
** R
** inst
** byte-compile and prepare package for lazy loading
** help
*** installing help indices
** building package indices
** installing vignettes
** testing if installed package can be loaded from temporary location
** testing if installed package can be loaded from final location
** testing if installed package keeps a record of temporary installation path
* creating tarball
packaged installation of ‘agilp’ as ‘agilp_3.40.0_R_x86_64-pc-linux-gnu.tar.gz’
* DONE (agilp)

The downloaded source packages are in
	‘/tmp/Rtmp49dop9/downloaded_packages’
Old packages: 'xml2'

real	0m3.981s
user	0m2.793s
sys	0m1.062s
