+ Rscript -e 'Sys.setenv(BIOCONDUCTOR_USE_CONTAINER_REPOSITORY=FALSE);
  p <- .libPaths();
  p <- c('\''/tmp/library'\'', '\''/mnt/library'\'', p);
  .libPaths(p);
  if(BiocManager::install('\''RNAseqCovarImpute'\'', INSTALL_opts = '\''--build'\'', update = TRUE, quiet = FALSE, dependencies=TRUE, force = TRUE, keep_outputs = TRUE) %in% rownames(installed.packages())) q(status = 0) else q(status = 1)'
'getOption("repos")' replaces Bioconductor standard repositories, see
'help("repositories", package = "BiocManager")' for details.
Replacement repositories:
    CRAN: https://cloud.r-project.org
Bioconductor version 3.23 (BiocManager 1.30.26), R Under development (unstable)
  (2025-10-28 r88973)
Installing package(s) 'RNAseqCovarImpute'
Warning: dependency ‘PCAtools’ is not available
trying URL 'https://bioconductor.org/packages/3.23/bioc/src/contrib/RNAseqCovarImpute_1.9.0.tar.gz'
Content type 'application/x-gzip' length 786300 bytes (767 KB)
==================================================
downloaded 767 KB

* installing *source* package ‘RNAseqCovarImpute’ ...
** this is package ‘RNAseqCovarImpute’ version ‘1.9.0’
** using staged installation
** R
** data
** inst
** byte-compile and prepare package for lazy loading
** help
*** installing help indices
** building package indices
** installing vignettes
** testing if installed package can be loaded from temporary location
** testing if installed package can be loaded from final location
** testing if installed package keeps a record of temporary installation path
* creating tarball
packaged installation of ‘RNAseqCovarImpute’ as ‘RNAseqCovarImpute_1.9.0_R_x86_64-pc-linux-gnu.tar.gz’
* DONE (RNAseqCovarImpute)

The downloaded source packages are in
	‘/tmp/RtmpTQTUPB/downloaded_packages’
Old packages: 'promises'

real	0m13.526s
user	0m10.030s
sys	0m2.591s
