+ Rscript -e 'Sys.setenv(BIOCONDUCTOR_USE_CONTAINER_REPOSITORY=FALSE);
  p <- .libPaths();
  p <- c('\''/tmp/library'\'', '\''/mnt/library'\'', p);
  .libPaths(p);
  if(BiocManager::install('\''UCSC.utils'\'', INSTALL_opts = '\''--build'\'', update = TRUE, quiet = FALSE, dependencies=TRUE, force = TRUE, keep_outputs = TRUE) %in% rownames(installed.packages())) q(status = 0) else q(status = 1)'
'getOption("repos")' replaces Bioconductor standard repositories, see
'help("repositories", package = "BiocManager")' for details.
Replacement repositories:
    CRAN: https://cloud.r-project.org
Bioconductor version 3.23 (BiocManager 1.30.26), R Under development (unstable)
  (2025-10-28 r88973)
Installing package(s) 'UCSC.utils'
Warning: dependency ‘GenomeInfoDb’ is not available
also installing the dependency ‘RMariaDB’

trying URL 'https://cloud.r-project.org/src/contrib/RMariaDB_1.3.4.tar.gz'
trying URL 'https://bioconductor.org/packages/3.23/bioc/src/contrib/UCSC.utils_1.7.0.tar.gz'
* installing *source* package ‘RMariaDB’ ...
** this is package ‘RMariaDB’ version ‘1.3.4’
** package ‘RMariaDB’ successfully unpacked and MD5 sums checked
** using staged installation
Using mysql_config
Found mysql_config cflags and libs!
Using PKG_CFLAGS=-I/usr/include/mysql 
Using PKG_LIBS=-L/usr/lib/x86_64-linux-gnu -lmysqlclient -lz  -lzstd -lssl -lcrypto -lresolv -lm
Using PKG_PLOGR=
** libs
using C++ compiler: ‘g++ (Ubuntu 13.3.0-6ubuntu2~24.04) 13.3.0’
g++ -std=gnu++17 -I"/usr/local/lib/R/include" -DNDEBUG -I/usr/include/mysql  -Ivendor -DBOOST_NO_AUTO_PTR  -I'/usr/local/lib/R/site-library/cpp11/include' -I'/mnt/library/plogr/include' -I/usr/local/include    -fpic  -g -O2 -fstack-protector-strong -Wformat -Werror=format-security -Wdate-time -D_FORTIFY_SOURCE=2 -g   -c DbConnection.cpp -o DbConnection.o
g++ -std=gnu++17 -I"/usr/local/lib/R/include" -DNDEBUG -I/usr/include/mysql  -Ivendor -DBOOST_NO_AUTO_PTR  -I'/usr/local/lib/R/site-library/cpp11/include' -I'/mnt/library/plogr/include' -I/usr/local/include    -fpic  -g -O2 -fstack-protector-strong -Wformat -Werror=format-security -Wdate-time -D_FORTIFY_SOURCE=2 -g   -c DbResult.cpp -o DbResult.o
g++ -std=gnu++17 -I"/usr/local/lib/R/include" -DNDEBUG -I/usr/include/mysql  -Ivendor -DBOOST_NO_AUTO_PTR  -I'/usr/local/lib/R/site-library/cpp11/include' -I'/mnt/library/plogr/include' -I/usr/local/include    -fpic  -g -O2 -fstack-protector-strong -Wformat -Werror=format-security -Wdate-time -D_FORTIFY_SOURCE=2 -g   -c MariaBinding.cpp -o MariaBinding.o
g++ -std=gnu++17 -I"/usr/local/lib/R/include" -DNDEBUG -I/usr/include/mysql  -Ivendor -DBOOST_NO_AUTO_PTR  -I'/usr/local/lib/R/site-library/cpp11/include' -I'/mnt/library/plogr/include' -I/usr/local/include    -fpic  -g -O2 -fstack-protector-strong -Wformat -Werror=format-security -Wdate-time -D_FORTIFY_SOURCE=2 -g   -c MariaResult.cpp -o MariaResult.o
g++ -std=gnu++17 -I"/usr/local/lib/R/include" -DNDEBUG -I/usr/include/mysql  -Ivendor -DBOOST_NO_AUTO_PTR  -I'/usr/local/lib/R/site-library/cpp11/include' -I'/mnt/library/plogr/include' -I/usr/local/include    -fpic  -g -O2 -fstack-protector-strong -Wformat -Werror=format-security -Wdate-time -D_FORTIFY_SOURCE=2 -g   -c MariaResultImpl.cpp -o MariaResultImpl.o
g++ -std=gnu++17 -I"/usr/local/lib/R/include" -DNDEBUG -I/usr/include/mysql  -Ivendor -DBOOST_NO_AUTO_PTR  -I'/usr/local/lib/R/site-library/cpp11/include' -I'/mnt/library/plogr/include' -I/usr/local/include    -fpic  -g -O2 -fstack-protector-strong -Wformat -Werror=format-security -Wdate-time -D_FORTIFY_SOURCE=2 -g   -c MariaResultPrep.cpp -o MariaResultPrep.o
g++ -std=gnu++17 -I"/usr/local/lib/R/include" -DNDEBUG -I/usr/include/mysql  -Ivendor -DBOOST_NO_AUTO_PTR  -I'/usr/local/lib/R/site-library/cpp11/include' -I'/mnt/library/plogr/include' -I/usr/local/include    -fpic  -g -O2 -fstack-protector-strong -Wformat -Werror=format-security -Wdate-time -D_FORTIFY_SOURCE=2 -g   -c MariaResultSimple.cpp -o MariaResultSimple.o
g++ -std=gnu++17 -I"/usr/local/lib/R/include" -DNDEBUG -I/usr/include/mysql  -Ivendor -DBOOST_NO_AUTO_PTR  -I'/usr/local/lib/R/site-library/cpp11/include' -I'/mnt/library/plogr/include' -I/usr/local/include    -fpic  -g -O2 -fstack-protector-strong -Wformat -Werror=format-security -Wdate-time -D_FORTIFY_SOURCE=2 -g   -c MariaRow.cpp -o MariaRow.o
g++ -std=gnu++17 -I"/usr/local/lib/R/include" -DNDEBUG -I/usr/include/mysql  -Ivendor -DBOOST_NO_AUTO_PTR  -I'/usr/local/lib/R/site-library/cpp11/include' -I'/mnt/library/plogr/include' -I/usr/local/include    -fpic  -g -O2 -fstack-protector-strong -Wformat -Werror=format-security -Wdate-time -D_FORTIFY_SOURCE=2 -g   -c MariaTypes.cpp -o MariaTypes.o
g++ -std=gnu++17 -I"/usr/local/lib/R/include" -DNDEBUG -I/usr/include/mysql  -Ivendor -DBOOST_NO_AUTO_PTR  -I'/usr/local/lib/R/site-library/cpp11/include' -I'/mnt/library/plogr/include' -I/usr/local/include    -fpic  -g -O2 -fstack-protector-strong -Wformat -Werror=format-security -Wdate-time -D_FORTIFY_SOURCE=2 -g   -c MariaUtils.cpp -o MariaUtils.o
g++ -std=gnu++17 -I"/usr/local/lib/R/include" -DNDEBUG -I/usr/include/mysql  -Ivendor -DBOOST_NO_AUTO_PTR  -I'/usr/local/lib/R/site-library/cpp11/include' -I'/mnt/library/plogr/include' -I/usr/local/include    -fpic  -g -O2 -fstack-protector-strong -Wformat -Werror=format-security -Wdate-time -D_FORTIFY_SOURCE=2 -g   -c connection.cpp -o connection.o
g++ -std=gnu++17 -I"/usr/local/lib/R/include" -DNDEBUG -I/usr/include/mysql  -Ivendor -DBOOST_NO_AUTO_PTR  -I'/usr/local/lib/R/site-library/cpp11/include' -I'/mnt/library/plogr/include' -I/usr/local/include    -fpic  -g -O2 -fstack-protector-strong -Wformat -Werror=format-security -Wdate-time -D_FORTIFY_SOURCE=2 -g   -c cpp11.cpp -o cpp11.o
g++ -std=gnu++17 -I"/usr/local/lib/R/include" -DNDEBUG -I/usr/include/mysql  -Ivendor -DBOOST_NO_AUTO_PTR  -I'/usr/local/lib/R/site-library/cpp11/include' -I'/mnt/library/plogr/include' -I/usr/local/include    -fpic  -g -O2 -fstack-protector-strong -Wformat -Werror=format-security -Wdate-time -D_FORTIFY_SOURCE=2 -g   -c driver.cpp -o driver.o
g++ -std=gnu++17 -I"/usr/local/lib/R/include" -DNDEBUG -I/usr/include/mysql  -Ivendor -DBOOST_NO_AUTO_PTR  -I'/usr/local/lib/R/site-library/cpp11/include' -I'/mnt/library/plogr/include' -I/usr/local/include    -fpic  -g -O2 -fstack-protector-strong -Wformat -Werror=format-security -Wdate-time -D_FORTIFY_SOURCE=2 -g   -c result.cpp -o result.o
g++ -std=gnu++17 -shared -L/usr/local/lib/R/lib -L/usr/local/lib -o RMariaDB.so DbConnection.o DbResult.o MariaBinding.o MariaResult.o MariaResultImpl.o MariaResultPrep.o MariaResultSimple.o MariaRow.o MariaTypes.o MariaUtils.o connection.o cpp11.o driver.o result.o -L/usr/lib/x86_64-linux-gnu -lmysqlclient -lz -lzstd -lssl -lcrypto -lresolv -lm -L/usr/local/lib/R/lib -lR
installing to /tmp/library/00LOCK-RMariaDB/00new/RMariaDB/libs
** R
** byte-compile and prepare package for lazy loading
** help
*** installing help indices
** building package indices
** testing if installed package can be loaded from temporary location
** checking absolute paths in shared objects and dynamic libraries
** testing if installed package can be loaded from final location
** testing if installed package keeps a record of temporary installation path
* creating tarball
packaged installation of ‘RMariaDB’ as ‘RMariaDB_1.3.4_R_x86_64-pc-linux-gnu.tar.gz’
* DONE (RMariaDB)
* installing *source* package ‘UCSC.utils’ ...
** this is package ‘UCSC.utils’ version ‘1.7.0’
** using staged installation
** R
** inst
** byte-compile and prepare package for lazy loading
** help
*** installing help indices
** building package indices
** installing vignettes
** testing if installed package can be loaded from temporary location
** testing if installed package can be loaded from final location
** testing if installed package keeps a record of temporary installation path
* creating tarball
packaged installation of ‘UCSC.utils’ as ‘UCSC.utils_1.7.0_R_x86_64-pc-linux-gnu.tar.gz’
* DONE (UCSC.utils)

The downloaded source packages are in
	‘/tmp/RtmpsOuNdM/downloaded_packages’
Old packages: 'promises'

real	0m31.786s
user	0m26.045s
sys	0m5.682s
