+ Rscript -e 'Sys.setenv(BIOCONDUCTOR_USE_CONTAINER_REPOSITORY=FALSE);
  p <- .libPaths();
  p <- c('\''/tmp/library'\'', '\''/mnt/library'\'', p);
  .libPaths(p);
  if(BiocManager::install('\''DEqMS'\'', INSTALL_opts = '\''--build'\'', update = TRUE, quiet = FALSE, dependencies=TRUE, force = TRUE, keep_outputs = TRUE) %in% rownames(installed.packages())) q(status = 0) else q(status = 1)'
'getOption("repos")' replaces Bioconductor standard repositories, see
'help("repositories", package = "BiocManager")' for details.
Replacement repositories:
    CRAN: https://cloud.r-project.org
Bioconductor version 3.23 (BiocManager 1.30.26), R Under development (unstable)
  (2025-10-28 r88973)
Installing package(s) 'DEqMS'
Warning: dependency ‘ExperimentHub’ is not available
also installing the dependencies ‘ggrepel’, ‘LSD’

trying URL 'https://cloud.r-project.org/src/contrib/ggrepel_0.9.6.tar.gz'
trying URL 'https://cloud.r-project.org/src/contrib/LSD_4.1-0.tar.gz'
trying URL 'https://bioconductor.org/packages/3.23/bioc/src/contrib/DEqMS_1.29.0.tar.gz'
* installing *source* package ‘ggrepel’ ...
** this is package ‘ggrepel’ version ‘0.9.6’
** package ‘ggrepel’ successfully unpacked and MD5 sums checked
** using staged installation
** libs
using C++ compiler: ‘g++ (Ubuntu 13.3.0-6ubuntu2~24.04) 13.3.0’
g++ -std=gnu++17 -I"/usr/local/lib/R/include" -DNDEBUG  -I'/usr/local/lib/R/site-library/Rcpp/include' -I/usr/local/include    -fpic  -g -O2 -fstack-protector-strong -Wformat -Werror=format-security -Wdate-time -D_FORTIFY_SOURCE=2 -g   -c RcppExports.cpp -o RcppExports.o
g++ -std=gnu++17 -I"/usr/local/lib/R/include" -DNDEBUG  -I'/usr/local/lib/R/site-library/Rcpp/include' -I/usr/local/include    -fpic  -g -O2 -fstack-protector-strong -Wformat -Werror=format-security -Wdate-time -D_FORTIFY_SOURCE=2 -g   -c repel_boxes.cpp -o repel_boxes.o
g++ -std=gnu++17 -shared -L/usr/local/lib/R/lib -L/usr/local/lib -o ggrepel.so RcppExports.o repel_boxes.o -L/usr/local/lib/R/lib -lR
installing to /tmp/library/00LOCK-ggrepel/00new/ggrepel/libs
** R
** inst
** byte-compile and prepare package for lazy loading
** help
*** installing help indices
*** copying figures
** building package indices
** installing vignettes
** testing if installed package can be loaded from temporary location
** checking absolute paths in shared objects and dynamic libraries
** testing if installed package can be loaded from final location
** testing if installed package keeps a record of temporary installation path
* creating tarball
packaged installation of ‘ggrepel’ as ‘ggrepel_0.9.6_R_x86_64-pc-linux-gnu.tar.gz’
* DONE (ggrepel)
* installing *source* package ‘LSD’ ...
** this is package ‘LSD’ version ‘4.1-0’
** package ‘LSD’ successfully unpacked and MD5 sums checked
** using staged installation
** R
** data
*** moving datasets to lazyload DB
** byte-compile and prepare package for lazy loading
** help
*** installing help indices
** building package indices
** testing if installed package can be loaded from temporary location
** testing if installed package can be loaded from final location
** testing if installed package keeps a record of temporary installation path
* creating tarball
packaged installation of ‘LSD’ as ‘LSD_4.1-0_R_x86_64-pc-linux-gnu.tar.gz’
* DONE (LSD)
* installing *source* package ‘DEqMS’ ...
** this is package ‘DEqMS’ version ‘1.29.0’
** using staged installation
** R
** inst
** byte-compile and prepare package for lazy loading
** help
*** installing help indices
** building package indices
** installing vignettes
** testing if installed package can be loaded from temporary location
** testing if installed package can be loaded from final location
** testing if installed package keeps a record of temporary installation path
* creating tarball
packaged installation of ‘DEqMS’ as ‘DEqMS_1.29.0_R_x86_64-pc-linux-gnu.tar.gz’
* DONE (DEqMS)

The downloaded source packages are in
	‘/tmp/Rtmpwhmo4U/downloaded_packages’
Old packages: 'promises'

real	0m24.243s
user	0m20.333s
sys	0m4.265s
