+ Rscript -e 'Sys.setenv(BIOCONDUCTOR_USE_CONTAINER_REPOSITORY=FALSE);
  p <- .libPaths();
  p <- c('\'''\'', '\'''\'', p);
  .libPaths(p);
  if(BiocManager::install('\''sparsenetgls'\'', INSTALL_opts = '\''--build'\'', update = TRUE, quiet = FALSE, dependencies=TRUE, force = TRUE, keep_outputs = TRUE) %in% rownames(installed.packages())) q(status = 0) else q(status = 1)'
'getOption("repos")' replaces Bioconductor standard repositories, see
'help("repositories", package = "BiocManager")' for details.
Replacement repositories:
    CRAN: https://p3m.dev/cran/__linux__/noble/latest
Bioconductor version 3.22 (BiocManager 1.30.26), R 4.5.2 (2025-10-31)
Installing package(s) 'sparsenetgls'
also installing the dependencies ‘rbibutils’, ‘iterators’, ‘Rdpack’, ‘foreach’, ‘shape’, ‘RcppEigen’, ‘igraph’, ‘minqa’, ‘nloptr’, ‘reformulas’, ‘bookdown’, ‘glmnet’, ‘huge’, ‘lme4’, ‘BiocStyle’

trying URL 'https://p3m.dev/cran/__linux__/noble/latest/src/contrib/rbibutils_2.3.tar.gz'
trying URL 'https://p3m.dev/cran/__linux__/noble/latest/src/contrib/iterators_1.0.14.tar.gz'
trying URL 'https://p3m.dev/cran/__linux__/noble/latest/src/contrib/Rdpack_2.6.4.tar.gz'
trying URL 'https://p3m.dev/cran/__linux__/noble/latest/src/contrib/foreach_1.5.2.tar.gz'
trying URL 'https://p3m.dev/cran/__linux__/noble/latest/src/contrib/shape_1.4.6.1.tar.gz'
trying URL 'https://p3m.dev/cran/__linux__/noble/latest/src/contrib/RcppEigen_0.3.4.0.2.tar.gz'
trying URL 'https://p3m.dev/cran/__linux__/noble/latest/src/contrib/igraph_2.2.1.tar.gz'
trying URL 'https://p3m.dev/cran/__linux__/noble/latest/src/contrib/minqa_1.2.8.tar.gz'
trying URL 'https://p3m.dev/cran/__linux__/noble/latest/src/contrib/nloptr_2.2.1.tar.gz'
trying URL 'https://p3m.dev/cran/__linux__/noble/latest/src/contrib/reformulas_0.4.2.tar.gz'
trying URL 'https://p3m.dev/cran/__linux__/noble/latest/src/contrib/bookdown_0.45.tar.gz'
trying URL 'https://p3m.dev/cran/__linux__/noble/latest/src/contrib/glmnet_4.1-10.tar.gz'
trying URL 'https://p3m.dev/cran/__linux__/noble/latest/src/contrib/huge_1.3.5.tar.gz'
trying URL 'https://p3m.dev/cran/__linux__/noble/latest/src/contrib/lme4_1.1-37.tar.gz'
trying URL 'https://bioconductor.org/packages/3.22/bioc/src/contrib/BiocStyle_2.38.0.tar.gz'
trying URL 'https://bioconductor.org/packages/3.22/bioc/src/contrib/sparsenetgls_1.28.0.tar.gz'
* installing *binary* package ‘rbibutils’ ...
* ‘rbibutils’ was already a binary package and will not be rebuilt
* creating tarball
packaged installation of ‘rbibutils’ as ‘rbibutils_2.3_R_x86_64-pc-linux-gnu.tar.gz’
* DONE (rbibutils)
* installing *binary* package ‘iterators’ ...
* ‘iterators’ was already a binary package and will not be rebuilt
* creating tarball
packaged installation of ‘iterators’ as ‘iterators_1.0.14_R_x86_64-pc-linux-gnu.tar.gz’
* DONE (iterators)
* installing *binary* package ‘shape’ ...
* ‘shape’ was already a binary package and will not be rebuilt
* creating tarball
packaged installation of ‘shape’ as ‘shape_1.4.6.1_R_x86_64-pc-linux-gnu.tar.gz’
* DONE (shape)
* installing *binary* package ‘RcppEigen’ ...
* ‘RcppEigen’ was already a binary package and will not be rebuilt
* creating tarball
packaged installation of ‘RcppEigen’ as ‘RcppEigen_0.3.4.0.2_R_x86_64-pc-linux-gnu.tar.gz’
* DONE (RcppEigen)
* installing *binary* package ‘igraph’ ...
* ‘igraph’ was already a binary package and will not be rebuilt
* creating tarball
packaged installation of ‘igraph’ as ‘igraph_2.2.1_R_x86_64-pc-linux-gnu.tar.gz’
* DONE (igraph)
* installing *binary* package ‘minqa’ ...
* ‘minqa’ was already a binary package and will not be rebuilt
* creating tarball
packaged installation of ‘minqa’ as ‘minqa_1.2.8_R_x86_64-pc-linux-gnu.tar.gz’
* DONE (minqa)
* installing *binary* package ‘nloptr’ ...
* ‘nloptr’ was already a binary package and will not be rebuilt
* creating tarball
packaged installation of ‘nloptr’ as ‘nloptr_2.2.1_R_x86_64-pc-linux-gnu.tar.gz’
* DONE (nloptr)
* installing *binary* package ‘bookdown’ ...
* ‘bookdown’ was already a binary package and will not be rebuilt
* creating tarball
packaged installation of ‘bookdown’ as ‘bookdown_0.45_R_x86_64-pc-linux-gnu.tar.gz’
* DONE (bookdown)
* installing *binary* package ‘Rdpack’ ...
* ‘Rdpack’ was already a binary package and will not be rebuilt
* creating tarball
packaged installation of ‘Rdpack’ as ‘Rdpack_2.6.4_R_x86_64-pc-linux-gnu.tar.gz’
* DONE (Rdpack)
* installing *binary* package ‘foreach’ ...
* ‘foreach’ was already a binary package and will not be rebuilt
* creating tarball
packaged installation of ‘foreach’ as ‘foreach_1.5.2_R_x86_64-pc-linux-gnu.tar.gz’
* DONE (foreach)
* installing *binary* package ‘huge’ ...
* ‘huge’ was already a binary package and will not be rebuilt
* creating tarball
packaged installation of ‘huge’ as ‘huge_1.3.5_R_x86_64-pc-linux-gnu.tar.gz’
* DONE (huge)
* installing *source* package ‘BiocStyle’ ...
** this is package ‘BiocStyle’ version ‘2.38.0’
** package ‘BiocStyle’ successfully unpacked and MD5 sums checked
** using staged installation
** R
** inst
** byte-compile and prepare package for lazy loading
** help
*** installing help indices
** building package indices
** installing vignettes
** testing if installed package can be loaded from temporary location
** testing if installed package can be loaded from final location
** testing if installed package keeps a record of temporary installation path
* creating tarball
packaged installation of ‘BiocStyle’ as ‘BiocStyle_2.38.0_R_x86_64-pc-linux-gnu.tar.gz’
* DONE (BiocStyle)
* installing *binary* package ‘reformulas’ ...
* ‘reformulas’ was already a binary package and will not be rebuilt
* creating tarball
packaged installation of ‘reformulas’ as ‘reformulas_0.4.2_R_x86_64-pc-linux-gnu.tar.gz’
* DONE (reformulas)
* installing *binary* package ‘glmnet’ ...
* ‘glmnet’ was already a binary package and will not be rebuilt
* creating tarball
packaged installation of ‘glmnet’ as ‘glmnet_4.1-10_R_x86_64-pc-linux-gnu.tar.gz’
* DONE (glmnet)
* installing *binary* package ‘lme4’ ...
* ‘lme4’ was already a binary package and will not be rebuilt
* creating tarball
packaged installation of ‘lme4’ as ‘lme4_1.1-37_R_x86_64-pc-linux-gnu.tar.gz’
* DONE (lme4)
* installing *source* package ‘sparsenetgls’ ...
** this is package ‘sparsenetgls’ version ‘1.28.0’
** package ‘sparsenetgls’ successfully unpacked and MD5 sums checked
** using staged installation
** R
** data
*** moving datasets to lazyload DB
** inst
** byte-compile and prepare package for lazy loading
** help
*** installing help indices
** building package indices
** installing vignettes
** testing if installed package can be loaded from temporary location
** testing if installed package can be loaded from final location
** testing if installed package keeps a record of temporary installation path
* creating tarball
packaged installation of ‘sparsenetgls’ as ‘sparsenetgls_1.28.0_R_x86_64-pc-linux-gnu.tar.gz’
* DONE (sparsenetgls)

The downloaded source packages are in
	‘/tmp/RtmpR9F79D/downloaded_packages’

real	0m21.434s
user	0m16.809s
sys	0m6.302s
