+ Rscript -e 'Sys.setenv(BIOCONDUCTOR_USE_CONTAINER_REPOSITORY=FALSE);
  p <- .libPaths();
  p <- c('\''/tmp/library'\'', '\''/mnt/library'\'', p);
  .libPaths(p);
  if(BiocManager::install('\''DeepPINCS'\'', INSTALL_opts = '\''--build'\'', update = TRUE, quiet = FALSE, dependencies=TRUE, force = TRUE, keep_outputs = TRUE) %in% rownames(installed.packages())) q(status = 0) else q(status = 1)'
'getOption("repos")' replaces Bioconductor standard repositories, see
'help("repositories", package = "BiocManager")' for details.
Replacement repositories:
    CRAN: https://cloud.r-project.org
Bioconductor version 3.23 (BiocManager 1.30.26), R Under development (unstable)
  (2025-10-28 r88973)
Installing package(s) 'DeepPINCS'
also installing the dependencies ‘dtt’, ‘MatrixExtra’, ‘float’, ‘sylly.en’, ‘sylly’, ‘syuzhet’, ‘english’, ‘mgsub’, ‘qdapRegex’, ‘NLP’, ‘rsparse’, ‘mlapi’, ‘lgr’, ‘koRpus.lang.en’, ‘hunspell’, ‘koRpus’, ‘lexicon’, ‘quanteda’, ‘textclean’, ‘textshape’, ‘ISOcodes’, ‘tfruns’, ‘zeallot’, ‘config’, ‘tfautograph’, ‘rcdklibs’, ‘fingerprint’, ‘SnowballC’, ‘data.tree’, ‘tm’, ‘text2vec’, ‘textstem’, ‘stopwords’, ‘DiagrammeR’, ‘RcppTOML’, ‘here’, ‘keras’, ‘tensorflow’, ‘CatEncoders’, ‘matlab’, ‘rcdk’, ‘tokenizers’, ‘webchem’, ‘ttgsea’, ‘PRROC’, ‘reticulate’

trying URL 'https://cloud.r-project.org/src/contrib/dtt_0.1-2.1.tar.gz'
trying URL 'https://cloud.r-project.org/src/contrib/MatrixExtra_0.1.15.tar.gz'
trying URL 'https://cloud.r-project.org/src/contrib/float_0.3-3.tar.gz'
trying URL 'https://cloud.r-project.org/src/contrib/sylly.en_0.1-3.tar.gz'
trying URL 'https://cloud.r-project.org/src/contrib/sylly_0.1-6.tar.gz'
trying URL 'https://cloud.r-project.org/src/contrib/syuzhet_1.0.7.tar.gz'
trying URL 'https://cloud.r-project.org/src/contrib/english_1.2-6.tar.gz'
trying URL 'https://cloud.r-project.org/src/contrib/mgsub_1.7.3.tar.gz'
trying URL 'https://cloud.r-project.org/src/contrib/qdapRegex_0.7.10.tar.gz'
trying URL 'https://cloud.r-project.org/src/contrib/NLP_0.3-2.tar.gz'
trying URL 'https://cloud.r-project.org/src/contrib/rsparse_0.5.3.tar.gz'
trying URL 'https://cloud.r-project.org/src/contrib/mlapi_0.1.1.tar.gz'
trying URL 'https://cloud.r-project.org/src/contrib/lgr_0.5.0.tar.gz'
trying URL 'https://cloud.r-project.org/src/contrib/koRpus.lang.en_0.1-4.tar.gz'
trying URL 'https://cloud.r-project.org/src/contrib/hunspell_3.0.6.tar.gz'
trying URL 'https://cloud.r-project.org/src/contrib/koRpus_0.13-8.tar.gz'
trying URL 'https://cloud.r-project.org/src/contrib/lexicon_1.2.1.tar.gz'
trying URL 'https://cloud.r-project.org/src/contrib/quanteda_4.3.1.tar.gz'
trying URL 'https://cloud.r-project.org/src/contrib/textclean_0.9.3.tar.gz'
trying URL 'https://cloud.r-project.org/src/contrib/textshape_1.7.5.tar.gz'
trying URL 'https://cloud.r-project.org/src/contrib/ISOcodes_2025.05.18.tar.gz'
trying URL 'https://cloud.r-project.org/src/contrib/tfruns_1.5.4.tar.gz'
trying URL 'https://cloud.r-project.org/src/contrib/zeallot_0.2.0.tar.gz'
trying URL 'https://cloud.r-project.org/src/contrib/config_0.3.2.tar.gz'
trying URL 'https://cloud.r-project.org/src/contrib/tfautograph_0.3.2.tar.gz'
trying URL 'https://cloud.r-project.org/src/contrib/rcdklibs_2.9.tar.gz'
trying URL 'https://cloud.r-project.org/src/contrib/fingerprint_3.5.7.tar.gz'
trying URL 'https://cloud.r-project.org/src/contrib/SnowballC_0.7.1.tar.gz'
trying URL 'https://cloud.r-project.org/src/contrib/data.tree_1.2.0.tar.gz'
trying URL 'https://cloud.r-project.org/src/contrib/tm_0.7-16.tar.gz'
trying URL 'https://cloud.r-project.org/src/contrib/text2vec_0.6.4.tar.gz'
trying URL 'https://cloud.r-project.org/src/contrib/textstem_0.1.4.tar.gz'
trying URL 'https://cloud.r-project.org/src/contrib/stopwords_2.3.tar.gz'
trying URL 'https://cloud.r-project.org/src/contrib/DiagrammeR_1.0.11.tar.gz'
trying URL 'https://cloud.r-project.org/src/contrib/RcppTOML_0.2.3.tar.gz'
trying URL 'https://cloud.r-project.org/src/contrib/here_1.0.2.tar.gz'
trying URL 'https://cloud.r-project.org/src/contrib/keras_2.16.0.tar.gz'
trying URL 'https://cloud.r-project.org/src/contrib/tensorflow_2.20.0.tar.gz'
trying URL 'https://cloud.r-project.org/src/contrib/CatEncoders_0.1.1.tar.gz'
trying URL 'https://cloud.r-project.org/src/contrib/matlab_1.0.4.1.tar.gz'
trying URL 'https://cloud.r-project.org/src/contrib/rcdk_3.8.1.tar.gz'
trying URL 'https://cloud.r-project.org/src/contrib/tokenizers_0.3.0.tar.gz'
trying URL 'https://cloud.r-project.org/src/contrib/webchem_1.3.1.tar.gz'
trying URL 'https://bioconductor.org/packages/3.23/bioc/src/contrib/ttgsea_1.19.0.tar.gz'
trying URL 'https://cloud.r-project.org/src/contrib/PRROC_1.4.tar.gz'
trying URL 'https://cloud.r-project.org/src/contrib/reticulate_1.44.0.tar.gz'
trying URL 'https://bioconductor.org/packages/3.23/bioc/src/contrib/DeepPINCS_1.19.0.tar.gz'
* installing *source* package ‘dtt’ ...
** this is package ‘dtt’ version ‘0.1-2.1’
** package ‘dtt’ successfully unpacked and MD5 sums checked
** using staged installation
** R
** byte-compile and prepare package for lazy loading
** help
*** installing help indices
** building package indices
** testing if installed package can be loaded from temporary location
** testing if installed package can be loaded from final location
** testing if installed package keeps a record of temporary installation path
* creating tarball
packaged installation of ‘dtt’ as ‘dtt_0.1-2.1_R_x86_64-pc-linux-gnu.tar.gz’
* DONE (dtt)
* installing *source* package ‘float’ ...
** this is package ‘float’ version ‘0.3-3’
** package ‘float’ successfully unpacked and MD5 sums checked
** using staged installation
checking for gcc... gcc -std=gnu2x
checking whether the C compiler works... yes
checking for C compiler default output file name... a.out
checking for suffix of executables... 
checking whether we are cross compiling... no
checking for suffix of object files... o
checking whether the compiler supports GNU C... yes
checking whether gcc -std=gnu2x accepts -g... yes
checking for gcc -std=gnu2x option to enable C11 features... none needed
checking for sinf in -lm... yes
checking for stdio.h... yes
checking for stdlib.h... yes
checking for string.h... yes
checking for inttypes.h... yes
checking for stdint.h... yes
checking for strings.h... yes
checking for sys/stat.h... yes
checking for sys/types.h... yes
checking for unistd.h... yes
checking whether byte ordering is bigendian... no
checking size of int... 4
checking how to run the C preprocessor... gcc -std=gnu2x -E
checking for gcc -std=gnu2x option to support OpenMP... -fopenmp
checking for echo... yes
checking for grep... yes
checking for sgemm_ in -lopenblas... yes
checking for sgetrf_ in -lopenblas... yes
 
******************* Results of float package configure *******************
* OpenMP Report:
    >> OPENMP_CFLAGS=-fopenmp
    >> OMPFLAGS_C=$(SHLIB_OPENMP_CFLAGS)
    >> OMPFLAGS_F=$(SHLIB_OPENMP_FFLAGS)
* byte order: little endian
* using system OpenBLAS library
    >> BLAS_LIBFLAGS=-lopenblas
* using system OpenBLAS library
    >> LAPACK_LIBFLAGS=-lopenblas
*************************************************************************
 
configure: creating ./config.status
config.status: creating src/Makevars
config.status: creating src/endianness.h
config.status: creating R/02-libflags.r
config.status: creating src/config.h
** libs
using C compiler: ‘gcc (Ubuntu 13.3.0-6ubuntu2~24.04) 13.3.0’
using Fortran compiler: ‘GNU Fortran (Ubuntu 13.3.0-6ubuntu2~24.04) 13.3.0’
gcc -std=gnu2x -I"/usr/local/lib/R/include" -DNDEBUG   -I/usr/local/include   -fopenmp -I../inst/include/ -fpic  -g -O2 -fstack-protector-strong -Wformat -Werror=format-security -Wdate-time -D_FORTIFY_SOURCE=2 -g  -c backsolve.c -o backsolve.o
gcc -std=gnu2x -I"/usr/local/lib/R/include" -DNDEBUG   -I/usr/local/include   -fopenmp -I../inst/include/ -fpic  -g -O2 -fstack-protector-strong -Wformat -Werror=format-security -Wdate-time -D_FORTIFY_SOURCE=2 -g  -c binary.c -o binary.o
gcc -std=gnu2x -I"/usr/local/lib/R/include" -DNDEBUG   -I/usr/local/include   -fopenmp -I../inst/include/ -fpic  -g -O2 -fstack-protector-strong -Wformat -Werror=format-security -Wdate-time -D_FORTIFY_SOURCE=2 -g  -c chol.c -o chol.o
gcc -std=gnu2x -I"/usr/local/lib/R/include" -DNDEBUG   -I/usr/local/include   -fopenmp -I../inst/include/ -fpic  -g -O2 -fstack-protector-strong -Wformat -Werror=format-security -Wdate-time -D_FORTIFY_SOURCE=2 -g  -c chol2inv.c -o chol2inv.o
gcc -std=gnu2x -I"/usr/local/lib/R/include" -DNDEBUG   -I/usr/local/include   -fopenmp -I../inst/include/ -fpic  -g -O2 -fstack-protector-strong -Wformat -Werror=format-security -Wdate-time -D_FORTIFY_SOURCE=2 -g  -c colSums.c -o colSums.o
gcc -std=gnu2x -I"/usr/local/lib/R/include" -DNDEBUG   -I/usr/local/include   -fopenmp -I../inst/include/ -fpic  -g -O2 -fstack-protector-strong -Wformat -Werror=format-security -Wdate-time -D_FORTIFY_SOURCE=2 -g  -c cond.c -o cond.o
gcc -std=gnu2x -I"/usr/local/lib/R/include" -DNDEBUG   -I/usr/local/include   -fopenmp -I../inst/include/ -fpic  -g -O2 -fstack-protector-strong -Wformat -Werror=format-security -Wdate-time -D_FORTIFY_SOURCE=2 -g  -c converters.c -o converters.o
gcc -std=gnu2x -I"/usr/local/lib/R/include" -DNDEBUG   -I/usr/local/include   -fopenmp -I../inst/include/ -fpic  -g -O2 -fstack-protector-strong -Wformat -Werror=format-security -Wdate-time -D_FORTIFY_SOURCE=2 -g  -c crossprod.c -o crossprod.o
gcc -std=gnu2x -I"/usr/local/lib/R/include" -DNDEBUG   -I/usr/local/include   -fopenmp -I../inst/include/ -fpic  -g -O2 -fstack-protector-strong -Wformat -Werror=format-security -Wdate-time -D_FORTIFY_SOURCE=2 -g  -c eigen.c -o eigen.o
gcc -std=gnu2x -I"/usr/local/lib/R/include" -DNDEBUG   -I/usr/local/include   -fopenmp -I../inst/include/ -fpic  -g -O2 -fstack-protector-strong -Wformat -Werror=format-security -Wdate-time -D_FORTIFY_SOURCE=2 -g  -c extremes.c -o extremes.o
gcc -std=gnu2x -I"/usr/local/lib/R/include" -DNDEBUG   -I/usr/local/include   -fopenmp -I../inst/include/ -fpic  -g -O2 -fstack-protector-strong -Wformat -Werror=format-security -Wdate-time -D_FORTIFY_SOURCE=2 -g  -c float_native.c -o float_native.o
gcc -std=gnu2x -I"/usr/local/lib/R/include" -DNDEBUG   -I/usr/local/include   -fopenmp -I../inst/include/ -fpic  -g -O2 -fstack-protector-strong -Wformat -Werror=format-security -Wdate-time -D_FORTIFY_SOURCE=2 -g  -c isSymmetric.c -o isSymmetric.o
gcc -std=gnu2x -I"/usr/local/lib/R/include" -DNDEBUG   -I/usr/local/include   -fopenmp -I../inst/include/ -fpic  -g -O2 -fstack-protector-strong -Wformat -Werror=format-security -Wdate-time -D_FORTIFY_SOURCE=2 -g  -c machine.c -o machine.o
gcc -std=gnu2x -I"/usr/local/lib/R/include" -DNDEBUG   -I/usr/local/include   -fopenmp -I../inst/include/ -fpic  -g -O2 -fstack-protector-strong -Wformat -Werror=format-security -Wdate-time -D_FORTIFY_SOURCE=2 -g  -c math.c -o math.o
gcc -std=gnu2x -I"/usr/local/lib/R/include" -DNDEBUG   -I/usr/local/include   -fopenmp -I../inst/include/ -fpic  -g -O2 -fstack-protector-strong -Wformat -Werror=format-security -Wdate-time -D_FORTIFY_SOURCE=2 -g  -c matmult.c -o matmult.o
gcc -std=gnu2x -I"/usr/local/lib/R/include" -DNDEBUG   -I/usr/local/include   -fopenmp -I../inst/include/ -fpic  -g -O2 -fstack-protector-strong -Wformat -Werror=format-security -Wdate-time -D_FORTIFY_SOURCE=2 -g  -c NA.c -o NA.o
gcc -std=gnu2x -I"/usr/local/lib/R/include" -DNDEBUG   -I/usr/local/include   -fopenmp -I../inst/include/ -fpic  -g -O2 -fstack-protector-strong -Wformat -Werror=format-security -Wdate-time -D_FORTIFY_SOURCE=2 -g  -c norm.c -o norm.o
gcc -std=gnu2x -I"/usr/local/lib/R/include" -DNDEBUG   -I/usr/local/include   -fopenmp -I../inst/include/ -fpic  -g -O2 -fstack-protector-strong -Wformat -Werror=format-security -Wdate-time -D_FORTIFY_SOURCE=2 -g  -c qr.c -o qr.o
gcc -std=gnu2x -I"/usr/local/lib/R/include" -DNDEBUG   -I/usr/local/include   -fopenmp -I../inst/include/ -fpic  -g -O2 -fstack-protector-strong -Wformat -Werror=format-security -Wdate-time -D_FORTIFY_SOURCE=2 -g  -c rand.c -o rand.o
gcc -std=gnu2x -I"/usr/local/lib/R/include" -DNDEBUG   -I/usr/local/include   -fopenmp -I../inst/include/ -fpic  -g -O2 -fstack-protector-strong -Wformat -Werror=format-security -Wdate-time -D_FORTIFY_SOURCE=2 -g  -c scale.c -o scale.o
gcc -std=gnu2x -I"/usr/local/lib/R/include" -DNDEBUG   -I/usr/local/include   -fopenmp -I../inst/include/ -fpic  -g -O2 -fstack-protector-strong -Wformat -Werror=format-security -Wdate-time -D_FORTIFY_SOURCE=2 -g  -c sign.c -o sign.o
gcc -std=gnu2x -I"/usr/local/lib/R/include" -DNDEBUG   -I/usr/local/include   -fopenmp -I../inst/include/ -fpic  -g -O2 -fstack-protector-strong -Wformat -Werror=format-security -Wdate-time -D_FORTIFY_SOURCE=2 -g  -c solve.c -o solve.o
gcc -std=gnu2x -I"/usr/local/lib/R/include" -DNDEBUG   -I/usr/local/include   -fopenmp -I../inst/include/ -fpic  -g -O2 -fstack-protector-strong -Wformat -Werror=format-security -Wdate-time -D_FORTIFY_SOURCE=2 -g  -c sum.c -o sum.o
gcc -std=gnu2x -I"/usr/local/lib/R/include" -DNDEBUG   -I/usr/local/include   -fopenmp -I../inst/include/ -fpic  -g -O2 -fstack-protector-strong -Wformat -Werror=format-security -Wdate-time -D_FORTIFY_SOURCE=2 -g  -c svd.c -o svd.o
gcc -std=gnu2x -I"/usr/local/lib/R/include" -DNDEBUG   -I/usr/local/include   -fopenmp -I../inst/include/ -fpic  -g -O2 -fstack-protector-strong -Wformat -Werror=format-security -Wdate-time -D_FORTIFY_SOURCE=2 -g  -c sweep.c -o sweep.o
gcc -std=gnu2x -I"/usr/local/lib/R/include" -DNDEBUG   -I/usr/local/include   -fopenmp -I../inst/include/ -fpic  -g -O2 -fstack-protector-strong -Wformat -Werror=format-security -Wdate-time -D_FORTIFY_SOURCE=2 -g  -c xpose.c -o xpose.o
gcc -std=gnu2x -I"/usr/local/lib/R/include" -DNDEBUG   -I/usr/local/include   -fopenmp -I../inst/include/ -fpic  -g -O2 -fstack-protector-strong -Wformat -Werror=format-security -Wdate-time -D_FORTIFY_SOURCE=2 -g  -c utils/matmult.c -o utils/matmult.o
gcc -std=gnu2x -I"/usr/local/lib/R/include" -DNDEBUG   -I/usr/local/include   -fopenmp -I../inst/include/ -fpic  -g -O2 -fstack-protector-strong -Wformat -Werror=format-security -Wdate-time -D_FORTIFY_SOURCE=2 -g  -c utils/symmetrize.c -o utils/symmetrize.o
gcc -std=gnu2x -I"/usr/local/lib/R/include" -DNDEBUG   -I/usr/local/include   -fopenmp -I../inst/include/ -fpic  -g -O2 -fstack-protector-strong -Wformat -Werror=format-security -Wdate-time -D_FORTIFY_SOURCE=2 -g  -c utils/xpose.c -o utils/xpose.o
gfortran -fopenmp -g -O2 -msse2 -mfpmath=sse -fpic  -g -O2  -c slapack_wrap.f -o slapack_wrap.o
gcc -std=gnu2x -shared -L/usr/local/lib/R/lib -L/usr/local/lib -o float.so backsolve.o binary.o chol.o chol2inv.o colSums.o cond.o converters.o crossprod.o eigen.o extremes.o float_native.o isSymmetric.o machine.o math.o matmult.o NA.o norm.o qr.o rand.o scale.o sign.o solve.o sum.o svd.o sweep.o xpose.o utils/matmult.o utils/symmetrize.o utils/xpose.o slapack_wrap.o -lopenblas -lopenblas -lgfortran -lm -lquadmath -fopenmp -lgfortran -lm -lquadmath -L/usr/local/lib/R/lib -lR
ar crs libfloat.a backsolve.o binary.o chol.o chol2inv.o colSums.o cond.o converters.o crossprod.o eigen.o extremes.o float_native.o isSymmetric.o machine.o math.o matmult.o NA.o norm.o qr.o rand.o scale.o sign.o solve.o sum.o svd.o sweep.o xpose.o utils/matmult.o utils/symmetrize.o utils/xpose.o slapack_wrap.o
ranlib libfloat.a
installing via 'install.libs.R' to /tmp/library/00LOCK-float/00new/float
** R
** data
*** moving datasets to lazyload DB
** inst
** byte-compile and prepare package for lazy loading
Creating a generic function for ‘backsolve’ from package ‘base’ in package ‘float’
Creating a generic function for ‘forwardsolve’ from package ‘base’ in package ‘float’
Creating a generic function for ‘chol2inv’ from ‘base’ in package ‘float’
    (from the saved implicit definition)
Creating a generic function for ‘chol2inv’ from package ‘base’ in package ‘float’
Creating a generic function for ‘colSums’ from package ‘base’ in package ‘float’
Creating a generic function for ‘rowSums’ from package ‘base’ in package ‘float’
Creating a generic function for ‘colMeans’ from package ‘base’ in package ‘float’
Creating a generic function for ‘rowMeans’ from package ‘base’ in package ‘float’
Creating a generic function for ‘rcond’ from ‘base’ in package ‘float’
    (from the saved implicit definition)
Creating a generic function for ‘rcond’ from package ‘base’ in package ‘float’
Creating a generic function for ‘typeof’ from package ‘base’ in package ‘float’
Creating a generic function for ‘storage.mode’ from package ‘base’ in package ‘float’
Creating a generic function for ‘diag’ from package ‘base’ in package ‘float’
Creating a generic function for ‘nrow’ from package ‘base’ in package ‘float’
Creating a generic function for ‘ncol’ from package ‘base’ in package ‘float’
Creating a generic function for ‘NROW’ from package ‘base’ in package ‘float’
Creating a generic function for ‘NCOL’ from package ‘base’ in package ‘float’
Creating a generic function for ‘eigen’ from package ‘base’ in package ‘float’
Creating a generic function for ‘which.min’ from package ‘base’ in package ‘float’
Creating a generic function for ‘which.max’ from package ‘base’ in package ‘float’
Creating a generic function for ‘rownames’ from package ‘base’ in package ‘float’
Creating a generic function for ‘rownames<-’ from package ‘base’ in package ‘float’
Creating a generic function for ‘colnames’ from package ‘base’ in package ‘float’
Creating a generic function for ‘colnames<-’ from package ‘base’ in package ‘float’
Creating a generic function for ‘norm’ from package ‘base’ in package ‘float’
Creating a generic function for ‘qr.Q’ from package ‘base’ in package ‘float’
Creating a generic function for ‘qr.R’ from package ‘base’ in package ‘float’
Creating a generic function for ‘qr.qy’ from package ‘base’ in package ‘float’
Creating a generic function for ‘qr.qty’ from package ‘base’ in package ‘float’
Creating a generic function for ‘La.svd’ from package ‘base’ in package ‘float’
Creating a generic function for ‘svd’ from ‘base’ in package ‘float’
    (from the saved implicit definition)
Creating a generic function for ‘svd’ from package ‘base’ in package ‘float’
Creating a generic function for ‘sweep’ from package ‘base’ in package ‘float’
** help
*** installing help indices
** building package indices
** installing vignettes
** testing if installed package can be loaded from temporary location
** checking absolute paths in shared objects and dynamic libraries
** testing if installed package can be loaded from final location
** testing if installed package keeps a record of temporary installation path
* creating tarball
packaged installation of ‘float’ as ‘float_0.3-3_R_x86_64-pc-linux-gnu.tar.gz’
* DONE (float)
* installing *source* package ‘sylly’ ...
** this is package ‘sylly’ version ‘0.1-6’
** package ‘sylly’ successfully unpacked and MD5 sums checked
** using staged installation
** R
** inst
** byte-compile and prepare package for lazy loading
** help
*** installing help indices
** building package indices
** installing vignettes
** testing if installed package can be loaded from temporary location
** testing if installed package can be loaded from final location
** testing if installed package keeps a record of temporary installation path
* creating tarball
packaged installation of ‘sylly’ as ‘sylly_0.1-6_R_x86_64-pc-linux-gnu.tar.gz’
* DONE (sylly)
* installing *source* package ‘english’ ...
** this is package ‘english’ version ‘1.2-6’
** package ‘english’ successfully unpacked and MD5 sums checked
** using staged installation
** R
** inst
** byte-compile and prepare package for lazy loading
** help
*** installing help indices
** building package indices
** installing vignettes
** testing if installed package can be loaded from temporary location
** testing if installed package can be loaded from final location
** testing if installed package keeps a record of temporary installation path
* creating tarball
packaged installation of ‘english’ as ‘english_1.2-6_R_x86_64-pc-linux-gnu.tar.gz’
* DONE (english)
* installing *source* package ‘mgsub’ ...
** this is package ‘mgsub’ version ‘1.7.3’
** package ‘mgsub’ successfully unpacked and MD5 sums checked
** using staged installation
** R
** inst
** byte-compile and prepare package for lazy loading
** help
*** installing help indices
** building package indices
** installing vignettes
** testing if installed package can be loaded from temporary location
** testing if installed package can be loaded from final location
** testing if installed package keeps a record of temporary installation path
* creating tarball
packaged installation of ‘mgsub’ as ‘mgsub_1.7.3_R_x86_64-pc-linux-gnu.tar.gz’
* DONE (mgsub)
* installing *source* package ‘qdapRegex’ ...
** this is package ‘qdapRegex’ version ‘0.7.10’
** package ‘qdapRegex’ successfully unpacked and MD5 sums checked
** using staged installation
** R
** data
*** moving datasets to lazyload DB
** inst
** byte-compile and prepare package for lazy loading
** help
*** installing help indices
** building package indices
** testing if installed package can be loaded from temporary location
** testing if installed package can be loaded from final location
** testing if installed package keeps a record of temporary installation path
* creating tarball
packaged installation of ‘qdapRegex’ as ‘qdapRegex_0.7.10_R_x86_64-pc-linux-gnu.tar.gz’
* DONE (qdapRegex)
* installing *source* package ‘NLP’ ...
** this is package ‘NLP’ version ‘0.3-2’
** package ‘NLP’ successfully unpacked and MD5 sums checked
** using staged installation
** R
** inst
** byte-compile and prepare package for lazy loading
** help
*** installing help indices
** building package indices
** testing if installed package can be loaded from temporary location
** testing if installed package can be loaded from final location
** testing if installed package keeps a record of temporary installation path
* creating tarball
packaged installation of ‘NLP’ as ‘NLP_0.3-2_R_x86_64-pc-linux-gnu.tar.gz’
* DONE (NLP)
* installing *source* package ‘mlapi’ ...
** this is package ‘mlapi’ version ‘0.1.1’
** package ‘mlapi’ successfully unpacked and MD5 sums checked
** using staged installation
** R
** inst
** byte-compile and prepare package for lazy loading
** help
*** installing help indices
** building package indices
** installing vignettes
** testing if installed package can be loaded from temporary location
** testing if installed package can be loaded from final location
** testing if installed package keeps a record of temporary installation path
* creating tarball
packaged installation of ‘mlapi’ as ‘mlapi_0.1.1_R_x86_64-pc-linux-gnu.tar.gz’
* DONE (mlapi)
* installing *source* package ‘lgr’ ...
** this is package ‘lgr’ version ‘0.5.0’
** package ‘lgr’ successfully unpacked and MD5 sums checked
** using staged installation
** R
** inst
** byte-compile and prepare package for lazy loading
** help
*** installing help indices
*** copying figures
** building package indices
** installing vignettes
** testing if installed package can be loaded from temporary location
** testing if installed package can be loaded from final location
** testing if installed package keeps a record of temporary installation path
* creating tarball
packaged installation of ‘lgr’ as ‘lgr_0.5.0_R_x86_64-pc-linux-gnu.tar.gz’
* DONE (lgr)
* installing *source* package ‘hunspell’ ...
** this is package ‘hunspell’ version ‘3.0.6’
** package ‘hunspell’ successfully unpacked and MD5 sums checked
** using staged installation
** libs
using C++ compiler: ‘g++ (Ubuntu 13.3.0-6ubuntu2~24.04) 13.3.0’
g++ -std=gnu++17 -I"/usr/local/lib/R/include" -DNDEBUG -I. -Ihunspell -DBUILDING_LIBHUNSPELL -I'/usr/local/lib/R/site-library/Rcpp/include' -I/usr/local/include   -fvisibility=hidden -fpic  -g -O2 -fstack-protector-strong -Wformat -Werror=format-security -Wdate-time -D_FORTIFY_SOURCE=2 -g   -c RcppExports.cpp -o RcppExports.o
g++ -std=gnu++17 -I"/usr/local/lib/R/include" -DNDEBUG -I. -Ihunspell -DBUILDING_LIBHUNSPELL -I'/usr/local/lib/R/site-library/Rcpp/include' -I/usr/local/include   -fvisibility=hidden -fpic  -g -O2 -fstack-protector-strong -Wformat -Werror=format-security -Wdate-time -D_FORTIFY_SOURCE=2 -g   -c dictionary.cpp -o dictionary.o
g++ -std=gnu++17 -I"/usr/local/lib/R/include" -DNDEBUG -I. -Ihunspell -DBUILDING_LIBHUNSPELL -I'/usr/local/lib/R/site-library/Rcpp/include' -I/usr/local/include   -fvisibility=hidden -fpic  -g -O2 -fstack-protector-strong -Wformat -Werror=format-security -Wdate-time -D_FORTIFY_SOURCE=2 -g   -c parser.cpp -o parser.o
g++ -std=gnu++17 -I"/usr/local/lib/R/include" -DNDEBUG -I. -Ihunspell -DBUILDING_LIBHUNSPELL -I'/usr/local/lib/R/site-library/Rcpp/include' -I/usr/local/include   -fvisibility=hidden -fpic  -g -O2 -fstack-protector-strong -Wformat -Werror=format-security -Wdate-time -D_FORTIFY_SOURCE=2 -g   -c parsers/textparser.cc -o parsers/textparser.o
g++ -std=gnu++17 -I"/usr/local/lib/R/include" -DNDEBUG -I. -Ihunspell -DBUILDING_LIBHUNSPELL -I'/usr/local/lib/R/site-library/Rcpp/include' -I/usr/local/include   -fvisibility=hidden -fpic  -g -O2 -fstack-protector-strong -Wformat -Werror=format-security -Wdate-time -D_FORTIFY_SOURCE=2 -g   -c parsers/latexparser.cc -o parsers/latexparser.o
g++ -std=gnu++17 -I"/usr/local/lib/R/include" -DNDEBUG -I. -Ihunspell -DBUILDING_LIBHUNSPELL -I'/usr/local/lib/R/site-library/Rcpp/include' -I/usr/local/include   -fvisibility=hidden -fpic  -g -O2 -fstack-protector-strong -Wformat -Werror=format-security -Wdate-time -D_FORTIFY_SOURCE=2 -g   -c parsers/manparser.cc -o parsers/manparser.o
g++ -std=gnu++17 -I"/usr/local/lib/R/include" -DNDEBUG -I. -Ihunspell -DBUILDING_LIBHUNSPELL -I'/usr/local/lib/R/site-library/Rcpp/include' -I/usr/local/include   -fvisibility=hidden -fpic  -g -O2 -fstack-protector-strong -Wformat -Werror=format-security -Wdate-time -D_FORTIFY_SOURCE=2 -g   -c parsers/xmlparser.cc -o parsers/xmlparser.o
g++ -std=gnu++17 -I"/usr/local/lib/R/include" -DNDEBUG -I. -Ihunspell -DBUILDING_LIBHUNSPELL -I'/usr/local/lib/R/site-library/Rcpp/include' -I/usr/local/include   -fvisibility=hidden -fpic  -g -O2 -fstack-protector-strong -Wformat -Werror=format-security -Wdate-time -D_FORTIFY_SOURCE=2 -g   -c parsers/htmlparser.cc -o parsers/htmlparser.o
g++ -std=gnu++17 -I"/usr/local/lib/R/include" -DNDEBUG -I. -Ihunspell -DBUILDING_LIBHUNSPELL -I'/usr/local/lib/R/site-library/Rcpp/include' -I/usr/local/include   -fvisibility=hidden -fpic  -g -O2 -fstack-protector-strong -Wformat -Werror=format-security -Wdate-time -D_FORTIFY_SOURCE=2 -g   -c hunspell/affentry.cc -o hunspell/affentry.o
g++ -std=gnu++17 -I"/usr/local/lib/R/include" -DNDEBUG -I. -Ihunspell -DBUILDING_LIBHUNSPELL -I'/usr/local/lib/R/site-library/Rcpp/include' -I/usr/local/include   -fvisibility=hidden -fpic  -g -O2 -fstack-protector-strong -Wformat -Werror=format-security -Wdate-time -D_FORTIFY_SOURCE=2 -g   -c hunspell/affixmgr.cc -o hunspell/affixmgr.o
g++ -std=gnu++17 -I"/usr/local/lib/R/include" -DNDEBUG -I. -Ihunspell -DBUILDING_LIBHUNSPELL -I'/usr/local/lib/R/site-library/Rcpp/include' -I/usr/local/include   -fvisibility=hidden -fpic  -g -O2 -fstack-protector-strong -Wformat -Werror=format-security -Wdate-time -D_FORTIFY_SOURCE=2 -g   -c hunspell/filemgr.cc -o hunspell/filemgr.o
g++ -std=gnu++17 -I"/usr/local/lib/R/include" -DNDEBUG -I. -Ihunspell -DBUILDING_LIBHUNSPELL -I'/usr/local/lib/R/site-library/Rcpp/include' -I/usr/local/include   -fvisibility=hidden -fpic  -g -O2 -fstack-protector-strong -Wformat -Werror=format-security -Wdate-time -D_FORTIFY_SOURCE=2 -g   -c hunspell/hashmgr.cc -o hunspell/hashmgr.o
g++ -std=gnu++17 -I"/usr/local/lib/R/include" -DNDEBUG -I. -Ihunspell -DBUILDING_LIBHUNSPELL -I'/usr/local/lib/R/site-library/Rcpp/include' -I/usr/local/include   -fvisibility=hidden -fpic  -g -O2 -fstack-protector-strong -Wformat -Werror=format-security -Wdate-time -D_FORTIFY_SOURCE=2 -g   -c hunspell/hunspell.cc -o hunspell/hunspell.o
g++ -std=gnu++17 -I"/usr/local/lib/R/include" -DNDEBUG -I. -Ihunspell -DBUILDING_LIBHUNSPELL -I'/usr/local/lib/R/site-library/Rcpp/include' -I/usr/local/include   -fvisibility=hidden -fpic  -g -O2 -fstack-protector-strong -Wformat -Werror=format-security -Wdate-time -D_FORTIFY_SOURCE=2 -g   -c hunspell/hunzip.cc -o hunspell/hunzip.o
g++ -std=gnu++17 -I"/usr/local/lib/R/include" -DNDEBUG -I. -Ihunspell -DBUILDING_LIBHUNSPELL -I'/usr/local/lib/R/site-library/Rcpp/include' -I/usr/local/include   -fvisibility=hidden -fpic  -g -O2 -fstack-protector-strong -Wformat -Werror=format-security -Wdate-time -D_FORTIFY_SOURCE=2 -g   -c hunspell/phonet.cc -o hunspell/phonet.o
g++ -std=gnu++17 -I"/usr/local/lib/R/include" -DNDEBUG -I. -Ihunspell -DBUILDING_LIBHUNSPELL -I'/usr/local/lib/R/site-library/Rcpp/include' -I/usr/local/include   -fvisibility=hidden -fpic  -g -O2 -fstack-protector-strong -Wformat -Werror=format-security -Wdate-time -D_FORTIFY_SOURCE=2 -g   -c hunspell/replist.cc -o hunspell/replist.o
g++ -std=gnu++17 -I"/usr/local/lib/R/include" -DNDEBUG -I. -Ihunspell -DBUILDING_LIBHUNSPELL -I'/usr/local/lib/R/site-library/Rcpp/include' -I/usr/local/include   -fvisibility=hidden -fpic  -g -O2 -fstack-protector-strong -Wformat -Werror=format-security -Wdate-time -D_FORTIFY_SOURCE=2 -g   -c hunspell/suggestmgr.cc -o hunspell/suggestmgr.o
g++ -std=gnu++17 -I"/usr/local/lib/R/include" -DNDEBUG -I. -Ihunspell -DBUILDING_LIBHUNSPELL -I'/usr/local/lib/R/site-library/Rcpp/include' -I/usr/local/include   -fvisibility=hidden -fpic  -g -O2 -fstack-protector-strong -Wformat -Werror=format-security -Wdate-time -D_FORTIFY_SOURCE=2 -g   -c hunspell/csutil.cc -o hunspell/csutil.o
ar rcs hunspell/libstathunspell.a parsers/textparser.o parsers/latexparser.o parsers/manparser.o parsers/xmlparser.o parsers/htmlparser.o hunspell/affentry.o hunspell/affixmgr.o hunspell/filemgr.o hunspell/hashmgr.o hunspell/hunspell.o hunspell/hunzip.o hunspell/phonet.o hunspell/replist.o hunspell/suggestmgr.o hunspell/csutil.o
g++ -std=gnu++17 -shared -L/usr/local/lib/R/lib -L/usr/local/lib -o hunspell.so RcppExports.o dictionary.o parser.o -Lhunspell -lstathunspell -L/usr/local/lib/R/lib -lR
installing to /tmp/library/00LOCK-hunspell/00new/hunspell/libs
** R
** inst
** byte-compile and prepare package for lazy loading
** help
*** installing help indices
** building package indices
** installing vignettes
** testing if installed package can be loaded from temporary location
** checking absolute paths in shared objects and dynamic libraries
** testing if installed package can be loaded from final location
** testing if installed package keeps a record of temporary installation path
* creating tarball
packaged installation of ‘hunspell’ as ‘hunspell_3.0.6_R_x86_64-pc-linux-gnu.tar.gz’
* DONE (hunspell)
* installing *source* package ‘textshape’ ...
** this is package ‘textshape’ version ‘1.7.5’
** package ‘textshape’ successfully unpacked and MD5 sums checked
** using staged installation
** R
** data
*** moving datasets to lazyload DB
** inst
** byte-compile and prepare package for lazy loading
** help
*** installing help indices
** building package indices
** testing if installed package can be loaded from temporary location
** testing if installed package can be loaded from final location
** testing if installed package keeps a record of temporary installation path
* creating tarball
packaged installation of ‘textshape’ as ‘textshape_1.7.5_R_x86_64-pc-linux-gnu.tar.gz’
* DONE (textshape)
* installing *source* package ‘ISOcodes’ ...
** this is package ‘ISOcodes’ version ‘2025.05.18’
** package ‘ISOcodes’ successfully unpacked and MD5 sums checked
** using staged installation
** data
*** moving datasets to lazyload DB
** help
*** installing help indices
** building package indices
** testing if installed package can be loaded from temporary location
** testing if installed package can be loaded from final location
** testing if installed package keeps a record of temporary installation path
* creating tarball
packaged installation of ‘ISOcodes’ as ‘ISOcodes_2025.05.18_R_x86_64-pc-linux-gnu.tar.gz’
* DONE (ISOcodes)
* installing *source* package ‘zeallot’ ...
** this is package ‘zeallot’ version ‘0.2.0’
** package ‘zeallot’ successfully unpacked and MD5 sums checked
** using staged installation
** R
** inst
** byte-compile and prepare package for lazy loading
** help
*** installing help indices
** building package indices
** installing vignettes
** testing if installed package can be loaded from temporary location
** testing if installed package can be loaded from final location
** testing if installed package keeps a record of temporary installation path
* creating tarball
packaged installation of ‘zeallot’ as ‘zeallot_0.2.0_R_x86_64-pc-linux-gnu.tar.gz’
* DONE (zeallot)
* installing *source* package ‘config’ ...
** this is package ‘config’ version ‘0.3.2’
** package ‘config’ successfully unpacked and MD5 sums checked
** using staged installation
** R
** inst
** byte-compile and prepare package for lazy loading
** help
*** installing help indices
*** copying figures
** building package indices
** installing vignettes
** testing if installed package can be loaded from temporary location
** testing if installed package can be loaded from final location
** testing if installed package keeps a record of temporary installation path
* creating tarball
packaged installation of ‘config’ as ‘config_0.3.2_R_x86_64-pc-linux-gnu.tar.gz’
* DONE (config)
* installing *source* package ‘rcdklibs’ ...
** this is package ‘rcdklibs’ version ‘2.9’
** package ‘rcdklibs’ successfully unpacked and MD5 sums checked
** using staged installation
** R
** inst
** byte-compile and prepare package for lazy loading
** help
*** installing help indices
*** copying figures
** building package indices
** testing if installed package can be loaded from temporary location
** testing if installed package can be loaded from final location
** testing if installed package keeps a record of temporary installation path
* creating tarball
packaged installation of ‘rcdklibs’ as ‘rcdklibs_2.9_R_x86_64-pc-linux-gnu.tar.gz’
* DONE (rcdklibs)
* installing *source* package ‘fingerprint’ ...
** this is package ‘fingerprint’ version ‘3.5.7’
** package ‘fingerprint’ successfully unpacked and MD5 sums checked
** using staged installation
** libs
using C compiler: ‘gcc (Ubuntu 13.3.0-6ubuntu2~24.04) 13.3.0’
gcc -std=gnu2x -I"/usr/local/lib/R/include" -DNDEBUG   -I/usr/local/include    -fpic  -g -O2 -fstack-protector-strong -Wformat -Werror=format-security -Wdate-time -D_FORTIFY_SOURCE=2 -g  -c fpdistance.c -o fpdistance.o
gcc -std=gnu2x -I"/usr/local/lib/R/include" -DNDEBUG   -I/usr/local/include    -fpic  -g -O2 -fstack-protector-strong -Wformat -Werror=format-security -Wdate-time -D_FORTIFY_SOURCE=2 -g  -c readfps.c -o readfps.o
gcc -std=gnu2x -I"/usr/local/lib/R/include" -DNDEBUG   -I/usr/local/include    -fpic  -g -O2 -fstack-protector-strong -Wformat -Werror=format-security -Wdate-time -D_FORTIFY_SOURCE=2 -g  -c registerDynamicSymbol.c -o registerDynamicSymbol.o
gcc -std=gnu2x -shared -L/usr/local/lib/R/lib -L/usr/local/lib -o fingerprint.so fpdistance.o readfps.o registerDynamicSymbol.o -L/usr/local/lib/R/lib -lR
installing to /tmp/library/00LOCK-fingerprint/00new/fingerprint/libs
** R
** inst
** byte-compile and prepare package for lazy loading
Creating a generic function for ‘xor’ from package ‘base’ in package ‘fingerprint’
** help
*** installing help indices
** building package indices
** testing if installed package can be loaded from temporary location
** checking absolute paths in shared objects and dynamic libraries
** testing if installed package can be loaded from final location
** testing if installed package keeps a record of temporary installation path
* creating tarball
packaged installation of ‘fingerprint’ as ‘fingerprint_3.5.7_R_x86_64-pc-linux-gnu.tar.gz’
* DONE (fingerprint)
* installing *source* package ‘SnowballC’ ...
** this is package ‘SnowballC’ version ‘0.7.1’
** package ‘SnowballC’ successfully unpacked and MD5 sums checked
** using staged installation
** libs
using C compiler: ‘gcc (Ubuntu 13.3.0-6ubuntu2~24.04) 13.3.0’
gcc -std=gnu2x -I"/usr/local/lib/R/include" -DNDEBUG   -I/usr/local/include    -fpic  -g -O2 -fstack-protector-strong -Wformat -Werror=format-security -Wdate-time -D_FORTIFY_SOURCE=2 -g  -c SnowballC_init.c -o SnowballC_init.o
gcc -std=gnu2x -I"/usr/local/lib/R/include" -DNDEBUG   -I/usr/local/include    -fpic  -g -O2 -fstack-protector-strong -Wformat -Werror=format-security -Wdate-time -D_FORTIFY_SOURCE=2 -g  -c api.c -o api.o
gcc -std=gnu2x -I"/usr/local/lib/R/include" -DNDEBUG   -I/usr/local/include    -fpic  -g -O2 -fstack-protector-strong -Wformat -Werror=format-security -Wdate-time -D_FORTIFY_SOURCE=2 -g  -c libstemmer_utf8.c -o libstemmer_utf8.o
gcc -std=gnu2x -I"/usr/local/lib/R/include" -DNDEBUG   -I/usr/local/include    -fpic  -g -O2 -fstack-protector-strong -Wformat -Werror=format-security -Wdate-time -D_FORTIFY_SOURCE=2 -g  -c stem.c -o stem.o
gcc -std=gnu2x -I"/usr/local/lib/R/include" -DNDEBUG   -I/usr/local/include    -fpic  -g -O2 -fstack-protector-strong -Wformat -Werror=format-security -Wdate-time -D_FORTIFY_SOURCE=2 -g  -c stem_UTF_8_arabic.c -o stem_UTF_8_arabic.o
gcc -std=gnu2x -I"/usr/local/lib/R/include" -DNDEBUG   -I/usr/local/include    -fpic  -g -O2 -fstack-protector-strong -Wformat -Werror=format-security -Wdate-time -D_FORTIFY_SOURCE=2 -g  -c stem_UTF_8_basque.c -o stem_UTF_8_basque.o
gcc -std=gnu2x -I"/usr/local/lib/R/include" -DNDEBUG   -I/usr/local/include    -fpic  -g -O2 -fstack-protector-strong -Wformat -Werror=format-security -Wdate-time -D_FORTIFY_SOURCE=2 -g  -c stem_UTF_8_catalan.c -o stem_UTF_8_catalan.o
gcc -std=gnu2x -I"/usr/local/lib/R/include" -DNDEBUG   -I/usr/local/include    -fpic  -g -O2 -fstack-protector-strong -Wformat -Werror=format-security -Wdate-time -D_FORTIFY_SOURCE=2 -g  -c stem_UTF_8_danish.c -o stem_UTF_8_danish.o
gcc -std=gnu2x -I"/usr/local/lib/R/include" -DNDEBUG   -I/usr/local/include    -fpic  -g -O2 -fstack-protector-strong -Wformat -Werror=format-security -Wdate-time -D_FORTIFY_SOURCE=2 -g  -c stem_UTF_8_dutch.c -o stem_UTF_8_dutch.o
gcc -std=gnu2x -I"/usr/local/lib/R/include" -DNDEBUG   -I/usr/local/include    -fpic  -g -O2 -fstack-protector-strong -Wformat -Werror=format-security -Wdate-time -D_FORTIFY_SOURCE=2 -g  -c stem_UTF_8_english.c -o stem_UTF_8_english.o
gcc -std=gnu2x -I"/usr/local/lib/R/include" -DNDEBUG   -I/usr/local/include    -fpic  -g -O2 -fstack-protector-strong -Wformat -Werror=format-security -Wdate-time -D_FORTIFY_SOURCE=2 -g  -c stem_UTF_8_finnish.c -o stem_UTF_8_finnish.o
gcc -std=gnu2x -I"/usr/local/lib/R/include" -DNDEBUG   -I/usr/local/include    -fpic  -g -O2 -fstack-protector-strong -Wformat -Werror=format-security -Wdate-time -D_FORTIFY_SOURCE=2 -g  -c stem_UTF_8_french.c -o stem_UTF_8_french.o
gcc -std=gnu2x -I"/usr/local/lib/R/include" -DNDEBUG   -I/usr/local/include    -fpic  -g -O2 -fstack-protector-strong -Wformat -Werror=format-security -Wdate-time -D_FORTIFY_SOURCE=2 -g  -c stem_UTF_8_german.c -o stem_UTF_8_german.o
gcc -std=gnu2x -I"/usr/local/lib/R/include" -DNDEBUG   -I/usr/local/include    -fpic  -g -O2 -fstack-protector-strong -Wformat -Werror=format-security -Wdate-time -D_FORTIFY_SOURCE=2 -g  -c stem_UTF_8_greek.c -o stem_UTF_8_greek.o
gcc -std=gnu2x -I"/usr/local/lib/R/include" -DNDEBUG   -I/usr/local/include    -fpic  -g -O2 -fstack-protector-strong -Wformat -Werror=format-security -Wdate-time -D_FORTIFY_SOURCE=2 -g  -c stem_UTF_8_hindi.c -o stem_UTF_8_hindi.o
gcc -std=gnu2x -I"/usr/local/lib/R/include" -DNDEBUG   -I/usr/local/include    -fpic  -g -O2 -fstack-protector-strong -Wformat -Werror=format-security -Wdate-time -D_FORTIFY_SOURCE=2 -g  -c stem_UTF_8_hungarian.c -o stem_UTF_8_hungarian.o
gcc -std=gnu2x -I"/usr/local/lib/R/include" -DNDEBUG   -I/usr/local/include    -fpic  -g -O2 -fstack-protector-strong -Wformat -Werror=format-security -Wdate-time -D_FORTIFY_SOURCE=2 -g  -c stem_UTF_8_indonesian.c -o stem_UTF_8_indonesian.o
gcc -std=gnu2x -I"/usr/local/lib/R/include" -DNDEBUG   -I/usr/local/include    -fpic  -g -O2 -fstack-protector-strong -Wformat -Werror=format-security -Wdate-time -D_FORTIFY_SOURCE=2 -g  -c stem_UTF_8_irish.c -o stem_UTF_8_irish.o
gcc -std=gnu2x -I"/usr/local/lib/R/include" -DNDEBUG   -I/usr/local/include    -fpic  -g -O2 -fstack-protector-strong -Wformat -Werror=format-security -Wdate-time -D_FORTIFY_SOURCE=2 -g  -c stem_UTF_8_italian.c -o stem_UTF_8_italian.o
gcc -std=gnu2x -I"/usr/local/lib/R/include" -DNDEBUG   -I/usr/local/include    -fpic  -g -O2 -fstack-protector-strong -Wformat -Werror=format-security -Wdate-time -D_FORTIFY_SOURCE=2 -g  -c stem_UTF_8_lithuanian.c -o stem_UTF_8_lithuanian.o
gcc -std=gnu2x -I"/usr/local/lib/R/include" -DNDEBUG   -I/usr/local/include    -fpic  -g -O2 -fstack-protector-strong -Wformat -Werror=format-security -Wdate-time -D_FORTIFY_SOURCE=2 -g  -c stem_UTF_8_nepali.c -o stem_UTF_8_nepali.o
gcc -std=gnu2x -I"/usr/local/lib/R/include" -DNDEBUG   -I/usr/local/include    -fpic  -g -O2 -fstack-protector-strong -Wformat -Werror=format-security -Wdate-time -D_FORTIFY_SOURCE=2 -g  -c stem_UTF_8_norwegian.c -o stem_UTF_8_norwegian.o
gcc -std=gnu2x -I"/usr/local/lib/R/include" -DNDEBUG   -I/usr/local/include    -fpic  -g -O2 -fstack-protector-strong -Wformat -Werror=format-security -Wdate-time -D_FORTIFY_SOURCE=2 -g  -c stem_UTF_8_porter.c -o stem_UTF_8_porter.o
gcc -std=gnu2x -I"/usr/local/lib/R/include" -DNDEBUG   -I/usr/local/include    -fpic  -g -O2 -fstack-protector-strong -Wformat -Werror=format-security -Wdate-time -D_FORTIFY_SOURCE=2 -g  -c stem_UTF_8_portuguese.c -o stem_UTF_8_portuguese.o
gcc -std=gnu2x -I"/usr/local/lib/R/include" -DNDEBUG   -I/usr/local/include    -fpic  -g -O2 -fstack-protector-strong -Wformat -Werror=format-security -Wdate-time -D_FORTIFY_SOURCE=2 -g  -c stem_UTF_8_romanian.c -o stem_UTF_8_romanian.o
gcc -std=gnu2x -I"/usr/local/lib/R/include" -DNDEBUG   -I/usr/local/include    -fpic  -g -O2 -fstack-protector-strong -Wformat -Werror=format-security -Wdate-time -D_FORTIFY_SOURCE=2 -g  -c stem_UTF_8_russian.c -o stem_UTF_8_russian.o
gcc -std=gnu2x -I"/usr/local/lib/R/include" -DNDEBUG   -I/usr/local/include    -fpic  -g -O2 -fstack-protector-strong -Wformat -Werror=format-security -Wdate-time -D_FORTIFY_SOURCE=2 -g  -c stem_UTF_8_spanish.c -o stem_UTF_8_spanish.o
gcc -std=gnu2x -I"/usr/local/lib/R/include" -DNDEBUG   -I/usr/local/include    -fpic  -g -O2 -fstack-protector-strong -Wformat -Werror=format-security -Wdate-time -D_FORTIFY_SOURCE=2 -g  -c stem_UTF_8_swedish.c -o stem_UTF_8_swedish.o
gcc -std=gnu2x -I"/usr/local/lib/R/include" -DNDEBUG   -I/usr/local/include    -fpic  -g -O2 -fstack-protector-strong -Wformat -Werror=format-security -Wdate-time -D_FORTIFY_SOURCE=2 -g  -c stem_UTF_8_tamil.c -o stem_UTF_8_tamil.o
gcc -std=gnu2x -I"/usr/local/lib/R/include" -DNDEBUG   -I/usr/local/include    -fpic  -g -O2 -fstack-protector-strong -Wformat -Werror=format-security -Wdate-time -D_FORTIFY_SOURCE=2 -g  -c stem_UTF_8_turkish.c -o stem_UTF_8_turkish.o
gcc -std=gnu2x -I"/usr/local/lib/R/include" -DNDEBUG   -I/usr/local/include    -fpic  -g -O2 -fstack-protector-strong -Wformat -Werror=format-security -Wdate-time -D_FORTIFY_SOURCE=2 -g  -c utilities.c -o utilities.o
gcc -std=gnu2x -shared -L/usr/local/lib/R/lib -L/usr/local/lib -o SnowballC.so SnowballC_init.o api.o libstemmer_utf8.o stem.o stem_UTF_8_arabic.o stem_UTF_8_basque.o stem_UTF_8_catalan.o stem_UTF_8_danish.o stem_UTF_8_dutch.o stem_UTF_8_english.o stem_UTF_8_finnish.o stem_UTF_8_french.o stem_UTF_8_german.o stem_UTF_8_greek.o stem_UTF_8_hindi.o stem_UTF_8_hungarian.o stem_UTF_8_indonesian.o stem_UTF_8_irish.o stem_UTF_8_italian.o stem_UTF_8_lithuanian.o stem_UTF_8_nepali.o stem_UTF_8_norwegian.o stem_UTF_8_porter.o stem_UTF_8_portuguese.o stem_UTF_8_romanian.o stem_UTF_8_russian.o stem_UTF_8_spanish.o stem_UTF_8_swedish.o stem_UTF_8_tamil.o stem_UTF_8_turkish.o utilities.o -L/usr/local/lib/R/lib -lR
installing to /tmp/library/00LOCK-SnowballC/00new/SnowballC/libs
** R
** inst
** byte-compile and prepare package for lazy loading
** help
*** installing help indices
** building package indices
** testing if installed package can be loaded from temporary location
** checking absolute paths in shared objects and dynamic libraries
** testing if installed package can be loaded from final location
** testing if installed package keeps a record of temporary installation path
* creating tarball
packaged installation of ‘SnowballC’ as ‘SnowballC_0.7.1_R_x86_64-pc-linux-gnu.tar.gz’
* DONE (SnowballC)
* installing *source* package ‘data.tree’ ...
** this is package ‘data.tree’ version ‘1.2.0’
** package ‘data.tree’ successfully unpacked and MD5 sums checked
** using staged installation
** R
** data
** inst
** byte-compile and prepare package for lazy loading
** help
*** installing help indices
** building package indices
** installing vignettes
** testing if installed package can be loaded from temporary location
** testing if installed package can be loaded from final location
** testing if installed package keeps a record of temporary installation path
* creating tarball
packaged installation of ‘data.tree’ as ‘data.tree_1.2.0_R_x86_64-pc-linux-gnu.tar.gz’
* DONE (data.tree)
* installing *source* package ‘DiagrammeR’ ...
** this is package ‘DiagrammeR’ version ‘1.0.11’
** package ‘DiagrammeR’ successfully unpacked and MD5 sums checked
** using staged installation
** R
** data
*** moving datasets to lazyload DB
** inst
** byte-compile and prepare package for lazy loading
** help
*** installing help indices
** building package indices
** testing if installed package can be loaded from temporary location
** testing if installed package can be loaded from final location
** testing if installed package keeps a record of temporary installation path
* creating tarball
packaged installation of ‘DiagrammeR’ as ‘DiagrammeR_1.0.11_R_x86_64-pc-linux-gnu.tar.gz’
* DONE (DiagrammeR)
* installing *source* package ‘RcppTOML’ ...
** this is package ‘RcppTOML’ version ‘0.2.3’
** package ‘RcppTOML’ successfully unpacked and MD5 sums checked
** using staged installation
** libs
using C++ compiler: ‘g++ (Ubuntu 13.3.0-6ubuntu2~24.04) 13.3.0’
using C++17
g++ -std=gnu++17 -I"/usr/local/lib/R/include" -DNDEBUG -I../inst/include -DTOML_ENABLE_FLOAT16=0 -I'/usr/local/lib/R/site-library/Rcpp/include' -I/usr/local/include    -fpic  -g -O2 -fstack-protector-strong -Wformat -Werror=format-security -Wdate-time -D_FORTIFY_SOURCE=2 -g   -c RcppExports.cpp -o RcppExports.o
g++ -std=gnu++17 -I"/usr/local/lib/R/include" -DNDEBUG -I../inst/include -DTOML_ENABLE_FLOAT16=0 -I'/usr/local/lib/R/site-library/Rcpp/include' -I/usr/local/include    -fpic  -g -O2 -fstack-protector-strong -Wformat -Werror=format-security -Wdate-time -D_FORTIFY_SOURCE=2 -g   -c parse.cpp -o parse.o
g++ -std=gnu++17 -shared -L/usr/local/lib/R/lib -L/usr/local/lib -o RcppTOML.so RcppExports.o parse.o -L/usr/local/lib/R/lib -lR
installing to /tmp/library/00LOCK-RcppTOML/00new/RcppTOML/libs
** R
** inst
** byte-compile and prepare package for lazy loading
** help
*** installing help indices
** building package indices
** testing if installed package can be loaded from temporary location
** checking absolute paths in shared objects and dynamic libraries
** testing if installed package can be loaded from final location
** testing if installed package keeps a record of temporary installation path
* creating tarball
packaged installation of ‘RcppTOML’ as ‘RcppTOML_0.2.3_R_x86_64-pc-linux-gnu.tar.gz’
* DONE (RcppTOML)
* installing *source* package ‘here’ ...
** this is package ‘here’ version ‘1.0.2’
** package ‘here’ successfully unpacked and MD5 sums checked
** using staged installation
** R
** inst
** byte-compile and prepare package for lazy loading
** help
*** installing help indices
*** copying figures
** building package indices
** installing vignettes
** testing if installed package can be loaded from temporary location
** testing if installed package can be loaded from final location
** testing if installed package keeps a record of temporary installation path
* creating tarball
packaged installation of ‘here’ as ‘here_1.0.2_R_x86_64-pc-linux-gnu.tar.gz’
* DONE (here)
* installing *source* package ‘CatEncoders’ ...
** this is package ‘CatEncoders’ version ‘0.1.1’
** package ‘CatEncoders’ successfully unpacked and MD5 sums checked
** using staged installation
** R
** byte-compile and prepare package for lazy loading
Creating a new generic function for ‘transform’ in package ‘CatEncoders’
** help
*** installing help indices
** building package indices
** testing if installed package can be loaded from temporary location
** testing if installed package can be loaded from final location
** testing if installed package keeps a record of temporary installation path
* creating tarball
packaged installation of ‘CatEncoders’ as ‘CatEncoders_0.1.1_R_x86_64-pc-linux-gnu.tar.gz’
* DONE (CatEncoders)
* installing *source* package ‘matlab’ ...
** this is package ‘matlab’ version ‘1.0.4.1’
** package ‘matlab’ successfully unpacked and MD5 sums checked
** using staged installation
** R
** inst
** byte-compile and prepare package for lazy loading
Creating a new generic function for ‘sum’ in package ‘matlab’
** help
*** installing help indices
** building package indices
** testing if installed package can be loaded from temporary location
** testing if installed package can be loaded from final location
** testing if installed package keeps a record of temporary installation path
* creating tarball
packaged installation of ‘matlab’ as ‘matlab_1.0.4.1_R_x86_64-pc-linux-gnu.tar.gz’
* DONE (matlab)
* installing *source* package ‘PRROC’ ...
** this is package ‘PRROC’ version ‘1.4’
** package ‘PRROC’ successfully unpacked and MD5 sums checked
** using staged installation
** R
** inst
** byte-compile and prepare package for lazy loading
** help
*** installing help indices
** building package indices
** installing vignettes
** testing if installed package can be loaded from temporary location
** testing if installed package can be loaded from final location
** testing if installed package keeps a record of temporary installation path
* creating tarball
packaged installation of ‘PRROC’ as ‘PRROC_1.4_R_x86_64-pc-linux-gnu.tar.gz’
* DONE (PRROC)
* installing *source* package ‘MatrixExtra’ ...
** this is package ‘MatrixExtra’ version ‘0.1.15’
** package ‘MatrixExtra’ successfully unpacked and MD5 sums checked
** using staged installation
checking whether the C++ compiler works... yes
checking for C++ compiler default output file name... a.out
checking for suffix of executables... 
checking whether we are cross compiling... no
checking for suffix of object files... o
checking whether the compiler supports GNU C++... yes
checking whether g++ -std=gnu++17 accepts -g... yes
checking for g++ -std=gnu++17 option to enable C++11 features... none needed
configure: creating ./config.status
config.status: creating src/Makevars
** libs
using C++ compiler: ‘g++ (Ubuntu 13.3.0-6ubuntu2~24.04) 13.3.0’
g++ -std=gnu++17 -I"/usr/local/lib/R/include" -DNDEBUG -DRCPP_USE_UNWIND_PROTECT -DUSE_ROBINMAP -DHAS_LD=1 -DSUPPORTS_RESTRICT=1 -I'/usr/local/lib/R/site-library/Rcpp/include' -I/usr/local/include   -fopenmp -fno-trapping-math -fno-math-errno -fvisibility=hidden -fpic  -g -O2 -fstack-protector-strong -Wformat -Werror=format-security -Wdate-time -D_FORTIFY_SOURCE=2 -g   -c RcppExports.cpp -o RcppExports.o
g++ -std=gnu++17 -I"/usr/local/lib/R/include" -DNDEBUG -DRCPP_USE_UNWIND_PROTECT -DUSE_ROBINMAP -DHAS_LD=1 -DSUPPORTS_RESTRICT=1 -I'/usr/local/lib/R/site-library/Rcpp/include' -I/usr/local/include   -fopenmp -fno-trapping-math -fno-math-errno -fvisibility=hidden -fpic  -g -O2 -fstack-protector-strong -Wformat -Werror=format-security -Wdate-time -D_FORTIFY_SOURCE=2 -g   -c assignment.cpp -o assignment.o
g++ -std=gnu++17 -I"/usr/local/lib/R/include" -DNDEBUG -DRCPP_USE_UNWIND_PROTECT -DUSE_ROBINMAP -DHAS_LD=1 -DSUPPORTS_RESTRICT=1 -I'/usr/local/lib/R/site-library/Rcpp/include' -I/usr/local/include   -fopenmp -fno-trapping-math -fno-math-errno -fvisibility=hidden -fpic  -g -O2 -fstack-protector-strong -Wformat -Werror=format-security -Wdate-time -D_FORTIFY_SOURCE=2 -g   -c cbind.cpp -o cbind.o
g++ -std=gnu++17 -I"/usr/local/lib/R/include" -DNDEBUG -DRCPP_USE_UNWIND_PROTECT -DUSE_ROBINMAP -DHAS_LD=1 -DSUPPORTS_RESTRICT=1 -I'/usr/local/lib/R/site-library/Rcpp/include' -I/usr/local/include   -fopenmp -fno-trapping-math -fno-math-errno -fvisibility=hidden -fpic  -g -O2 -fstack-protector-strong -Wformat -Werror=format-security -Wdate-time -D_FORTIFY_SOURCE=2 -g   -c matmul.cpp -o matmul.o
g++ -std=gnu++17 -I"/usr/local/lib/R/include" -DNDEBUG -DRCPP_USE_UNWIND_PROTECT -DUSE_ROBINMAP -DHAS_LD=1 -DSUPPORTS_RESTRICT=1 -I'/usr/local/lib/R/site-library/Rcpp/include' -I/usr/local/include   -fopenmp -fno-trapping-math -fno-math-errno -fvisibility=hidden -fpic  -g -O2 -fstack-protector-strong -Wformat -Werror=format-security -Wdate-time -D_FORTIFY_SOURCE=2 -g   -c misc.cpp -o misc.o
g++ -std=gnu++17 -I"/usr/local/lib/R/include" -DNDEBUG -DRCPP_USE_UNWIND_PROTECT -DUSE_ROBINMAP -DHAS_LD=1 -DSUPPORTS_RESTRICT=1 -I'/usr/local/lib/R/site-library/Rcpp/include' -I/usr/local/include   -fopenmp -fno-trapping-math -fno-math-errno -fvisibility=hidden -fpic  -g -O2 -fstack-protector-strong -Wformat -Werror=format-security -Wdate-time -D_FORTIFY_SOURCE=2 -g   -c operators.cpp -o operators.o
g++ -std=gnu++17 -I"/usr/local/lib/R/include" -DNDEBUG -DRCPP_USE_UNWIND_PROTECT -DUSE_ROBINMAP -DHAS_LD=1 -DSUPPORTS_RESTRICT=1 -I'/usr/local/lib/R/site-library/Rcpp/include' -I/usr/local/include   -fopenmp -fno-trapping-math -fno-math-errno -fvisibility=hidden -fpic  -g -O2 -fstack-protector-strong -Wformat -Werror=format-security -Wdate-time -D_FORTIFY_SOURCE=2 -g   -c rbind.cpp -o rbind.o
g++ -std=gnu++17 -I"/usr/local/lib/R/include" -DNDEBUG -DRCPP_USE_UNWIND_PROTECT -DUSE_ROBINMAP -DHAS_LD=1 -DSUPPORTS_RESTRICT=1 -I'/usr/local/lib/R/site-library/Rcpp/include' -I/usr/local/include   -fopenmp -fno-trapping-math -fno-math-errno -fvisibility=hidden -fpic  -g -O2 -fstack-protector-strong -Wformat -Werror=format-security -Wdate-time -D_FORTIFY_SOURCE=2 -g   -c slice.cpp -o slice.o
g++ -std=gnu++17 -I"/usr/local/lib/R/include" -DNDEBUG -DRCPP_USE_UNWIND_PROTECT -DUSE_ROBINMAP -DHAS_LD=1 -DSUPPORTS_RESTRICT=1 -I'/usr/local/lib/R/site-library/Rcpp/include' -I/usr/local/include   -fopenmp -fno-trapping-math -fno-math-errno -fvisibility=hidden -fpic  -g -O2 -fstack-protector-strong -Wformat -Werror=format-security -Wdate-time -D_FORTIFY_SOURCE=2 -g   -c slice_coo.cpp -o slice_coo.o
g++ -std=gnu++17 -shared -L/usr/local/lib/R/lib -L/usr/local/lib -o MatrixExtra.so RcppExports.o assignment.o cbind.o matmul.o misc.o operators.o rbind.o slice.o slice_coo.o -fopenmp -lblas -lgfortran -lm -lquadmath -L/usr/local/lib/R/lib -lR
installing to /tmp/library/00LOCK-MatrixExtra/00new/MatrixExtra/libs
** R
** inst
** byte-compile and prepare package for lazy loading
** help
*** installing help indices
** building package indices
** installing vignettes
** testing if installed package can be loaded from temporary location
** checking absolute paths in shared objects and dynamic libraries
** testing if installed package can be loaded from final location
** testing if installed package keeps a record of temporary installation path
* creating tarball
packaged installation of ‘MatrixExtra’ as ‘MatrixExtra_0.1.15_R_x86_64-pc-linux-gnu.tar.gz’
* DONE (MatrixExtra)
* installing *source* package ‘sylly.en’ ...
** this is package ‘sylly.en’ version ‘0.1-3’
** package ‘sylly.en’ successfully unpacked and MD5 sums checked
** using staged installation
** R
** data
** inst
** byte-compile and prepare package for lazy loading
** help
*** installing help indices
** building package indices
** testing if installed package can be loaded from temporary location
** testing if installed package can be loaded from final location
** testing if installed package keeps a record of temporary installation path
* creating tarball
packaged installation of ‘sylly.en’ as ‘sylly.en_0.1-3_R_x86_64-pc-linux-gnu.tar.gz’
* DONE (sylly.en)
* installing *source* package ‘syuzhet’ ...
** this is package ‘syuzhet’ version ‘1.0.7’
** package ‘syuzhet’ successfully unpacked and MD5 sums checked
** using staged installation
** R
** inst
** byte-compile and prepare package for lazy loading
** help
*** installing help indices
** building package indices
** installing vignettes
** testing if installed package can be loaded from temporary location
** testing if installed package can be loaded from final location
** testing if installed package keeps a record of temporary installation path
* creating tarball
packaged installation of ‘syuzhet’ as ‘syuzhet_1.0.7_R_x86_64-pc-linux-gnu.tar.gz’
* DONE (syuzhet)
* installing *source* package ‘koRpus’ ...
** this is package ‘koRpus’ version ‘0.13-8’
** package ‘koRpus’ successfully unpacked and MD5 sums checked
** using staged installation
** R
** inst
** byte-compile and prepare package for lazy loading
** help
*** installing help indices
** building package indices
** installing vignettes
** testing if installed package can be loaded from temporary location
** testing if installed package can be loaded from final location
** testing if installed package keeps a record of temporary installation path
* creating tarball
packaged installation of ‘koRpus’ as ‘koRpus_0.13-8_R_x86_64-pc-linux-gnu.tar.gz’
* DONE (koRpus)
* installing *source* package ‘tm’ ...
** this is package ‘tm’ version ‘0.7-16’
** package ‘tm’ successfully unpacked and MD5 sums checked
** using staged installation
** libs
using C compiler: ‘gcc (Ubuntu 13.3.0-6ubuntu2~24.04) 13.3.0’
using C++ compiler: ‘g++ (Ubuntu 13.3.0-6ubuntu2~24.04) 13.3.0’
g++ -std=gnu++17 -I"/usr/local/lib/R/include" -DNDEBUG  -I'/mnt/library/BH/include' -I'/usr/local/lib/R/site-library/Rcpp/include' -I/usr/local/include    -fpic  -g -O2 -fstack-protector-strong -Wformat -Werror=format-security -Wdate-time -D_FORTIFY_SOURCE=2 -g   -c RcppExports.cpp -o RcppExports.o
gcc -std=gnu2x -I"/usr/local/lib/R/include" -DNDEBUG  -I'/mnt/library/BH/include' -I'/usr/local/lib/R/site-library/Rcpp/include' -I/usr/local/include    -fpic  -g -O2 -fstack-protector-strong -Wformat -Werror=format-security -Wdate-time -D_FORTIFY_SOURCE=2 -g  -c copy.c -o copy.o
gcc -std=gnu2x -I"/usr/local/lib/R/include" -DNDEBUG  -I'/mnt/library/BH/include' -I'/usr/local/lib/R/site-library/Rcpp/include' -I/usr/local/include    -fpic  -g -O2 -fstack-protector-strong -Wformat -Werror=format-security -Wdate-time -D_FORTIFY_SOURCE=2 -g  -c init.c -o init.o
gcc -std=gnu2x -I"/usr/local/lib/R/include" -DNDEBUG  -I'/mnt/library/BH/include' -I'/usr/local/lib/R/site-library/Rcpp/include' -I/usr/local/include    -fpic  -g -O2 -fstack-protector-strong -Wformat -Werror=format-security -Wdate-time -D_FORTIFY_SOURCE=2 -g  -c remove.c -o remove.o
gcc -std=gnu2x -I"/usr/local/lib/R/include" -DNDEBUG  -I'/mnt/library/BH/include' -I'/usr/local/lib/R/site-library/Rcpp/include' -I/usr/local/include    -fpic  -g -O2 -fstack-protector-strong -Wformat -Werror=format-security -Wdate-time -D_FORTIFY_SOURCE=2 -g  -c scan.c -o scan.o
g++ -std=gnu++17 -I"/usr/local/lib/R/include" -DNDEBUG  -I'/mnt/library/BH/include' -I'/usr/local/lib/R/site-library/Rcpp/include' -I/usr/local/include    -fpic  -g -O2 -fstack-protector-strong -Wformat -Werror=format-security -Wdate-time -D_FORTIFY_SOURCE=2 -g   -c tdm.cpp -o tdm.o
g++ -std=gnu++17 -I"/usr/local/lib/R/include" -DNDEBUG  -I'/mnt/library/BH/include' -I'/usr/local/lib/R/site-library/Rcpp/include' -I/usr/local/include    -fpic  -g -O2 -fstack-protector-strong -Wformat -Werror=format-security -Wdate-time -D_FORTIFY_SOURCE=2 -g   -c tokenizer.cpp -o tokenizer.o
g++ -std=gnu++17 -shared -L/usr/local/lib/R/lib -L/usr/local/lib -o tm.so RcppExports.o copy.o init.o remove.o scan.o tdm.o tokenizer.o -L/usr/local/lib/R/lib -lR
installing to /tmp/library/00LOCK-tm/00new/tm/libs
** R
** data
** inst
** byte-compile and prepare package for lazy loading
** help
*** installing help indices
** building package indices
** installing vignettes
** testing if installed package can be loaded from temporary location
** checking absolute paths in shared objects and dynamic libraries
** testing if installed package can be loaded from final location
** testing if installed package keeps a record of temporary installation path
* creating tarball
packaged installation of ‘tm’ as ‘tm_0.7-16_R_x86_64-pc-linux-gnu.tar.gz’
* DONE (tm)
* installing *source* package ‘stopwords’ ...
** this is package ‘stopwords’ version ‘2.3’
** package ‘stopwords’ successfully unpacked and MD5 sums checked
** using staged installation
** R
** data
*** moving datasets to lazyload DB
** inst
** byte-compile and prepare package for lazy loading
** help
*** installing help indices
** building package indices
** testing if installed package can be loaded from temporary location
** testing if installed package can be loaded from final location
** testing if installed package keeps a record of temporary installation path
* creating tarball
packaged installation of ‘stopwords’ as ‘stopwords_2.3_R_x86_64-pc-linux-gnu.tar.gz’
* DONE (stopwords)
* installing *source* package ‘rcdk’ ...
** this is package ‘rcdk’ version ‘3.8.1’
** package ‘rcdk’ successfully unpacked and MD5 sums checked
** using staged installation
** R
** data
*** moving datasets to lazyload DB
** inst
** byte-compile and prepare package for lazy loading
** help
*** installing help indices
** building package indices
** installing vignettes
** testing if installed package can be loaded from temporary location
** testing if installed package can be loaded from final location
** testing if installed package keeps a record of temporary installation path
* creating tarball
packaged installation of ‘rcdk’ as ‘rcdk_3.8.1_R_x86_64-pc-linux-gnu.tar.gz’
* DONE (rcdk)
* installing *source* package ‘tokenizers’ ...
** this is package ‘tokenizers’ version ‘0.3.0’
** package ‘tokenizers’ successfully unpacked and MD5 sums checked
** using staged installation
** libs
using C++ compiler: ‘g++ (Ubuntu 13.3.0-6ubuntu2~24.04) 13.3.0’
g++ -std=gnu++17 -I"/usr/local/lib/R/include" -DNDEBUG  -I'/usr/local/lib/R/site-library/Rcpp/include' -I/usr/local/include    -fpic  -g -O2 -fstack-protector-strong -Wformat -Werror=format-security -Wdate-time -D_FORTIFY_SOURCE=2 -g   -c RcppExports.cpp -o RcppExports.o
g++ -std=gnu++17 -I"/usr/local/lib/R/include" -DNDEBUG  -I'/usr/local/lib/R/site-library/Rcpp/include' -I/usr/local/include    -fpic  -g -O2 -fstack-protector-strong -Wformat -Werror=format-security -Wdate-time -D_FORTIFY_SOURCE=2 -g   -c shingle_ngrams.cpp -o shingle_ngrams.o
g++ -std=gnu++17 -I"/usr/local/lib/R/include" -DNDEBUG  -I'/usr/local/lib/R/site-library/Rcpp/include' -I/usr/local/include    -fpic  -g -O2 -fstack-protector-strong -Wformat -Werror=format-security -Wdate-time -D_FORTIFY_SOURCE=2 -g   -c skip_ngrams.cpp -o skip_ngrams.o
g++ -std=gnu++17 -shared -L/usr/local/lib/R/lib -L/usr/local/lib -o tokenizers.so RcppExports.o shingle_ngrams.o skip_ngrams.o -L/usr/local/lib/R/lib -lR
installing to /tmp/library/00LOCK-tokenizers/00new/tokenizers/libs
** R
** data
*** moving datasets to lazyload DB
** inst
** byte-compile and prepare package for lazy loading
** help
*** installing help indices
** building package indices
** installing vignettes
** testing if installed package can be loaded from temporary location
** checking absolute paths in shared objects and dynamic libraries
** testing if installed package can be loaded from final location
** testing if installed package keeps a record of temporary installation path
* creating tarball
packaged installation of ‘tokenizers’ as ‘tokenizers_0.3.0_R_x86_64-pc-linux-gnu.tar.gz’
* DONE (tokenizers)
* installing *source* package ‘webchem’ ...
** this is package ‘webchem’ version ‘1.3.1’
** package ‘webchem’ successfully unpacked and MD5 sums checked
** using staged installation
** R
** data
*** moving datasets to lazyload DB
** inst
** byte-compile and prepare package for lazy loading
** help
*** installing help indices
** building package indices
** installing vignettes
** testing if installed package can be loaded from temporary location
** testing if installed package can be loaded from final location
** testing if installed package keeps a record of temporary installation path
* creating tarball
packaged installation of ‘webchem’ as ‘webchem_1.3.1_R_x86_64-pc-linux-gnu.tar.gz’
* DONE (webchem)
* installing *source* package ‘reticulate’ ...
** this is package ‘reticulate’ version ‘1.44.0’
** package ‘reticulate’ successfully unpacked and MD5 sums checked
** using staged installation
** libs
using C++ compiler: ‘g++ (Ubuntu 13.3.0-6ubuntu2~24.04) 13.3.0’
g++ -std=gnu++17 -I"/usr/local/lib/R/include" -DNDEBUG  -I'/usr/local/lib/R/site-library/Rcpp/include' -I/usr/local/include    -fpic  -g -O2 -fstack-protector-strong -Wformat -Werror=format-security -Wdate-time -D_FORTIFY_SOURCE=2 -g   -c RcppExports.cpp -o RcppExports.o
g++ -std=gnu++17 -I"/usr/local/lib/R/include" -DNDEBUG  -I'/usr/local/lib/R/site-library/Rcpp/include' -I/usr/local/include    -fpic  -g -O2 -fstack-protector-strong -Wformat -Werror=format-security -Wdate-time -D_FORTIFY_SOURCE=2 -g   -c event_loop.cpp -o event_loop.o
g++ -std=gnu++17 -I"/usr/local/lib/R/include" -DNDEBUG  -I'/usr/local/lib/R/site-library/Rcpp/include' -I/usr/local/include    -fpic  -g -O2 -fstack-protector-strong -Wformat -Werror=format-security -Wdate-time -D_FORTIFY_SOURCE=2 -g   -c libpython.cpp -o libpython.o
g++ -std=gnu++17 -I"/usr/local/lib/R/include" -DNDEBUG  -I'/usr/local/lib/R/site-library/Rcpp/include' -I/usr/local/include    -fpic  -g -O2 -fstack-protector-strong -Wformat -Werror=format-security -Wdate-time -D_FORTIFY_SOURCE=2 -g   -c output.cpp -o output.o
g++ -std=gnu++17 -I"/usr/local/lib/R/include" -DNDEBUG  -I'/usr/local/lib/R/site-library/Rcpp/include' -I/usr/local/include    -fpic  -g -O2 -fstack-protector-strong -Wformat -Werror=format-security -Wdate-time -D_FORTIFY_SOURCE=2 -g   -c pending_py_calls_notifier.cpp -o pending_py_calls_notifier.o
g++ -std=gnu++17 -I"/usr/local/lib/R/include" -DNDEBUG  -I'/usr/local/lib/R/site-library/Rcpp/include' -I/usr/local/include    -fpic  -g -O2 -fstack-protector-strong -Wformat -Werror=format-security -Wdate-time -D_FORTIFY_SOURCE=2 -g   -c python.cpp -o python.o
g++ -std=gnu++17 -I"/usr/local/lib/R/include" -DNDEBUG  -I'/usr/local/lib/R/site-library/Rcpp/include' -I/usr/local/include    -fpic  -g -O2 -fstack-protector-strong -Wformat -Werror=format-security -Wdate-time -D_FORTIFY_SOURCE=2 -g   -c readline.cpp -o readline.o
g++ -std=gnu++17 -I"/usr/local/lib/R/include" -DNDEBUG  -I'/usr/local/lib/R/site-library/Rcpp/include' -I/usr/local/include    -fpic  -g -O2 -fstack-protector-strong -Wformat -Werror=format-security -Wdate-time -D_FORTIFY_SOURCE=2 -g   -c signals.cpp -o signals.o
g++ -std=gnu++17 -shared -L/usr/local/lib/R/lib -L/usr/local/lib -o reticulate.so RcppExports.o event_loop.o libpython.o output.o pending_py_calls_notifier.o python.o readline.o signals.o -L/usr/local/lib/R/lib -lR
installing to /tmp/library/00LOCK-reticulate/00new/reticulate/libs
** R
** inst
** byte-compile and prepare package for lazy loading
** help
*** installing help indices
*** copying figures
** building package indices
** installing vignettes
** testing if installed package can be loaded from temporary location
** checking absolute paths in shared objects and dynamic libraries
** testing if installed package can be loaded from final location
** testing if installed package keeps a record of temporary installation path
* creating tarball
packaged installation of ‘reticulate’ as ‘reticulate_1.44.0_R_x86_64-pc-linux-gnu.tar.gz’
* DONE (reticulate)
* installing *source* package ‘rsparse’ ...
** this is package ‘rsparse’ version ‘0.5.3’
** package ‘rsparse’ successfully unpacked and MD5 sums checked
** using staged installation
configure: creating ./config.status
config.status: creating src/Makevars
** libs
using C++ compiler: ‘g++ (Ubuntu 13.3.0-6ubuntu2~24.04) 13.3.0’
g++ -std=gnu++17 -I"/usr/local/lib/R/include" -DNDEBUG -DARMA_32BIT_WORD -I../inst/include/ -DRSPARSE_R_PKG -DARMA_NO_DEBUG -I'/usr/local/lib/R/site-library/Rcpp/include' -I'/mnt/library/RcppArmadillo/include' -I/usr/local/include   -fopenmp -fpic  -g -O2 -fstack-protector-strong -Wformat -Werror=format-security -Wdate-time -D_FORTIFY_SOURCE=2 -g   -c FTRL.cpp -o FTRL.o
g++ -std=gnu++17 -I"/usr/local/lib/R/include" -DNDEBUG -DARMA_32BIT_WORD -I../inst/include/ -DRSPARSE_R_PKG -DARMA_NO_DEBUG -I'/usr/local/lib/R/site-library/Rcpp/include' -I'/mnt/library/RcppArmadillo/include' -I/usr/local/include   -fopenmp -fpic  -g -O2 -fstack-protector-strong -Wformat -Werror=format-security -Wdate-time -D_FORTIFY_SOURCE=2 -g   -c GloVe.cpp -o GloVe.o
g++ -std=gnu++17 -I"/usr/local/lib/R/include" -DNDEBUG -DARMA_32BIT_WORD -I../inst/include/ -DRSPARSE_R_PKG -DARMA_NO_DEBUG -I'/usr/local/lib/R/site-library/Rcpp/include' -I'/mnt/library/RcppArmadillo/include' -I/usr/local/include   -fopenmp -fpic  -g -O2 -fstack-protector-strong -Wformat -Werror=format-security -Wdate-time -D_FORTIFY_SOURCE=2 -g   -c RcppExports.cpp -o RcppExports.o
g++ -std=gnu++17 -I"/usr/local/lib/R/include" -DNDEBUG -DARMA_32BIT_WORD -I../inst/include/ -DRSPARSE_R_PKG -DARMA_NO_DEBUG -I'/usr/local/lib/R/site-library/Rcpp/include' -I'/mnt/library/RcppArmadillo/include' -I/usr/local/include   -fopenmp -fpic  -g -O2 -fstack-protector-strong -Wformat -Werror=format-security -Wdate-time -D_FORTIFY_SOURCE=2 -g   -c factorization_machine.cpp -o factorization_machine.o
g++ -std=gnu++17 -I"/usr/local/lib/R/include" -DNDEBUG -DARMA_32BIT_WORD -I../inst/include/ -DRSPARSE_R_PKG -DARMA_NO_DEBUG -I'/usr/local/lib/R/site-library/Rcpp/include' -I'/mnt/library/RcppArmadillo/include' -I/usr/local/include   -fopenmp -fpic  -g -O2 -fstack-protector-strong -Wformat -Werror=format-security -Wdate-time -D_FORTIFY_SOURCE=2 -g   -c kmeans.cpp -o kmeans.o
g++ -std=gnu++17 -I"/usr/local/lib/R/include" -DNDEBUG -DARMA_32BIT_WORD -I../inst/include/ -DRSPARSE_R_PKG -DARMA_NO_DEBUG -I'/usr/local/lib/R/site-library/Rcpp/include' -I'/mnt/library/RcppArmadillo/include' -I/usr/local/include   -fopenmp -fpic  -g -O2 -fstack-protector-strong -Wformat -Werror=format-security -Wdate-time -D_FORTIFY_SOURCE=2 -g   -c matrix_top_product.cpp -o matrix_top_product.o
g++ -std=gnu++17 -I"/usr/local/lib/R/include" -DNDEBUG -DARMA_32BIT_WORD -I../inst/include/ -DRSPARSE_R_PKG -DARMA_NO_DEBUG -I'/usr/local/lib/R/site-library/Rcpp/include' -I'/mnt/library/RcppArmadillo/include' -I/usr/local/include   -fopenmp -fpic  -g -O2 -fstack-protector-strong -Wformat -Werror=format-security -Wdate-time -D_FORTIFY_SOURCE=2 -g   -c nnls.cpp -o nnls.o
g++ -std=gnu++17 -I"/usr/local/lib/R/include" -DNDEBUG -DARMA_32BIT_WORD -I../inst/include/ -DRSPARSE_R_PKG -DARMA_NO_DEBUG -I'/usr/local/lib/R/site-library/Rcpp/include' -I'/mnt/library/RcppArmadillo/include' -I/usr/local/include   -fopenmp -fpic  -g -O2 -fstack-protector-strong -Wformat -Werror=format-security -Wdate-time -D_FORTIFY_SOURCE=2 -g   -c rankmf.cpp -o rankmf.o
g++ -std=gnu++17 -I"/usr/local/lib/R/include" -DNDEBUG -DARMA_32BIT_WORD -I../inst/include/ -DRSPARSE_R_PKG -DARMA_NO_DEBUG -I'/usr/local/lib/R/site-library/Rcpp/include' -I'/mnt/library/RcppArmadillo/include' -I/usr/local/include   -fopenmp -fpic  -g -O2 -fstack-protector-strong -Wformat -Werror=format-security -Wdate-time -D_FORTIFY_SOURCE=2 -g   -c utils.cpp -o utils.o
g++ -std=gnu++17 -I"/usr/local/lib/R/include" -DNDEBUG -DARMA_32BIT_WORD -I../inst/include/ -DRSPARSE_R_PKG -DARMA_NO_DEBUG -I'/usr/local/lib/R/site-library/Rcpp/include' -I'/mnt/library/RcppArmadillo/include' -I/usr/local/include   -fopenmp -fpic  -g -O2 -fstack-protector-strong -Wformat -Werror=format-security -Wdate-time -D_FORTIFY_SOURCE=2 -g   -c wrmf_explicit.cpp -o wrmf_explicit.o
g++ -std=gnu++17 -I"/usr/local/lib/R/include" -DNDEBUG -DARMA_32BIT_WORD -I../inst/include/ -DRSPARSE_R_PKG -DARMA_NO_DEBUG -I'/usr/local/lib/R/site-library/Rcpp/include' -I'/mnt/library/RcppArmadillo/include' -I/usr/local/include   -fopenmp -fpic  -g -O2 -fstack-protector-strong -Wformat -Werror=format-security -Wdate-time -D_FORTIFY_SOURCE=2 -g   -c wrmf_implicit.cpp -o wrmf_implicit.o
g++ -std=gnu++17 -I"/usr/local/lib/R/include" -DNDEBUG -DARMA_32BIT_WORD -I../inst/include/ -DRSPARSE_R_PKG -DARMA_NO_DEBUG -I'/usr/local/lib/R/site-library/Rcpp/include' -I'/mnt/library/RcppArmadillo/include' -I/usr/local/include   -fopenmp -fpic  -g -O2 -fstack-protector-strong -Wformat -Werror=format-security -Wdate-time -D_FORTIFY_SOURCE=2 -g   -c wrmf_init.cpp -o wrmf_init.o
g++ -std=gnu++17 -shared -L/usr/local/lib/R/lib -L/usr/local/lib -o rsparse.so FTRL.o GloVe.o RcppExports.o factorization_machine.o kmeans.o matrix_top_product.o nnls.o rankmf.o utils.o wrmf_explicit.o wrmf_implicit.o wrmf_init.o -fopenmp -L/tmp/library/float/libs -l:float.so -Wl,-rpath=/tmp/library/float/libs -lopenblas -lopenblas -llapack -lblas -lgfortran -lm -lquadmath -L/usr/local/lib/R/lib -lR
installing to /tmp/library/00LOCK-rsparse/00new/rsparse/libs
** R
** data
*** moving datasets to lazyload DB
** inst
** byte-compile and prepare package for lazy loading
** help
*** installing help indices
*** copying figures
** building package indices
** testing if installed package can be loaded from temporary location
** checking absolute paths in shared objects and dynamic libraries
** testing if installed package can be loaded from final location
** testing if installed package keeps a record of temporary installation path
* creating tarball
packaged installation of ‘rsparse’ as ‘rsparse_0.5.3_R_x86_64-pc-linux-gnu.tar.gz’
* DONE (rsparse)
* installing *source* package ‘koRpus.lang.en’ ...
** this is package ‘koRpus.lang.en’ version ‘0.1-4’
** package ‘koRpus.lang.en’ successfully unpacked and MD5 sums checked
** using staged installation
** R
** inst
** byte-compile and prepare package for lazy loading
** help
*** installing help indices
** building package indices
** testing if installed package can be loaded from temporary location
** testing if installed package can be loaded from final location
** testing if installed package keeps a record of temporary installation path
* creating tarball
packaged installation of ‘koRpus.lang.en’ as ‘koRpus.lang.en_0.1-4_R_x86_64-pc-linux-gnu.tar.gz’
* DONE (koRpus.lang.en)
* installing *source* package ‘lexicon’ ...
** this is package ‘lexicon’ version ‘1.2.1’
** package ‘lexicon’ successfully unpacked and MD5 sums checked
** using staged installation
** R
** data
*** moving datasets to lazyload DB
** inst
** byte-compile and prepare package for lazy loading
** help
*** installing help indices
** building package indices
** testing if installed package can be loaded from temporary location
** testing if installed package can be loaded from final location
** testing if installed package keeps a record of temporary installation path
* creating tarball
packaged installation of ‘lexicon’ as ‘lexicon_1.2.1_R_x86_64-pc-linux-gnu.tar.gz’
* DONE (lexicon)
* installing *source* package ‘quanteda’ ...
** this is package ‘quanteda’ version ‘4.3.1’
** package ‘quanteda’ successfully unpacked and MD5 sums checked
** using staged installation
checking whether the C++ compiler works... yes
checking for C++ compiler default output file name... a.out
checking for suffix of executables... 
checking whether we are cross compiling... no
checking for suffix of object files... o
checking whether the compiler supports GNU C++... yes
checking whether g++ -std=gnu++17 accepts -g... yes
checking for g++ -std=gnu++17 option to enable C++11 features... none needed
checking how to run the C++ preprocessor... g++ -std=gnu++17 -E
checking for gcc... gcc -std=gnu2x
checking whether the compiler supports GNU C... yes
checking whether gcc -std=gnu2x accepts -g... yes
checking for gcc -std=gnu2x option to enable C11 features... none needed
checking whether the compiler supports GNU C++... (cached) yes
checking whether g++ -std=gnu++17 accepts -g... (cached) yes
checking for g++ -std=gnu++17 option to enable C++11 features... (cached) none needed
checking Intel TBB existence:... no
configure: WARNING: Intel TBB not installed; install TBB devel package for parallel processing or update PKG_CONFIG_PATH environment variable
configure: Package CPP flags: 
configure: Package LIBS: 
configure: creating ./config.status
config.status: creating src/Makevars
** libs
using C++ compiler: ‘g++ (Ubuntu 13.3.0-6ubuntu2~24.04) 13.3.0’
g++ -std=gnu++17 -I"/usr/local/lib/R/include" -DNDEBUG  -I'/usr/local/lib/R/site-library/Rcpp/include' -I/usr/local/include   -I../inst/include  -fpic  -g -O2 -fstack-protector-strong -Wformat -Werror=format-security -Wdate-time -D_FORTIFY_SOURCE=2 -g   -c RcppExports.cpp -o RcppExports.o
g++ -std=gnu++17 -I"/usr/local/lib/R/include" -DNDEBUG  -I'/usr/local/lib/R/site-library/Rcpp/include' -I/usr/local/include   -I../inst/include  -fpic  -g -O2 -fstack-protector-strong -Wformat -Werror=format-security -Wdate-time -D_FORTIFY_SOURCE=2 -g   -c fcm.cpp -o fcm.o
g++ -std=gnu++17 -I"/usr/local/lib/R/include" -DNDEBUG  -I'/usr/local/lib/R/site-library/Rcpp/include' -I/usr/local/include   -I../inst/include  -fpic  -g -O2 -fstack-protector-strong -Wformat -Werror=format-security -Wdate-time -D_FORTIFY_SOURCE=2 -g   -c index.cpp -o index.o
g++ -std=gnu++17 -I"/usr/local/lib/R/include" -DNDEBUG  -I'/usr/local/lib/R/site-library/Rcpp/include' -I/usr/local/include   -I../inst/include  -fpic  -g -O2 -fstack-protector-strong -Wformat -Werror=format-security -Wdate-time -D_FORTIFY_SOURCE=2 -g   -c kwic.cpp -o kwic.o
g++ -std=gnu++17 -I"/usr/local/lib/R/include" -DNDEBUG  -I'/usr/local/lib/R/site-library/Rcpp/include' -I/usr/local/include   -I../inst/include  -fpic  -g -O2 -fstack-protector-strong -Wformat -Werror=format-security -Wdate-time -D_FORTIFY_SOURCE=2 -g   -c pattern2fixed.cpp -o pattern2fixed.o
g++ -std=gnu++17 -I"/usr/local/lib/R/include" -DNDEBUG  -I'/usr/local/lib/R/site-library/Rcpp/include' -I/usr/local/include   -I../inst/include  -fpic  -g -O2 -fstack-protector-strong -Wformat -Werror=format-security -Wdate-time -D_FORTIFY_SOURCE=2 -g   -c serialize.cpp -o serialize.o
g++ -std=gnu++17 -I"/usr/local/lib/R/include" -DNDEBUG  -I'/usr/local/lib/R/site-library/Rcpp/include' -I/usr/local/include   -I../inst/include  -fpic  -g -O2 -fstack-protector-strong -Wformat -Werror=format-security -Wdate-time -D_FORTIFY_SOURCE=2 -g   -c tokens_chunk.cpp -o tokens_chunk.o
g++ -std=gnu++17 -I"/usr/local/lib/R/include" -DNDEBUG  -I'/usr/local/lib/R/site-library/Rcpp/include' -I/usr/local/include   -I../inst/include  -fpic  -g -O2 -fstack-protector-strong -Wformat -Werror=format-security -Wdate-time -D_FORTIFY_SOURCE=2 -g   -c tokens_combine.cpp -o tokens_combine.o
g++ -std=gnu++17 -I"/usr/local/lib/R/include" -DNDEBUG  -I'/usr/local/lib/R/site-library/Rcpp/include' -I/usr/local/include   -I../inst/include  -fpic  -g -O2 -fstack-protector-strong -Wformat -Werror=format-security -Wdate-time -D_FORTIFY_SOURCE=2 -g   -c tokens_compound.cpp -o tokens_compound.o
g++ -std=gnu++17 -I"/usr/local/lib/R/include" -DNDEBUG  -I'/usr/local/lib/R/site-library/Rcpp/include' -I/usr/local/include   -I../inst/include  -fpic  -g -O2 -fstack-protector-strong -Wformat -Werror=format-security -Wdate-time -D_FORTIFY_SOURCE=2 -g   -c tokens_group.cpp -o tokens_group.o
g++ -std=gnu++17 -I"/usr/local/lib/R/include" -DNDEBUG  -I'/usr/local/lib/R/site-library/Rcpp/include' -I/usr/local/include   -I../inst/include  -fpic  -g -O2 -fstack-protector-strong -Wformat -Werror=format-security -Wdate-time -D_FORTIFY_SOURCE=2 -g   -c tokens_lookup.cpp -o tokens_lookup.o
g++ -std=gnu++17 -I"/usr/local/lib/R/include" -DNDEBUG  -I'/usr/local/lib/R/site-library/Rcpp/include' -I/usr/local/include   -I../inst/include  -fpic  -g -O2 -fstack-protector-strong -Wformat -Werror=format-security -Wdate-time -D_FORTIFY_SOURCE=2 -g   -c tokens_ngrams.cpp -o tokens_ngrams.o
g++ -std=gnu++17 -I"/usr/local/lib/R/include" -DNDEBUG  -I'/usr/local/lib/R/site-library/Rcpp/include' -I/usr/local/include   -I../inst/include  -fpic  -g -O2 -fstack-protector-strong -Wformat -Werror=format-security -Wdate-time -D_FORTIFY_SOURCE=2 -g   -c tokens_replace.cpp -o tokens_replace.o
g++ -std=gnu++17 -I"/usr/local/lib/R/include" -DNDEBUG  -I'/usr/local/lib/R/site-library/Rcpp/include' -I/usr/local/include   -I../inst/include  -fpic  -g -O2 -fstack-protector-strong -Wformat -Werror=format-security -Wdate-time -D_FORTIFY_SOURCE=2 -g   -c tokens_restore.cpp -o tokens_restore.o
g++ -std=gnu++17 -I"/usr/local/lib/R/include" -DNDEBUG  -I'/usr/local/lib/R/site-library/Rcpp/include' -I/usr/local/include   -I../inst/include  -fpic  -g -O2 -fstack-protector-strong -Wformat -Werror=format-security -Wdate-time -D_FORTIFY_SOURCE=2 -g   -c tokens_segment.cpp -o tokens_segment.o
g++ -std=gnu++17 -I"/usr/local/lib/R/include" -DNDEBUG  -I'/usr/local/lib/R/site-library/Rcpp/include' -I/usr/local/include   -I../inst/include  -fpic  -g -O2 -fstack-protector-strong -Wformat -Werror=format-security -Wdate-time -D_FORTIFY_SOURCE=2 -g   -c tokens_select.cpp -o tokens_select.o
g++ -std=gnu++17 -I"/usr/local/lib/R/include" -DNDEBUG  -I'/usr/local/lib/R/site-library/Rcpp/include' -I/usr/local/include   -I../inst/include  -fpic  -g -O2 -fstack-protector-strong -Wformat -Werror=format-security -Wdate-time -D_FORTIFY_SOURCE=2 -g   -c tokens_xptr.cpp -o tokens_xptr.o
g++ -std=gnu++17 -I"/usr/local/lib/R/include" -DNDEBUG  -I'/usr/local/lib/R/site-library/Rcpp/include' -I/usr/local/include   -I../inst/include  -fpic  -g -O2 -fstack-protector-strong -Wformat -Werror=format-security -Wdate-time -D_FORTIFY_SOURCE=2 -g   -c utility.cpp -o utility.o
g++ -std=gnu++17 -shared -L/usr/local/lib/R/lib -L/usr/local/lib -o quanteda.so RcppExports.o fcm.o index.o kwic.o pattern2fixed.o serialize.o tokens_chunk.o tokens_combine.o tokens_compound.o tokens_group.o tokens_lookup.o tokens_ngrams.o tokens_replace.o tokens_restore.o tokens_segment.o tokens_select.o tokens_xptr.o utility.o -llapack -lblas -lgfortran -lm -lquadmath -L/usr/local/lib/R/lib -lR
installing to /tmp/library/00LOCK-quanteda/00new/quanteda/libs
** R
** data
*** moving datasets to lazyload DB
** inst
** byte-compile and prepare package for lazy loading
** help
*** installing help indices
*** copying figures
** building package indices
** installing vignettes
** testing if installed package can be loaded from temporary location
** checking absolute paths in shared objects and dynamic libraries
** testing if installed package can be loaded from final location
** testing if installed package keeps a record of temporary installation path
* creating tarball
packaged installation of ‘quanteda’ as ‘quanteda_4.3.1_R_x86_64-pc-linux-gnu.tar.gz’
* DONE (quanteda)
* installing *source* package ‘tfruns’ ...
** this is package ‘tfruns’ version ‘1.5.4’
** package ‘tfruns’ successfully unpacked and MD5 sums checked
** using staged installation
** R
** inst
** byte-compile and prepare package for lazy loading
** help
*** installing help indices
** building package indices
** installing vignettes
** testing if installed package can be loaded from temporary location
** testing if installed package can be loaded from final location
** testing if installed package keeps a record of temporary installation path
* creating tarball
packaged installation of ‘tfruns’ as ‘tfruns_1.5.4_R_x86_64-pc-linux-gnu.tar.gz’
* DONE (tfruns)
* installing *source* package ‘tfautograph’ ...
** this is package ‘tfautograph’ version ‘0.3.2’
** package ‘tfautograph’ successfully unpacked and MD5 sums checked
** using staged installation
** R
** byte-compile and prepare package for lazy loading
** help
*** installing help indices
*** copying figures
** building package indices
** testing if installed package can be loaded from temporary location
** testing if installed package can be loaded from final location
** testing if installed package keeps a record of temporary installation path
* creating tarball
packaged installation of ‘tfautograph’ as ‘tfautograph_0.3.2_R_x86_64-pc-linux-gnu.tar.gz’
* DONE (tfautograph)
* installing *source* package ‘textclean’ ...
** this is package ‘textclean’ version ‘0.9.3’
** package ‘textclean’ successfully unpacked and MD5 sums checked
** using staged installation
** R
** data
*** moving datasets to lazyload DB
** inst
** byte-compile and prepare package for lazy loading
** help
*** installing help indices
** building package indices
** testing if installed package can be loaded from temporary location
** testing if installed package can be loaded from final location
** testing if installed package keeps a record of temporary installation path
* creating tarball
packaged installation of ‘textclean’ as ‘textclean_0.9.3_R_x86_64-pc-linux-gnu.tar.gz’
* DONE (textclean)
* installing *source* package ‘text2vec’ ...
** this is package ‘text2vec’ version ‘0.6.4’
** package ‘text2vec’ successfully unpacked and MD5 sums checked
** using staged installation
** libs
using C++ compiler: ‘g++ (Ubuntu 13.3.0-6ubuntu2~24.04) 13.3.0’
g++ -std=gnu++17 -I"/usr/local/lib/R/include" -DNDEBUG  -I'/usr/local/lib/R/site-library/Rcpp/include' -I'/usr/local/lib/R/site-library/digest/include' -I/usr/local/include   -DRCPP_NO_MODULES -fpic  -g -O2 -fstack-protector-strong -Wformat -Werror=format-security -Wdate-time -D_FORTIFY_SOURCE=2 -g   -c HashCorpus.cpp -o HashCorpus.o
g++ -std=gnu++17 -I"/usr/local/lib/R/include" -DNDEBUG  -I'/usr/local/lib/R/site-library/Rcpp/include' -I'/usr/local/lib/R/site-library/digest/include' -I/usr/local/include   -DRCPP_NO_MODULES -fpic  -g -O2 -fstack-protector-strong -Wformat -Werror=format-security -Wdate-time -D_FORTIFY_SOURCE=2 -g   -c RcppExports.cpp -o RcppExports.o
g++ -std=gnu++17 -I"/usr/local/lib/R/include" -DNDEBUG  -I'/usr/local/lib/R/site-library/Rcpp/include' -I'/usr/local/lib/R/site-library/digest/include' -I/usr/local/include   -DRCPP_NO_MODULES -fpic  -g -O2 -fstack-protector-strong -Wformat -Werror=format-security -Wdate-time -D_FORTIFY_SOURCE=2 -g   -c VocabCorpus.cpp -o VocabCorpus.o
g++ -std=gnu++17 -I"/usr/local/lib/R/include" -DNDEBUG  -I'/usr/local/lib/R/site-library/Rcpp/include' -I'/usr/local/lib/R/site-library/digest/include' -I/usr/local/include   -DRCPP_NO_MODULES -fpic  -g -O2 -fstack-protector-strong -Wformat -Werror=format-security -Wdate-time -D_FORTIFY_SOURCE=2 -g   -c Vocabulary.cpp -o Vocabulary.o
g++ -std=gnu++17 -I"/usr/local/lib/R/include" -DNDEBUG  -I'/usr/local/lib/R/site-library/Rcpp/include' -I'/usr/local/lib/R/site-library/digest/include' -I/usr/local/include   -DRCPP_NO_MODULES -fpic  -g -O2 -fstack-protector-strong -Wformat -Werror=format-security -Wdate-time -D_FORTIFY_SOURCE=2 -g   -c collocations.cpp -o collocations.o
g++ -std=gnu++17 -I"/usr/local/lib/R/include" -DNDEBUG  -I'/usr/local/lib/R/site-library/Rcpp/include' -I'/usr/local/lib/R/site-library/digest/include' -I/usr/local/include   -DRCPP_NO_MODULES -fpic  -g -O2 -fstack-protector-strong -Wformat -Werror=format-security -Wdate-time -D_FORTIFY_SOURCE=2 -g   -c matrix_utils.cpp -o matrix_utils.o
g++ -std=gnu++17 -I"/usr/local/lib/R/include" -DNDEBUG  -I'/usr/local/lib/R/site-library/Rcpp/include' -I'/usr/local/lib/R/site-library/digest/include' -I/usr/local/include   -DRCPP_NO_MODULES -fpic  -g -O2 -fstack-protector-strong -Wformat -Werror=format-security -Wdate-time -D_FORTIFY_SOURCE=2 -g   -c memory_tools.cpp -o memory_tools.o
g++ -std=gnu++17 -I"/usr/local/lib/R/include" -DNDEBUG  -I'/usr/local/lib/R/site-library/Rcpp/include' -I'/usr/local/lib/R/site-library/digest/include' -I/usr/local/include   -DRCPP_NO_MODULES -fpic  -g -O2 -fstack-protector-strong -Wformat -Werror=format-security -Wdate-time -D_FORTIFY_SOURCE=2 -g   -c utils.cpp -o utils.o
g++ -std=gnu++17 -I"/usr/local/lib/R/include" -DNDEBUG  -I'/usr/local/lib/R/site-library/Rcpp/include' -I'/usr/local/lib/R/site-library/digest/include' -I/usr/local/include   -DRCPP_NO_MODULES -fpic  -g -O2 -fstack-protector-strong -Wformat -Werror=format-security -Wdate-time -D_FORTIFY_SOURCE=2 -g   -c warplda.cpp -o warplda.o
g++ -std=gnu++17 -shared -L/usr/local/lib/R/lib -L/usr/local/lib -o text2vec.so HashCorpus.o RcppExports.o VocabCorpus.o Vocabulary.o collocations.o matrix_utils.o memory_tools.o utils.o warplda.o -L/usr/local/lib/R/lib -lR
installing to /tmp/library/00LOCK-text2vec/00new/text2vec/libs
** R
** data
*** moving datasets to lazyload DB
** inst
** byte-compile and prepare package for lazy loading
** help
*** installing help indices
** building package indices
** installing vignettes
** testing if installed package can be loaded from temporary location
** checking absolute paths in shared objects and dynamic libraries
** testing if installed package can be loaded from final location
** testing if installed package keeps a record of temporary installation path
* creating tarball
packaged installation of ‘text2vec’ as ‘text2vec_0.6.4_R_x86_64-pc-linux-gnu.tar.gz’
* DONE (text2vec)
* installing *source* package ‘tensorflow’ ...
** this is package ‘tensorflow’ version ‘2.20.0’
** package ‘tensorflow’ successfully unpacked and MD5 sums checked
** using staged installation
** R
** byte-compile and prepare package for lazy loading
** help
*** installing help indices
*** copying figures
** building package indices
** testing if installed package can be loaded from temporary location
** testing if installed package can be loaded from final location
** testing if installed package keeps a record of temporary installation path
* creating tarball
packaged installation of ‘tensorflow’ as ‘tensorflow_2.20.0_R_x86_64-pc-linux-gnu.tar.gz’
* DONE (tensorflow)
* installing *source* package ‘textstem’ ...
** this is package ‘textstem’ version ‘0.1.4’
** package ‘textstem’ successfully unpacked and MD5 sums checked
** using staged installation
** R
** data
*** moving datasets to lazyload DB
** inst
** byte-compile and prepare package for lazy loading
** help
*** installing help indices
** building package indices
** testing if installed package can be loaded from temporary location
** testing if installed package can be loaded from final location
** testing if installed package keeps a record of temporary installation path
* creating tarball
packaged installation of ‘textstem’ as ‘textstem_0.1.4_R_x86_64-pc-linux-gnu.tar.gz’
* DONE (textstem)
* installing *source* package ‘keras’ ...
** this is package ‘keras’ version ‘2.16.0’
** package ‘keras’ successfully unpacked and MD5 sums checked
** using staged installation
** R
** inst
** byte-compile and prepare package for lazy loading
** help
*** installing help indices
** building package indices
** installing vignettes
** testing if installed package can be loaded from temporary location
** testing if installed package can be loaded from final location
** testing if installed package keeps a record of temporary installation path
* creating tarball
packaged installation of ‘keras’ as ‘keras_2.16.0_R_x86_64-pc-linux-gnu.tar.gz’
* DONE (keras)
* installing *source* package ‘ttgsea’ ...
** this is package ‘ttgsea’ version ‘1.19.0’
** using staged installation
** R
** inst
** byte-compile and prepare package for lazy loading
** help
*** installing help indices
** building package indices
** installing vignettes
** testing if installed package can be loaded from temporary location
** testing if installed package can be loaded from final location
** testing if installed package keeps a record of temporary installation path
* creating tarball
packaged installation of ‘ttgsea’ as ‘ttgsea_1.19.0_R_x86_64-pc-linux-gnu.tar.gz’
* DONE (ttgsea)
* installing *source* package ‘DeepPINCS’ ...
** this is package ‘DeepPINCS’ version ‘1.19.0’
** using staged installation
** R
** data
*** moving datasets to lazyload DB
** inst
** byte-compile and prepare package for lazy loading
** help
*** installing help indices
** building package indices
** installing vignettes
** testing if installed package can be loaded from temporary location
** testing if installed package can be loaded from final location
** testing if installed package keeps a record of temporary installation path
* creating tarball
packaged installation of ‘DeepPINCS’ as ‘DeepPINCS_1.19.0_R_x86_64-pc-linux-gnu.tar.gz’
* DONE (DeepPINCS)

The downloaded source packages are in
	‘/tmp/RtmpkQuhLi/downloaded_packages’
Old packages: 'promises'

real	9m5.912s
user	8m5.394s
sys	1m22.973s
