+ Rscript -e 'Sys.setenv(BIOCONDUCTOR_USE_CONTAINER_REPOSITORY=FALSE);
  p <- .libPaths();
  p <- c('\''/tmp/library'\'', '\''/mnt/library'\'', p);
  .libPaths(p);
  if(BiocManager::install('\''CGHnormaliter'\'', INSTALL_opts = '\''--build'\'', update = TRUE, quiet = FALSE, dependencies=TRUE, force = TRUE, keep_outputs = TRUE) %in% rownames(installed.packages())) q(status = 0) else q(status = 1)'
'getOption("repos")' replaces Bioconductor standard repositories, see
'help("repositories", package = "BiocManager")' for details.
Replacement repositories:
    CRAN: https://cloud.r-project.org
Bioconductor version 3.23 (BiocManager 1.30.26), R Under development (unstable)
  (2025-10-28 r88973)
Installing package(s) 'CGHnormaliter'
trying URL 'https://bioconductor.org/packages/3.23/bioc/src/contrib/CGHnormaliter_1.65.0.tar.gz'
Content type 'application/x-gzip' length 1305657 bytes (1.2 MB)
==================================================
downloaded 1.2 MB

* installing *source* package ‘CGHnormaliter’ ...
** this is package ‘CGHnormaliter’ version ‘1.65.0’
** using staged installation
** R
** data
** inst
** byte-compile and prepare package for lazy loading
** help
*** installing help indices
** building package indices
** installing vignettes
** testing if installed package can be loaded from temporary location
** testing if installed package can be loaded from final location
** testing if installed package keeps a record of temporary installation path
* creating tarball
packaged installation of ‘CGHnormaliter’ as ‘CGHnormaliter_1.65.0_R_x86_64-pc-linux-gnu.tar.gz’
* DONE (CGHnormaliter)

The downloaded source packages are in
	‘/tmp/RtmpzqsIEE/downloaded_packages’
Old packages: 'promises'
Error in readRDS(file) : error reading from connection

real	0m8.437s
user	0m6.180s
sys	0m2.034s
