+ Rscript -e 'Sys.setenv(BIOCONDUCTOR_USE_CONTAINER_REPOSITORY=FALSE);
  p <- .libPaths();
  p <- c('\'''\'', '\'''\'', p);
  .libPaths(p);
  if(BiocManager::install('\''proteinProfiles'\'', INSTALL_opts = '\''--build'\'', update = TRUE, quiet = FALSE, dependencies=TRUE, force = TRUE, keep_outputs = TRUE) %in% rownames(installed.packages())) q(status = 0) else q(status = 1)'
'getOption("repos")' replaces Bioconductor standard repositories, see
'help("repositories", package = "BiocManager")' for details.
Replacement repositories:
    CRAN: https://cloud.r-project.org
Bioconductor version 3.23 (BiocManager 1.30.26), R Under development (unstable)
  (2025-10-28 r88973)
Installing package(s) 'proteinProfiles'
trying URL 'https://bioconductor.org/packages/3.23/bioc/src/contrib/proteinProfiles_1.51.0.tar.gz'
Content type 'application/x-gzip' length 393426 bytes (384 KB)
==================================================
downloaded 384 KB

* installing *source* package ‘proteinProfiles’ ...
** this is package ‘proteinProfiles’ version ‘1.51.0’
** using staged installation
** R
** data
** inst
** byte-compile and prepare package for lazy loading
** help
*** installing help indices
** building package indices
** installing vignettes
** testing if installed package can be loaded from temporary location
** testing if installed package can be loaded from final location
** testing if installed package keeps a record of temporary installation path
* creating tarball
packaged installation of ‘proteinProfiles’ as ‘proteinProfiles_1.51.0_R_x86_64-pc-linux-gnu.tar.gz’
* DONE (proteinProfiles)

The downloaded source packages are in
	‘/tmp/Rtmp4UN376/downloaded_packages’
Old packages: 'promises'

real	0m3.831s
user	0m2.711s
sys	0m1.211s
