+ Rscript -e 'Sys.setenv(BIOCONDUCTOR_USE_CONTAINER_REPOSITORY=FALSE);
  p <- .libPaths();
  p <- c('\''/tmp/library'\'', '\''/mnt/library'\'', p);
  .libPaths(p);
  if(BiocManager::install('\''MsCoreUtils'\'', INSTALL_opts = '\''--build'\'', update = TRUE, quiet = FALSE, dependencies=TRUE, force = TRUE, keep_outputs = TRUE) %in% rownames(installed.packages())) q(status = 0) else q(status = 1)'
'getOption("repos")' replaces Bioconductor standard repositories, see
'help("repositories", package = "BiocManager")' for details.
Replacement repositories:
    CRAN: https://cloud.r-project.org
Bioconductor version 3.23 (BiocManager 1.30.26), R Under development (unstable)
  (2025-10-28 r88973)
Installing package(s) 'MsCoreUtils'
Warning: dependency ‘vsn’ is not available
also installing the dependencies ‘gmm’, ‘rngtools’, ‘tmvtnorm’, ‘ranger’, ‘itertools’, ‘doRNG’, ‘clue’, ‘imputeLCMD’, ‘norm’, ‘missForest’

trying URL 'https://cloud.r-project.org/src/contrib/gmm_1.9-1.tar.gz'
trying URL 'https://cloud.r-project.org/src/contrib/rngtools_1.5.2.tar.gz'
trying URL 'https://cloud.r-project.org/src/contrib/tmvtnorm_1.7.tar.gz'
trying URL 'https://cloud.r-project.org/src/contrib/ranger_0.17.0.tar.gz'
trying URL 'https://cloud.r-project.org/src/contrib/itertools_0.1-3.tar.gz'
trying URL 'https://cloud.r-project.org/src/contrib/doRNG_1.8.6.2.tar.gz'
trying URL 'https://cloud.r-project.org/src/contrib/clue_0.3-66.tar.gz'
trying URL 'https://cloud.r-project.org/src/contrib/imputeLCMD_2.1.tar.gz'
trying URL 'https://cloud.r-project.org/src/contrib/norm_1.0-11.1.tar.gz'
trying URL 'https://cloud.r-project.org/src/contrib/missForest_1.6.1.tar.gz'
trying URL 'https://bioconductor.org/packages/3.23/bioc/src/contrib/MsCoreUtils_1.21.0.tar.gz'
* installing *source* package ‘gmm’ ...
** this is package ‘gmm’ version ‘1.9-1’
** package ‘gmm’ successfully unpacked and MD5 sums checked
** using staged installation
** libs
using C compiler: ‘gcc (Ubuntu 13.3.0-6ubuntu2~24.04) 13.3.0’
using Fortran compiler: ‘GNU Fortran (Ubuntu 13.3.0-6ubuntu2~24.04) 13.3.0’
gfortran  -fpic  -g -O2  -c lambda_met.f -o lambda_met.o
gcc -std=gnu2x -I"/usr/local/lib/R/include" -DNDEBUG   -I/usr/local/include    -fpic  -g -O2 -fstack-protector-strong -Wformat -Werror=format-security -Wdate-time -D_FORTIFY_SOURCE=2 -g  -c src.c -o src.o
gcc -std=gnu2x -shared -L/usr/local/lib/R/lib -L/usr/local/lib -o gmm.so lambda_met.o src.o -llapack -lblas -lgfortran -lm -lquadmath -lgfortran -lm -lquadmath -L/usr/local/lib/R/lib -lR
installing to /tmp/library/00LOCK-gmm/00new/gmm/libs
** R
** data
** inst
** byte-compile and prepare package for lazy loading
** help
*** installing help indices
** building package indices
** installing vignettes
** testing if installed package can be loaded from temporary location
** checking absolute paths in shared objects and dynamic libraries
** testing if installed package can be loaded from final location
** testing if installed package keeps a record of temporary installation path
* creating tarball
packaged installation of ‘gmm’ as ‘gmm_1.9-1_R_x86_64-pc-linux-gnu.tar.gz’
* DONE (gmm)
* installing *source* package ‘rngtools’ ...
** this is package ‘rngtools’ version ‘1.5.2’
** package ‘rngtools’ successfully unpacked and MD5 sums checked
** using staged installation
** R
** byte-compile and prepare package for lazy loading
** help
*** installing help indices
** building package indices
** testing if installed package can be loaded from temporary location
** testing if installed package can be loaded from final location
** testing if installed package keeps a record of temporary installation path
* creating tarball
packaged installation of ‘rngtools’ as ‘rngtools_1.5.2_R_x86_64-pc-linux-gnu.tar.gz’
* DONE (rngtools)
* installing *source* package ‘ranger’ ...
** this is package ‘ranger’ version ‘0.17.0’
** package ‘ranger’ successfully unpacked and MD5 sums checked
** using staged installation
** libs
using C++ compiler: ‘g++ (Ubuntu 13.3.0-6ubuntu2~24.04) 13.3.0’
g++ -std=gnu++17 -I"/usr/local/lib/R/include" -DNDEBUG -DR_BUILD -I'/usr/local/lib/R/site-library/Rcpp/include' -I'/mnt/library/RcppEigen/include' -I/usr/local/include    -fpic  -g -O2 -fstack-protector-strong -Wformat -Werror=format-security -Wdate-time -D_FORTIFY_SOURCE=2 -g   -c AAA_check_cpp14.cpp -o AAA_check_cpp14.o
g++ -std=gnu++17 -I"/usr/local/lib/R/include" -DNDEBUG -DR_BUILD -I'/usr/local/lib/R/site-library/Rcpp/include' -I'/mnt/library/RcppEigen/include' -I/usr/local/include    -fpic  -g -O2 -fstack-protector-strong -Wformat -Werror=format-security -Wdate-time -D_FORTIFY_SOURCE=2 -g   -c Data.cpp -o Data.o
g++ -std=gnu++17 -I"/usr/local/lib/R/include" -DNDEBUG -DR_BUILD -I'/usr/local/lib/R/site-library/Rcpp/include' -I'/mnt/library/RcppEigen/include' -I/usr/local/include    -fpic  -g -O2 -fstack-protector-strong -Wformat -Werror=format-security -Wdate-time -D_FORTIFY_SOURCE=2 -g   -c DataSparse.cpp -o DataSparse.o
In file included from /mnt/library/RcppEigen/include/Eigen/Core:205,
                 from /mnt/library/RcppEigen/include/Eigen/Dense:1,
                 from /mnt/library/RcppEigen/include/RcppEigenForward.h:28,
                 from /mnt/library/RcppEigen/include/RcppEigen.h:25,
                 from DataSparse.h:31,
                 from DataSparse.cpp:29:
/mnt/library/RcppEigen/include/Eigen/src/Core/arch/SSE/PacketMath.h:46:40: warning: ignoring attributes on template argument ‘__m128i’ [-Wignored-attributes]
   46 | typedef eigen_packet_wrapper<__m128i, 0> Packet4i;
      |                                        ^
/mnt/library/RcppEigen/include/Eigen/src/Core/arch/SSE/PacketMath.h:47:40: warning: ignoring attributes on template argument ‘__m128i’ [-Wignored-attributes]
   47 | typedef eigen_packet_wrapper<__m128i, 1> Packet16b;
      |                                        ^
/mnt/library/RcppEigen/include/Eigen/src/Core/arch/SSE/PacketMath.h:49:39: warning: ignoring attributes on template argument ‘__m128’ [-Wignored-attributes]
   49 | template<> struct is_arithmetic<__m128>  { enum { value = true }; };
      |                                       ^
/mnt/library/RcppEigen/include/Eigen/src/Core/arch/SSE/PacketMath.h:50:40: warning: ignoring attributes on template argument ‘__m128i’ [-Wignored-attributes]
   50 | template<> struct is_arithmetic<__m128i> { enum { value = true }; };
      |                                        ^
/mnt/library/RcppEigen/include/Eigen/src/Core/arch/SSE/PacketMath.h:51:40: warning: ignoring attributes on template argument ‘__m128d’ [-Wignored-attributes]
   51 | template<> struct is_arithmetic<__m128d> { enum { value = true }; };
      |                                        ^
/mnt/library/RcppEigen/include/Eigen/src/Core/arch/SSE/PacketMath.h:222:43: warning: ignoring attributes on template argument ‘Eigen::internal::Packet4f’ {aka ‘__m128’} [-Wignored-attributes]
  222 | template<> struct unpacket_traits<Packet4f> {
      |                                           ^
/mnt/library/RcppEigen/include/Eigen/src/Core/arch/SSE/PacketMath.h:228:43: warning: ignoring attributes on template argument ‘Eigen::internal::Packet2d’ {aka ‘__m128d’} [-Wignored-attributes]
  228 | template<> struct unpacket_traits<Packet2d> {
      |                                           ^
/mnt/library/RcppEigen/include/Eigen/src/Core/arch/SSE/PacketMath.h:1124:34: warning: ignoring attributes on template argument ‘Eigen::internal::Packet4f’ {aka ‘__m128’} [-Wignored-attributes]
 1124 | ptranspose(PacketBlock<Packet4f,4>& kernel) {
      |                                  ^
/mnt/library/RcppEigen/include/Eigen/src/Core/arch/SSE/PacketMath.h:1129:34: warning: ignoring attributes on template argument ‘Eigen::internal::Packet2d’ {aka ‘__m128d’} [-Wignored-attributes]
 1129 | ptranspose(PacketBlock<Packet2d,2>& kernel) {
      |                                  ^
In file included from /mnt/library/RcppEigen/include/Eigen/Core:174:
/mnt/library/RcppEigen/include/Eigen/src/Core/arch/Default/ConjHelper.h:16:60: warning: ignoring attributes on template argument ‘Eigen::internal::Packet4f’ {aka ‘__m128’} [-Wignored-attributes]
   16 |   struct conj_helper<PACKET_REAL, PACKET_CPLX, false, false> {          \
      |                                                            ^
/mnt/library/RcppEigen/include/Eigen/src/Core/arch/SSE/Complex.h:173:1: note: in expansion of macro ‘EIGEN_MAKE_CONJ_HELPER_CPLX_REAL’
  173 | EIGEN_MAKE_CONJ_HELPER_CPLX_REAL(Packet2cf,Packet4f)
      | ^~~~~~~~~~~~~~~~~~~~~~~~~~~~~~~~
/mnt/library/RcppEigen/include/Eigen/src/Core/arch/Default/ConjHelper.h:29:60: warning: ignoring attributes on template argument ‘Eigen::internal::Packet4f’ {aka ‘__m128’} [-Wignored-attributes]
   29 |   struct conj_helper<PACKET_CPLX, PACKET_REAL, false, false> {          \
      |                                                            ^
/mnt/library/RcppEigen/include/Eigen/src/Core/arch/SSE/Complex.h:173:1: note: in expansion of macro ‘EIGEN_MAKE_CONJ_HELPER_CPLX_REAL’
  173 | EIGEN_MAKE_CONJ_HELPER_CPLX_REAL(Packet2cf,Packet4f)
      | ^~~~~~~~~~~~~~~~~~~~~~~~~~~~~~~~
/mnt/library/RcppEigen/include/Eigen/src/Core/arch/Default/ConjHelper.h:16:60: warning: ignoring attributes on template argument ‘Eigen::internal::Packet2d’ {aka ‘__m128d’} [-Wignored-attributes]
   16 |   struct conj_helper<PACKET_REAL, PACKET_CPLX, false, false> {          \
      |                                                            ^
/mnt/library/RcppEigen/include/Eigen/src/Core/arch/SSE/Complex.h:298:1: note: in expansion of macro ‘EIGEN_MAKE_CONJ_HELPER_CPLX_REAL’
  298 | EIGEN_MAKE_CONJ_HELPER_CPLX_REAL(Packet1cd,Packet2d)
      | ^~~~~~~~~~~~~~~~~~~~~~~~~~~~~~~~
/mnt/library/RcppEigen/include/Eigen/src/Core/arch/Default/ConjHelper.h:29:60: warning: ignoring attributes on template argument ‘Eigen::internal::Packet2d’ {aka ‘__m128d’} [-Wignored-attributes]
   29 |   struct conj_helper<PACKET_CPLX, PACKET_REAL, false, false> {          \
      |                                                            ^
/mnt/library/RcppEigen/include/Eigen/src/Core/arch/SSE/Complex.h:298:1: note: in expansion of macro ‘EIGEN_MAKE_CONJ_HELPER_CPLX_REAL’
  298 | EIGEN_MAKE_CONJ_HELPER_CPLX_REAL(Packet1cd,Packet2d)
      | ^~~~~~~~~~~~~~~~~~~~~~~~~~~~~~~~
In file included from /mnt/library/RcppEigen/include/Eigen/Core:165:
/mnt/library/RcppEigen/include/Eigen/src/Core/util/XprHelper.h: In instantiation of ‘struct Eigen::internal::find_best_packet<float, 4>’:
/mnt/library/RcppEigen/include/Eigen/src/Core/Matrix.h:22:57:   required from ‘struct Eigen::internal::traits<Eigen::Matrix<float, 4, 1> >’
/mnt/library/RcppEigen/include/Eigen/src/Geometry/Quaternion.h:266:49:   required from ‘struct Eigen::internal::traits<Eigen::Quaternion<float> >’
/mnt/library/RcppEigen/include/Eigen/src/Geometry/arch/Geometry_SIMD.h:24:46:   required from here
/mnt/library/RcppEigen/include/Eigen/src/Core/util/XprHelper.h:190:44: warning: ignoring attributes on template argument ‘Eigen::internal::packet_traits<float>::type’ {aka ‘__m128’} [-Wignored-attributes]
  190 |          bool Stop = Size==Dynamic || (Size%unpacket_traits<PacketType>::size)==0 || is_same<PacketType,typename unpacket_traits<PacketType>::half>::value>
      |                                       ~~~~~^~~~~~~~~~~~~~~~~~~~~~~~~~~~~~~~~~~
/mnt/library/RcppEigen/include/Eigen/src/Core/util/XprHelper.h:190:83: warning: ignoring attributes on template argument ‘Eigen::internal::packet_traits<float>::type’ {aka ‘__m128’} [-Wignored-attributes]
  190 |          bool Stop = Size==Dynamic || (Size%unpacket_traits<PacketType>::size)==0 || is_same<PacketType,typename unpacket_traits<PacketType>::half>::value>
      |                      ~~~~~~~~~~~~~~~~~~~~~~~~~~~~~~~~~~~~~~~~~~~~~~~~~~~~~~~~~~~~~^~~~~~~~~~~~~~~~~~~~~~~~~~~~~~~~~~~~~~~~~~~~~~~~~~~~~~~~~~~~~~~~~~~~~~~~
/mnt/library/RcppEigen/include/Eigen/src/Core/util/XprHelper.h:190:83: warning: ignoring attributes on template argument ‘Eigen::internal::packet_traits<float>::type’ {aka ‘__m128’} [-Wignored-attributes]
/mnt/library/RcppEigen/include/Eigen/src/Core/util/XprHelper.h:190:83: warning: ignoring attributes on template argument ‘Eigen::internal::unpacket_traits<__vector(4) float>::half’ {aka ‘__m128’} [-Wignored-attributes]
/mnt/library/RcppEigen/include/Eigen/src/Core/util/XprHelper.h:208:88: warning: ignoring attributes on template argument ‘Eigen::internal::packet_traits<float>::type’ {aka ‘__m128’} [-Wignored-attributes]
  208 |   typedef typename find_best_packet_helper<Size,typename packet_traits<T>::type>::type type;
      |                                                                                        ^~~~
In file included from /mnt/library/RcppEigen/include/Eigen/Core:271:
/mnt/library/RcppEigen/include/Eigen/src/Core/DenseCoeffsBase.h: In instantiation of ‘class Eigen::DenseCoeffsBase<Eigen::Matrix<float, 4, 1>, 0>’:
/mnt/library/RcppEigen/include/Eigen/src/Core/DenseCoeffsBase.h:302:7:   required from ‘class Eigen::DenseCoeffsBase<Eigen::Matrix<float, 4, 1>, 1>’
/mnt/library/RcppEigen/include/Eigen/src/Core/DenseCoeffsBase.h:555:7:   required from ‘class Eigen::DenseCoeffsBase<Eigen::Matrix<float, 4, 1>, 3>’
/mnt/library/RcppEigen/include/Eigen/src/Core/DenseBase.h:41:34:   required from ‘class Eigen::DenseBase<Eigen::Matrix<float, 4, 1> >’
/mnt/library/RcppEigen/include/Eigen/src/Core/MatrixBase.h:48:34:   required from ‘class Eigen::MatrixBase<Eigen::Matrix<float, 4, 1> >’
/mnt/library/RcppEigen/include/Eigen/src/Core/PlainObjectBase.h:98:7:   required from ‘class Eigen::PlainObjectBase<Eigen::Matrix<float, 4, 1> >’
/mnt/library/RcppEigen/include/Eigen/src/Core/Matrix.h:178:7:   required from ‘class Eigen::Matrix<float, 4, 1>’
/mnt/library/RcppEigen/include/Eigen/src/Geometry/Quaternion.h:46:50:   required from ‘class Eigen::QuaternionBase<Eigen::Quaternion<float> >’
/mnt/library/RcppEigen/include/Eigen/src/Geometry/Quaternion.h:273:7:   required from ‘class Eigen::Quaternion<float>’
/mnt/library/RcppEigen/include/Eigen/src/Geometry/arch/Geometry_SIMD.h:27:3:   required from here
/mnt/library/RcppEigen/include/Eigen/src/Core/DenseCoeffsBase.h:56:30: warning: ignoring attributes on template argument ‘Eigen::internal::packet_traits<float>::type’ {aka ‘__m128’} [-Wignored-attributes]
   56 |                      >::type PacketReturnType;
      |                              ^~~~~~~~~~~~~~~~
/mnt/library/RcppEigen/include/Eigen/src/Core/util/XprHelper.h: In instantiation of ‘struct Eigen::internal::find_best_packet<double, 4>’:
/mnt/library/RcppEigen/include/Eigen/src/Core/Matrix.h:22:57:   required from ‘struct Eigen::internal::traits<Eigen::Matrix<double, 4, 1> >’
/mnt/library/RcppEigen/include/Eigen/src/Geometry/Quaternion.h:266:49:   required from ‘struct Eigen::internal::traits<Eigen::Quaternion<double> >’
/mnt/library/RcppEigen/include/Eigen/src/Geometry/arch/Geometry_SIMD.h:98:47:   required from here
/mnt/library/RcppEigen/include/Eigen/src/Core/util/XprHelper.h:190:44: warning: ignoring attributes on template argument ‘Eigen::internal::packet_traits<double>::type’ {aka ‘__m128d’} [-Wignored-attributes]
  190 |          bool Stop = Size==Dynamic || (Size%unpacket_traits<PacketType>::size)==0 || is_same<PacketType,typename unpacket_traits<PacketType>::half>::value>
      |                                       ~~~~~^~~~~~~~~~~~~~~~~~~~~~~~~~~~~~~~~~~
/mnt/library/RcppEigen/include/Eigen/src/Core/util/XprHelper.h:190:83: warning: ignoring attributes on template argument ‘Eigen::internal::packet_traits<double>::type’ {aka ‘__m128d’} [-Wignored-attributes]
  190 |          bool Stop = Size==Dynamic || (Size%unpacket_traits<PacketType>::size)==0 || is_same<PacketType,typename unpacket_traits<PacketType>::half>::value>
      |                      ~~~~~~~~~~~~~~~~~~~~~~~~~~~~~~~~~~~~~~~~~~~~~~~~~~~~~~~~~~~~~^~~~~~~~~~~~~~~~~~~~~~~~~~~~~~~~~~~~~~~~~~~~~~~~~~~~~~~~~~~~~~~~~~~~~~~~
/mnt/library/RcppEigen/include/Eigen/src/Core/util/XprHelper.h:190:83: warning: ignoring attributes on template argument ‘Eigen::internal::packet_traits<double>::type’ {aka ‘__m128d’} [-Wignored-attributes]
/mnt/library/RcppEigen/include/Eigen/src/Core/util/XprHelper.h:190:83: warning: ignoring attributes on template argument ‘Eigen::internal::unpacket_traits<__vector(2) double>::half’ {aka ‘__m128d’} [-Wignored-attributes]
/mnt/library/RcppEigen/include/Eigen/src/Core/util/XprHelper.h:208:88: warning: ignoring attributes on template argument ‘Eigen::internal::packet_traits<double>::type’ {aka ‘__m128d’} [-Wignored-attributes]
  208 |   typedef typename find_best_packet_helper<Size,typename packet_traits<T>::type>::type type;
      |                                                                                        ^~~~
/mnt/library/RcppEigen/include/Eigen/src/Core/DenseCoeffsBase.h: In instantiation of ‘class Eigen::DenseCoeffsBase<Eigen::Matrix<double, 4, 1>, 0>’:
/mnt/library/RcppEigen/include/Eigen/src/Core/DenseCoeffsBase.h:302:7:   required from ‘class Eigen::DenseCoeffsBase<Eigen::Matrix<double, 4, 1>, 1>’
/mnt/library/RcppEigen/include/Eigen/src/Core/DenseCoeffsBase.h:555:7:   required from ‘class Eigen::DenseCoeffsBase<Eigen::Matrix<double, 4, 1>, 3>’
/mnt/library/RcppEigen/include/Eigen/src/Core/DenseBase.h:41:34:   required from ‘class Eigen::DenseBase<Eigen::Matrix<double, 4, 1> >’
/mnt/library/RcppEigen/include/Eigen/src/Core/MatrixBase.h:48:34:   required from ‘class Eigen::MatrixBase<Eigen::Matrix<double, 4, 1> >’
/mnt/library/RcppEigen/include/Eigen/src/Core/PlainObjectBase.h:98:7:   required from ‘class Eigen::PlainObjectBase<Eigen::Matrix<double, 4, 1> >’
/mnt/library/RcppEigen/include/Eigen/src/Core/Matrix.h:178:7:   required from ‘class Eigen::Matrix<double, 4, 1>’
/mnt/library/RcppEigen/include/Eigen/src/Geometry/Quaternion.h:46:50:   required from ‘class Eigen::QuaternionBase<Eigen::Quaternion<double> >’
/mnt/library/RcppEigen/include/Eigen/src/Geometry/Quaternion.h:273:7:   required from ‘class Eigen::Quaternion<double>’
/mnt/library/RcppEigen/include/Eigen/src/Geometry/arch/Geometry_SIMD.h:102:3:   required from here
/mnt/library/RcppEigen/include/Eigen/src/Core/DenseCoeffsBase.h:56:30: warning: ignoring attributes on template argument ‘Eigen::internal::packet_traits<double>::type’ {aka ‘__m128d’} [-Wignored-attributes]
   56 |                      >::type PacketReturnType;
      |                              ^~~~~~~~~~~~~~~~
In file included from /mnt/library/RcppEigen/include/Eigen/SparseCore:37,
                 from /mnt/library/RcppEigen/include/Eigen/Sparse:26,
                 from /mnt/library/RcppEigen/include/RcppEigenForward.h:29:
/mnt/library/RcppEigen/include/Eigen/src/SparseCore/SparseMatrixBase.h: In instantiation of ‘class Eigen::SparseMatrixBase<Eigen::SparseMatrix<double, 0, int> >’:
/mnt/library/RcppEigen/include/Eigen/src/SparseCore/SparseCompressedBase.h:36:7:   required from ‘class Eigen::SparseCompressedBase<Eigen::SparseMatrix<double, 0, int> >’
/mnt/library/RcppEigen/include/Eigen/src/SparseCore/SparseMatrix.h:96:7:   required from ‘class Eigen::SparseMatrix<double, 0, int>’
/mnt/library/RcppEigen/include/unsupported/Eigen/src/IterativeSolvers/ConstrainedConjGrad.h:61:25:   required from here
/mnt/library/RcppEigen/include/Eigen/src/SparseCore/SparseMatrixBase.h:47:30: warning: ignoring attributes on template argument ‘Eigen::internal::packet_traits<double>::type’ {aka ‘__m128d’} [-Wignored-attributes]
   47 |                      >::type PacketReturnType;
      |                              ^~~~~~~~~~~~~~~~
g++ -std=gnu++17 -I"/usr/local/lib/R/include" -DNDEBUG -DR_BUILD -I'/usr/local/lib/R/site-library/Rcpp/include' -I'/mnt/library/RcppEigen/include' -I/usr/local/include    -fpic  -g -O2 -fstack-protector-strong -Wformat -Werror=format-security -Wdate-time -D_FORTIFY_SOURCE=2 -g   -c Forest.cpp -o Forest.o
g++ -std=gnu++17 -I"/usr/local/lib/R/include" -DNDEBUG -DR_BUILD -I'/usr/local/lib/R/site-library/Rcpp/include' -I'/mnt/library/RcppEigen/include' -I/usr/local/include    -fpic  -g -O2 -fstack-protector-strong -Wformat -Werror=format-security -Wdate-time -D_FORTIFY_SOURCE=2 -g   -c ForestClassification.cpp -o ForestClassification.o
g++ -std=gnu++17 -I"/usr/local/lib/R/include" -DNDEBUG -DR_BUILD -I'/usr/local/lib/R/site-library/Rcpp/include' -I'/mnt/library/RcppEigen/include' -I/usr/local/include    -fpic  -g -O2 -fstack-protector-strong -Wformat -Werror=format-security -Wdate-time -D_FORTIFY_SOURCE=2 -g   -c ForestProbability.cpp -o ForestProbability.o
g++ -std=gnu++17 -I"/usr/local/lib/R/include" -DNDEBUG -DR_BUILD -I'/usr/local/lib/R/site-library/Rcpp/include' -I'/mnt/library/RcppEigen/include' -I/usr/local/include    -fpic  -g -O2 -fstack-protector-strong -Wformat -Werror=format-security -Wdate-time -D_FORTIFY_SOURCE=2 -g   -c ForestRegression.cpp -o ForestRegression.o
g++ -std=gnu++17 -I"/usr/local/lib/R/include" -DNDEBUG -DR_BUILD -I'/usr/local/lib/R/site-library/Rcpp/include' -I'/mnt/library/RcppEigen/include' -I/usr/local/include    -fpic  -g -O2 -fstack-protector-strong -Wformat -Werror=format-security -Wdate-time -D_FORTIFY_SOURCE=2 -g   -c ForestSurvival.cpp -o ForestSurvival.o
g++ -std=gnu++17 -I"/usr/local/lib/R/include" -DNDEBUG -DR_BUILD -I'/usr/local/lib/R/site-library/Rcpp/include' -I'/mnt/library/RcppEigen/include' -I/usr/local/include    -fpic  -g -O2 -fstack-protector-strong -Wformat -Werror=format-security -Wdate-time -D_FORTIFY_SOURCE=2 -g   -c RcppExports.cpp -o RcppExports.o
In file included from /mnt/library/RcppEigen/include/Eigen/Core:205,
                 from /mnt/library/RcppEigen/include/Eigen/Dense:1,
                 from /mnt/library/RcppEigen/include/RcppEigenForward.h:28,
                 from /mnt/library/RcppEigen/include/RcppEigen.h:25,
                 from RcppExports.cpp:5:
/mnt/library/RcppEigen/include/Eigen/src/Core/arch/SSE/PacketMath.h:46:40: warning: ignoring attributes on template argument ‘__m128i’ [-Wignored-attributes]
   46 | typedef eigen_packet_wrapper<__m128i, 0> Packet4i;
      |                                        ^
/mnt/library/RcppEigen/include/Eigen/src/Core/arch/SSE/PacketMath.h:47:40: warning: ignoring attributes on template argument ‘__m128i’ [-Wignored-attributes]
   47 | typedef eigen_packet_wrapper<__m128i, 1> Packet16b;
      |                                        ^
/mnt/library/RcppEigen/include/Eigen/src/Core/arch/SSE/PacketMath.h:49:39: warning: ignoring attributes on template argument ‘__m128’ [-Wignored-attributes]
   49 | template<> struct is_arithmetic<__m128>  { enum { value = true }; };
      |                                       ^
/mnt/library/RcppEigen/include/Eigen/src/Core/arch/SSE/PacketMath.h:50:40: warning: ignoring attributes on template argument ‘__m128i’ [-Wignored-attributes]
   50 | template<> struct is_arithmetic<__m128i> { enum { value = true }; };
      |                                        ^
/mnt/library/RcppEigen/include/Eigen/src/Core/arch/SSE/PacketMath.h:51:40: warning: ignoring attributes on template argument ‘__m128d’ [-Wignored-attributes]
   51 | template<> struct is_arithmetic<__m128d> { enum { value = true }; };
      |                                        ^
/mnt/library/RcppEigen/include/Eigen/src/Core/arch/SSE/PacketMath.h:222:43: warning: ignoring attributes on template argument ‘Eigen::internal::Packet4f’ {aka ‘__m128’} [-Wignored-attributes]
  222 | template<> struct unpacket_traits<Packet4f> {
      |                                           ^
/mnt/library/RcppEigen/include/Eigen/src/Core/arch/SSE/PacketMath.h:228:43: warning: ignoring attributes on template argument ‘Eigen::internal::Packet2d’ {aka ‘__m128d’} [-Wignored-attributes]
  228 | template<> struct unpacket_traits<Packet2d> {
      |                                           ^
/mnt/library/RcppEigen/include/Eigen/src/Core/arch/SSE/PacketMath.h:1124:34: warning: ignoring attributes on template argument ‘Eigen::internal::Packet4f’ {aka ‘__m128’} [-Wignored-attributes]
 1124 | ptranspose(PacketBlock<Packet4f,4>& kernel) {
      |                                  ^
/mnt/library/RcppEigen/include/Eigen/src/Core/arch/SSE/PacketMath.h:1129:34: warning: ignoring attributes on template argument ‘Eigen::internal::Packet2d’ {aka ‘__m128d’} [-Wignored-attributes]
 1129 | ptranspose(PacketBlock<Packet2d,2>& kernel) {
      |                                  ^
In file included from /mnt/library/RcppEigen/include/Eigen/Core:174:
/mnt/library/RcppEigen/include/Eigen/src/Core/arch/Default/ConjHelper.h:16:60: warning: ignoring attributes on template argument ‘Eigen::internal::Packet4f’ {aka ‘__m128’} [-Wignored-attributes]
   16 |   struct conj_helper<PACKET_REAL, PACKET_CPLX, false, false> {          \
      |                                                            ^
/mnt/library/RcppEigen/include/Eigen/src/Core/arch/SSE/Complex.h:173:1: note: in expansion of macro ‘EIGEN_MAKE_CONJ_HELPER_CPLX_REAL’
  173 | EIGEN_MAKE_CONJ_HELPER_CPLX_REAL(Packet2cf,Packet4f)
      | ^~~~~~~~~~~~~~~~~~~~~~~~~~~~~~~~
/mnt/library/RcppEigen/include/Eigen/src/Core/arch/Default/ConjHelper.h:29:60: warning: ignoring attributes on template argument ‘Eigen::internal::Packet4f’ {aka ‘__m128’} [-Wignored-attributes]
   29 |   struct conj_helper<PACKET_CPLX, PACKET_REAL, false, false> {          \
      |                                                            ^
/mnt/library/RcppEigen/include/Eigen/src/Core/arch/SSE/Complex.h:173:1: note: in expansion of macro ‘EIGEN_MAKE_CONJ_HELPER_CPLX_REAL’
  173 | EIGEN_MAKE_CONJ_HELPER_CPLX_REAL(Packet2cf,Packet4f)
      | ^~~~~~~~~~~~~~~~~~~~~~~~~~~~~~~~
/mnt/library/RcppEigen/include/Eigen/src/Core/arch/Default/ConjHelper.h:16:60: warning: ignoring attributes on template argument ‘Eigen::internal::Packet2d’ {aka ‘__m128d’} [-Wignored-attributes]
   16 |   struct conj_helper<PACKET_REAL, PACKET_CPLX, false, false> {          \
      |                                                            ^
/mnt/library/RcppEigen/include/Eigen/src/Core/arch/SSE/Complex.h:298:1: note: in expansion of macro ‘EIGEN_MAKE_CONJ_HELPER_CPLX_REAL’
  298 | EIGEN_MAKE_CONJ_HELPER_CPLX_REAL(Packet1cd,Packet2d)
      | ^~~~~~~~~~~~~~~~~~~~~~~~~~~~~~~~
/mnt/library/RcppEigen/include/Eigen/src/Core/arch/Default/ConjHelper.h:29:60: warning: ignoring attributes on template argument ‘Eigen::internal::Packet2d’ {aka ‘__m128d’} [-Wignored-attributes]
   29 |   struct conj_helper<PACKET_CPLX, PACKET_REAL, false, false> {          \
      |                                                            ^
/mnt/library/RcppEigen/include/Eigen/src/Core/arch/SSE/Complex.h:298:1: note: in expansion of macro ‘EIGEN_MAKE_CONJ_HELPER_CPLX_REAL’
  298 | EIGEN_MAKE_CONJ_HELPER_CPLX_REAL(Packet1cd,Packet2d)
      | ^~~~~~~~~~~~~~~~~~~~~~~~~~~~~~~~
In file included from /mnt/library/RcppEigen/include/Eigen/Core:165:
/mnt/library/RcppEigen/include/Eigen/src/Core/util/XprHelper.h: In instantiation of ‘struct Eigen::internal::find_best_packet<float, 4>’:
/mnt/library/RcppEigen/include/Eigen/src/Core/Matrix.h:22:57:   required from ‘struct Eigen::internal::traits<Eigen::Matrix<float, 4, 1> >’
/mnt/library/RcppEigen/include/Eigen/src/Geometry/Quaternion.h:266:49:   required from ‘struct Eigen::internal::traits<Eigen::Quaternion<float> >’
/mnt/library/RcppEigen/include/Eigen/src/Geometry/arch/Geometry_SIMD.h:24:46:   required from here
/mnt/library/RcppEigen/include/Eigen/src/Core/util/XprHelper.h:190:44: warning: ignoring attributes on template argument ‘Eigen::internal::packet_traits<float>::type’ {aka ‘__m128’} [-Wignored-attributes]
  190 |          bool Stop = Size==Dynamic || (Size%unpacket_traits<PacketType>::size)==0 || is_same<PacketType,typename unpacket_traits<PacketType>::half>::value>
      |                                       ~~~~~^~~~~~~~~~~~~~~~~~~~~~~~~~~~~~~~~~~
/mnt/library/RcppEigen/include/Eigen/src/Core/util/XprHelper.h:190:83: warning: ignoring attributes on template argument ‘Eigen::internal::packet_traits<float>::type’ {aka ‘__m128’} [-Wignored-attributes]
  190 |          bool Stop = Size==Dynamic || (Size%unpacket_traits<PacketType>::size)==0 || is_same<PacketType,typename unpacket_traits<PacketType>::half>::value>
      |                      ~~~~~~~~~~~~~~~~~~~~~~~~~~~~~~~~~~~~~~~~~~~~~~~~~~~~~~~~~~~~~^~~~~~~~~~~~~~~~~~~~~~~~~~~~~~~~~~~~~~~~~~~~~~~~~~~~~~~~~~~~~~~~~~~~~~~~
/mnt/library/RcppEigen/include/Eigen/src/Core/util/XprHelper.h:190:83: warning: ignoring attributes on template argument ‘Eigen::internal::packet_traits<float>::type’ {aka ‘__m128’} [-Wignored-attributes]
/mnt/library/RcppEigen/include/Eigen/src/Core/util/XprHelper.h:190:83: warning: ignoring attributes on template argument ‘Eigen::internal::unpacket_traits<__vector(4) float>::half’ {aka ‘__m128’} [-Wignored-attributes]
/mnt/library/RcppEigen/include/Eigen/src/Core/util/XprHelper.h:208:88: warning: ignoring attributes on template argument ‘Eigen::internal::packet_traits<float>::type’ {aka ‘__m128’} [-Wignored-attributes]
  208 |   typedef typename find_best_packet_helper<Size,typename packet_traits<T>::type>::type type;
      |                                                                                        ^~~~
In file included from /mnt/library/RcppEigen/include/Eigen/Core:271:
/mnt/library/RcppEigen/include/Eigen/src/Core/DenseCoeffsBase.h: In instantiation of ‘class Eigen::DenseCoeffsBase<Eigen::Matrix<float, 4, 1>, 0>’:
/mnt/library/RcppEigen/include/Eigen/src/Core/DenseCoeffsBase.h:302:7:   required from ‘class Eigen::DenseCoeffsBase<Eigen::Matrix<float, 4, 1>, 1>’
/mnt/library/RcppEigen/include/Eigen/src/Core/DenseCoeffsBase.h:555:7:   required from ‘class Eigen::DenseCoeffsBase<Eigen::Matrix<float, 4, 1>, 3>’
/mnt/library/RcppEigen/include/Eigen/src/Core/DenseBase.h:41:34:   required from ‘class Eigen::DenseBase<Eigen::Matrix<float, 4, 1> >’
/mnt/library/RcppEigen/include/Eigen/src/Core/MatrixBase.h:48:34:   required from ‘class Eigen::MatrixBase<Eigen::Matrix<float, 4, 1> >’
/mnt/library/RcppEigen/include/Eigen/src/Core/PlainObjectBase.h:98:7:   required from ‘class Eigen::PlainObjectBase<Eigen::Matrix<float, 4, 1> >’
/mnt/library/RcppEigen/include/Eigen/src/Core/Matrix.h:178:7:   required from ‘class Eigen::Matrix<float, 4, 1>’
/mnt/library/RcppEigen/include/Eigen/src/Geometry/Quaternion.h:46:50:   required from ‘class Eigen::QuaternionBase<Eigen::Quaternion<float> >’
/mnt/library/RcppEigen/include/Eigen/src/Geometry/Quaternion.h:273:7:   required from ‘class Eigen::Quaternion<float>’
/mnt/library/RcppEigen/include/Eigen/src/Geometry/arch/Geometry_SIMD.h:27:3:   required from here
/mnt/library/RcppEigen/include/Eigen/src/Core/DenseCoeffsBase.h:56:30: warning: ignoring attributes on template argument ‘Eigen::internal::packet_traits<float>::type’ {aka ‘__m128’} [-Wignored-attributes]
   56 |                      >::type PacketReturnType;
      |                              ^~~~~~~~~~~~~~~~
/mnt/library/RcppEigen/include/Eigen/src/Core/util/XprHelper.h: In instantiation of ‘struct Eigen::internal::find_best_packet<double, 4>’:
/mnt/library/RcppEigen/include/Eigen/src/Core/Matrix.h:22:57:   required from ‘struct Eigen::internal::traits<Eigen::Matrix<double, 4, 1> >’
/mnt/library/RcppEigen/include/Eigen/src/Geometry/Quaternion.h:266:49:   required from ‘struct Eigen::internal::traits<Eigen::Quaternion<double> >’
/mnt/library/RcppEigen/include/Eigen/src/Geometry/arch/Geometry_SIMD.h:98:47:   required from here
/mnt/library/RcppEigen/include/Eigen/src/Core/util/XprHelper.h:190:44: warning: ignoring attributes on template argument ‘Eigen::internal::packet_traits<double>::type’ {aka ‘__m128d’} [-Wignored-attributes]
  190 |          bool Stop = Size==Dynamic || (Size%unpacket_traits<PacketType>::size)==0 || is_same<PacketType,typename unpacket_traits<PacketType>::half>::value>
      |                                       ~~~~~^~~~~~~~~~~~~~~~~~~~~~~~~~~~~~~~~~~
/mnt/library/RcppEigen/include/Eigen/src/Core/util/XprHelper.h:190:83: warning: ignoring attributes on template argument ‘Eigen::internal::packet_traits<double>::type’ {aka ‘__m128d’} [-Wignored-attributes]
  190 |          bool Stop = Size==Dynamic || (Size%unpacket_traits<PacketType>::size)==0 || is_same<PacketType,typename unpacket_traits<PacketType>::half>::value>
      |                      ~~~~~~~~~~~~~~~~~~~~~~~~~~~~~~~~~~~~~~~~~~~~~~~~~~~~~~~~~~~~~^~~~~~~~~~~~~~~~~~~~~~~~~~~~~~~~~~~~~~~~~~~~~~~~~~~~~~~~~~~~~~~~~~~~~~~~
/mnt/library/RcppEigen/include/Eigen/src/Core/util/XprHelper.h:190:83: warning: ignoring attributes on template argument ‘Eigen::internal::packet_traits<double>::type’ {aka ‘__m128d’} [-Wignored-attributes]
/mnt/library/RcppEigen/include/Eigen/src/Core/util/XprHelper.h:190:83: warning: ignoring attributes on template argument ‘Eigen::internal::unpacket_traits<__vector(2) double>::half’ {aka ‘__m128d’} [-Wignored-attributes]
/mnt/library/RcppEigen/include/Eigen/src/Core/util/XprHelper.h:208:88: warning: ignoring attributes on template argument ‘Eigen::internal::packet_traits<double>::type’ {aka ‘__m128d’} [-Wignored-attributes]
  208 |   typedef typename find_best_packet_helper<Size,typename packet_traits<T>::type>::type type;
      |                                                                                        ^~~~
/mnt/library/RcppEigen/include/Eigen/src/Core/DenseCoeffsBase.h: In instantiation of ‘class Eigen::DenseCoeffsBase<Eigen::Matrix<double, 4, 1>, 0>’:
/mnt/library/RcppEigen/include/Eigen/src/Core/DenseCoeffsBase.h:302:7:   required from ‘class Eigen::DenseCoeffsBase<Eigen::Matrix<double, 4, 1>, 1>’
/mnt/library/RcppEigen/include/Eigen/src/Core/DenseCoeffsBase.h:555:7:   required from ‘class Eigen::DenseCoeffsBase<Eigen::Matrix<double, 4, 1>, 3>’
/mnt/library/RcppEigen/include/Eigen/src/Core/DenseBase.h:41:34:   required from ‘class Eigen::DenseBase<Eigen::Matrix<double, 4, 1> >’
/mnt/library/RcppEigen/include/Eigen/src/Core/MatrixBase.h:48:34:   required from ‘class Eigen::MatrixBase<Eigen::Matrix<double, 4, 1> >’
/mnt/library/RcppEigen/include/Eigen/src/Core/PlainObjectBase.h:98:7:   required from ‘class Eigen::PlainObjectBase<Eigen::Matrix<double, 4, 1> >’
/mnt/library/RcppEigen/include/Eigen/src/Core/Matrix.h:178:7:   required from ‘class Eigen::Matrix<double, 4, 1>’
/mnt/library/RcppEigen/include/Eigen/src/Geometry/Quaternion.h:46:50:   required from ‘class Eigen::QuaternionBase<Eigen::Quaternion<double> >’
/mnt/library/RcppEigen/include/Eigen/src/Geometry/Quaternion.h:273:7:   required from ‘class Eigen::Quaternion<double>’
/mnt/library/RcppEigen/include/Eigen/src/Geometry/arch/Geometry_SIMD.h:102:3:   required from here
/mnt/library/RcppEigen/include/Eigen/src/Core/DenseCoeffsBase.h:56:30: warning: ignoring attributes on template argument ‘Eigen::internal::packet_traits<double>::type’ {aka ‘__m128d’} [-Wignored-attributes]
   56 |                      >::type PacketReturnType;
      |                              ^~~~~~~~~~~~~~~~
In file included from /mnt/library/RcppEigen/include/Eigen/SparseCore:37,
                 from /mnt/library/RcppEigen/include/Eigen/Sparse:26,
                 from /mnt/library/RcppEigen/include/RcppEigenForward.h:29:
/mnt/library/RcppEigen/include/Eigen/src/SparseCore/SparseMatrixBase.h: In instantiation of ‘class Eigen::SparseMatrixBase<Eigen::SparseMatrix<double, 0, int> >’:
/mnt/library/RcppEigen/include/Eigen/src/SparseCore/SparseCompressedBase.h:36:7:   required from ‘class Eigen::SparseCompressedBase<Eigen::SparseMatrix<double, 0, int> >’
/mnt/library/RcppEigen/include/Eigen/src/SparseCore/SparseMatrix.h:96:7:   required from ‘class Eigen::SparseMatrix<double, 0, int>’
/mnt/library/RcppEigen/include/unsupported/Eigen/src/IterativeSolvers/ConstrainedConjGrad.h:61:25:   required from here
/mnt/library/RcppEigen/include/Eigen/src/SparseCore/SparseMatrixBase.h:47:30: warning: ignoring attributes on template argument ‘Eigen::internal::packet_traits<double>::type’ {aka ‘__m128d’} [-Wignored-attributes]
   47 |                      >::type PacketReturnType;
      |                              ^~~~~~~~~~~~~~~~
/mnt/library/RcppEigen/include/Eigen/src/Core/DenseCoeffsBase.h: In instantiation of ‘class Eigen::DenseCoeffsBase<Eigen::SparseMatrix<double, 0, int>, 0>’:
/mnt/library/RcppEigen/include/Eigen/src/SparseCore/SparseCompressedBase.h:336:80:   required from ‘struct Eigen::internal::evaluator<Eigen::SparseCompressedBase<Eigen::SparseMatrix<double, 0, int> > >’
/mnt/library/RcppEigen/include/Eigen/src/SparseCore/SparseMatrix.h:1505:8:   required from ‘struct Eigen::internal::evaluator<Eigen::SparseMatrix<double, 0, int> >’
/mnt/library/RcppEigen/include/Eigen/src/SparseCore/SparseAssign.h:77:20:   required from ‘void Eigen::internal::assign_sparse_to_sparse(DstXprType&, const SrcXprType&) [with DstXprType = Eigen::SparseMatrix<double, 0, int>; SrcXprType = Eigen::SparseMatrix<double, 0, int>]’
/mnt/library/RcppEigen/include/Eigen/src/SparseCore/SparseAssign.h:132:28:   required from ‘static void Eigen::internal::Assignment<DstXprType, SrcXprType, Functor, Eigen::internal::Sparse2Sparse>::run(DstXprType&, const SrcXprType&, const Eigen::internal::assign_op<typename DstXprType::Scalar, typename SrcXprType::Scalar>&) [with DstXprType = Eigen::SparseMatrix<double, 0, int>; SrcXprType = Eigen::SparseMatrix<double, 0, int>; Functor = Eigen::internal::assign_op<double, double>; typename DstXprType::Scalar = double; typename SrcXprType::Scalar = double]’
/mnt/library/RcppEigen/include/Eigen/src/Core/AssignEvaluator.h:890:49:   required from ‘void Eigen::internal::call_assignment_no_alias(Dst&, const Src&, const Func&) [with Dst = Eigen::SparseMatrix<double, 0, int>; Src = Eigen::SparseMatrix<double, 0, int>; Func = assign_op<double, double>]’
/mnt/library/RcppEigen/include/Eigen/src/Core/AssignEvaluator.h:917:27:   [ skipping 3 instantiation contexts, use -ftemplate-backtrace-limit=0 to disable ]
/mnt/library/RcppEigen/include/Eigen/src/SparseCore/SparseMatrix.h:713:13:   required from ‘Eigen::SparseMatrix<_Scalar, _Flags, _StorageIndex>::SparseMatrix(const Eigen::SparseMatrix<_Scalar, _Flags, _StorageIndex>&) [with _Scalar = double; int _Options = 0; _StorageIndex = int]’
/mnt/library/RcppEigen/include/RcppEigenWrap.h:387:24:   required from ‘Eigen::SparseMatrix<Scalar> Rcpp::traits::Exporter<Eigen::SparseMatrix<Scalar> >::get() [with T = double]’
/usr/local/lib/R/site-library/Rcpp/include/Rcpp/as.h:89:32:   required from ‘T Rcpp::internal::as(SEXP, Rcpp::traits::r_type_generic_tag) [with T = Eigen::SparseMatrix<double, 0, int>; SEXP = SEXPREC*]’
/usr/local/lib/R/site-library/Rcpp/include/Rcpp/as.h:152:31:   required from ‘T Rcpp::as(SEXP) [with T = Eigen::SparseMatrix<double, 0, int>; SEXP = SEXPREC*]’
/usr/local/lib/R/site-library/Rcpp/include/Rcpp/InputParameter.h:46:54:   required from ‘Rcpp::ReferenceInputParameter<T>::ReferenceInputParameter(SEXP) [with T = Eigen::SparseMatrix<double, 0, int>; SEXP = SEXPREC*]’
RcppExports.cpp:59:94:   required from here
/mnt/library/RcppEigen/include/Eigen/src/Core/DenseCoeffsBase.h:56:30: warning: ignoring attributes on template argument ‘Eigen::internal::packet_traits<double>::type’ {aka ‘__m128d’} [-Wignored-attributes]
   56 |                      >::type PacketReturnType;
      |                              ^~~~~~~~~~~~~~~~
g++ -std=gnu++17 -I"/usr/local/lib/R/include" -DNDEBUG -DR_BUILD -I'/usr/local/lib/R/site-library/Rcpp/include' -I'/mnt/library/RcppEigen/include' -I/usr/local/include    -fpic  -g -O2 -fstack-protector-strong -Wformat -Werror=format-security -Wdate-time -D_FORTIFY_SOURCE=2 -g   -c Tree.cpp -o Tree.o
g++ -std=gnu++17 -I"/usr/local/lib/R/include" -DNDEBUG -DR_BUILD -I'/usr/local/lib/R/site-library/Rcpp/include' -I'/mnt/library/RcppEigen/include' -I/usr/local/include    -fpic  -g -O2 -fstack-protector-strong -Wformat -Werror=format-security -Wdate-time -D_FORTIFY_SOURCE=2 -g   -c TreeClassification.cpp -o TreeClassification.o
g++ -std=gnu++17 -I"/usr/local/lib/R/include" -DNDEBUG -DR_BUILD -I'/usr/local/lib/R/site-library/Rcpp/include' -I'/mnt/library/RcppEigen/include' -I/usr/local/include    -fpic  -g -O2 -fstack-protector-strong -Wformat -Werror=format-security -Wdate-time -D_FORTIFY_SOURCE=2 -g   -c TreeProbability.cpp -o TreeProbability.o
g++ -std=gnu++17 -I"/usr/local/lib/R/include" -DNDEBUG -DR_BUILD -I'/usr/local/lib/R/site-library/Rcpp/include' -I'/mnt/library/RcppEigen/include' -I/usr/local/include    -fpic  -g -O2 -fstack-protector-strong -Wformat -Werror=format-security -Wdate-time -D_FORTIFY_SOURCE=2 -g   -c TreeRegression.cpp -o TreeRegression.o
g++ -std=gnu++17 -I"/usr/local/lib/R/include" -DNDEBUG -DR_BUILD -I'/usr/local/lib/R/site-library/Rcpp/include' -I'/mnt/library/RcppEigen/include' -I/usr/local/include    -fpic  -g -O2 -fstack-protector-strong -Wformat -Werror=format-security -Wdate-time -D_FORTIFY_SOURCE=2 -g   -c TreeSurvival.cpp -o TreeSurvival.o
g++ -std=gnu++17 -I"/usr/local/lib/R/include" -DNDEBUG -DR_BUILD -I'/usr/local/lib/R/site-library/Rcpp/include' -I'/mnt/library/RcppEigen/include' -I/usr/local/include    -fpic  -g -O2 -fstack-protector-strong -Wformat -Werror=format-security -Wdate-time -D_FORTIFY_SOURCE=2 -g   -c rangerCpp.cpp -o rangerCpp.o
In file included from /mnt/library/RcppEigen/include/Eigen/Core:205,
                 from /mnt/library/RcppEigen/include/Eigen/Dense:1,
                 from /mnt/library/RcppEigen/include/RcppEigenForward.h:28,
                 from /mnt/library/RcppEigen/include/RcppEigen.h:25,
                 from rangerCpp.cpp:28:
/mnt/library/RcppEigen/include/Eigen/src/Core/arch/SSE/PacketMath.h:46:40: warning: ignoring attributes on template argument ‘__m128i’ [-Wignored-attributes]
   46 | typedef eigen_packet_wrapper<__m128i, 0> Packet4i;
      |                                        ^
/mnt/library/RcppEigen/include/Eigen/src/Core/arch/SSE/PacketMath.h:47:40: warning: ignoring attributes on template argument ‘__m128i’ [-Wignored-attributes]
   47 | typedef eigen_packet_wrapper<__m128i, 1> Packet16b;
      |                                        ^
/mnt/library/RcppEigen/include/Eigen/src/Core/arch/SSE/PacketMath.h:49:39: warning: ignoring attributes on template argument ‘__m128’ [-Wignored-attributes]
   49 | template<> struct is_arithmetic<__m128>  { enum { value = true }; };
      |                                       ^
/mnt/library/RcppEigen/include/Eigen/src/Core/arch/SSE/PacketMath.h:50:40: warning: ignoring attributes on template argument ‘__m128i’ [-Wignored-attributes]
   50 | template<> struct is_arithmetic<__m128i> { enum { value = true }; };
      |                                        ^
/mnt/library/RcppEigen/include/Eigen/src/Core/arch/SSE/PacketMath.h:51:40: warning: ignoring attributes on template argument ‘__m128d’ [-Wignored-attributes]
   51 | template<> struct is_arithmetic<__m128d> { enum { value = true }; };
      |                                        ^
/mnt/library/RcppEigen/include/Eigen/src/Core/arch/SSE/PacketMath.h:222:43: warning: ignoring attributes on template argument ‘Eigen::internal::Packet4f’ {aka ‘__m128’} [-Wignored-attributes]
  222 | template<> struct unpacket_traits<Packet4f> {
      |                                           ^
/mnt/library/RcppEigen/include/Eigen/src/Core/arch/SSE/PacketMath.h:228:43: warning: ignoring attributes on template argument ‘Eigen::internal::Packet2d’ {aka ‘__m128d’} [-Wignored-attributes]
  228 | template<> struct unpacket_traits<Packet2d> {
      |                                           ^
/mnt/library/RcppEigen/include/Eigen/src/Core/arch/SSE/PacketMath.h:1124:34: warning: ignoring attributes on template argument ‘Eigen::internal::Packet4f’ {aka ‘__m128’} [-Wignored-attributes]
 1124 | ptranspose(PacketBlock<Packet4f,4>& kernel) {
      |                                  ^
/mnt/library/RcppEigen/include/Eigen/src/Core/arch/SSE/PacketMath.h:1129:34: warning: ignoring attributes on template argument ‘Eigen::internal::Packet2d’ {aka ‘__m128d’} [-Wignored-attributes]
 1129 | ptranspose(PacketBlock<Packet2d,2>& kernel) {
      |                                  ^
In file included from /mnt/library/RcppEigen/include/Eigen/Core:174:
/mnt/library/RcppEigen/include/Eigen/src/Core/arch/Default/ConjHelper.h:16:60: warning: ignoring attributes on template argument ‘Eigen::internal::Packet4f’ {aka ‘__m128’} [-Wignored-attributes]
   16 |   struct conj_helper<PACKET_REAL, PACKET_CPLX, false, false> {          \
      |                                                            ^
/mnt/library/RcppEigen/include/Eigen/src/Core/arch/SSE/Complex.h:173:1: note: in expansion of macro ‘EIGEN_MAKE_CONJ_HELPER_CPLX_REAL’
  173 | EIGEN_MAKE_CONJ_HELPER_CPLX_REAL(Packet2cf,Packet4f)
      | ^~~~~~~~~~~~~~~~~~~~~~~~~~~~~~~~
/mnt/library/RcppEigen/include/Eigen/src/Core/arch/Default/ConjHelper.h:29:60: warning: ignoring attributes on template argument ‘Eigen::internal::Packet4f’ {aka ‘__m128’} [-Wignored-attributes]
   29 |   struct conj_helper<PACKET_CPLX, PACKET_REAL, false, false> {          \
      |                                                            ^
/mnt/library/RcppEigen/include/Eigen/src/Core/arch/SSE/Complex.h:173:1: note: in expansion of macro ‘EIGEN_MAKE_CONJ_HELPER_CPLX_REAL’
  173 | EIGEN_MAKE_CONJ_HELPER_CPLX_REAL(Packet2cf,Packet4f)
      | ^~~~~~~~~~~~~~~~~~~~~~~~~~~~~~~~
/mnt/library/RcppEigen/include/Eigen/src/Core/arch/Default/ConjHelper.h:16:60: warning: ignoring attributes on template argument ‘Eigen::internal::Packet2d’ {aka ‘__m128d’} [-Wignored-attributes]
   16 |   struct conj_helper<PACKET_REAL, PACKET_CPLX, false, false> {          \
      |                                                            ^
/mnt/library/RcppEigen/include/Eigen/src/Core/arch/SSE/Complex.h:298:1: note: in expansion of macro ‘EIGEN_MAKE_CONJ_HELPER_CPLX_REAL’
  298 | EIGEN_MAKE_CONJ_HELPER_CPLX_REAL(Packet1cd,Packet2d)
      | ^~~~~~~~~~~~~~~~~~~~~~~~~~~~~~~~
/mnt/library/RcppEigen/include/Eigen/src/Core/arch/Default/ConjHelper.h:29:60: warning: ignoring attributes on template argument ‘Eigen::internal::Packet2d’ {aka ‘__m128d’} [-Wignored-attributes]
   29 |   struct conj_helper<PACKET_CPLX, PACKET_REAL, false, false> {          \
      |                                                            ^
/mnt/library/RcppEigen/include/Eigen/src/Core/arch/SSE/Complex.h:298:1: note: in expansion of macro ‘EIGEN_MAKE_CONJ_HELPER_CPLX_REAL’
  298 | EIGEN_MAKE_CONJ_HELPER_CPLX_REAL(Packet1cd,Packet2d)
      | ^~~~~~~~~~~~~~~~~~~~~~~~~~~~~~~~
In file included from /mnt/library/RcppEigen/include/Eigen/Core:165:
/mnt/library/RcppEigen/include/Eigen/src/Core/util/XprHelper.h: In instantiation of ‘struct Eigen::internal::find_best_packet<float, 4>’:
/mnt/library/RcppEigen/include/Eigen/src/Core/Matrix.h:22:57:   required from ‘struct Eigen::internal::traits<Eigen::Matrix<float, 4, 1> >’
/mnt/library/RcppEigen/include/Eigen/src/Geometry/Quaternion.h:266:49:   required from ‘struct Eigen::internal::traits<Eigen::Quaternion<float> >’
/mnt/library/RcppEigen/include/Eigen/src/Geometry/arch/Geometry_SIMD.h:24:46:   required from here
/mnt/library/RcppEigen/include/Eigen/src/Core/util/XprHelper.h:190:44: warning: ignoring attributes on template argument ‘Eigen::internal::packet_traits<float>::type’ {aka ‘__m128’} [-Wignored-attributes]
  190 |          bool Stop = Size==Dynamic || (Size%unpacket_traits<PacketType>::size)==0 || is_same<PacketType,typename unpacket_traits<PacketType>::half>::value>
      |                                       ~~~~~^~~~~~~~~~~~~~~~~~~~~~~~~~~~~~~~~~~
/mnt/library/RcppEigen/include/Eigen/src/Core/util/XprHelper.h:190:83: warning: ignoring attributes on template argument ‘Eigen::internal::packet_traits<float>::type’ {aka ‘__m128’} [-Wignored-attributes]
  190 |          bool Stop = Size==Dynamic || (Size%unpacket_traits<PacketType>::size)==0 || is_same<PacketType,typename unpacket_traits<PacketType>::half>::value>
      |                      ~~~~~~~~~~~~~~~~~~~~~~~~~~~~~~~~~~~~~~~~~~~~~~~~~~~~~~~~~~~~~^~~~~~~~~~~~~~~~~~~~~~~~~~~~~~~~~~~~~~~~~~~~~~~~~~~~~~~~~~~~~~~~~~~~~~~~
/mnt/library/RcppEigen/include/Eigen/src/Core/util/XprHelper.h:190:83: warning: ignoring attributes on template argument ‘Eigen::internal::packet_traits<float>::type’ {aka ‘__m128’} [-Wignored-attributes]
/mnt/library/RcppEigen/include/Eigen/src/Core/util/XprHelper.h:190:83: warning: ignoring attributes on template argument ‘Eigen::internal::unpacket_traits<__vector(4) float>::half’ {aka ‘__m128’} [-Wignored-attributes]
/mnt/library/RcppEigen/include/Eigen/src/Core/util/XprHelper.h:208:88: warning: ignoring attributes on template argument ‘Eigen::internal::packet_traits<float>::type’ {aka ‘__m128’} [-Wignored-attributes]
  208 |   typedef typename find_best_packet_helper<Size,typename packet_traits<T>::type>::type type;
      |                                                                                        ^~~~
In file included from /mnt/library/RcppEigen/include/Eigen/Core:271:
/mnt/library/RcppEigen/include/Eigen/src/Core/DenseCoeffsBase.h: In instantiation of ‘class Eigen::DenseCoeffsBase<Eigen::Matrix<float, 4, 1>, 0>’:
/mnt/library/RcppEigen/include/Eigen/src/Core/DenseCoeffsBase.h:302:7:   required from ‘class Eigen::DenseCoeffsBase<Eigen::Matrix<float, 4, 1>, 1>’
/mnt/library/RcppEigen/include/Eigen/src/Core/DenseCoeffsBase.h:555:7:   required from ‘class Eigen::DenseCoeffsBase<Eigen::Matrix<float, 4, 1>, 3>’
/mnt/library/RcppEigen/include/Eigen/src/Core/DenseBase.h:41:34:   required from ‘class Eigen::DenseBase<Eigen::Matrix<float, 4, 1> >’
/mnt/library/RcppEigen/include/Eigen/src/Core/MatrixBase.h:48:34:   required from ‘class Eigen::MatrixBase<Eigen::Matrix<float, 4, 1> >’
/mnt/library/RcppEigen/include/Eigen/src/Core/PlainObjectBase.h:98:7:   required from ‘class Eigen::PlainObjectBase<Eigen::Matrix<float, 4, 1> >’
/mnt/library/RcppEigen/include/Eigen/src/Core/Matrix.h:178:7:   required from ‘class Eigen::Matrix<float, 4, 1>’
/mnt/library/RcppEigen/include/Eigen/src/Geometry/Quaternion.h:46:50:   required from ‘class Eigen::QuaternionBase<Eigen::Quaternion<float> >’
/mnt/library/RcppEigen/include/Eigen/src/Geometry/Quaternion.h:273:7:   required from ‘class Eigen::Quaternion<float>’
/mnt/library/RcppEigen/include/Eigen/src/Geometry/arch/Geometry_SIMD.h:27:3:   required from here
/mnt/library/RcppEigen/include/Eigen/src/Core/DenseCoeffsBase.h:56:30: warning: ignoring attributes on template argument ‘Eigen::internal::packet_traits<float>::type’ {aka ‘__m128’} [-Wignored-attributes]
   56 |                      >::type PacketReturnType;
      |                              ^~~~~~~~~~~~~~~~
/mnt/library/RcppEigen/include/Eigen/src/Core/util/XprHelper.h: In instantiation of ‘struct Eigen::internal::find_best_packet<double, 4>’:
/mnt/library/RcppEigen/include/Eigen/src/Core/Matrix.h:22:57:   required from ‘struct Eigen::internal::traits<Eigen::Matrix<double, 4, 1> >’
/mnt/library/RcppEigen/include/Eigen/src/Geometry/Quaternion.h:266:49:   required from ‘struct Eigen::internal::traits<Eigen::Quaternion<double> >’
/mnt/library/RcppEigen/include/Eigen/src/Geometry/arch/Geometry_SIMD.h:98:47:   required from here
/mnt/library/RcppEigen/include/Eigen/src/Core/util/XprHelper.h:190:44: warning: ignoring attributes on template argument ‘Eigen::internal::packet_traits<double>::type’ {aka ‘__m128d’} [-Wignored-attributes]
  190 |          bool Stop = Size==Dynamic || (Size%unpacket_traits<PacketType>::size)==0 || is_same<PacketType,typename unpacket_traits<PacketType>::half>::value>
      |                                       ~~~~~^~~~~~~~~~~~~~~~~~~~~~~~~~~~~~~~~~~
/mnt/library/RcppEigen/include/Eigen/src/Core/util/XprHelper.h:190:83: warning: ignoring attributes on template argument ‘Eigen::internal::packet_traits<double>::type’ {aka ‘__m128d’} [-Wignored-attributes]
  190 |          bool Stop = Size==Dynamic || (Size%unpacket_traits<PacketType>::size)==0 || is_same<PacketType,typename unpacket_traits<PacketType>::half>::value>
      |                      ~~~~~~~~~~~~~~~~~~~~~~~~~~~~~~~~~~~~~~~~~~~~~~~~~~~~~~~~~~~~~^~~~~~~~~~~~~~~~~~~~~~~~~~~~~~~~~~~~~~~~~~~~~~~~~~~~~~~~~~~~~~~~~~~~~~~~
/mnt/library/RcppEigen/include/Eigen/src/Core/util/XprHelper.h:190:83: warning: ignoring attributes on template argument ‘Eigen::internal::packet_traits<double>::type’ {aka ‘__m128d’} [-Wignored-attributes]
/mnt/library/RcppEigen/include/Eigen/src/Core/util/XprHelper.h:190:83: warning: ignoring attributes on template argument ‘Eigen::internal::unpacket_traits<__vector(2) double>::half’ {aka ‘__m128d’} [-Wignored-attributes]
/mnt/library/RcppEigen/include/Eigen/src/Core/util/XprHelper.h:208:88: warning: ignoring attributes on template argument ‘Eigen::internal::packet_traits<double>::type’ {aka ‘__m128d’} [-Wignored-attributes]
  208 |   typedef typename find_best_packet_helper<Size,typename packet_traits<T>::type>::type type;
      |                                                                                        ^~~~
/mnt/library/RcppEigen/include/Eigen/src/Core/DenseCoeffsBase.h: In instantiation of ‘class Eigen::DenseCoeffsBase<Eigen::Matrix<double, 4, 1>, 0>’:
/mnt/library/RcppEigen/include/Eigen/src/Core/DenseCoeffsBase.h:302:7:   required from ‘class Eigen::DenseCoeffsBase<Eigen::Matrix<double, 4, 1>, 1>’
/mnt/library/RcppEigen/include/Eigen/src/Core/DenseCoeffsBase.h:555:7:   required from ‘class Eigen::DenseCoeffsBase<Eigen::Matrix<double, 4, 1>, 3>’
/mnt/library/RcppEigen/include/Eigen/src/Core/DenseBase.h:41:34:   required from ‘class Eigen::DenseBase<Eigen::Matrix<double, 4, 1> >’
/mnt/library/RcppEigen/include/Eigen/src/Core/MatrixBase.h:48:34:   required from ‘class Eigen::MatrixBase<Eigen::Matrix<double, 4, 1> >’
/mnt/library/RcppEigen/include/Eigen/src/Core/PlainObjectBase.h:98:7:   required from ‘class Eigen::PlainObjectBase<Eigen::Matrix<double, 4, 1> >’
/mnt/library/RcppEigen/include/Eigen/src/Core/Matrix.h:178:7:   required from ‘class Eigen::Matrix<double, 4, 1>’
/mnt/library/RcppEigen/include/Eigen/src/Geometry/Quaternion.h:46:50:   required from ‘class Eigen::QuaternionBase<Eigen::Quaternion<double> >’
/mnt/library/RcppEigen/include/Eigen/src/Geometry/Quaternion.h:273:7:   required from ‘class Eigen::Quaternion<double>’
/mnt/library/RcppEigen/include/Eigen/src/Geometry/arch/Geometry_SIMD.h:102:3:   required from here
/mnt/library/RcppEigen/include/Eigen/src/Core/DenseCoeffsBase.h:56:30: warning: ignoring attributes on template argument ‘Eigen::internal::packet_traits<double>::type’ {aka ‘__m128d’} [-Wignored-attributes]
   56 |                      >::type PacketReturnType;
      |                              ^~~~~~~~~~~~~~~~
In file included from /mnt/library/RcppEigen/include/Eigen/SparseCore:37,
                 from /mnt/library/RcppEigen/include/Eigen/Sparse:26,
                 from /mnt/library/RcppEigen/include/RcppEigenForward.h:29:
/mnt/library/RcppEigen/include/Eigen/src/SparseCore/SparseMatrixBase.h: In instantiation of ‘class Eigen::SparseMatrixBase<Eigen::SparseMatrix<double, 0, int> >’:
/mnt/library/RcppEigen/include/Eigen/src/SparseCore/SparseCompressedBase.h:36:7:   required from ‘class Eigen::SparseCompressedBase<Eigen::SparseMatrix<double, 0, int> >’
/mnt/library/RcppEigen/include/Eigen/src/SparseCore/SparseMatrix.h:96:7:   required from ‘class Eigen::SparseMatrix<double, 0, int>’
/mnt/library/RcppEigen/include/unsupported/Eigen/src/IterativeSolvers/ConstrainedConjGrad.h:61:25:   required from here
/mnt/library/RcppEigen/include/Eigen/src/SparseCore/SparseMatrixBase.h:47:30: warning: ignoring attributes on template argument ‘Eigen::internal::packet_traits<double>::type’ {aka ‘__m128d’} [-Wignored-attributes]
   47 |                      >::type PacketReturnType;
      |                              ^~~~~~~~~~~~~~~~
g++ -std=gnu++17 -I"/usr/local/lib/R/include" -DNDEBUG -DR_BUILD -I'/usr/local/lib/R/site-library/Rcpp/include' -I'/mnt/library/RcppEigen/include' -I/usr/local/include    -fpic  -g -O2 -fstack-protector-strong -Wformat -Werror=format-security -Wdate-time -D_FORTIFY_SOURCE=2 -g   -c utility.cpp -o utility.o
g++ -std=gnu++17 -I"/usr/local/lib/R/include" -DNDEBUG -DR_BUILD -I'/usr/local/lib/R/site-library/Rcpp/include' -I'/mnt/library/RcppEigen/include' -I/usr/local/include    -fpic  -g -O2 -fstack-protector-strong -Wformat -Werror=format-security -Wdate-time -D_FORTIFY_SOURCE=2 -g   -c utilityRcpp.cpp -o utilityRcpp.o
g++ -std=gnu++17 -shared -L/usr/local/lib/R/lib -L/usr/local/lib -o ranger.so AAA_check_cpp14.o Data.o DataSparse.o Forest.o ForestClassification.o ForestProbability.o ForestRegression.o ForestSurvival.o RcppExports.o Tree.o TreeClassification.o TreeProbability.o TreeRegression.o TreeSurvival.o rangerCpp.o utility.o utilityRcpp.o -L/usr/local/lib/R/lib -lR
installing to /tmp/library/00LOCK-ranger/00new/ranger/libs
** R
** inst
** byte-compile and prepare package for lazy loading
** help
*** installing help indices
** building package indices
** testing if installed package can be loaded from temporary location
** checking absolute paths in shared objects and dynamic libraries
** testing if installed package can be loaded from final location
** testing if installed package keeps a record of temporary installation path
* creating tarball
packaged installation of ‘ranger’ as ‘ranger_0.17.0_R_x86_64-pc-linux-gnu.tar.gz’
* DONE (ranger)
* installing *source* package ‘itertools’ ...
** this is package ‘itertools’ version ‘0.1-3’
** package ‘itertools’ successfully unpacked and MD5 sums checked
** using staged installation
** R
** inst
** byte-compile and prepare package for lazy loading
** help
*** installing help indices
** building package indices
** testing if installed package can be loaded from temporary location
** testing if installed package can be loaded from final location
** testing if installed package keeps a record of temporary installation path
* creating tarball
packaged installation of ‘itertools’ as ‘itertools_0.1-3_R_x86_64-pc-linux-gnu.tar.gz’
* DONE (itertools)
* installing *source* package ‘clue’ ...
** this is package ‘clue’ version ‘0.3-66’
** package ‘clue’ successfully unpacked and MD5 sums checked
** using staged installation
** libs
using C compiler: ‘gcc (Ubuntu 13.3.0-6ubuntu2~24.04) 13.3.0’
gcc -std=gnu2x -I"/usr/local/lib/R/include" -DNDEBUG   -I/usr/local/include    -fpic  -g -O2 -fstack-protector-strong -Wformat -Werror=format-security -Wdate-time -D_FORTIFY_SOURCE=2 -g  -c assignment.c -o assignment.o
gcc -std=gnu2x -I"/usr/local/lib/R/include" -DNDEBUG   -I/usr/local/include    -fpic  -g -O2 -fstack-protector-strong -Wformat -Werror=format-security -Wdate-time -D_FORTIFY_SOURCE=2 -g  -c clue.c -o clue.o
gcc -std=gnu2x -I"/usr/local/lib/R/include" -DNDEBUG   -I/usr/local/include    -fpic  -g -O2 -fstack-protector-strong -Wformat -Werror=format-security -Wdate-time -D_FORTIFY_SOURCE=2 -g  -c init.c -o init.o
gcc -std=gnu2x -I"/usr/local/lib/R/include" -DNDEBUG   -I/usr/local/include    -fpic  -g -O2 -fstack-protector-strong -Wformat -Werror=format-security -Wdate-time -D_FORTIFY_SOURCE=2 -g  -c lsap.c -o lsap.o
gcc -std=gnu2x -I"/usr/local/lib/R/include" -DNDEBUG   -I/usr/local/include    -fpic  -g -O2 -fstack-protector-strong -Wformat -Werror=format-security -Wdate-time -D_FORTIFY_SOURCE=2 -g  -c trees.c -o trees.o
gcc -std=gnu2x -shared -L/usr/local/lib/R/lib -L/usr/local/lib -o clue.so assignment.o clue.o init.o lsap.o trees.o -L/usr/local/lib/R/lib -lR
installing to /tmp/library/00LOCK-clue/00new/clue/libs
** R
** data
** inst
** byte-compile and prepare package for lazy loading
** help
*** installing help indices
** building package indices
** installing vignettes
** testing if installed package can be loaded from temporary location
** checking absolute paths in shared objects and dynamic libraries
** testing if installed package can be loaded from final location
** testing if installed package keeps a record of temporary installation path
* creating tarball
packaged installation of ‘clue’ as ‘clue_0.3-66_R_x86_64-pc-linux-gnu.tar.gz’
* DONE (clue)
* installing *source* package ‘norm’ ...
** this is package ‘norm’ version ‘1.0-11.1’
** package ‘norm’ successfully unpacked and MD5 sums checked
** using staged installation
** libs
using C compiler: ‘gcc (Ubuntu 13.3.0-6ubuntu2~24.04) 13.3.0’
using Fortran compiler: ‘GNU Fortran (Ubuntu 13.3.0-6ubuntu2~24.04) 13.3.0’
gcc -std=gnu2x -I"/usr/local/lib/R/include" -DNDEBUG   -I/usr/local/include    -fpic  -g -O2 -fstack-protector-strong -Wformat -Werror=format-security -Wdate-time -D_FORTIFY_SOURCE=2 -g  -c init.c -o init.o
gfortran  -fpic  -g -O2  -c norm.f -o norm.o
gcc -std=gnu2x -shared -L/usr/local/lib/R/lib -L/usr/local/lib -o norm.so init.o norm.o -lgfortran -lm -lquadmath -L/usr/local/lib/R/lib -lR
installing to /tmp/library/00LOCK-norm/00new/norm/libs
** R
** data
** byte-compile and prepare package for lazy loading
** help
*** installing help indices
** building package indices
** testing if installed package can be loaded from temporary location
** checking absolute paths in shared objects and dynamic libraries
** testing if installed package can be loaded from final location
** testing if installed package keeps a record of temporary installation path
* creating tarball
packaged installation of ‘norm’ as ‘norm_1.0-11.1_R_x86_64-pc-linux-gnu.tar.gz’
* DONE (norm)
* installing *source* package ‘tmvtnorm’ ...
** this is package ‘tmvtnorm’ version ‘1.7’
** package ‘tmvtnorm’ successfully unpacked and MD5 sums checked
** using staged installation
** libs
using C compiler: ‘gcc (Ubuntu 13.3.0-6ubuntu2~24.04) 13.3.0’
using Fortran compiler: ‘GNU Fortran (Ubuntu 13.3.0-6ubuntu2~24.04) 13.3.0’
gcc -std=gnu2x -I"/usr/local/lib/R/include" -DNDEBUG   -I/usr/local/include    -fpic  -g -O2 -fstack-protector-strong -Wformat -Werror=format-security -Wdate-time -D_FORTIFY_SOURCE=2 -g  -c Fortran2CWrapper.c -o Fortran2CWrapper.o
gcc -std=gnu2x -I"/usr/local/lib/R/include" -DNDEBUG   -I/usr/local/include    -fpic  -g -O2 -fstack-protector-strong -Wformat -Werror=format-security -Wdate-time -D_FORTIFY_SOURCE=2 -g  -c init.c -o init.o
gfortran  -fpic  -g -O2  -c  linked_list.f90 -o linked_list.o
gfortran  -fpic  -g -O2  -c  rtmvnormgibbs.f90 -o rtmvnormgibbs.o
gcc -std=gnu2x -shared -L/usr/local/lib/R/lib -L/usr/local/lib -o tmvtnorm.so Fortran2CWrapper.o init.o linked_list.o rtmvnormgibbs.o -llapack -lblas -lgfortran -lm -lquadmath -lgfortran -lm -lquadmath -L/usr/local/lib/R/lib -lR
installing to /tmp/library/00LOCK-tmvtnorm/00new/tmvtnorm/libs
** R
** demo
** inst
** byte-compile and prepare package for lazy loading
** help
*** installing help indices
** building package indices
** installing vignettes
** testing if installed package can be loaded from temporary location
** checking absolute paths in shared objects and dynamic libraries
** testing if installed package can be loaded from final location
** testing if installed package keeps a record of temporary installation path
* creating tarball
packaged installation of ‘tmvtnorm’ as ‘tmvtnorm_1.7_R_x86_64-pc-linux-gnu.tar.gz’
* DONE (tmvtnorm)
* installing *source* package ‘doRNG’ ...
** this is package ‘doRNG’ version ‘1.8.6.2’
** package ‘doRNG’ successfully unpacked and MD5 sums checked
** using staged installation
** R
** demo
** inst
** byte-compile and prepare package for lazy loading
** help
*** installing help indices
** building package indices
** testing if installed package can be loaded from temporary location
** testing if installed package can be loaded from final location
** testing if installed package keeps a record of temporary installation path
* creating tarball
packaged installation of ‘doRNG’ as ‘doRNG_1.8.6.2_R_x86_64-pc-linux-gnu.tar.gz’
* DONE (doRNG)
* installing *source* package ‘MsCoreUtils’ ...
** this is package ‘MsCoreUtils’ version ‘1.21.0’
** using staged installation
** libs
using C compiler: ‘gcc (Ubuntu 13.3.0-6ubuntu2~24.04) 13.3.0’
gcc -std=gnu2x -I"/usr/local/lib/R/include" -DNDEBUG  -I'/usr/local/lib/R/site-library/Rcpp/include' -I/usr/local/include    -fpic  -g -O2 -fstack-protector-strong -Wformat -Werror=format-security -Wdate-time -D_FORTIFY_SOURCE=2 -g  -c between.c -o between.o
gcc -std=gnu2x -I"/usr/local/lib/R/include" -DNDEBUG  -I'/usr/local/lib/R/site-library/Rcpp/include' -I/usr/local/include    -fpic  -g -O2 -fstack-protector-strong -Wformat -Werror=format-security -Wdate-time -D_FORTIFY_SOURCE=2 -g  -c closest.c -o closest.o
gcc -std=gnu2x -I"/usr/local/lib/R/include" -DNDEBUG  -I'/usr/local/lib/R/site-library/Rcpp/include' -I/usr/local/include    -fpic  -g -O2 -fstack-protector-strong -Wformat -Werror=format-security -Wdate-time -D_FORTIFY_SOURCE=2 -g  -c impNeighbourAvg.c -o impNeighbourAvg.o
gcc -std=gnu2x -I"/usr/local/lib/R/include" -DNDEBUG  -I'/usr/local/lib/R/site-library/Rcpp/include' -I/usr/local/include    -fpic  -g -O2 -fstack-protector-strong -Wformat -Werror=format-security -Wdate-time -D_FORTIFY_SOURCE=2 -g  -c init.c -o init.o
gcc -std=gnu2x -I"/usr/local/lib/R/include" -DNDEBUG  -I'/usr/local/lib/R/site-library/Rcpp/include' -I/usr/local/include    -fpic  -g -O2 -fstack-protector-strong -Wformat -Werror=format-security -Wdate-time -D_FORTIFY_SOURCE=2 -g  -c join.c -o join.o
gcc -std=gnu2x -I"/usr/local/lib/R/include" -DNDEBUG  -I'/usr/local/lib/R/site-library/Rcpp/include' -I/usr/local/include    -fpic  -g -O2 -fstack-protector-strong -Wformat -Werror=format-security -Wdate-time -D_FORTIFY_SOURCE=2 -g  -c localMaxima.c -o localMaxima.o
gcc -std=gnu2x -I"/usr/local/lib/R/include" -DNDEBUG  -I'/usr/local/lib/R/site-library/Rcpp/include' -I/usr/local/include    -fpic  -g -O2 -fstack-protector-strong -Wformat -Werror=format-security -Wdate-time -D_FORTIFY_SOURCE=2 -g  -c lowerConvexHull.c -o lowerConvexHull.o
gcc -std=gnu2x -I"/usr/local/lib/R/include" -DNDEBUG  -I'/usr/local/lib/R/site-library/Rcpp/include' -I/usr/local/include    -fpic  -g -O2 -fstack-protector-strong -Wformat -Werror=format-security -Wdate-time -D_FORTIFY_SOURCE=2 -g  -c maxi.c -o maxi.o
gcc -std=gnu2x -I"/usr/local/lib/R/include" -DNDEBUG  -I'/usr/local/lib/R/site-library/Rcpp/include' -I/usr/local/include    -fpic  -g -O2 -fstack-protector-strong -Wformat -Werror=format-security -Wdate-time -D_FORTIFY_SOURCE=2 -g  -c morphologicalFilters.c -o morphologicalFilters.o
gcc -std=gnu2x -I"/usr/local/lib/R/include" -DNDEBUG  -I'/usr/local/lib/R/site-library/Rcpp/include' -I/usr/local/include    -fpic  -g -O2 -fstack-protector-strong -Wformat -Werror=format-security -Wdate-time -D_FORTIFY_SOURCE=2 -g  -c reduce.c -o reduce.o
gcc -std=gnu2x -I"/usr/local/lib/R/include" -DNDEBUG  -I'/usr/local/lib/R/site-library/Rcpp/include' -I/usr/local/include    -fpic  -g -O2 -fstack-protector-strong -Wformat -Werror=format-security -Wdate-time -D_FORTIFY_SOURCE=2 -g  -c snip.c -o snip.o
gcc -std=gnu2x -I"/usr/local/lib/R/include" -DNDEBUG  -I'/usr/local/lib/R/site-library/Rcpp/include' -I/usr/local/include    -fpic  -g -O2 -fstack-protector-strong -Wformat -Werror=format-security -Wdate-time -D_FORTIFY_SOURCE=2 -g  -c sumi.c -o sumi.o
gcc -std=gnu2x -I"/usr/local/lib/R/include" -DNDEBUG  -I'/usr/local/lib/R/site-library/Rcpp/include' -I/usr/local/include    -fpic  -g -O2 -fstack-protector-strong -Wformat -Werror=format-security -Wdate-time -D_FORTIFY_SOURCE=2 -g  -c which.c -o which.o
gcc -std=gnu2x -shared -L/usr/local/lib/R/lib -L/usr/local/lib -o MsCoreUtils.so between.o closest.o impNeighbourAvg.o init.o join.o localMaxima.o lowerConvexHull.o maxi.o morphologicalFilters.o reduce.o snip.o sumi.o which.o -L/usr/local/lib/R/lib -lR
installing to /tmp/library/00LOCK-MsCoreUtils/00new/MsCoreUtils/libs
** R
** inst
** byte-compile and prepare package for lazy loading
** help
*** installing help indices
*** copying figures
** building package indices
** installing vignettes
** testing if installed package can be loaded from temporary location
** checking absolute paths in shared objects and dynamic libraries
** testing if installed package can be loaded from final location
** testing if installed package keeps a record of temporary installation path
* creating tarball
packaged installation of ‘MsCoreUtils’ as ‘MsCoreUtils_1.21.0_R_x86_64-pc-linux-gnu.tar.gz’
* DONE (MsCoreUtils)
* installing *source* package ‘imputeLCMD’ ...
** this is package ‘imputeLCMD’ version ‘2.1’
** package ‘imputeLCMD’ successfully unpacked and MD5 sums checked
** using staged installation
** R
** data
** byte-compile and prepare package for lazy loading
** help
*** installing help indices
** building package indices
** testing if installed package can be loaded from temporary location
** testing if installed package can be loaded from final location
** testing if installed package keeps a record of temporary installation path
* creating tarball
packaged installation of ‘imputeLCMD’ as ‘imputeLCMD_2.1_R_x86_64-pc-linux-gnu.tar.gz’
* DONE (imputeLCMD)
* installing *source* package ‘missForest’ ...
** this is package ‘missForest’ version ‘1.6.1’
** package ‘missForest’ successfully unpacked and MD5 sums checked
** using staged installation
** R
** inst
** byte-compile and prepare package for lazy loading
** help
*** installing help indices
** building package indices
** installing vignettes
** testing if installed package can be loaded from temporary location
** testing if installed package can be loaded from final location
** testing if installed package keeps a record of temporary installation path
* creating tarball
packaged installation of ‘missForest’ as ‘missForest_1.6.1_R_x86_64-pc-linux-gnu.tar.gz’
* DONE (missForest)

The downloaded source packages are in
	‘/tmp/RtmpyU30RV/downloaded_packages’
Old packages: 'promises'

real	1m42.282s
user	1m27.524s
sys	0m17.871s
