+ Rscript -e 'Sys.setenv(BIOCONDUCTOR_USE_CONTAINER_REPOSITORY=FALSE);
  p <- .libPaths();
  p <- c('\''/tmp/library'\'', '\''/mnt/library'\'', p);
  .libPaths(p);
  if(BiocManager::install('\''consensus'\'', INSTALL_opts = '\''--build'\'', update = TRUE, quiet = FALSE, dependencies=TRUE, force = TRUE, keep_outputs = TRUE) %in% rownames(installed.packages())) q(status = 0) else q(status = 1)'
'getOption("repos")' replaces Bioconductor standard repositories, see
'help("repositories", package = "BiocManager")' for details.
Replacement repositories:
    CRAN: https://cloud.r-project.org
Bioconductor version 3.23 (BiocManager 1.30.26), R Under development (unstable)
  (2025-10-28 r88973)
Installing package(s) 'consensus'
trying URL 'https://bioconductor.org/packages/3.23/bioc/src/contrib/consensus_1.29.0.tar.gz'
Content type 'application/x-gzip' length 993830 bytes (970 KB)
==================================================
downloaded 970 KB

* installing *source* package ‘consensus’ ...
** this is package ‘consensus’ version ‘1.29.0’
** using staged installation
** R
** data
** inst
** byte-compile and prepare package for lazy loading
** help
*** installing help indices
** building package indices
** installing vignettes
** testing if installed package can be loaded from temporary location
** testing if installed package can be loaded from final location
** testing if installed package keeps a record of temporary installation path
* creating tarball
packaged installation of ‘consensus’ as ‘consensus_1.29.0_R_x86_64-pc-linux-gnu.tar.gz’
* DONE (consensus)

The downloaded source packages are in
	‘/tmp/RtmpeIXSdR/downloaded_packages’
Old packages: 'BiocBook', 'rhdf5', 'promises'

real	0m15.741s
user	0m6.863s
sys	0m2.087s
