+ Rscript -e 'Sys.setenv(BIOCONDUCTOR_USE_CONTAINER_REPOSITORY=FALSE);
  p <- .libPaths();
  p <- c('\''/tmp/library'\'', '\''/mnt/library'\'', p);
  .libPaths(p);
  if(BiocManager::install('\''ConsensusClusterPlus'\'', INSTALL_opts = '\''--build'\'', update = TRUE, quiet = FALSE, dependencies=TRUE, force = TRUE, keep_outputs = TRUE) %in% rownames(installed.packages())) q(status = 0) else q(status = 1)'
'getOption("repos")' replaces Bioconductor standard repositories, see
'help("repositories", package = "BiocManager")' for details.
Replacement repositories:
    CRAN: https://cloud.r-project.org
Bioconductor version 3.23 (BiocManager 1.30.26), R Under development (unstable)
  (2025-10-28 r88973)
Installing package(s) 'ConsensusClusterPlus'
trying URL 'https://bioconductor.org/packages/3.23/bioc/src/contrib/ConsensusClusterPlus_1.75.0.tar.gz'
Content type 'application/x-gzip' length 418275 bytes (408 KB)
==================================================
downloaded 408 KB

* installing *source* package ‘ConsensusClusterPlus’ ...
** this is package ‘ConsensusClusterPlus’ version ‘1.75.0’
** using staged installation
** R
** inst
** byte-compile and prepare package for lazy loading
** help
*** installing help indices
** building package indices
** installing vignettes
** testing if installed package can be loaded from temporary location
** testing if installed package can be loaded from final location
** testing if installed package keeps a record of temporary installation path
* creating tarball
packaged installation of ‘ConsensusClusterPlus’ as ‘ConsensusClusterPlus_1.75.0_R_x86_64-pc-linux-gnu.tar.gz’
* DONE (ConsensusClusterPlus)

The downloaded source packages are in
	‘/tmp/Rtmp0BdaaC/downloaded_packages’
Old packages: 'promises'

real	0m7.141s
user	0m5.146s
sys	0m1.569s
