+ Rscript -e 'Sys.setenv(BIOCONDUCTOR_USE_CONTAINER_REPOSITORY=FALSE);
  p <- .libPaths();
  p <- c('\''/tmp/library'\'', '\''/mnt/library'\'', p);
  .libPaths(p);
  if(BiocManager::install('\''FRGEpistasis'\'', INSTALL_opts = '\''--build'\'', update = TRUE, quiet = FALSE, dependencies=TRUE, force = TRUE, keep_outputs = TRUE) %in% rownames(installed.packages())) q(status = 0) else q(status = 1)'
'getOption("repos")' replaces Bioconductor standard repositories, see
'help("repositories", package = "BiocManager")' for details.
Replacement repositories:
    CRAN: https://cloud.r-project.org
Bioconductor version 3.23 (BiocManager 1.30.26), R Under development (unstable)
  (2025-10-28 r88973)
Installing package(s) 'FRGEpistasis'
also installing the dependencies ‘ash’, ‘hdrcde’, ‘rainbow’, ‘fds’, ‘fda’

trying URL 'https://cloud.r-project.org/src/contrib/ash_1.0-15.tar.gz'
trying URL 'https://cloud.r-project.org/src/contrib/hdrcde_3.4.tar.gz'
trying URL 'https://cloud.r-project.org/src/contrib/rainbow_3.8.tar.gz'
trying URL 'https://cloud.r-project.org/src/contrib/fds_1.8.tar.gz'
trying URL 'https://cloud.r-project.org/src/contrib/fda_6.3.0.tar.gz'
trying URL 'https://bioconductor.org/packages/3.23/bioc/src/contrib/FRGEpistasis_1.47.0.tar.gz'
* installing *source* package ‘ash’ ...
** this is package ‘ash’ version ‘1.0-15’
** package ‘ash’ successfully unpacked and MD5 sums checked
** using staged installation
** libs
using Fortran compiler: ‘GNU Fortran (Ubuntu 13.3.0-6ubuntu2~24.04) 13.3.0’
gfortran  -fpic  -g -O2  -c ash.f -o ash.o
gfortran  -fpic  -g -O2  -c sort.f -o sort.o
gcc -std=gnu2x -shared -L/usr/local/lib/R/lib -L/usr/local/lib -o ash.so ash.o sort.o -lgfortran -lm -lquadmath -L/usr/local/lib/R/lib -lR
installing to /tmp/library/00LOCK-ash/00new/ash/libs
** R
** byte-compile and prepare package for lazy loading
** help
*** installing help indices
** building package indices
** testing if installed package can be loaded from temporary location
** checking absolute paths in shared objects and dynamic libraries
** testing if installed package can be loaded from final location
** testing if installed package keeps a record of temporary installation path
* creating tarball
packaged installation of ‘ash’ as ‘ash_1.0-15_R_x86_64-pc-linux-gnu.tar.gz’
* DONE (ash)
* installing *source* package ‘hdrcde’ ...
** this is package ‘hdrcde’ version ‘3.4’
** package ‘hdrcde’ successfully unpacked and MD5 sums checked
** using staged installation
** libs
using C compiler: ‘gcc (Ubuntu 13.3.0-6ubuntu2~24.04) 13.3.0’
using Fortran compiler: ‘GNU Fortran (Ubuntu 13.3.0-6ubuntu2~24.04) 13.3.0’
gcc -std=gnu2x -I"/usr/local/lib/R/include" -DNDEBUG   -I/usr/local/include    -fpic  -g -O2 -fstack-protector-strong -Wformat -Werror=format-security -Wdate-time -D_FORTIFY_SOURCE=2 -g  -c init.c -o init.o
gfortran  -fpic  -g -O2  -c linbin.f -o linbin.o
gcc -std=gnu2x -shared -L/usr/local/lib/R/lib -L/usr/local/lib -o hdrcde.so init.o linbin.o -llapack -lblas -lgfortran -lm -lquadmath -lgfortran -lm -lquadmath -L/usr/local/lib/R/lib -lR
installing to /tmp/library/00LOCK-hdrcde/00new/hdrcde/libs
** R
** data
*** moving datasets to lazyload DB
** inst
** byte-compile and prepare package for lazy loading
** help
*** installing help indices
** building package indices
** testing if installed package can be loaded from temporary location
** checking absolute paths in shared objects and dynamic libraries
** testing if installed package can be loaded from final location
** testing if installed package keeps a record of temporary installation path
* creating tarball
packaged installation of ‘hdrcde’ as ‘hdrcde_3.4_R_x86_64-pc-linux-gnu.tar.gz’
* DONE (hdrcde)
* installing *source* package ‘rainbow’ ...
** this is package ‘rainbow’ version ‘3.8’
** package ‘rainbow’ successfully unpacked and MD5 sums checked
** using staged installation
** R
** data
*** moving datasets to lazyload DB
** demo
** byte-compile and prepare package for lazy loading
** help
*** installing help indices
** building package indices
** testing if installed package can be loaded from temporary location
** testing if installed package can be loaded from final location
** testing if installed package keeps a record of temporary installation path
* creating tarball
packaged installation of ‘rainbow’ as ‘rainbow_3.8_R_x86_64-pc-linux-gnu.tar.gz’
* DONE (rainbow)
* installing *source* package ‘fds’ ...
** this is package ‘fds’ version ‘1.8’
** package ‘fds’ successfully unpacked and MD5 sums checked
** using staged installation
** R
** data
*** moving datasets to lazyload DB
** byte-compile and prepare package for lazy loading
** help
*** installing help indices
** building package indices
** testing if installed package can be loaded from temporary location
** testing if installed package can be loaded from final location
** testing if installed package keeps a record of temporary installation path
* creating tarball
packaged installation of ‘fds’ as ‘fds_1.8_R_x86_64-pc-linux-gnu.tar.gz’
* DONE (fds)
* installing *source* package ‘fda’ ...
** this is package ‘fda’ version ‘6.3.0’
** package ‘fda’ successfully unpacked and MD5 sums checked
** using staged installation
** R
** data
*** moving datasets to lazyload DB
** demo
** inst
** byte-compile and prepare package for lazy loading
** help
*** installing help indices
** building package indices
** installing vignettes
** testing if installed package can be loaded from temporary location
** testing if installed package can be loaded from final location
** testing if installed package keeps a record of temporary installation path
* creating tarball
packaged installation of ‘fda’ as ‘fda_6.3.0_R_x86_64-pc-linux-gnu.tar.gz’
* DONE (fda)
* installing *source* package ‘FRGEpistasis’ ...
** this is package ‘FRGEpistasis’ version ‘1.47.0’
** using staged installation
** R
** inst
** byte-compile and prepare package for lazy loading
** help
*** installing help indices
** building package indices
** installing vignettes
** testing if installed package can be loaded from temporary location
** testing if installed package can be loaded from final location
** testing if installed package keeps a record of temporary installation path
* creating tarball
packaged installation of ‘FRGEpistasis’ as ‘FRGEpistasis_1.47.0_R_x86_64-pc-linux-gnu.tar.gz’
* DONE (FRGEpistasis)

The downloaded source packages are in
	‘/tmp/RtmpNRIlB0/downloaded_packages’
Old packages: 'BiocBook', 'rhdf5', 'promises'

real	0m49.365s
user	0m41.520s
sys	0m9.428s
