+ Rscript -e 'Sys.setenv(BIOCONDUCTOR_USE_CONTAINER_REPOSITORY=FALSE);
  p <- .libPaths();
  p <- c('\''/tmp/library'\'', '\''/mnt/library'\'', p);
  .libPaths(p);
  if(BiocManager::install('\''ROSeq'\'', INSTALL_opts = '\''--build'\'', update = TRUE, quiet = FALSE, dependencies=TRUE, force = TRUE, keep_outputs = TRUE) %in% rownames(installed.packages())) q(status = 0) else q(status = 1)'
'getOption("repos")' replaces Bioconductor standard repositories, see
'help("repositories", package = "BiocManager")' for details.
Replacement repositories:
    CRAN: https://cloud.r-project.org
Bioconductor version 3.23 (BiocManager 1.30.26), R Under development (unstable)
  (2025-10-28 r88973)
Installing package(s) 'ROSeq'
also installing the dependency ‘pbmcapply’

trying URL 'https://cloud.r-project.org/src/contrib/pbmcapply_1.5.1.tar.gz'
trying URL 'https://bioconductor.org/packages/3.23/bioc/src/contrib/ROSeq_1.23.0.tar.gz'
* installing *source* package ‘pbmcapply’ ...
** this is package ‘pbmcapply’ version ‘1.5.1’
** package ‘pbmcapply’ successfully unpacked and MD5 sums checked
** using staged installation
** libs
using C compiler: ‘gcc (Ubuntu 13.3.0-6ubuntu2~24.04) 13.3.0’
gcc -std=gnu2x -I"/usr/local/lib/R/include" -DNDEBUG   -I/usr/local/include    -fpic  -g -O2 -fstack-protector-strong -Wformat -Werror=format-security -Wdate-time -D_FORTIFY_SOURCE=2 -g  -c process.c -o process.o
gcc -std=gnu2x -shared -L/usr/local/lib/R/lib -L/usr/local/lib -o pbmcapply.so process.o -L/usr/local/lib/R/lib -lR
installing to /tmp/library/00LOCK-pbmcapply/00new/pbmcapply/libs
** R
** byte-compile and prepare package for lazy loading
** help
*** installing help indices
** building package indices
** testing if installed package can be loaded from temporary location
** checking absolute paths in shared objects and dynamic libraries
** testing if installed package can be loaded from final location
** testing if installed package keeps a record of temporary installation path
* creating tarball
packaged installation of ‘pbmcapply’ as ‘pbmcapply_1.5.1_R_x86_64-pc-linux-gnu.tar.gz’
* DONE (pbmcapply)
* installing *source* package ‘ROSeq’ ...
** this is package ‘ROSeq’ version ‘1.23.0’
** using staged installation
** R
** data
*** moving datasets to lazyload DB
** inst
** byte-compile and prepare package for lazy loading
** help
*** installing help indices
** building package indices
** installing vignettes
** testing if installed package can be loaded from temporary location
** testing if installed package can be loaded from final location
** testing if installed package keeps a record of temporary installation path
* creating tarball
packaged installation of ‘ROSeq’ as ‘ROSeq_1.23.0_R_x86_64-pc-linux-gnu.tar.gz’
* DONE (ROSeq)

The downloaded source packages are in
	‘/tmp/RtmpjZxswT/downloaded_packages’
Old packages: 'promises'

real	0m12.582s
user	0m9.817s
sys	0m3.368s
