+ Rscript -e 'Sys.setenv(BIOCONDUCTOR_USE_CONTAINER_REPOSITORY=FALSE);
  p <- .libPaths();
  p <- c('\''/tmp/library'\'', '\''/mnt/library'\'', p);
  .libPaths(p);
  if(BiocManager::install('\''dir.expiry'\'', INSTALL_opts = '\''--build'\'', update = TRUE, quiet = FALSE, dependencies=TRUE, force = TRUE, keep_outputs = TRUE) %in% rownames(installed.packages())) q(status = 0) else q(status = 1)'
'getOption("repos")' replaces Bioconductor standard repositories, see
'help("repositories", package = "BiocManager")' for details.
Replacement repositories:
    CRAN: https://cloud.r-project.org
Bioconductor version 3.23 (BiocManager 1.30.26), R Under development (unstable)
  (2025-10-28 r88973)
Installing package(s) 'dir.expiry'
trying URL 'https://bioconductor.org/packages/3.23/bioc/src/contrib/dir.expiry_1.19.0.tar.gz'
Content type 'application/x-gzip' length 308482 bytes (301 KB)
==================================================
downloaded 301 KB

* installing *source* package ‘dir.expiry’ ...
** this is package ‘dir.expiry’ version ‘1.19.0’
** using staged installation
** R
** inst
** byte-compile and prepare package for lazy loading
** help
*** installing help indices
** building package indices
** installing vignettes
** testing if installed package can be loaded from temporary location
** testing if installed package can be loaded from final location
** testing if installed package keeps a record of temporary installation path
* creating tarball
packaged installation of ‘dir.expiry’ as ‘dir.expiry_1.19.0_R_x86_64-pc-linux-gnu.tar.gz’
* DONE (dir.expiry)

The downloaded source packages are in
	‘/tmp/Rtmpu6o0zA/downloaded_packages’
Old packages: 'BiocBook', 'rhdf5', 'promises'

real	0m10.541s
user	0m6.212s
sys	0m2.251s
