+ Rscript -e 'Sys.setenv(BIOCONDUCTOR_USE_CONTAINER_REPOSITORY=FALSE);
  p <- .libPaths();
  p <- c('\'''\'', '\'''\'', p);
  .libPaths(p);
  if(BiocManager::install('\''epistasisGA'\'', INSTALL_opts = '\''--build'\'', update = TRUE, quiet = FALSE, dependencies=TRUE, force = TRUE, keep_outputs = TRUE) %in% rownames(installed.packages())) q(status = 0) else q(status = 1)'
'getOption("repos")' replaces Bioconductor standard repositories, see
'help("repositories", package = "BiocManager")' for details.
Replacement repositories:
    CRAN: https://p3m.dev/cran/__linux__/noble/latest
Bioconductor version 3.21 (BiocManager 1.30.26), R 4.5.1 (2025-06-13)
Installing package(s) 'epistasisGA'
also installing the dependencies ‘formatR’, ‘lambda.r’, ‘futile.options’, ‘hms’, ‘mnormt’, ‘GPArotation’, ‘pbivnorm’, ‘numDeriv’, ‘quadprog’, ‘gridExtra’, ‘htmlTable’, ‘Formula’, ‘farver’, ‘labeling’, ‘RColorBrewer’, ‘futile.logger’, ‘snow’, ‘backports’, ‘base64url’, ‘checkmate’, ‘progress’, ‘psych’, ‘lavaan’, ‘plyr’, ‘Hmisc’, ‘jpeg’, ‘png’, ‘colorspace’, ‘corpcor’, ‘reshape2’, ‘glasso’, ‘fdrtool’, ‘gtools’, ‘pbapply’, ‘abind’, ‘gtable’, ‘isoband’, ‘S7’, ‘scales’, ‘bigmemory.sri’, ‘uuid’, ‘bookdown’, ‘viridisLite’, ‘svglite’, ‘BiocParallel’, ‘data.table’, ‘matrixStats’, ‘igraph’, ‘batchtools’, ‘qgraph’, ‘ggplot2’, ‘bigmemory’, ‘RcppArmadillo’, ‘BH’, ‘BiocStyle’, ‘kableExtra’

trying URL 'https://p3m.dev/cran/__linux__/noble/latest/src/contrib/formatR_1.14.tar.gz'
trying URL 'https://p3m.dev/cran/__linux__/noble/latest/src/contrib/lambda.r_1.2.4.tar.gz'
trying URL 'https://p3m.dev/cran/__linux__/noble/latest/src/contrib/futile.options_1.0.1.tar.gz'
trying URL 'https://p3m.dev/cran/__linux__/noble/latest/src/contrib/hms_1.1.4.tar.gz'
trying URL 'https://p3m.dev/cran/__linux__/noble/latest/src/contrib/mnormt_2.1.1.tar.gz'
trying URL 'https://p3m.dev/cran/__linux__/noble/latest/src/contrib/GPArotation_2025.3-1.tar.gz'
trying URL 'https://p3m.dev/cran/__linux__/noble/latest/src/contrib/pbivnorm_0.6.0.tar.gz'
trying URL 'https://p3m.dev/cran/__linux__/noble/latest/src/contrib/numDeriv_2016.8-1.1.tar.gz'
trying URL 'https://p3m.dev/cran/__linux__/noble/latest/src/contrib/quadprog_1.5-8.tar.gz'
trying URL 'https://p3m.dev/cran/__linux__/noble/latest/src/contrib/gridExtra_2.3.tar.gz'
trying URL 'https://p3m.dev/cran/__linux__/noble/latest/src/contrib/htmlTable_2.4.3.tar.gz'
trying URL 'https://p3m.dev/cran/__linux__/noble/latest/src/contrib/Formula_1.2-5.tar.gz'
trying URL 'https://p3m.dev/cran/__linux__/noble/latest/src/contrib/farver_2.1.2.tar.gz'
trying URL 'https://p3m.dev/cran/__linux__/noble/latest/src/contrib/labeling_0.4.3.tar.gz'
trying URL 'https://p3m.dev/cran/__linux__/noble/latest/src/contrib/RColorBrewer_1.1-3.tar.gz'
trying URL 'https://p3m.dev/cran/__linux__/noble/latest/src/contrib/futile.logger_1.4.3.tar.gz'
trying URL 'https://p3m.dev/cran/__linux__/noble/latest/src/contrib/snow_0.4-4.tar.gz'
trying URL 'https://p3m.dev/cran/__linux__/noble/latest/src/contrib/backports_1.5.0.tar.gz'
trying URL 'https://p3m.dev/cran/__linux__/noble/latest/src/contrib/base64url_1.4.tar.gz'
trying URL 'https://p3m.dev/cran/__linux__/noble/latest/src/contrib/checkmate_2.3.3.tar.gz'
trying URL 'https://p3m.dev/cran/__linux__/noble/latest/src/contrib/progress_1.2.3.tar.gz'
trying URL 'https://p3m.dev/cran/__linux__/noble/latest/src/contrib/psych_2.5.6.tar.gz'
trying URL 'https://p3m.dev/cran/__linux__/noble/latest/src/contrib/lavaan_0.6-20.tar.gz'
trying URL 'https://p3m.dev/cran/__linux__/noble/latest/src/contrib/plyr_1.8.9.tar.gz'
trying URL 'https://p3m.dev/cran/__linux__/noble/latest/src/contrib/Hmisc_5.2-4.tar.gz'
trying URL 'https://p3m.dev/cran/__linux__/noble/latest/src/contrib/jpeg_0.1-11.tar.gz'
trying URL 'https://p3m.dev/cran/__linux__/noble/latest/src/contrib/png_0.1-8.tar.gz'
trying URL 'https://p3m.dev/cran/__linux__/noble/latest/src/contrib/colorspace_2.1-2.tar.gz'
trying URL 'https://p3m.dev/cran/__linux__/noble/latest/src/contrib/corpcor_1.6.10.tar.gz'
trying URL 'https://p3m.dev/cran/__linux__/noble/latest/src/contrib/reshape2_1.4.4.tar.gz'
trying URL 'https://p3m.dev/cran/__linux__/noble/latest/src/contrib/glasso_1.11.tar.gz'
trying URL 'https://p3m.dev/cran/__linux__/noble/latest/src/contrib/fdrtool_1.2.18.tar.gz'
trying URL 'https://p3m.dev/cran/__linux__/noble/latest/src/contrib/gtools_3.9.5.tar.gz'
trying URL 'https://p3m.dev/cran/__linux__/noble/latest/src/contrib/pbapply_1.7-4.tar.gz'
trying URL 'https://p3m.dev/cran/__linux__/noble/latest/src/contrib/abind_1.4-8.tar.gz'
trying URL 'https://p3m.dev/cran/__linux__/noble/latest/src/contrib/gtable_0.3.6.tar.gz'
trying URL 'https://p3m.dev/cran/__linux__/noble/latest/src/contrib/isoband_0.2.7.tar.gz'
trying URL 'https://p3m.dev/cran/__linux__/noble/latest/src/contrib/S7_0.2.0.tar.gz'
trying URL 'https://p3m.dev/cran/__linux__/noble/latest/src/contrib/scales_1.4.0.tar.gz'
trying URL 'https://p3m.dev/cran/__linux__/noble/latest/src/contrib/bigmemory.sri_0.1.8.tar.gz'
trying URL 'https://p3m.dev/cran/__linux__/noble/latest/src/contrib/uuid_1.2-1.tar.gz'
trying URL 'https://p3m.dev/cran/__linux__/noble/latest/src/contrib/bookdown_0.45.tar.gz'
trying URL 'https://p3m.dev/cran/__linux__/noble/latest/src/contrib/viridisLite_0.4.2.tar.gz'
trying URL 'https://p3m.dev/cran/__linux__/noble/latest/src/contrib/svglite_2.2.2.tar.gz'
trying URL 'https://bioconductor.org/packages/3.21/bioc/src/contrib/BiocParallel_1.42.2.tar.gz'
trying URL 'https://p3m.dev/cran/__linux__/noble/latest/src/contrib/data.table_1.17.8.tar.gz'
trying URL 'https://p3m.dev/cran/__linux__/noble/latest/src/contrib/matrixStats_1.5.0.tar.gz'
trying URL 'https://p3m.dev/cran/__linux__/noble/latest/src/contrib/igraph_2.2.1.tar.gz'
trying URL 'https://p3m.dev/cran/__linux__/noble/latest/src/contrib/batchtools_0.9.18.tar.gz'
trying URL 'https://p3m.dev/cran/__linux__/noble/latest/src/contrib/qgraph_1.9.8.tar.gz'
trying URL 'https://p3m.dev/cran/__linux__/noble/latest/src/contrib/ggplot2_4.0.0.tar.gz'
trying URL 'https://p3m.dev/cran/__linux__/noble/latest/src/contrib/bigmemory_4.6.4.tar.gz'
trying URL 'https://p3m.dev/cran/__linux__/noble/latest/src/contrib/RcppArmadillo_15.0.2-2.tar.gz'
trying URL 'https://p3m.dev/cran/__linux__/noble/latest/src/contrib/BH_1.87.0-1.tar.gz'
trying URL 'https://bioconductor.org/packages/3.21/bioc/src/contrib/BiocStyle_2.36.0.tar.gz'
trying URL 'https://p3m.dev/cran/__linux__/noble/latest/src/contrib/kableExtra_1.4.0.tar.gz'
trying URL 'https://bioconductor.org/packages/3.21/bioc/src/contrib/epistasisGA_1.10.0.tar.gz'
* installing *binary* package ‘formatR’ ...
* ‘formatR’ was already a binary package and will not be rebuilt
* creating tarball
packaged installation of ‘formatR’ as ‘formatR_1.14_R_x86_64-pc-linux-gnu.tar.gz’
* DONE (formatR)
* installing *binary* package ‘futile.options’ ...
* ‘futile.options’ was already a binary package and will not be rebuilt
* creating tarball
packaged installation of ‘futile.options’ as ‘futile.options_1.0.1_R_x86_64-pc-linux-gnu.tar.gz’
* DONE (futile.options)
* installing *binary* package ‘hms’ ...
* ‘hms’ was already a binary package and will not be rebuilt
* creating tarball
packaged installation of ‘hms’ as ‘hms_1.1.4_R_x86_64-pc-linux-gnu.tar.gz’
* DONE (hms)
* installing *binary* package ‘mnormt’ ...
* ‘mnormt’ was already a binary package and will not be rebuilt
* creating tarball
packaged installation of ‘mnormt’ as ‘mnormt_2.1.1_R_x86_64-pc-linux-gnu.tar.gz’
* DONE (mnormt)
* installing *binary* package ‘GPArotation’ ...
* ‘GPArotation’ was already a binary package and will not be rebuilt
* creating tarball
packaged installation of ‘GPArotation’ as ‘GPArotation_2025.3-1_R_x86_64-pc-linux-gnu.tar.gz’
* DONE (GPArotation)
* installing *binary* package ‘pbivnorm’ ...
* ‘pbivnorm’ was already a binary package and will not be rebuilt
* creating tarball
packaged installation of ‘pbivnorm’ as ‘pbivnorm_0.6.0_R_x86_64-pc-linux-gnu.tar.gz’
* DONE (pbivnorm)
* installing *binary* package ‘numDeriv’ ...
* ‘numDeriv’ was already a binary package and will not be rebuilt
* creating tarball
packaged installation of ‘numDeriv’ as ‘numDeriv_2016.8-1.1_R_x86_64-pc-linux-gnu.tar.gz’
* DONE (numDeriv)
* installing *binary* package ‘quadprog’ ...
* ‘quadprog’ was already a binary package and will not be rebuilt
* creating tarball
packaged installation of ‘quadprog’ as ‘quadprog_1.5-8_R_x86_64-pc-linux-gnu.tar.gz’
* DONE (quadprog)
* installing *binary* package ‘Formula’ ...
* ‘Formula’ was already a binary package and will not be rebuilt
* creating tarball
packaged installation of ‘Formula’ as ‘Formula_1.2-5_R_x86_64-pc-linux-gnu.tar.gz’
* DONE (Formula)
* installing *binary* package ‘farver’ ...
* ‘farver’ was already a binary package and will not be rebuilt
* creating tarball
packaged installation of ‘farver’ as ‘farver_2.1.2_R_x86_64-pc-linux-gnu.tar.gz’
* DONE (farver)
* installing *binary* package ‘labeling’ ...
* ‘labeling’ was already a binary package and will not be rebuilt
* creating tarball
packaged installation of ‘labeling’ as ‘labeling_0.4.3_R_x86_64-pc-linux-gnu.tar.gz’
* DONE (labeling)
* installing *binary* package ‘RColorBrewer’ ...
* ‘RColorBrewer’ was already a binary package and will not be rebuilt
* creating tarball
packaged installation of ‘RColorBrewer’ as ‘RColorBrewer_1.1-3_R_x86_64-pc-linux-gnu.tar.gz’
* DONE (RColorBrewer)
* installing *binary* package ‘snow’ ...
* ‘snow’ was already a binary package and will not be rebuilt
* creating tarball
packaged installation of ‘snow’ as ‘snow_0.4-4_R_x86_64-pc-linux-gnu.tar.gz’
* DONE (snow)
* installing *binary* package ‘backports’ ...
* ‘backports’ was already a binary package and will not be rebuilt
* creating tarball
packaged installation of ‘backports’ as ‘backports_1.5.0_R_x86_64-pc-linux-gnu.tar.gz’
* DONE (backports)
* installing *binary* package ‘plyr’ ...
* ‘plyr’ was already a binary package and will not be rebuilt
* creating tarball
packaged installation of ‘plyr’ as ‘plyr_1.8.9_R_x86_64-pc-linux-gnu.tar.gz’
* DONE (plyr)
* installing *binary* package ‘jpeg’ ...
* ‘jpeg’ was already a binary package and will not be rebuilt
* creating tarball
packaged installation of ‘jpeg’ as ‘jpeg_0.1-11_R_x86_64-pc-linux-gnu.tar.gz’
* DONE (jpeg)
* installing *binary* package ‘png’ ...
* ‘png’ was already a binary package and will not be rebuilt
* creating tarball
packaged installation of ‘png’ as ‘png_0.1-8_R_x86_64-pc-linux-gnu.tar.gz’
* DONE (png)
* installing *binary* package ‘colorspace’ ...
* ‘colorspace’ was already a binary package and will not be rebuilt
* creating tarball
packaged installation of ‘colorspace’ as ‘colorspace_2.1-2_R_x86_64-pc-linux-gnu.tar.gz’
* DONE (colorspace)
* installing *binary* package ‘corpcor’ ...
* ‘corpcor’ was already a binary package and will not be rebuilt
* creating tarball
packaged installation of ‘corpcor’ as ‘corpcor_1.6.10_R_x86_64-pc-linux-gnu.tar.gz’
* DONE (corpcor)
* installing *binary* package ‘glasso’ ...
* ‘glasso’ was already a binary package and will not be rebuilt
* creating tarball
packaged installation of ‘glasso’ as ‘glasso_1.11_R_x86_64-pc-linux-gnu.tar.gz’
* DONE (glasso)
* installing *binary* package ‘fdrtool’ ...
* ‘fdrtool’ was already a binary package and will not be rebuilt
* creating tarball
packaged installation of ‘fdrtool’ as ‘fdrtool_1.2.18_R_x86_64-pc-linux-gnu.tar.gz’
* DONE (fdrtool)
* installing *binary* package ‘gtools’ ...
* ‘gtools’ was already a binary package and will not be rebuilt
* creating tarball
packaged installation of ‘gtools’ as ‘gtools_3.9.5_R_x86_64-pc-linux-gnu.tar.gz’
* DONE (gtools)
* installing *binary* package ‘pbapply’ ...
* ‘pbapply’ was already a binary package and will not be rebuilt
* creating tarball
packaged installation of ‘pbapply’ as ‘pbapply_1.7-4_R_x86_64-pc-linux-gnu.tar.gz’
* DONE (pbapply)
* installing *binary* package ‘abind’ ...
* ‘abind’ was already a binary package and will not be rebuilt
* creating tarball
packaged installation of ‘abind’ as ‘abind_1.4-8_R_x86_64-pc-linux-gnu.tar.gz’
* DONE (abind)
* installing *binary* package ‘gtable’ ...
* ‘gtable’ was already a binary package and will not be rebuilt
* creating tarball
packaged installation of ‘gtable’ as ‘gtable_0.3.6_R_x86_64-pc-linux-gnu.tar.gz’
* DONE (gtable)
* installing *binary* package ‘isoband’ ...
* ‘isoband’ was already a binary package and will not be rebuilt
* creating tarball
packaged installation of ‘isoband’ as ‘isoband_0.2.7_R_x86_64-pc-linux-gnu.tar.gz’
* DONE (isoband)
* installing *binary* package ‘S7’ ...
* ‘S7’ was already a binary package and will not be rebuilt
* creating tarball
packaged installation of ‘S7’ as ‘S7_0.2.0_R_x86_64-pc-linux-gnu.tar.gz’
* DONE (S7)
* installing *binary* package ‘bigmemory.sri’ ...
* ‘bigmemory.sri’ was already a binary package and will not be rebuilt
* creating tarball
packaged installation of ‘bigmemory.sri’ as ‘bigmemory.sri_0.1.8_R_x86_64-pc-linux-gnu.tar.gz’
* DONE (bigmemory.sri)
* installing *binary* package ‘uuid’ ...
* ‘uuid’ was already a binary package and will not be rebuilt
* creating tarball
packaged installation of ‘uuid’ as ‘uuid_1.2-1_R_x86_64-pc-linux-gnu.tar.gz’
* DONE (uuid)
* installing *binary* package ‘bookdown’ ...
* ‘bookdown’ was already a binary package and will not be rebuilt
* creating tarball
packaged installation of ‘bookdown’ as ‘bookdown_0.45_R_x86_64-pc-linux-gnu.tar.gz’
* DONE (bookdown)
* installing *binary* package ‘viridisLite’ ...
* ‘viridisLite’ was already a binary package and will not be rebuilt
* creating tarball
packaged installation of ‘viridisLite’ as ‘viridisLite_0.4.2_R_x86_64-pc-linux-gnu.tar.gz’
* DONE (viridisLite)
* installing *binary* package ‘svglite’ ...
* ‘svglite’ was already a binary package and will not be rebuilt
* creating tarball
packaged installation of ‘svglite’ as ‘svglite_2.2.2_R_x86_64-pc-linux-gnu.tar.gz’
* DONE (svglite)
* installing *binary* package ‘data.table’ ...
* ‘data.table’ was already a binary package and will not be rebuilt
* creating tarball
packaged installation of ‘data.table’ as ‘data.table_1.17.8_R_x86_64-pc-linux-gnu.tar.gz’
* DONE (data.table)
* installing *binary* package ‘matrixStats’ ...
* ‘matrixStats’ was already a binary package and will not be rebuilt
* creating tarball
packaged installation of ‘matrixStats’ as ‘matrixStats_1.5.0_R_x86_64-pc-linux-gnu.tar.gz’
* DONE (matrixStats)
* installing *binary* package ‘igraph’ ...
* ‘igraph’ was already a binary package and will not be rebuilt
* creating tarball
packaged installation of ‘igraph’ as ‘igraph_2.2.1_R_x86_64-pc-linux-gnu.tar.gz’
* DONE (igraph)
* installing *binary* package ‘RcppArmadillo’ ...
* ‘RcppArmadillo’ was already a binary package and will not be rebuilt
* creating tarball
packaged installation of ‘RcppArmadillo’ as ‘RcppArmadillo_15.0.2-2_R_x86_64-pc-linux-gnu.tar.gz’
* DONE (RcppArmadillo)
* installing *binary* package ‘BH’ ...
* ‘BH’ was already a binary package and will not be rebuilt
* creating tarball
packaged installation of ‘BH’ as ‘BH_1.87.0-1_R_x86_64-pc-linux-gnu.tar.gz’
* DONE (BH)
* installing *binary* package ‘lambda.r’ ...
* ‘lambda.r’ was already a binary package and will not be rebuilt
* creating tarball
packaged installation of ‘lambda.r’ as ‘lambda.r_1.2.4_R_x86_64-pc-linux-gnu.tar.gz’
* DONE (lambda.r)
* installing *binary* package ‘gridExtra’ ...
* ‘gridExtra’ was already a binary package and will not be rebuilt
* creating tarball
packaged installation of ‘gridExtra’ as ‘gridExtra_2.3_R_x86_64-pc-linux-gnu.tar.gz’
* DONE (gridExtra)
* installing *binary* package ‘base64url’ ...
* ‘base64url’ was already a binary package and will not be rebuilt
* creating tarball
packaged installation of ‘base64url’ as ‘base64url_1.4_R_x86_64-pc-linux-gnu.tar.gz’
* DONE (base64url)
* installing *binary* package ‘checkmate’ ...
* ‘checkmate’ was already a binary package and will not be rebuilt
* creating tarball
packaged installation of ‘checkmate’ as ‘checkmate_2.3.3_R_x86_64-pc-linux-gnu.tar.gz’
* DONE (checkmate)
* installing *binary* package ‘progress’ ...
* ‘progress’ was already a binary package and will not be rebuilt
* creating tarball
packaged installation of ‘progress’ as ‘progress_1.2.3_R_x86_64-pc-linux-gnu.tar.gz’
* DONE (progress)
* installing *binary* package ‘psych’ ...
* ‘psych’ was already a binary package and will not be rebuilt
* creating tarball
packaged installation of ‘psych’ as ‘psych_2.5.6_R_x86_64-pc-linux-gnu.tar.gz’
* DONE (psych)
* installing *binary* package ‘lavaan’ ...
* ‘lavaan’ was already a binary package and will not be rebuilt
* creating tarball
packaged installation of ‘lavaan’ as ‘lavaan_0.6-20_R_x86_64-pc-linux-gnu.tar.gz’
* DONE (lavaan)
* installing *binary* package ‘reshape2’ ...
* ‘reshape2’ was already a binary package and will not be rebuilt
* creating tarball
packaged installation of ‘reshape2’ as ‘reshape2_1.4.4_R_x86_64-pc-linux-gnu.tar.gz’
* DONE (reshape2)
* installing *binary* package ‘scales’ ...
* ‘scales’ was already a binary package and will not be rebuilt
* creating tarball
packaged installation of ‘scales’ as ‘scales_1.4.0_R_x86_64-pc-linux-gnu.tar.gz’
* DONE (scales)
* installing *binary* package ‘bigmemory’ ...
* ‘bigmemory’ was already a binary package and will not be rebuilt
* creating tarball
packaged installation of ‘bigmemory’ as ‘bigmemory_4.6.4_R_x86_64-pc-linux-gnu.tar.gz’
* DONE (bigmemory)
* installing *source* package ‘BiocStyle’ ...
** this is package ‘BiocStyle’ version ‘2.36.0’
** using staged installation
** R
** inst
** byte-compile and prepare package for lazy loading
** help
*** installing help indices
** building package indices
** installing vignettes
** testing if installed package can be loaded from temporary location
** testing if installed package can be loaded from final location
** testing if installed package keeps a record of temporary installation path
* creating tarball
packaged installation of ‘BiocStyle’ as ‘BiocStyle_2.36.0_R_x86_64-pc-linux-gnu.tar.gz’
* DONE (BiocStyle)
* installing *binary* package ‘htmlTable’ ...
* ‘htmlTable’ was already a binary package and will not be rebuilt
* creating tarball
packaged installation of ‘htmlTable’ as ‘htmlTable_2.4.3_R_x86_64-pc-linux-gnu.tar.gz’
* DONE (htmlTable)
* installing *binary* package ‘futile.logger’ ...
* ‘futile.logger’ was already a binary package and will not be rebuilt
* creating tarball
packaged installation of ‘futile.logger’ as ‘futile.logger_1.4.3_R_x86_64-pc-linux-gnu.tar.gz’
* DONE (futile.logger)
* installing *binary* package ‘batchtools’ ...
* ‘batchtools’ was already a binary package and will not be rebuilt
* creating tarball
packaged installation of ‘batchtools’ as ‘batchtools_0.9.18_R_x86_64-pc-linux-gnu.tar.gz’
* DONE (batchtools)
* installing *binary* package ‘ggplot2’ ...
* ‘ggplot2’ was already a binary package and will not be rebuilt
* creating tarball
packaged installation of ‘ggplot2’ as ‘ggplot2_4.0.0_R_x86_64-pc-linux-gnu.tar.gz’
* DONE (ggplot2)
* installing *binary* package ‘kableExtra’ ...
* ‘kableExtra’ was already a binary package and will not be rebuilt
* creating tarball
packaged installation of ‘kableExtra’ as ‘kableExtra_1.4.0_R_x86_64-pc-linux-gnu.tar.gz’
* DONE (kableExtra)
* installing *binary* package ‘Hmisc’ ...
* ‘Hmisc’ was already a binary package and will not be rebuilt
* creating tarball
packaged installation of ‘Hmisc’ as ‘Hmisc_5.2-4_R_x86_64-pc-linux-gnu.tar.gz’
* DONE (Hmisc)
* installing *source* package ‘BiocParallel’ ...
** this is package ‘BiocParallel’ version ‘1.42.2’
** using staged installation
checking whether the C++ compiler works... yes
checking for C++ compiler default output file name... a.out
checking for suffix of executables... 
checking whether we are cross compiling... no
checking for suffix of object files... o
checking whether the compiler supports GNU C++... yes
checking whether g++ -std=gnu++17 accepts -g... yes
checking for g++ -std=gnu++17 option to enable C++11 features... none needed
checking for library containing shm_open... none required
checking for stdio.h... yes
checking for stdlib.h... yes
checking for string.h... yes
checking for inttypes.h... yes
checking for stdint.h... yes
checking for strings.h... yes
checking for sys/stat.h... yes
checking for sys/types.h... yes
checking for unistd.h... yes
checking for sys/mman.h... yes
configure: creating ./config.status
config.status: creating src/Makevars
** libs
using C++ compiler: ‘g++ (Ubuntu 13.3.0-6ubuntu2~24.04) 13.3.0’
using C++11
g++ -std=gnu++11 -I"/usr/local/lib/R/include" -DNDEBUG -I"./" -I'/usr/local/lib/R/site-library/BH/include' -I'/usr/local/lib/R/site-library/cpp11/include' -I/usr/local/include    -fpic  -g -O2 -fstack-protector-strong -Wformat -Werror=format-security -Wdate-time -D_FORTIFY_SOURCE=2 -g   -c cpp11.cpp -o cpp11.o
g++ -std=gnu++11 -I"/usr/local/lib/R/include" -DNDEBUG -I"./" -I'/usr/local/lib/R/site-library/BH/include' -I'/usr/local/lib/R/site-library/cpp11/include' -I/usr/local/include    -fpic  -g -O2 -fstack-protector-strong -Wformat -Werror=format-security -Wdate-time -D_FORTIFY_SOURCE=2 -g   -c ipcmutex.cpp -o ipcmutex.o
g++ -std=gnu++11 -shared -L/usr/local/lib/R/lib -L/usr/local/lib -o BiocParallel.so cpp11.o ipcmutex.o -L/usr/local/lib/R/lib -lR
installing to /usr/local/lib/R/site-library/00LOCK-BiocParallel/00new/BiocParallel/libs
** R
** inst
** byte-compile and prepare package for lazy loading
** help
*** installing help indices
** building package indices
** installing vignettes
** testing if installed package can be loaded from temporary location
** checking absolute paths in shared objects and dynamic libraries
** testing if installed package can be loaded from final location
** testing if installed package keeps a record of temporary installation path
* creating tarball
packaged installation of ‘BiocParallel’ as ‘BiocParallel_1.42.2_R_x86_64-pc-linux-gnu.tar.gz’
* DONE (BiocParallel)
* installing *binary* package ‘qgraph’ ...
* ‘qgraph’ was already a binary package and will not be rebuilt
* creating tarball
packaged installation of ‘qgraph’ as ‘qgraph_1.9.8_R_x86_64-pc-linux-gnu.tar.gz’
* DONE (qgraph)
* installing *source* package ‘epistasisGA’ ...
** this is package ‘epistasisGA’ version ‘1.10.0’
** using staged installation
** libs
using C++ compiler: ‘g++ (Ubuntu 13.3.0-6ubuntu2~24.04) 13.3.0’
g++ -std=gnu++17 -I"/usr/local/lib/R/include" -DNDEBUG  -I'/usr/local/lib/R/site-library/Rcpp/include' -I'/usr/local/lib/R/site-library/RcppArmadillo/include' -I'/usr/local/lib/R/site-library/BH/include' -I'/usr/local/lib/R/site-library/bigmemory/include' -I/usr/local/include    -fpic  -g -O2 -fstack-protector-strong -Wformat -Werror=format-security -Wdate-time -D_FORTIFY_SOURCE=2 -g   -c RcppExports.cpp -o RcppExports.o
g++ -std=gnu++17 -I"/usr/local/lib/R/include" -DNDEBUG  -I'/usr/local/lib/R/site-library/Rcpp/include' -I'/usr/local/lib/R/site-library/RcppArmadillo/include' -I'/usr/local/lib/R/site-library/BH/include' -I'/usr/local/lib/R/site-library/bigmemory/include' -I/usr/local/include    -fpic  -g -O2 -fstack-protector-strong -Wformat -Werror=format-security -Wdate-time -D_FORTIFY_SOURCE=2 -g   -c epistasisGA.cpp -o epistasisGA.o
In file included from /usr/local/lib/R/site-library/BH/include/boost/smart_ptr/shared_ptr.hpp:17,
                 from /usr/local/lib/R/site-library/BH/include/boost/shared_ptr.hpp:17,
                 from /usr/local/lib/R/site-library/bigmemory/include/bigmemory/BigMatrix.h:10,
                 from epistasisGA.cpp:7:
/usr/local/lib/R/site-library/BH/include/boost/smart_ptr/detail/shared_count.hpp:326:33: warning: ‘template<class> class std::auto_ptr’ is deprecated: use 'std::unique_ptr' instead [-Wdeprecated-declarations]
  326 |     explicit shared_count( std::auto_ptr<Y> & r ): pi_( new sp_counted_impl_p<Y>( r.get() ) )
      |                                 ^~~~~~~~
In file included from /usr/include/c++/13/memory:78,
                 from /usr/local/lib/R/site-library/RcppArmadillo/include/current/armadillo:38,
                 from /usr/local/lib/R/site-library/RcppArmadillo/include/RcppArmadillo/interface/RcppArmadilloForward.h:57,
                 from /usr/local/lib/R/site-library/RcppArmadillo/include/RcppArmadillo.h:32,
                 from epistasisGA.cpp:1:
/usr/include/c++/13/bits/unique_ptr.h:65:28: note: declared here
   65 |   template<typename> class auto_ptr;
      |                            ^~~~~~~~
/usr/local/lib/R/site-library/BH/include/boost/smart_ptr/shared_ptr.hpp:354:31: warning: ‘template<class> class std::auto_ptr’ is deprecated: use 'std::unique_ptr' instead [-Wdeprecated-declarations]
  354 |     explicit shared_ptr( std::auto_ptr<Y> & r ): px(r.get()), pn()
      |                               ^~~~~~~~
/usr/include/c++/13/bits/unique_ptr.h:65:28: note: declared here
   65 |   template<typename> class auto_ptr;
      |                            ^~~~~~~~
/usr/local/lib/R/site-library/BH/include/boost/smart_ptr/shared_ptr.hpp:365:22: warning: ‘template<class> class std::auto_ptr’ is deprecated: use 'std::unique_ptr' instead [-Wdeprecated-declarations]
  365 |     shared_ptr( std::auto_ptr<Y> && r ): px(r.get()), pn()
      |                      ^~~~~~~~
/usr/include/c++/13/bits/unique_ptr.h:65:28: note: declared here
   65 |   template<typename> class auto_ptr;
      |                            ^~~~~~~~
/usr/local/lib/R/site-library/BH/include/boost/smart_ptr/shared_ptr.hpp:423:34: warning: ‘template<class> class std::auto_ptr’ is deprecated: use 'std::unique_ptr' instead [-Wdeprecated-declarations]
  423 |     shared_ptr & operator=( std::auto_ptr<Y> & r )
      |                                  ^~~~~~~~
/usr/include/c++/13/bits/unique_ptr.h:65:28: note: declared here
   65 |   template<typename> class auto_ptr;
      |                            ^~~~~~~~
/usr/local/lib/R/site-library/BH/include/boost/smart_ptr/shared_ptr.hpp:430:34: warning: ‘template<class> class std::auto_ptr’ is deprecated: use 'std::unique_ptr' instead [-Wdeprecated-declarations]
  430 |     shared_ptr & operator=( std::auto_ptr<Y> && r )
      |                                  ^~~~~~~~
/usr/include/c++/13/bits/unique_ptr.h:65:28: note: declared here
   65 |   template<typename> class auto_ptr;
      |                            ^~~~~~~~
/usr/local/lib/R/site-library/BH/include/boost/smart_ptr/shared_ptr.hpp: In member function ‘boost::shared_ptr<T>& boost::shared_ptr<T>::operator=(std::auto_ptr<_Up>&&)’:
/usr/local/lib/R/site-library/BH/include/boost/smart_ptr/shared_ptr.hpp:432:38: warning: ‘template<class> class std::auto_ptr’ is deprecated: use 'std::unique_ptr' instead [-Wdeprecated-declarations]
  432 |         this_type( static_cast< std::auto_ptr<Y> && >( r ) ).swap( *this );
      |                                      ^~~~~~~~
/usr/include/c++/13/bits/unique_ptr.h:65:28: note: declared here
   65 |   template<typename> class auto_ptr;
      |                            ^~~~~~~~
epistasisGA.cpp: In function ‘Rcpp::List chrom_fitness_score(Rcpp::IntegerMatrix, Rcpp::IntegerMatrix, Rcpp::IntegerVector, Rcpp::IntegerVector, Rcpp::IntegerVector, int, int, double, double, bool)’:
epistasisGA.cpp:970:26: warning: ‘bool arma::is_finite(eT, const typename arma_scalar_only<eT>::result*) [with eT = double; typename arma_scalar_only<eT>::result = double]’ is deprecated: change arma::is_finite(val) to std::isfinite(val) [-Wdeprecated-declarations]
  970 |          !arma::is_finite(n_case_high_risk) | !arma::is_finite(n_comp_high_risk)){
      |           ~~~~~~~~~~~~~~~^~~~~~~~~~~~~~~~~~
In file included from /usr/local/lib/R/site-library/RcppArmadillo/include/current/armadillo:518:
/usr/local/lib/R/site-library/RcppArmadillo/include/current/armadillo_bits/fn_misc.hpp:167:1: note: declared here
  167 | is_finite(const eT x, const typename arma_scalar_only<eT>::result* junk = nullptr)
      | ^~~~~~~~~
epistasisGA.cpp:970:63: warning: ‘bool arma::is_finite(eT, const typename arma_scalar_only<eT>::result*) [with eT = double; typename arma_scalar_only<eT>::result = double]’ is deprecated: change arma::is_finite(val) to std::isfinite(val) [-Wdeprecated-declarations]
  970 |          !arma::is_finite(n_case_high_risk) | !arma::is_finite(n_comp_high_risk)){
      |                                                ~~~~~~~~~~~~~~~^~~~~~~~~~~~~~~~~~
/usr/local/lib/R/site-library/RcppArmadillo/include/current/armadillo_bits/fn_misc.hpp:167:1: note: declared here
  167 | is_finite(const eT x, const typename arma_scalar_only<eT>::result* junk = nullptr)
      | ^~~~~~~~~
epistasisGA.cpp:1045:77: warning: ‘bool arma::is_finite(eT, const typename arma_scalar_only<eT>::result*) [with eT = double; typename arma_scalar_only<eT>::result = double]’ is deprecated: change arma::is_finite(val) to std::isfinite(val) [-Wdeprecated-declarations]
 1045 |     if ( (fitness_score <= 0) | R_isnancpp(fitness_score) | !arma::is_finite(fitness_score) ){
      |                                                              ~~~~~~~~~~~~~~~^~~~~~~~~~~~~~~
/usr/local/lib/R/site-library/RcppArmadillo/include/current/armadillo_bits/fn_misc.hpp:167:1: note: declared here
  167 | is_finite(const eT x, const typename arma_scalar_only<eT>::result* junk = nullptr)
      | ^~~~~~~~~
epistasisGA.cpp: In function ‘Rcpp::List GxE_fitness_score_mvlm(Rcpp::NumericMatrix, Rcpp::NumericMatrix, Rcpp::NumericMatrix, Rcpp::NumericMatrix, arma::uvec, arma::vec, arma::vec, arma::vec, int, int)’:
epistasisGA.cpp:1382:64: warning: ‘bool arma::is_finite(eT, const typename arma_scalar_only<eT>::result*) [with eT = double; typename arma_scalar_only<eT>::result = double]’ is deprecated: change arma::is_finite(val) to std::isfinite(val) [-Wdeprecated-declarations]
 1382 |             if ( (s <= 0) | (R_isnancpp(s)) | (!arma::is_finite(s)) | any(H_Einv_diag <= 0)){
      |                                                 ~~~~~~~~~~~~~~~^~~
/usr/local/lib/R/site-library/RcppArmadillo/include/current/armadillo_bits/fn_misc.hpp:167:1: note: declared here
  167 | is_finite(const eT x, const typename arma_scalar_only<eT>::result* junk = nullptr)
      | ^~~~~~~~~
g++ -std=gnu++17 -shared -L/usr/local/lib/R/lib -L/usr/local/lib -o epistasisGA.so RcppExports.o epistasisGA.o -llapack -lblas -lgfortran -lm -lquadmath -L/usr/local/lib/R/lib -lR
installing to /usr/local/lib/R/site-library/00LOCK-epistasisGA/00new/epistasisGA/libs
** R
** data
** inst
** byte-compile and prepare package for lazy loading
** help
*** installing help indices
** building package indices
** installing vignettes
** testing if installed package can be loaded from temporary location
** checking absolute paths in shared objects and dynamic libraries
** testing if installed package can be loaded from final location
** testing if installed package keeps a record of temporary installation path
* creating tarball
packaged installation of ‘epistasisGA’ as ‘epistasisGA_1.10.0_R_x86_64-pc-linux-gnu.tar.gz’
* DONE (epistasisGA)

The downloaded source packages are in
	‘/tmp/RtmpFFgrEu/downloaded_packages’
Old packages: 'xml2'

real	1m45.431s
user	1m28.933s
sys	0m22.276s
