+ Rscript -e 'Sys.setenv(BIOCONDUCTOR_USE_CONTAINER_REPOSITORY=FALSE);
  p <- .libPaths();
  p <- c('\''/tmp/library'\'', '\''/mnt/library'\'', p);
  .libPaths(p);
  if(BiocManager::install('\''miRcomp'\'', INSTALL_opts = '\''--build'\'', update = TRUE, quiet = FALSE, dependencies=TRUE, force = TRUE, keep_outputs = TRUE) %in% rownames(installed.packages())) q(status = 0) else q(status = 1)'
'getOption("repos")' replaces Bioconductor standard repositories, see
'help("repositories", package = "BiocManager")' for details.
Replacement repositories:
    CRAN: https://cloud.r-project.org
Bioconductor version 3.23 (BiocManager 1.30.26), R Under development (unstable)
  (2025-10-28 r88973)
Installing package(s) 'miRcomp'
also installing the dependency ‘miRcompData’

trying URL 'https://bioconductor.org/packages/3.23/data/experiment/src/contrib/miRcompData_1.41.0.tar.gz'
trying URL 'https://bioconductor.org/packages/3.23/bioc/src/contrib/miRcomp_1.41.0.tar.gz'
* installing *source* package ‘miRcompData’ ...
** this is package ‘miRcompData’ version ‘1.41.0’
** using staged installation
** data
** help
*** installing help indices
** building package indices
** testing if installed package can be loaded from temporary location
** testing if installed package can be loaded from final location
** testing if installed package keeps a record of temporary installation path
* creating tarball
packaged installation of ‘miRcompData’ as ‘miRcompData_1.41.0_R_x86_64-pc-linux-gnu.tar.gz’
* DONE (miRcompData)
* installing *source* package ‘miRcomp’ ...
** this is package ‘miRcomp’ version ‘1.41.0’
** using staged installation
** R
** data
** inst
** byte-compile and prepare package for lazy loading
** help
*** installing help indices
** building package indices
** installing vignettes
** testing if installed package can be loaded from temporary location
** testing if installed package can be loaded from final location
** testing if installed package keeps a record of temporary installation path
* creating tarball
packaged installation of ‘miRcomp’ as ‘miRcomp_1.41.0_R_x86_64-pc-linux-gnu.tar.gz’
* DONE (miRcomp)

The downloaded source packages are in
	‘/tmp/RtmplkMJer/downloaded_packages’
Old packages: 'promises'

real	0m9.086s
user	0m6.996s
sys	0m2.571s
