+ Rscript -e 'Sys.setenv(BIOCONDUCTOR_USE_CONTAINER_REPOSITORY=FALSE);
  p <- .libPaths();
  p <- c('\''/tmp/library'\'', '\''/mnt/library'\'', p);
  .libPaths(p);
  if(BiocManager::install('\''uSORT'\'', INSTALL_opts = '\''--build'\'', update = TRUE, quiet = FALSE, dependencies=TRUE, force = TRUE, keep_outputs = TRUE) %in% rownames(installed.packages())) q(status = 0) else q(status = 1)'
'getOption("repos")' replaces Bioconductor standard repositories, see
'help("repositories", package = "BiocManager")' for details.
Replacement repositories:
    CRAN: https://cloud.r-project.org
Bioconductor version 3.23 (BiocManager 1.30.26), R Under development (unstable)
  (2025-10-28 r88973)
Installing package(s) 'uSORT'
trying URL 'https://bioconductor.org/packages/3.23/bioc/src/contrib/uSORT_1.37.0.tar.gz'
Content type 'application/x-gzip' length 2950358 bytes (2.8 MB)
==================================================
downloaded 2.8 MB

* installing *source* package ‘uSORT’ ...
** this is package ‘uSORT’ version ‘1.37.0’
** using staged installation
** R
** inst
** byte-compile and prepare package for lazy loading
Warning message:
no DISPLAY variable so Tk is not available 
No methods found in package ‘BiocGenerics’ for request: ‘clusterEvalQ’ when loading ‘uSORT’
No methods found in package ‘BiocGenerics’ for request: ‘parCapply’ when loading ‘uSORT’
No methods found in package ‘BiocGenerics’ for request: ‘parRapply’ when loading ‘uSORT’
Note: break used in wrong context: no loop is visible 
** help
*** installing help indices
** building package indices
** installing vignettes
** testing if installed package can be loaded from temporary location
Warning: no DISPLAY variable so Tk is not available
No methods found in package ‘BiocGenerics’ for request: ‘clusterEvalQ’ when loading ‘uSORT’
No methods found in package ‘BiocGenerics’ for request: ‘parCapply’ when loading ‘uSORT’
No methods found in package ‘BiocGenerics’ for request: ‘parRapply’ when loading ‘uSORT’
** testing if installed package can be loaded from final location
Warning: no DISPLAY variable so Tk is not available
No methods found in package ‘BiocGenerics’ for request: ‘clusterEvalQ’ when loading ‘uSORT’
No methods found in package ‘BiocGenerics’ for request: ‘parCapply’ when loading ‘uSORT’
No methods found in package ‘BiocGenerics’ for request: ‘parRapply’ when loading ‘uSORT’
** testing if installed package keeps a record of temporary installation path
* creating tarball
packaged installation of ‘uSORT’ as ‘uSORT_1.37.0_R_x86_64-pc-linux-gnu.tar.gz’
* DONE (uSORT)

The downloaded source packages are in
	‘/tmp/Rtmp4qP1Nn/downloaded_packages’
Old packages: 'promises'

real	0m32.394s
user	0m21.853s
sys	0m10.438s
