+ Rscript -e 'Sys.setenv(BIOCONDUCTOR_USE_CONTAINER_REPOSITORY=FALSE);
  p <- .libPaths();
  p <- c('\'''\'', '\'''\'', p);
  .libPaths(p);
  if(BiocManager::install('\''TreeAndLeaf'\'', INSTALL_opts = '\''--build'\'', update = TRUE, quiet = FALSE, dependencies=TRUE, force = TRUE, keep_outputs = TRUE) %in% rownames(installed.packages())) q(status = 0) else q(status = 1)'
'getOption("repos")' replaces Bioconductor standard repositories, see
'help("repositories", package = "BiocManager")' for details.
Replacement repositories:
    CRAN: https://p3m.dev/cran/__linux__/noble/latest
Bioconductor version 3.21 (BiocManager 1.30.26), R 4.5.1 (2025-06-13)
Installing package(s) 'TreeAndLeaf'
also installing the dependencies ‘gridGraphics’, ‘farver’, ‘labeling’, ‘viridisLite’, ‘ggplotify’, ‘patchwork’, ‘lazyeval’, ‘gridExtra’, ‘scales’, ‘bookdown’, ‘generics’, ‘snow’, ‘data.table’, ‘aplot’, ‘ggfun’, ‘yulab.utils’, ‘tidyr’, ‘tidytree’, ‘treeio’, ‘gtable’, ‘isoband’, ‘S7’, ‘tidyselect’, ‘viridis’, ‘RedeR’, ‘igraph’, ‘ape’, ‘BiocStyle’, ‘RUnit’, ‘BiocGenerics’, ‘geneplast’, ‘ggtree’, ‘ggplot2’, ‘dplyr’, ‘dendextend’, ‘RColorBrewer’

trying URL 'https://p3m.dev/cran/__linux__/noble/latest/src/contrib/gridGraphics_0.5-1.tar.gz'
trying URL 'https://p3m.dev/cran/__linux__/noble/latest/src/contrib/farver_2.1.2.tar.gz'
trying URL 'https://p3m.dev/cran/__linux__/noble/latest/src/contrib/labeling_0.4.3.tar.gz'
trying URL 'https://p3m.dev/cran/__linux__/noble/latest/src/contrib/viridisLite_0.4.2.tar.gz'
trying URL 'https://p3m.dev/cran/__linux__/noble/latest/src/contrib/ggplotify_0.1.3.tar.gz'
trying URL 'https://p3m.dev/cran/__linux__/noble/latest/src/contrib/patchwork_1.3.2.tar.gz'
trying URL 'https://p3m.dev/cran/__linux__/noble/latest/src/contrib/lazyeval_0.2.2.tar.gz'
trying URL 'https://p3m.dev/cran/__linux__/noble/latest/src/contrib/gridExtra_2.3.tar.gz'
trying URL 'https://p3m.dev/cran/__linux__/noble/latest/src/contrib/scales_1.4.0.tar.gz'
trying URL 'https://p3m.dev/cran/__linux__/noble/latest/src/contrib/bookdown_0.45.tar.gz'
trying URL 'https://p3m.dev/cran/__linux__/noble/latest/src/contrib/generics_0.1.4.tar.gz'
trying URL 'https://p3m.dev/cran/__linux__/noble/latest/src/contrib/snow_0.4-4.tar.gz'
trying URL 'https://p3m.dev/cran/__linux__/noble/latest/src/contrib/data.table_1.17.8.tar.gz'
trying URL 'https://p3m.dev/cran/__linux__/noble/latest/src/contrib/aplot_0.2.9.tar.gz'
trying URL 'https://p3m.dev/cran/__linux__/noble/latest/src/contrib/ggfun_0.2.0.tar.gz'
trying URL 'https://p3m.dev/cran/__linux__/noble/latest/src/contrib/yulab.utils_0.2.1.tar.gz'
trying URL 'https://p3m.dev/cran/__linux__/noble/latest/src/contrib/tidyr_1.3.1.tar.gz'
trying URL 'https://p3m.dev/cran/__linux__/noble/latest/src/contrib/tidytree_0.4.6.tar.gz'
trying URL 'https://bioconductor.org/packages/3.21/bioc/src/contrib/treeio_1.32.0.tar.gz'
trying URL 'https://p3m.dev/cran/__linux__/noble/latest/src/contrib/gtable_0.3.6.tar.gz'
trying URL 'https://p3m.dev/cran/__linux__/noble/latest/src/contrib/isoband_0.2.7.tar.gz'
trying URL 'https://p3m.dev/cran/__linux__/noble/latest/src/contrib/S7_0.2.0.tar.gz'
trying URL 'https://p3m.dev/cran/__linux__/noble/latest/src/contrib/tidyselect_1.2.1.tar.gz'
trying URL 'https://p3m.dev/cran/__linux__/noble/latest/src/contrib/viridis_0.6.5.tar.gz'
trying URL 'https://bioconductor.org/packages/3.21/bioc/src/contrib/RedeR_3.4.0.tar.gz'
trying URL 'https://p3m.dev/cran/__linux__/noble/latest/src/contrib/igraph_2.2.1.tar.gz'
trying URL 'https://p3m.dev/cran/__linux__/noble/latest/src/contrib/ape_5.8-1.tar.gz'
trying URL 'https://bioconductor.org/packages/3.21/bioc/src/contrib/BiocStyle_2.36.0.tar.gz'
trying URL 'https://p3m.dev/cran/__linux__/noble/latest/src/contrib/RUnit_0.4.33.1.tar.gz'
trying URL 'https://bioconductor.org/packages/3.21/bioc/src/contrib/BiocGenerics_0.54.1.tar.gz'
trying URL 'https://bioconductor.org/packages/3.21/bioc/src/contrib/geneplast_1.34.0.tar.gz'
trying URL 'https://bioconductor.org/packages/3.21/bioc/src/contrib/ggtree_3.16.3.tar.gz'
trying URL 'https://p3m.dev/cran/__linux__/noble/latest/src/contrib/ggplot2_4.0.0.tar.gz'
trying URL 'https://p3m.dev/cran/__linux__/noble/latest/src/contrib/dplyr_1.1.4.tar.gz'
trying URL 'https://p3m.dev/cran/__linux__/noble/latest/src/contrib/dendextend_1.19.1.tar.gz'
trying URL 'https://p3m.dev/cran/__linux__/noble/latest/src/contrib/RColorBrewer_1.1-3.tar.gz'
trying URL 'https://bioconductor.org/packages/3.21/bioc/src/contrib/TreeAndLeaf_1.20.0.tar.gz'
* installing *binary* package ‘gridGraphics’ ...
* ‘gridGraphics’ was already a binary package and will not be rebuilt
* creating tarball
packaged installation of ‘gridGraphics’ as ‘gridGraphics_0.5-1_R_x86_64-pc-linux-gnu.tar.gz’
* DONE (gridGraphics)
* installing *binary* package ‘farver’ ...
* ‘farver’ was already a binary package and will not be rebuilt
* creating tarball
packaged installation of ‘farver’ as ‘farver_2.1.2_R_x86_64-pc-linux-gnu.tar.gz’
* DONE (farver)
* installing *binary* package ‘labeling’ ...
* ‘labeling’ was already a binary package and will not be rebuilt
* creating tarball
packaged installation of ‘labeling’ as ‘labeling_0.4.3_R_x86_64-pc-linux-gnu.tar.gz’
* DONE (labeling)
* installing *binary* package ‘viridisLite’ ...
* ‘viridisLite’ was already a binary package and will not be rebuilt
* creating tarball
packaged installation of ‘viridisLite’ as ‘viridisLite_0.4.2_R_x86_64-pc-linux-gnu.tar.gz’
* DONE (viridisLite)
* installing *binary* package ‘lazyeval’ ...
* ‘lazyeval’ was already a binary package and will not be rebuilt
* creating tarball
packaged installation of ‘lazyeval’ as ‘lazyeval_0.2.2_R_x86_64-pc-linux-gnu.tar.gz’
* DONE (lazyeval)
* installing *binary* package ‘bookdown’ ...
* ‘bookdown’ was already a binary package and will not be rebuilt
* creating tarball
packaged installation of ‘bookdown’ as ‘bookdown_0.45_R_x86_64-pc-linux-gnu.tar.gz’
* DONE (bookdown)
* installing *binary* package ‘generics’ ...
* ‘generics’ was already a binary package and will not be rebuilt
* creating tarball
packaged installation of ‘generics’ as ‘generics_0.1.4_R_x86_64-pc-linux-gnu.tar.gz’
* DONE (generics)
* installing *binary* package ‘snow’ ...
* ‘snow’ was already a binary package and will not be rebuilt
* creating tarball
packaged installation of ‘snow’ as ‘snow_0.4-4_R_x86_64-pc-linux-gnu.tar.gz’
* DONE (snow)
* installing *binary* package ‘data.table’ ...
* ‘data.table’ was already a binary package and will not be rebuilt
* creating tarball
packaged installation of ‘data.table’ as ‘data.table_1.17.8_R_x86_64-pc-linux-gnu.tar.gz’
* DONE (data.table)
* installing *binary* package ‘yulab.utils’ ...
* ‘yulab.utils’ was already a binary package and will not be rebuilt
* creating tarball
packaged installation of ‘yulab.utils’ as ‘yulab.utils_0.2.1_R_x86_64-pc-linux-gnu.tar.gz’
* DONE (yulab.utils)
* installing *binary* package ‘gtable’ ...
* ‘gtable’ was already a binary package and will not be rebuilt
* creating tarball
packaged installation of ‘gtable’ as ‘gtable_0.3.6_R_x86_64-pc-linux-gnu.tar.gz’
* DONE (gtable)
* installing *binary* package ‘isoband’ ...
* ‘isoband’ was already a binary package and will not be rebuilt
* creating tarball
packaged installation of ‘isoband’ as ‘isoband_0.2.7_R_x86_64-pc-linux-gnu.tar.gz’
* DONE (isoband)
* installing *binary* package ‘S7’ ...
* ‘S7’ was already a binary package and will not be rebuilt
* creating tarball
packaged installation of ‘S7’ as ‘S7_0.2.0_R_x86_64-pc-linux-gnu.tar.gz’
* DONE (S7)
* installing *binary* package ‘tidyselect’ ...
* ‘tidyselect’ was already a binary package and will not be rebuilt
* creating tarball
packaged installation of ‘tidyselect’ as ‘tidyselect_1.2.1_R_x86_64-pc-linux-gnu.tar.gz’
* DONE (tidyselect)
* installing *binary* package ‘igraph’ ...
* ‘igraph’ was already a binary package and will not be rebuilt
* creating tarball
packaged installation of ‘igraph’ as ‘igraph_2.2.1_R_x86_64-pc-linux-gnu.tar.gz’
* DONE (igraph)
* installing *binary* package ‘ape’ ...
* ‘ape’ was already a binary package and will not be rebuilt
* creating tarball
packaged installation of ‘ape’ as ‘ape_5.8-1_R_x86_64-pc-linux-gnu.tar.gz’
* DONE (ape)
* installing *binary* package ‘RUnit’ ...
* ‘RUnit’ was already a binary package and will not be rebuilt
* creating tarball
packaged installation of ‘RUnit’ as ‘RUnit_0.4.33.1_R_x86_64-pc-linux-gnu.tar.gz’
* DONE (RUnit)
* installing *binary* package ‘RColorBrewer’ ...
* ‘RColorBrewer’ was already a binary package and will not be rebuilt
* creating tarball
packaged installation of ‘RColorBrewer’ as ‘RColorBrewer_1.1-3_R_x86_64-pc-linux-gnu.tar.gz’
* DONE (RColorBrewer)
* installing *binary* package ‘gridExtra’ ...
* ‘gridExtra’ was already a binary package and will not be rebuilt
* creating tarball
packaged installation of ‘gridExtra’ as ‘gridExtra_2.3_R_x86_64-pc-linux-gnu.tar.gz’
* DONE (gridExtra)
* installing *binary* package ‘scales’ ...
* ‘scales’ was already a binary package and will not be rebuilt
* creating tarball
packaged installation of ‘scales’ as ‘scales_1.4.0_R_x86_64-pc-linux-gnu.tar.gz’
* DONE (scales)
* installing *source* package ‘BiocStyle’ ...
** this is package ‘BiocStyle’ version ‘2.36.0’
** using staged installation
** R
** inst
** byte-compile and prepare package for lazy loading
** help
*** installing help indices
** building package indices
** installing vignettes
** testing if installed package can be loaded from temporary location
** testing if installed package can be loaded from final location
** testing if installed package keeps a record of temporary installation path
* creating tarball
packaged installation of ‘BiocStyle’ as ‘BiocStyle_2.36.0_R_x86_64-pc-linux-gnu.tar.gz’
* DONE (BiocStyle)
* installing *source* package ‘BiocGenerics’ ...
** this is package ‘BiocGenerics’ version ‘0.54.1’
** using staged installation
** R
** inst
** byte-compile and prepare package for lazy loading
Creating a new generic function for ‘aperm’ in package ‘BiocGenerics’
Creating a new generic function for ‘append’ in package ‘BiocGenerics’
Creating a new generic function for ‘as.data.frame’ in package ‘BiocGenerics’
Creating a new generic function for ‘cbind’ in package ‘BiocGenerics’
Creating a new generic function for ‘rbind’ in package ‘BiocGenerics’
Creating a new generic function for ‘do.call’ in package ‘BiocGenerics’
Creating a new generic function for ‘duplicated’ in package ‘BiocGenerics’
Creating a new generic function for ‘anyDuplicated’ in package ‘BiocGenerics’
Creating a new generic function for ‘eval’ in package ‘BiocGenerics’
Creating a new generic function for ‘pmax’ in package ‘BiocGenerics’
Creating a new generic function for ‘pmin’ in package ‘BiocGenerics’
Creating a new generic function for ‘pmax.int’ in package ‘BiocGenerics’
Creating a new generic function for ‘pmin.int’ in package ‘BiocGenerics’
Creating a new generic function for ‘Reduce’ in package ‘BiocGenerics’
Creating a new generic function for ‘Filter’ in package ‘BiocGenerics’
Creating a new generic function for ‘Find’ in package ‘BiocGenerics’
Creating a new generic function for ‘Map’ in package ‘BiocGenerics’
Creating a new generic function for ‘Position’ in package ‘BiocGenerics’
Creating a new generic function for ‘get’ in package ‘BiocGenerics’
Creating a new generic function for ‘mget’ in package ‘BiocGenerics’
Creating a new generic function for ‘grep’ in package ‘BiocGenerics’
Creating a new generic function for ‘grepl’ in package ‘BiocGenerics’
Creating a new generic function for ‘is.unsorted’ in package ‘BiocGenerics’
Creating a new generic function for ‘lapply’ in package ‘BiocGenerics’
Creating a new generic function for ‘sapply’ in package ‘BiocGenerics’
Creating a new generic function for ‘mapply’ in package ‘BiocGenerics’
Creating a new generic function for ‘match’ in package ‘BiocGenerics’
Creating a new generic function for ‘order’ in package ‘BiocGenerics’
Creating a new generic function for ‘paste’ in package ‘BiocGenerics’
Creating a new generic function for ‘rank’ in package ‘BiocGenerics’
Creating a new generic function for ‘rownames’ in package ‘BiocGenerics’
Creating a new generic function for ‘colnames’ in package ‘BiocGenerics’
Creating a new generic function for ‘saveRDS’ in package ‘BiocGenerics’
Creating a new generic function for ‘table’ in package ‘BiocGenerics’
Creating a new generic function for ‘tapply’ in package ‘BiocGenerics’
Creating a new generic function for ‘unique’ in package ‘BiocGenerics’
Creating a new generic function for ‘unsplit’ in package ‘BiocGenerics’
Creating a new generic function for ‘which.min’ in package ‘BiocGenerics’
Creating a new generic function for ‘which.max’ in package ‘BiocGenerics’
Creating a new generic function for ‘IQR’ in package ‘BiocGenerics’
Creating a new generic function for ‘mad’ in package ‘BiocGenerics’
Creating a new generic function for ‘var’ in package ‘BiocGenerics’
Creating a new generic function for ‘sd’ in package ‘BiocGenerics’
Creating a new generic function for ‘xtabs’ in package ‘BiocGenerics’
Creating a new generic function for ‘basename’ in package ‘BiocGenerics’
Creating a new generic function for ‘dirname’ in package ‘BiocGenerics’
** help
*** installing help indices
** building package indices
** testing if installed package can be loaded from temporary location
** testing if installed package can be loaded from final location
** testing if installed package keeps a record of temporary installation path
* creating tarball
packaged installation of ‘BiocGenerics’ as ‘BiocGenerics_0.54.1_R_x86_64-pc-linux-gnu.tar.gz’
* DONE (BiocGenerics)
* installing *source* package ‘geneplast’ ...
** this is package ‘geneplast’ version ‘1.34.0’
** using staged installation
** R
** data
** inst
** byte-compile and prepare package for lazy loading
** help
*** installing help indices
** building package indices
** installing vignettes
** testing if installed package can be loaded from temporary location
** testing if installed package can be loaded from final location
** testing if installed package keeps a record of temporary installation path
* creating tarball
packaged installation of ‘geneplast’ as ‘geneplast_1.34.0_R_x86_64-pc-linux-gnu.tar.gz’
* DONE (geneplast)
* installing *binary* package ‘dplyr’ ...
* ‘dplyr’ was already a binary package and will not be rebuilt
* creating tarball
packaged installation of ‘dplyr’ as ‘dplyr_1.1.4_R_x86_64-pc-linux-gnu.tar.gz’
* DONE (dplyr)
* installing *binary* package ‘tidyr’ ...
* ‘tidyr’ was already a binary package and will not be rebuilt
* creating tarball
packaged installation of ‘tidyr’ as ‘tidyr_1.3.1_R_x86_64-pc-linux-gnu.tar.gz’
* DONE (tidyr)
* installing *source* package ‘RedeR’ ...
** this is package ‘RedeR’ version ‘3.4.0’
** using staged installation
** R
** data
** inst
** byte-compile and prepare package for lazy loading
** help
*** installing help indices
** building package indices
** installing vignettes
** testing if installed package can be loaded from temporary location
** testing if installed package can be loaded from final location
** testing if installed package keeps a record of temporary installation path
* creating tarball
packaged installation of ‘RedeR’ as ‘RedeR_3.4.0_R_x86_64-pc-linux-gnu.tar.gz’
* DONE (RedeR)
* installing *binary* package ‘ggplot2’ ...
* ‘ggplot2’ was already a binary package and will not be rebuilt
* creating tarball
packaged installation of ‘ggplot2’ as ‘ggplot2_4.0.0_R_x86_64-pc-linux-gnu.tar.gz’
* DONE (ggplot2)
* installing *binary* package ‘ggplotify’ ...
* ‘ggplotify’ was already a binary package and will not be rebuilt
* creating tarball
packaged installation of ‘ggplotify’ as ‘ggplotify_0.1.3_R_x86_64-pc-linux-gnu.tar.gz’
* DONE (ggplotify)
* installing *binary* package ‘patchwork’ ...
* ‘patchwork’ was already a binary package and will not be rebuilt
* creating tarball
packaged installation of ‘patchwork’ as ‘patchwork_1.3.2_R_x86_64-pc-linux-gnu.tar.gz’
* DONE (patchwork)
* installing *binary* package ‘ggfun’ ...
* ‘ggfun’ was already a binary package and will not be rebuilt
* creating tarball
packaged installation of ‘ggfun’ as ‘ggfun_0.2.0_R_x86_64-pc-linux-gnu.tar.gz’
* DONE (ggfun)
* installing *binary* package ‘tidytree’ ...
* ‘tidytree’ was already a binary package and will not be rebuilt
* creating tarball
packaged installation of ‘tidytree’ as ‘tidytree_0.4.6_R_x86_64-pc-linux-gnu.tar.gz’
* DONE (tidytree)
* installing *binary* package ‘viridis’ ...
* ‘viridis’ was already a binary package and will not be rebuilt
* creating tarball
packaged installation of ‘viridis’ as ‘viridis_0.6.5_R_x86_64-pc-linux-gnu.tar.gz’
* DONE (viridis)
* installing *source* package ‘TreeAndLeaf’ ...
** this is package ‘TreeAndLeaf’ version ‘1.20.0’
** using staged installation
** R
** data
** inst
** byte-compile and prepare package for lazy loading
** help
*** installing help indices
** building package indices
** installing vignettes
** testing if installed package can be loaded from temporary location
** testing if installed package can be loaded from final location
** testing if installed package keeps a record of temporary installation path
* creating tarball
packaged installation of ‘TreeAndLeaf’ as ‘TreeAndLeaf_1.20.0_R_x86_64-pc-linux-gnu.tar.gz’
* DONE (TreeAndLeaf)
* installing *binary* package ‘aplot’ ...
* ‘aplot’ was already a binary package and will not be rebuilt
* creating tarball
packaged installation of ‘aplot’ as ‘aplot_0.2.9_R_x86_64-pc-linux-gnu.tar.gz’
* DONE (aplot)
* installing *source* package ‘treeio’ ...
** this is package ‘treeio’ version ‘1.32.0’
** using staged installation
** R
** inst
** byte-compile and prepare package for lazy loading
** help
*** installing help indices
*** copying figures
** building package indices
** installing vignettes
** testing if installed package can be loaded from temporary location
** testing if installed package can be loaded from final location
** testing if installed package keeps a record of temporary installation path
* creating tarball
packaged installation of ‘treeio’ as ‘treeio_1.32.0_R_x86_64-pc-linux-gnu.tar.gz’
* DONE (treeio)
* installing *binary* package ‘dendextend’ ...
* ‘dendextend’ was already a binary package and will not be rebuilt
* creating tarball
packaged installation of ‘dendextend’ as ‘dendextend_1.19.1_R_x86_64-pc-linux-gnu.tar.gz’
* DONE (dendextend)
* installing *source* package ‘ggtree’ ...
** this is package ‘ggtree’ version ‘3.16.3’
** using staged installation
** R
** inst
** byte-compile and prepare package for lazy loading
** help
*** installing help indices
** building package indices
** installing vignettes
** testing if installed package can be loaded from temporary location
** testing if installed package can be loaded from final location
** testing if installed package keeps a record of temporary installation path
* creating tarball
packaged installation of ‘ggtree’ as ‘ggtree_3.16.3_R_x86_64-pc-linux-gnu.tar.gz’
* DONE (ggtree)

The downloaded source packages are in
	‘/tmp/RtmpB9Mguq/downloaded_packages’
Old packages: 'xml2'

real	0m49.317s
user	0m42.122s
sys	0m12.947s
