+ Rscript -e 'Sys.setenv(BIOCONDUCTOR_USE_CONTAINER_REPOSITORY=FALSE);
  p <- .libPaths();
  p <- c('\''/tmp/library'\'', '\''/mnt/library'\'', p);
  .libPaths(p);
  if(BiocManager::install('\''BioMVCClass'\'', INSTALL_opts = '\''--build'\'', update = TRUE, quiet = FALSE, dependencies=TRUE, force = TRUE, keep_outputs = TRUE) %in% rownames(installed.packages())) q(status = 0) else q(status = 1)'
'getOption("repos")' replaces Bioconductor standard repositories, see
'help("repositories", package = "BiocManager")' for details.
Replacement repositories:
    CRAN: https://cloud.r-project.org
Bioconductor version 3.23 (BiocManager 1.30.26), R Under development (unstable)
  (2025-10-28 r88973)
Installing package(s) 'BioMVCClass'
also installing the dependency ‘MVCClass’

trying URL 'https://bioconductor.org/packages/3.23/bioc/src/contrib/MVCClass_1.85.0.tar.gz'
trying URL 'https://bioconductor.org/packages/3.23/bioc/src/contrib/BioMVCClass_1.79.0.tar.gz'
* installing *source* package ‘MVCClass’ ...
** this is package ‘MVCClass’ version ‘1.85.0’
** using staged installation
** R
** inst
** byte-compile and prepare package for lazy loading
** help
*** installing help indices
** building package indices
** installing vignettes
** testing if installed package can be loaded from temporary location
** testing if installed package can be loaded from final location
** testing if installed package keeps a record of temporary installation path
* creating tarball
packaged installation of ‘MVCClass’ as ‘MVCClass_1.85.0_R_x86_64-pc-linux-gnu.tar.gz’
* DONE (MVCClass)
* installing *source* package ‘BioMVCClass’ ...
** this is package ‘BioMVCClass’ version ‘1.79.0’
** using staged installation
** R
** inst
** byte-compile and prepare package for lazy loading
** help
*** installing help indices
** building package indices
** installing vignettes
** testing if installed package can be loaded from temporary location
** testing if installed package can be loaded from final location
** testing if installed package keeps a record of temporary installation path
* creating tarball
packaged installation of ‘BioMVCClass’ as ‘BioMVCClass_1.79.0_R_x86_64-pc-linux-gnu.tar.gz’
* DONE (BioMVCClass)

The downloaded source packages are in
	‘/tmp/RtmpSK8nHF/downloaded_packages’
Old packages: 'promises'

real	0m11.354s
user	0m8.600s
sys	0m2.733s
