+ Rscript -e 'Sys.setenv(BIOCONDUCTOR_USE_CONTAINER_REPOSITORY=FALSE);
  p <- .libPaths();
  p <- c('\''/tmp/library'\'', '\''/mnt/library'\'', p);
  .libPaths(p);
  if(BiocManager::install('\''AMOUNTAIN'\'', INSTALL_opts = '\''--build'\'', update = TRUE, quiet = FALSE, dependencies=TRUE, force = TRUE, keep_outputs = TRUE) %in% rownames(installed.packages())) q(status = 0) else q(status = 1)'
'getOption("repos")' replaces Bioconductor standard repositories, see
'help("repositories", package = "BiocManager")' for details.
Replacement repositories:
    CRAN: https://cloud.r-project.org
Bioconductor version 3.23 (BiocManager 1.30.26), R Under development (unstable)
  (2025-10-28 r88973)
Installing package(s) 'AMOUNTAIN'
trying URL 'https://bioconductor.org/packages/3.23/bioc/src/contrib/AMOUNTAIN_1.37.0.tar.gz'
Content type 'application/x-gzip' length 1741966 bytes (1.7 MB)
==================================================
downloaded 1.7 MB

* installing *source* package ‘AMOUNTAIN’ ...
** this is package ‘AMOUNTAIN’ version ‘1.37.0’
** using staged installation
** libs
using C compiler: ‘gcc (Ubuntu 13.3.0-6ubuntu2~24.04) 13.3.0’
gcc -std=gnu2x -I"/usr/local/lib/R/include" -DNDEBUG   -I/usr/local/include   `gsl-config --cflags` -DR_DIRICHLETMULTINOMIAL -fpic  -g -O2 -fstack-protector-strong -Wformat -Werror=format-security -Wdate-time -D_FORTIFY_SOURCE=2 -g  -c AMOUNTAIN.c -o AMOUNTAIN.o
gcc -std=gnu2x -shared -L/usr/local/lib/R/lib -L/usr/local/lib -o AMOUNTAIN.so AMOUNTAIN.o -L/usr/lib/x86_64-linux-gnu -lgsl -lgslcblas -lm -L/usr/local/lib/R/lib -lR
installing to /tmp/library/00LOCK-AMOUNTAIN/00new/AMOUNTAIN/libs
** R
** inst
** byte-compile and prepare package for lazy loading
** help
*** installing help indices
** building package indices
** installing vignettes
** testing if installed package can be loaded from temporary location
** checking absolute paths in shared objects and dynamic libraries
** testing if installed package can be loaded from final location
** testing if installed package keeps a record of temporary installation path
* creating tarball
packaged installation of ‘AMOUNTAIN’ as ‘AMOUNTAIN_1.37.0_R_x86_64-pc-linux-gnu.tar.gz’
* DONE (AMOUNTAIN)

The downloaded source packages are in
	‘/tmp/Rtmp1TJstI/downloaded_packages’
Old packages: 'BiocBook', 'rhdf5', 'promises'

real	0m10.722s
user	0m6.661s
sys	0m3.709s
