+ Rscript -e 'Sys.setenv(BIOCONDUCTOR_USE_CONTAINER_REPOSITORY=FALSE);
  p <- .libPaths();
  p <- c('\''/tmp/library'\'', '\''/mnt/library'\'', p);
  .libPaths(p);
  if(BiocManager::install('\''diffGeneAnalysis'\'', INSTALL_opts = '\''--build'\'', update = TRUE, quiet = FALSE, dependencies=TRUE, force = TRUE, keep_outputs = TRUE) %in% rownames(installed.packages())) q(status = 0) else q(status = 1)'
'getOption("repos")' replaces Bioconductor standard repositories, see
'help("repositories", package = "BiocManager")' for details.
Replacement repositories:
    CRAN: https://cloud.r-project.org
Bioconductor version 3.23 (BiocManager 1.30.26), R Under development (unstable)
  (2025-10-28 r88973)
Installing package(s) 'diffGeneAnalysis'
trying URL 'https://bioconductor.org/packages/3.23/bioc/src/contrib/diffGeneAnalysis_1.93.0.tar.gz'
Content type 'application/x-gzip' length 218299 bytes (213 KB)
==================================================
downloaded 213 KB

* installing *source* package ‘diffGeneAnalysis’ ...
** this is package ‘diffGeneAnalysis’ version ‘1.93.0’
** using staged installation
** R
** data
** inst
** byte-compile and prepare package for lazy loading
** help
*** installing help indices
** building package indices
** installing vignettes
** testing if installed package can be loaded from temporary location
** testing if installed package can be loaded from final location
** testing if installed package keeps a record of temporary installation path
* creating tarball
packaged installation of ‘diffGeneAnalysis’ as ‘diffGeneAnalysis_1.93.0_R_x86_64-pc-linux-gnu.tar.gz’
* DONE (diffGeneAnalysis)

The downloaded source packages are in
	‘/tmp/RtmpEyuDwP/downloaded_packages’
Old packages: 'BiocBook', 'rhdf5', 'promises'

real	0m9.644s
user	0m6.209s
sys	0m1.965s
