+ Rscript -e 'Sys.setenv(BIOCONDUCTOR_USE_CONTAINER_REPOSITORY=FALSE);
  p <- .libPaths();
  p <- c('\''/tmp/library'\'', '\''/mnt/library'\'', p);
  .libPaths(p);
  if(BiocManager::install('\''CRImage'\'', INSTALL_opts = '\''--build'\'', update = TRUE, quiet = FALSE, dependencies=TRUE, force = TRUE, keep_outputs = TRUE) %in% rownames(installed.packages())) q(status = 0) else q(status = 1)'
'getOption("repos")' replaces Bioconductor standard repositories, see
'help("repositories", package = "BiocManager")' for details.
Replacement repositories:
    CRAN: https://cloud.r-project.org
Bioconductor version 3.23 (BiocManager 1.30.26), R Under development (unstable)
  (2025-10-28 r88973)
Installing package(s) 'CRImage'
also installing the dependency ‘sgeostat’

trying URL 'https://cloud.r-project.org/src/contrib/sgeostat_1.0-27.tar.gz'
trying URL 'https://bioconductor.org/packages/3.23/bioc/src/contrib/CRImage_1.59.0.tar.gz'
* installing *source* package ‘sgeostat’ ...
** this is package ‘sgeostat’ version ‘1.0-27’
** package ‘sgeostat’ successfully unpacked and MD5 sums checked
** using staged installation
** libs
using Fortran compiler: ‘GNU Fortran (Ubuntu 13.3.0-6ubuntu2~24.04) 13.3.0’
gfortran  -fpic  -g -O2  -c inplg.f -o inplg.o
gcc -std=gnu2x -shared -L/usr/local/lib/R/lib -L/usr/local/lib -o sgeostat.so inplg.o -lgfortran -lm -lquadmath -L/usr/local/lib/R/lib -lR
installing to /tmp/library/00LOCK-sgeostat/00new/sgeostat/libs
** R
** data
** byte-compile and prepare package for lazy loading
** help
*** installing help indices
** building package indices
** testing if installed package can be loaded from temporary location
** checking absolute paths in shared objects and dynamic libraries
** testing if installed package can be loaded from final location
** testing if installed package keeps a record of temporary installation path
* creating tarball
packaged installation of ‘sgeostat’ as ‘sgeostat_1.0-27_R_x86_64-pc-linux-gnu.tar.gz’
* DONE (sgeostat)
* installing *source* package ‘CRImage’ ...
** this is package ‘CRImage’ version ‘1.59.0’
** using staged installation
** R
** inst
** byte-compile and prepare package for lazy loading
** help
*** installing help indices
** building package indices
** installing vignettes
** testing if installed package can be loaded from temporary location
** testing if installed package can be loaded from final location
** testing if installed package keeps a record of temporary installation path
* creating tarball
packaged installation of ‘CRImage’ as ‘CRImage_1.59.0_R_x86_64-pc-linux-gnu.tar.gz’
* DONE (CRImage)

The downloaded source packages are in
	‘/tmp/Rtmp44T5C8/downloaded_packages’
Old packages: 'promises'

real	0m16.536s
user	0m13.222s
sys	0m3.002s
