+ Rscript -e 'Sys.setenv(BIOCONDUCTOR_USE_CONTAINER_REPOSITORY=FALSE);
  p <- .libPaths();
  p <- c('\'''\'', '\'''\'', p);
  .libPaths(p);
  if(BiocManager::install('\''MassArray'\'', INSTALL_opts = '\''--build'\'', update = TRUE, quiet = FALSE, dependencies=TRUE, force = TRUE, keep_outputs = TRUE) %in% rownames(installed.packages())) q(status = 0) else q(status = 1)'
'getOption("repos")' replaces Bioconductor standard repositories, see
'help("repositories", package = "BiocManager")' for details.
Replacement repositories:
    CRAN: https://p3m.dev/cran/__linux__/noble/latest
Bioconductor version 3.21 (BiocManager 1.30.26), R 4.5.1 (2025-06-13)
Installing package(s) 'MassArray'
trying URL 'https://bioconductor.org/packages/3.21/bioc/src/contrib/MassArray_1.60.0.tar.gz'
Content type 'application/x-gzip' length 383580 bytes (374 KB)
==================================================
downloaded 374 KB

* installing *source* package ‘MassArray’ ...
** this is package ‘MassArray’ version ‘1.60.0’
** using staged installation
** R
** data
*** moving datasets to lazyload DB
** inst
** byte-compile and prepare package for lazy loading
** help
*** installing help indices
** building package indices
** installing vignettes
** testing if installed package can be loaded from temporary location
** testing if installed package can be loaded from final location
** testing if installed package keeps a record of temporary installation path
* creating tarball
packaged installation of ‘MassArray’ as ‘MassArray_1.60.0_R_x86_64-pc-linux-gnu.tar.gz’
* DONE (MassArray)

The downloaded source packages are in
	‘/tmp/Rtmpb78wMV/downloaded_packages’
Old packages: 'xml2'

real	0m6.393s
user	0m4.973s
sys	0m1.892s
