+ Rscript -e 'Sys.setenv(BIOCONDUCTOR_USE_CONTAINER_REPOSITORY=FALSE);
  p <- .libPaths();
  p <- c('\'''\'', '\'''\'', p);
  .libPaths(p);
  if(BiocManager::install('\''GladiaTOX'\'', INSTALL_opts = '\''--build'\'', update = TRUE, quiet = FALSE, dependencies=TRUE, force = TRUE, keep_outputs = TRUE) %in% rownames(installed.packages())) q(status = 0) else q(status = 1)'
'getOption("repos")' replaces Bioconductor standard repositories, see
'help("repositories", package = "BiocManager")' for details.
Replacement repositories:
    CRAN: https://p3m.dev/cran/__linux__/noble/latest
Bioconductor version 3.21 (BiocManager 1.30.26), R 4.5.1 (2025-06-13)
Installing package(s) 'GladiaTOX'
also installing the dependencies ‘bit’, ‘generics’, ‘timechange’, ‘farver’, ‘labeling’, ‘viridisLite’, ‘bit64’, ‘blob’, ‘hms’, ‘lubridate’, ‘plogr’, ‘gtable’, ‘isoband’, ‘S7’, ‘scales’, ‘dplyr’, ‘tidyselect’, ‘bitops’, ‘bookdown’, ‘data.table’, ‘DBI’, ‘RMariaDB’, ‘RSQLite’, ‘numDeriv’, ‘RColorBrewer’, ‘RJSONIO’, ‘ggplot2’, ‘ggrepel’, ‘tidyr’, ‘RCurl’, ‘XML’, ‘BiocStyle’

trying URL 'https://p3m.dev/cran/__linux__/noble/latest/src/contrib/bit_4.6.0.tar.gz'
trying URL 'https://p3m.dev/cran/__linux__/noble/latest/src/contrib/generics_0.1.4.tar.gz'
trying URL 'https://p3m.dev/cran/__linux__/noble/latest/src/contrib/timechange_0.3.0.tar.gz'
trying URL 'https://p3m.dev/cran/__linux__/noble/latest/src/contrib/farver_2.1.2.tar.gz'
trying URL 'https://p3m.dev/cran/__linux__/noble/latest/src/contrib/labeling_0.4.3.tar.gz'
trying URL 'https://p3m.dev/cran/__linux__/noble/latest/src/contrib/viridisLite_0.4.2.tar.gz'
trying URL 'https://p3m.dev/cran/__linux__/noble/latest/src/contrib/bit64_4.6.0-1.tar.gz'
trying URL 'https://p3m.dev/cran/__linux__/noble/latest/src/contrib/blob_1.2.4.tar.gz'
trying URL 'https://p3m.dev/cran/__linux__/noble/latest/src/contrib/hms_1.1.4.tar.gz'
trying URL 'https://p3m.dev/cran/__linux__/noble/latest/src/contrib/lubridate_1.9.4.tar.gz'
trying URL 'https://p3m.dev/cran/__linux__/noble/latest/src/contrib/plogr_0.2.0.tar.gz'
trying URL 'https://p3m.dev/cran/__linux__/noble/latest/src/contrib/gtable_0.3.6.tar.gz'
trying URL 'https://p3m.dev/cran/__linux__/noble/latest/src/contrib/isoband_0.2.7.tar.gz'
trying URL 'https://p3m.dev/cran/__linux__/noble/latest/src/contrib/S7_0.2.0.tar.gz'
trying URL 'https://p3m.dev/cran/__linux__/noble/latest/src/contrib/scales_1.4.0.tar.gz'
trying URL 'https://p3m.dev/cran/__linux__/noble/latest/src/contrib/dplyr_1.1.4.tar.gz'
trying URL 'https://p3m.dev/cran/__linux__/noble/latest/src/contrib/tidyselect_1.2.1.tar.gz'
trying URL 'https://p3m.dev/cran/__linux__/noble/latest/src/contrib/bitops_1.0-9.tar.gz'
trying URL 'https://p3m.dev/cran/__linux__/noble/latest/src/contrib/bookdown_0.45.tar.gz'
trying URL 'https://p3m.dev/cran/__linux__/noble/latest/src/contrib/data.table_1.17.8.tar.gz'
trying URL 'https://p3m.dev/cran/__linux__/noble/latest/src/contrib/DBI_1.2.3.tar.gz'
trying URL 'https://p3m.dev/cran/__linux__/noble/latest/src/contrib/RMariaDB_1.3.4.tar.gz'
trying URL 'https://p3m.dev/cran/__linux__/noble/latest/src/contrib/RSQLite_2.4.3.tar.gz'
trying URL 'https://p3m.dev/cran/__linux__/noble/latest/src/contrib/numDeriv_2016.8-1.1.tar.gz'
trying URL 'https://p3m.dev/cran/__linux__/noble/latest/src/contrib/RColorBrewer_1.1-3.tar.gz'
trying URL 'https://p3m.dev/cran/__linux__/noble/latest/src/contrib/RJSONIO_2.0.0.tar.gz'
trying URL 'https://p3m.dev/cran/__linux__/noble/latest/src/contrib/ggplot2_4.0.0.tar.gz'
trying URL 'https://p3m.dev/cran/__linux__/noble/latest/src/contrib/ggrepel_0.9.6.tar.gz'
trying URL 'https://p3m.dev/cran/__linux__/noble/latest/src/contrib/tidyr_1.3.1.tar.gz'
trying URL 'https://p3m.dev/cran/__linux__/noble/latest/src/contrib/RCurl_1.98-1.17.tar.gz'
trying URL 'https://p3m.dev/cran/__linux__/noble/latest/src/contrib/XML_3.99-0.19.tar.gz'
trying URL 'https://bioconductor.org/packages/3.21/bioc/src/contrib/BiocStyle_2.36.0.tar.gz'
trying URL 'https://bioconductor.org/packages/3.21/bioc/src/contrib/GladiaTOX_1.24.2.tar.gz'
* installing *binary* package ‘bit’ ...
* ‘bit’ was already a binary package and will not be rebuilt
* creating tarball
packaged installation of ‘bit’ as ‘bit_4.6.0_R_x86_64-pc-linux-gnu.tar.gz’
* DONE (bit)
* installing *binary* package ‘generics’ ...
* ‘generics’ was already a binary package and will not be rebuilt
* creating tarball
packaged installation of ‘generics’ as ‘generics_0.1.4_R_x86_64-pc-linux-gnu.tar.gz’
* DONE (generics)
* installing *binary* package ‘timechange’ ...
* ‘timechange’ was already a binary package and will not be rebuilt
* creating tarball
packaged installation of ‘timechange’ as ‘timechange_0.3.0_R_x86_64-pc-linux-gnu.tar.gz’
* DONE (timechange)
* installing *binary* package ‘farver’ ...
* ‘farver’ was already a binary package and will not be rebuilt
* creating tarball
packaged installation of ‘farver’ as ‘farver_2.1.2_R_x86_64-pc-linux-gnu.tar.gz’
* DONE (farver)
* installing *binary* package ‘labeling’ ...
* ‘labeling’ was already a binary package and will not be rebuilt
* creating tarball
packaged installation of ‘labeling’ as ‘labeling_0.4.3_R_x86_64-pc-linux-gnu.tar.gz’
* DONE (labeling)
* installing *binary* package ‘viridisLite’ ...
* ‘viridisLite’ was already a binary package and will not be rebuilt
* creating tarball
packaged installation of ‘viridisLite’ as ‘viridisLite_0.4.2_R_x86_64-pc-linux-gnu.tar.gz’
* DONE (viridisLite)
* installing *binary* package ‘blob’ ...
* ‘blob’ was already a binary package and will not be rebuilt
* creating tarball
packaged installation of ‘blob’ as ‘blob_1.2.4_R_x86_64-pc-linux-gnu.tar.gz’
* DONE (blob)
* installing *binary* package ‘hms’ ...
* ‘hms’ was already a binary package and will not be rebuilt
* creating tarball
packaged installation of ‘hms’ as ‘hms_1.1.4_R_x86_64-pc-linux-gnu.tar.gz’
* DONE (hms)
* installing *binary* package ‘plogr’ ...
* ‘plogr’ was already a binary package and will not be rebuilt
* creating tarball
packaged installation of ‘plogr’ as ‘plogr_0.2.0_R_x86_64-pc-linux-gnu.tar.gz’
* DONE (plogr)
* installing *binary* package ‘gtable’ ...
* ‘gtable’ was already a binary package and will not be rebuilt
* creating tarball
packaged installation of ‘gtable’ as ‘gtable_0.3.6_R_x86_64-pc-linux-gnu.tar.gz’
* DONE (gtable)
* installing *binary* package ‘isoband’ ...
* ‘isoband’ was already a binary package and will not be rebuilt
* creating tarball
packaged installation of ‘isoband’ as ‘isoband_0.2.7_R_x86_64-pc-linux-gnu.tar.gz’
* DONE (isoband)
* installing *binary* package ‘S7’ ...
* ‘S7’ was already a binary package and will not be rebuilt
* creating tarball
packaged installation of ‘S7’ as ‘S7_0.2.0_R_x86_64-pc-linux-gnu.tar.gz’
* DONE (S7)
* installing *binary* package ‘tidyselect’ ...
* ‘tidyselect’ was already a binary package and will not be rebuilt
* creating tarball
packaged installation of ‘tidyselect’ as ‘tidyselect_1.2.1_R_x86_64-pc-linux-gnu.tar.gz’
* DONE (tidyselect)
* installing *binary* package ‘bitops’ ...
* ‘bitops’ was already a binary package and will not be rebuilt
* creating tarball
packaged installation of ‘bitops’ as ‘bitops_1.0-9_R_x86_64-pc-linux-gnu.tar.gz’
* DONE (bitops)
* installing *binary* package ‘bookdown’ ...
* ‘bookdown’ was already a binary package and will not be rebuilt
* creating tarball
packaged installation of ‘bookdown’ as ‘bookdown_0.45_R_x86_64-pc-linux-gnu.tar.gz’
* DONE (bookdown)
* installing *binary* package ‘data.table’ ...
* ‘data.table’ was already a binary package and will not be rebuilt
* creating tarball
packaged installation of ‘data.table’ as ‘data.table_1.17.8_R_x86_64-pc-linux-gnu.tar.gz’
* DONE (data.table)
* installing *binary* package ‘DBI’ ...
* ‘DBI’ was already a binary package and will not be rebuilt
* creating tarball
packaged installation of ‘DBI’ as ‘DBI_1.2.3_R_x86_64-pc-linux-gnu.tar.gz’
* DONE (DBI)
* installing *binary* package ‘numDeriv’ ...
* ‘numDeriv’ was already a binary package and will not be rebuilt
* creating tarball
packaged installation of ‘numDeriv’ as ‘numDeriv_2016.8-1.1_R_x86_64-pc-linux-gnu.tar.gz’
* DONE (numDeriv)
* installing *binary* package ‘RColorBrewer’ ...
* ‘RColorBrewer’ was already a binary package and will not be rebuilt
* creating tarball
packaged installation of ‘RColorBrewer’ as ‘RColorBrewer_1.1-3_R_x86_64-pc-linux-gnu.tar.gz’
* DONE (RColorBrewer)
* installing *binary* package ‘RJSONIO’ ...
* ‘RJSONIO’ was already a binary package and will not be rebuilt
* creating tarball
packaged installation of ‘RJSONIO’ as ‘RJSONIO_2.0.0_R_x86_64-pc-linux-gnu.tar.gz’
* DONE (RJSONIO)
* installing *binary* package ‘XML’ ...
* ‘XML’ was already a binary package and will not be rebuilt
* creating tarball
packaged installation of ‘XML’ as ‘XML_3.99-0.19_R_x86_64-pc-linux-gnu.tar.gz’
* DONE (XML)
* installing *binary* package ‘bit64’ ...
* ‘bit64’ was already a binary package and will not be rebuilt
* creating tarball
packaged installation of ‘bit64’ as ‘bit64_4.6.0-1_R_x86_64-pc-linux-gnu.tar.gz’
* DONE (bit64)
* installing *binary* package ‘lubridate’ ...
* ‘lubridate’ was already a binary package and will not be rebuilt
* creating tarball
packaged installation of ‘lubridate’ as ‘lubridate_1.9.4_R_x86_64-pc-linux-gnu.tar.gz’
* DONE (lubridate)
* installing *binary* package ‘scales’ ...
* ‘scales’ was already a binary package and will not be rebuilt
* creating tarball
packaged installation of ‘scales’ as ‘scales_1.4.0_R_x86_64-pc-linux-gnu.tar.gz’
* DONE (scales)
* installing *binary* package ‘dplyr’ ...
* ‘dplyr’ was already a binary package and will not be rebuilt
* creating tarball
packaged installation of ‘dplyr’ as ‘dplyr_1.1.4_R_x86_64-pc-linux-gnu.tar.gz’
* DONE (dplyr)
* installing *binary* package ‘RCurl’ ...
* ‘RCurl’ was already a binary package and will not be rebuilt
* creating tarball
packaged installation of ‘RCurl’ as ‘RCurl_1.98-1.17_R_x86_64-pc-linux-gnu.tar.gz’
* DONE (RCurl)
* installing *source* package ‘BiocStyle’ ...
** this is package ‘BiocStyle’ version ‘2.36.0’
** using staged installation
** R
** inst
** byte-compile and prepare package for lazy loading
** help
*** installing help indices
** building package indices
** installing vignettes
** testing if installed package can be loaded from temporary location
** testing if installed package can be loaded from final location
** testing if installed package keeps a record of temporary installation path
* creating tarball
packaged installation of ‘BiocStyle’ as ‘BiocStyle_2.36.0_R_x86_64-pc-linux-gnu.tar.gz’
* DONE (BiocStyle)
* installing *binary* package ‘RMariaDB’ ...
* ‘RMariaDB’ was already a binary package and will not be rebuilt
* creating tarball
packaged installation of ‘RMariaDB’ as ‘RMariaDB_1.3.4_R_x86_64-pc-linux-gnu.tar.gz’
* DONE (RMariaDB)
* installing *binary* package ‘RSQLite’ ...
* ‘RSQLite’ was already a binary package and will not be rebuilt
* creating tarball
packaged installation of ‘RSQLite’ as ‘RSQLite_2.4.3_R_x86_64-pc-linux-gnu.tar.gz’
* DONE (RSQLite)
* installing *binary* package ‘ggplot2’ ...
* ‘ggplot2’ was already a binary package and will not be rebuilt
* creating tarball
packaged installation of ‘ggplot2’ as ‘ggplot2_4.0.0_R_x86_64-pc-linux-gnu.tar.gz’
* DONE (ggplot2)
* installing *binary* package ‘tidyr’ ...
* ‘tidyr’ was already a binary package and will not be rebuilt
* creating tarball
packaged installation of ‘tidyr’ as ‘tidyr_1.3.1_R_x86_64-pc-linux-gnu.tar.gz’
* DONE (tidyr)
* installing *binary* package ‘ggrepel’ ...
* ‘ggrepel’ was already a binary package and will not be rebuilt
* creating tarball
packaged installation of ‘ggrepel’ as ‘ggrepel_0.9.6_R_x86_64-pc-linux-gnu.tar.gz’
* DONE (ggrepel)
* installing *source* package ‘GladiaTOX’ ...
** this is package ‘GladiaTOX’ version ‘1.24.2’
** using staged installation
** R
** inst
** byte-compile and prepare package for lazy loading
** help
*** installing help indices
** building package indices
** installing vignettes
** testing if installed package can be loaded from temporary location
** testing if installed package can be loaded from final location
** testing if installed package keeps a record of temporary installation path
* creating tarball
packaged installation of ‘GladiaTOX’ as ‘GladiaTOX_1.24.2_R_x86_64-pc-linux-gnu.tar.gz’
* DONE (GladiaTOX)

The downloaded source packages are in
	‘/tmp/RtmpDT0MO1/downloaded_packages’
Old packages: 'xml2'

real	0m28.852s
user	0m23.889s
sys	0m8.247s
