+ Rscript -e 'Sys.setenv(BIOCONDUCTOR_USE_CONTAINER_REPOSITORY=FALSE);
  p <- .libPaths();
  p <- c('\''/tmp/library'\'', '\''/mnt/library'\'', p);
  .libPaths(p);
  if(BiocManager::install('\''siggenes'\'', INSTALL_opts = '\''--build'\'', update = TRUE, quiet = FALSE, dependencies=TRUE, force = TRUE, keep_outputs = TRUE) %in% rownames(installed.packages())) q(status = 0) else q(status = 1)'
'getOption("repos")' replaces Bioconductor standard repositories, see
'help("repositories", package = "BiocManager")' for details.
Replacement repositories:
    CRAN: https://cloud.r-project.org
Bioconductor version 3.23 (BiocManager 1.30.26), R Under development (unstable)
  (2025-10-28 r88973)
Installing package(s) 'siggenes'
Warning: dependencies ‘affy’, ‘annotate’, ‘genefilter’ are not available
also installing the dependency ‘scrime’

trying URL 'https://cloud.r-project.org/src/contrib/scrime_1.3.5.tar.gz'
trying URL 'https://bioconductor.org/packages/3.23/bioc/src/contrib/siggenes_1.85.0.tar.gz'
* installing *source* package ‘scrime’ ...
** this is package ‘scrime’ version ‘1.3.5’
** package ‘scrime’ successfully unpacked and MD5 sums checked
** using staged installation
** R
** inst
** byte-compile and prepare package for lazy loading
** help
*** installing help indices
** building package indices
** testing if installed package can be loaded from temporary location
** testing if installed package can be loaded from final location
** testing if installed package keeps a record of temporary installation path
* creating tarball
packaged installation of ‘scrime’ as ‘scrime_1.3.5_R_x86_64-pc-linux-gnu.tar.gz’
* DONE (scrime)
* installing *source* package ‘siggenes’ ...
** this is package ‘siggenes’ version ‘1.85.0’
** using staged installation
** R
** inst
** byte-compile and prepare package for lazy loading
** help
*** installing help indices
** building package indices
** installing vignettes
** testing if installed package can be loaded from temporary location
** testing if installed package can be loaded from final location
** testing if installed package keeps a record of temporary installation path
* creating tarball
packaged installation of ‘siggenes’ as ‘siggenes_1.85.0_R_x86_64-pc-linux-gnu.tar.gz’
* DONE (siggenes)

The downloaded source packages are in
	‘/tmp/RtmpSPvfKF/downloaded_packages’
Old packages: 'promises'

real	0m17.111s
user	0m13.753s
sys	0m3.175s
