+ Rscript -e 'Sys.setenv(BIOCONDUCTOR_USE_CONTAINER_REPOSITORY=FALSE);
  p <- .libPaths();
  p <- c('\'''\'', '\'''\'', p);
  .libPaths(p);
  if(BiocManager::install('\''rmelting'\'', INSTALL_opts = '\''--build'\'', update = TRUE, quiet = FALSE, dependencies=TRUE, force = TRUE, keep_outputs = TRUE) %in% rownames(installed.packages())) q(status = 0) else q(status = 1)'
'getOption("repos")' replaces Bioconductor standard repositories, see
'help("repositories", package = "BiocManager")' for details.
Replacement repositories:
    CRAN: https://p3m.dev/cran/__linux__/noble/latest
Bioconductor version 3.21 (BiocManager 1.30.26), R 4.5.1 (2025-06-13)
Installing package(s) 'rmelting'
also installing the dependencies ‘rematch’, ‘hms’, ‘rbibutils’, ‘cellranger’, ‘progress’, ‘plyr’, ‘Rdpack’, ‘rJava’, ‘readxl’, ‘reshape2’, ‘pander’

trying URL 'https://p3m.dev/cran/__linux__/noble/latest/src/contrib/rematch_2.0.0.tar.gz'
trying URL 'https://p3m.dev/cran/__linux__/noble/latest/src/contrib/hms_1.1.4.tar.gz'
trying URL 'https://p3m.dev/cran/__linux__/noble/latest/src/contrib/rbibutils_2.3.tar.gz'
trying URL 'https://p3m.dev/cran/__linux__/noble/latest/src/contrib/cellranger_1.1.0.tar.gz'
trying URL 'https://p3m.dev/cran/__linux__/noble/latest/src/contrib/progress_1.2.3.tar.gz'
trying URL 'https://p3m.dev/cran/__linux__/noble/latest/src/contrib/plyr_1.8.9.tar.gz'
trying URL 'https://p3m.dev/cran/__linux__/noble/latest/src/contrib/Rdpack_2.6.4.tar.gz'
trying URL 'https://p3m.dev/cran/__linux__/noble/latest/src/contrib/rJava_1.0-11.tar.gz'
trying URL 'https://p3m.dev/cran/__linux__/noble/latest/src/contrib/readxl_1.4.5.tar.gz'
trying URL 'https://p3m.dev/cran/__linux__/noble/latest/src/contrib/reshape2_1.4.4.tar.gz'
trying URL 'https://p3m.dev/cran/__linux__/noble/latest/src/contrib/pander_0.6.6.tar.gz'
trying URL 'https://bioconductor.org/packages/3.21/bioc/src/contrib/rmelting_1.24.0.tar.gz'
* installing *binary* package ‘rematch’ ...
* ‘rematch’ was already a binary package and will not be rebuilt
* creating tarball
packaged installation of ‘rematch’ as ‘rematch_2.0.0_R_x86_64-pc-linux-gnu.tar.gz’
* DONE (rematch)
* installing *binary* package ‘hms’ ...
* ‘hms’ was already a binary package and will not be rebuilt
* creating tarball
packaged installation of ‘hms’ as ‘hms_1.1.4_R_x86_64-pc-linux-gnu.tar.gz’
* DONE (hms)
* installing *binary* package ‘rbibutils’ ...
* ‘rbibutils’ was already a binary package and will not be rebuilt
* creating tarball
packaged installation of ‘rbibutils’ as ‘rbibutils_2.3_R_x86_64-pc-linux-gnu.tar.gz’
* DONE (rbibutils)
* installing *binary* package ‘plyr’ ...
* ‘plyr’ was already a binary package and will not be rebuilt
* creating tarball
packaged installation of ‘plyr’ as ‘plyr_1.8.9_R_x86_64-pc-linux-gnu.tar.gz’
* DONE (plyr)
* installing *binary* package ‘rJava’ ...
* ‘rJava’ was already a binary package and will not be rebuilt
* creating tarball
packaged installation of ‘rJava’ as ‘rJava_1.0-11_R_x86_64-pc-linux-gnu.tar.gz’
* DONE (rJava)
* installing *binary* package ‘pander’ ...
* ‘pander’ was already a binary package and will not be rebuilt
* creating tarball
packaged installation of ‘pander’ as ‘pander_0.6.6_R_x86_64-pc-linux-gnu.tar.gz’
* DONE (pander)
* installing *binary* package ‘cellranger’ ...
* ‘cellranger’ was already a binary package and will not be rebuilt
* creating tarball
packaged installation of ‘cellranger’ as ‘cellranger_1.1.0_R_x86_64-pc-linux-gnu.tar.gz’
* DONE (cellranger)
* installing *binary* package ‘progress’ ...
* ‘progress’ was already a binary package and will not be rebuilt
* creating tarball
packaged installation of ‘progress’ as ‘progress_1.2.3_R_x86_64-pc-linux-gnu.tar.gz’
* DONE (progress)
* installing *binary* package ‘Rdpack’ ...
* ‘Rdpack’ was already a binary package and will not be rebuilt
* creating tarball
packaged installation of ‘Rdpack’ as ‘Rdpack_2.6.4_R_x86_64-pc-linux-gnu.tar.gz’
* DONE (Rdpack)
* installing *binary* package ‘reshape2’ ...
* ‘reshape2’ was already a binary package and will not be rebuilt
* creating tarball
packaged installation of ‘reshape2’ as ‘reshape2_1.4.4_R_x86_64-pc-linux-gnu.tar.gz’
* DONE (reshape2)
* installing *binary* package ‘readxl’ ...
* ‘readxl’ was already a binary package and will not be rebuilt
* creating tarball
packaged installation of ‘readxl’ as ‘readxl_1.4.5_R_x86_64-pc-linux-gnu.tar.gz’
* DONE (readxl)
* installing *source* package ‘rmelting’ ...
** this is package ‘rmelting’ version ‘1.24.0’
** using staged installation
** R
** inst
** byte-compile and prepare package for lazy loading
** help
*** installing help indices
** building package indices
** installing vignettes
** testing if installed package can be loaded from temporary location
** testing if installed package can be loaded from final location
** testing if installed package keeps a record of temporary installation path
* creating tarball
packaged installation of ‘rmelting’ as ‘rmelting_1.24.0_R_x86_64-pc-linux-gnu.tar.gz’
* DONE (rmelting)

The downloaded source packages are in
	‘/tmp/RtmpISDPFb/downloaded_packages’
Old packages: 'xml2'

real	0m11.291s
user	0m8.228s
sys	0m3.297s
