+ Rscript -e 'Sys.setenv(BIOCONDUCTOR_USE_CONTAINER_REPOSITORY=FALSE);
  p <- .libPaths();
  p <- c('\'''\'', '\'''\'', p);
  .libPaths(p);
  if(BiocManager::install('\''gpls'\'', INSTALL_opts = '\''--build'\'', update = TRUE, quiet = FALSE, dependencies=TRUE, force = TRUE, keep_outputs = TRUE) %in% rownames(installed.packages())) q(status = 0) else q(status = 1)'
'getOption("repos")' replaces Bioconductor standard repositories, see
'help("repositories", package = "BiocManager")' for details.
Replacement repositories:
    CRAN: https://p3m.dev/cran/__linux__/noble/latest
Bioconductor version 3.22 (BiocManager 1.30.26), R 4.5.2 (2025-10-31)
Installing package(s) 'gpls'
trying URL 'https://bioconductor.org/packages/3.22/bioc/src/contrib/gpls_1.82.0.tar.gz'
Content type 'application/x-gzip' length 239511 bytes (233 KB)
==================================================
downloaded 233 KB

* installing *source* package ‘gpls’ ...
** this is package ‘gpls’ version ‘1.82.0’
** package ‘gpls’ successfully unpacked and MD5 sums checked
** using staged installation
** R
** inst
** byte-compile and prepare package for lazy loading
Note: break used in wrong context: no loop is visible 
Note: break used in wrong context: no loop is visible 
** help
*** installing help indices
** building package indices
** installing vignettes
** testing if installed package can be loaded from temporary location
** testing if installed package can be loaded from final location
** testing if installed package keeps a record of temporary installation path
* creating tarball
packaged installation of ‘gpls’ as ‘gpls_1.82.0_R_x86_64-pc-linux-gnu.tar.gz’
* DONE (gpls)

The downloaded source packages are in
	‘/tmp/RtmpiNbsHz/downloaded_packages’

real	0m4.727s
user	0m3.098s
sys	0m1.428s
