+ Rscript -e 'Sys.setenv(BIOCONDUCTOR_USE_CONTAINER_REPOSITORY=FALSE);
  p <- .libPaths();
  p <- c('\'''\'', '\'''\'', p);
  .libPaths(p);
  if(BiocManager::install('\''fdrame'\'', INSTALL_opts = '\''--build'\'', update = TRUE, quiet = FALSE, dependencies=TRUE, force = TRUE, keep_outputs = TRUE) %in% rownames(installed.packages())) q(status = 0) else q(status = 1)'
'getOption("repos")' replaces Bioconductor standard repositories, see
'help("repositories", package = "BiocManager")' for details.
Replacement repositories:
    CRAN: https://p3m.dev/cran/__linux__/noble/latest
Bioconductor version 3.22 (BiocManager 1.30.26), R 4.5.2 (2025-10-31)
Installing package(s) 'fdrame'
trying URL 'https://bioconductor.org/packages/3.22/bioc/src/contrib/fdrame_1.82.0.tar.gz'
Content type 'application/x-gzip' length 996325 bytes (972 KB)
==================================================
downloaded 972 KB

* installing *source* package ‘fdrame’ ...
** this is package ‘fdrame’ version ‘1.82.0’
** package ‘fdrame’ successfully unpacked and MD5 sums checked
** using staged installation
** libs
using C compiler: ‘gcc (Ubuntu 13.3.0-6ubuntu2~24.04) 13.3.0’
gcc -std=gnu2x -I"/usr/local/lib/R/include" -DNDEBUG   -I/usr/local/include    -fpic  -g -O2 -fstack-protector-strong -Wformat -Werror=format-security -Wdate-time -D_FORTIFY_SOURCE=2 -g  -c fdr.c -o fdr.o
gcc -std=gnu2x -shared -L/usr/local/lib/R/lib -L/usr/local/lib -o fdrame.so fdr.o -L/usr/local/lib/R/lib -lR
installing to /usr/local/lib/R/site-library/00LOCK-fdrame/00new/fdrame/libs
** R
** data
** inst
** byte-compile and prepare package for lazy loading
Warning: no DISPLAY variable so Tk is not available
** help
*** installing help indices
** building package indices
** installing vignettes
** testing if installed package can be loaded from temporary location
Warning: no DISPLAY variable so Tk is not available
** checking absolute paths in shared objects and dynamic libraries
** testing if installed package can be loaded from final location
Warning: no DISPLAY variable so Tk is not available
** testing if installed package keeps a record of temporary installation path
* creating tarball
packaged installation of ‘fdrame’ as ‘fdrame_1.82.0_R_x86_64-pc-linux-gnu.tar.gz’
* DONE (fdrame)

The downloaded source packages are in
	‘/tmp/Rtmp1gDSDo/downloaded_packages’

real	0m5.082s
user	0m3.262s
sys	0m1.738s
