+ Rscript -e 'Sys.setenv(BIOCONDUCTOR_USE_CONTAINER_REPOSITORY=FALSE);
  p <- .libPaths();
  p <- c('\'''\'', '\'''\'', p);
  .libPaths(p);
  if(BiocManager::install('\''mdqc'\'', INSTALL_opts = '\''--build'\'', update = TRUE, quiet = FALSE, dependencies=TRUE, force = TRUE, keep_outputs = TRUE) %in% rownames(installed.packages())) q(status = 0) else q(status = 1)'
'getOption("repos")' replaces Bioconductor standard repositories, see
'help("repositories", package = "BiocManager")' for details.
Replacement repositories:
    CRAN: https://p3m.dev/cran/__linux__/noble/latest
Bioconductor version 3.22 (BiocManager 1.30.26), R 4.5.2 (2025-10-31)
Installing package(s) 'mdqc'
trying URL 'https://bioconductor.org/packages/3.22/bioc/src/contrib/mdqc_1.72.0.tar.gz'
Content type 'application/x-gzip' length 265263 bytes (259 KB)
==================================================
downloaded 259 KB

* installing *source* package ‘mdqc’ ...
** this is package ‘mdqc’ version ‘1.72.0’
** package ‘mdqc’ successfully unpacked and MD5 sums checked
** using staged installation
** R
** data
** inst
** byte-compile and prepare package for lazy loading
** help
*** installing help indices
** building package indices
** installing vignettes
** testing if installed package can be loaded from temporary location
** testing if installed package can be loaded from final location
** testing if installed package keeps a record of temporary installation path
* creating tarball
packaged installation of ‘mdqc’ as ‘mdqc_1.72.0_R_x86_64-pc-linux-gnu.tar.gz’
* DONE (mdqc)

The downloaded source packages are in
	‘/tmp/Rtmp6BtUMZ/downloaded_packages’

real	0m4.295s
user	0m2.962s
sys	0m1.353s
