+ Rscript -e 'Sys.setenv(BIOCONDUCTOR_USE_CONTAINER_REPOSITORY=FALSE);
  p <- .libPaths();
  p <- c('\''/tmp/library'\'', '\''/mnt/library'\'', p);
  .libPaths(p);
  if(BiocManager::install('\''clippda'\'', INSTALL_opts = '\''--build'\'', update = TRUE, quiet = FALSE, dependencies=TRUE, force = TRUE, keep_outputs = TRUE) %in% rownames(installed.packages())) q(status = 0) else q(status = 1)'
'getOption("repos")' replaces Bioconductor standard repositories, see
'help("repositories", package = "BiocManager")' for details.
Replacement repositories:
    CRAN: https://cloud.r-project.org
Bioconductor version 3.23 (BiocManager 1.30.26), R Under development (unstable)
  (2025-10-28 r88973)
Installing package(s) 'clippda'
also installing the dependencies ‘rgl’, ‘scatterplot3d’

trying URL 'https://cloud.r-project.org/src/contrib/rgl_1.3.24.tar.gz'
trying URL 'https://cloud.r-project.org/src/contrib/scatterplot3d_0.3-44.tar.gz'
trying URL 'https://bioconductor.org/packages/3.23/bioc/src/contrib/clippda_1.61.0.tar.gz'
* installing *source* package ‘rgl’ ...
** this is package ‘rgl’ version ‘1.3.24’
** package ‘rgl’ successfully unpacked and MD5 sums checked
** using staged installation
checking for gcc... gcc -std=gnu2x
checking whether the C compiler works... yes
checking for C compiler default output file name... a.out
checking for suffix of executables... 
checking whether we are cross compiling... no
checking for suffix of object files... o
checking whether the compiler supports GNU C... yes
checking whether gcc -std=gnu2x accepts -g... yes
checking for gcc -std=gnu2x option to enable C11 features... none needed
checking how to run the C preprocessor... gcc -std=gnu2x -E
checking for gcc... (cached) gcc -std=gnu2x
checking whether the compiler supports GNU C... (cached) yes
checking whether gcc -std=gnu2x accepts -g... (cached) yes
checking for gcc -std=gnu2x option to enable C11 features... (cached) none needed
checking for libpng-config... yes
configure: using libpng-config
configure: using libpng dynamic linkage
checking for X... libraries , headers 
checking for XAllocClassHint... yes
checking for GL/gl.h... yes
checking for GL/glu.h... yes
checking for glEnd in -lGL... yes
checking for glEnd... yes
checking for gluErrorString in -lGLU... yes
checking for gluErrorString... yes
checking for pkg-config... yes
configure: using Freetype and FTGL
configure: creating ./config.status
config.status: creating R/noOpenGL.R
config.status: creating src/useNULL/Makevars
config.status: creating src/Makevars
** libs
using C compiler: ‘gcc (Ubuntu 13.3.0-6ubuntu2~24.04) 13.3.0’
using C++ compiler: ‘g++ (Ubuntu 13.3.0-6ubuntu2~24.04) 13.3.0’
g++ -std=gnu++17 -I"/usr/local/lib/R/include" -DNDEBUG -I/usr/local/include -DHAVE_PNG_H -I/usr/include/libpng16 -DHAVE_FREETYPE -Iext/ftgl -I/usr/include/freetype2 -I/usr/include/libpng16  -DR_NO_REMAP -Iext -Iext/glad/include -Iext/earcut  -I/usr/local/include    -fpic  -g -O2 -fstack-protector-strong -Wformat -Werror=format-security -Wdate-time -D_FORTIFY_SOURCE=2 -g   -c ABCLineSet.cpp -o ABCLineSet.o
g++ -std=gnu++17 -I"/usr/local/lib/R/include" -DNDEBUG -I/usr/local/include -DHAVE_PNG_H -I/usr/include/libpng16 -DHAVE_FREETYPE -Iext/ftgl -I/usr/include/freetype2 -I/usr/include/libpng16  -DR_NO_REMAP -Iext -Iext/glad/include -Iext/earcut  -I/usr/local/include    -fpic  -g -O2 -fstack-protector-strong -Wformat -Werror=format-security -Wdate-time -D_FORTIFY_SOURCE=2 -g   -c BBoxDeco.cpp -o BBoxDeco.o
g++ -std=gnu++17 -I"/usr/local/lib/R/include" -DNDEBUG -I/usr/local/include -DHAVE_PNG_H -I/usr/include/libpng16 -DHAVE_FREETYPE -Iext/ftgl -I/usr/include/freetype2 -I/usr/include/libpng16  -DR_NO_REMAP -Iext -Iext/glad/include -Iext/earcut  -I/usr/local/include    -fpic  -g -O2 -fstack-protector-strong -Wformat -Werror=format-security -Wdate-time -D_FORTIFY_SOURCE=2 -g   -c Background.cpp -o Background.o
g++ -std=gnu++17 -I"/usr/local/lib/R/include" -DNDEBUG -I/usr/local/include -DHAVE_PNG_H -I/usr/include/libpng16 -DHAVE_FREETYPE -Iext/ftgl -I/usr/include/freetype2 -I/usr/include/libpng16  -DR_NO_REMAP -Iext -Iext/glad/include -Iext/earcut  -I/usr/local/include    -fpic  -g -O2 -fstack-protector-strong -Wformat -Werror=format-security -Wdate-time -D_FORTIFY_SOURCE=2 -g   -c ClipPlane.cpp -o ClipPlane.o
g++ -std=gnu++17 -I"/usr/local/lib/R/include" -DNDEBUG -I/usr/local/include -DHAVE_PNG_H -I/usr/include/libpng16 -DHAVE_FREETYPE -Iext/ftgl -I/usr/include/freetype2 -I/usr/include/libpng16  -DR_NO_REMAP -Iext -Iext/glad/include -Iext/earcut  -I/usr/local/include    -fpic  -g -O2 -fstack-protector-strong -Wformat -Werror=format-security -Wdate-time -D_FORTIFY_SOURCE=2 -g   -c Color.cpp -o Color.o
g++ -std=gnu++17 -I"/usr/local/lib/R/include" -DNDEBUG -I/usr/local/include -DHAVE_PNG_H -I/usr/include/libpng16 -DHAVE_FREETYPE -Iext/ftgl -I/usr/include/freetype2 -I/usr/include/libpng16  -DR_NO_REMAP -Iext -Iext/glad/include -Iext/earcut  -I/usr/local/include    -fpic  -g -O2 -fstack-protector-strong -Wformat -Werror=format-security -Wdate-time -D_FORTIFY_SOURCE=2 -g   -c Disposable.cpp -o Disposable.o
g++ -std=gnu++17 -I"/usr/local/lib/R/include" -DNDEBUG -I/usr/local/include -DHAVE_PNG_H -I/usr/include/libpng16 -DHAVE_FREETYPE -Iext/ftgl -I/usr/include/freetype2 -I/usr/include/libpng16  -DR_NO_REMAP -Iext -Iext/glad/include -Iext/earcut  -I/usr/local/include    -fpic  -g -O2 -fstack-protector-strong -Wformat -Werror=format-security -Wdate-time -D_FORTIFY_SOURCE=2 -g   -c Light.cpp -o Light.o
g++ -std=gnu++17 -I"/usr/local/lib/R/include" -DNDEBUG -I/usr/local/include -DHAVE_PNG_H -I/usr/include/libpng16 -DHAVE_FREETYPE -Iext/ftgl -I/usr/include/freetype2 -I/usr/include/libpng16  -DR_NO_REMAP -Iext -Iext/glad/include -Iext/earcut  -I/usr/local/include    -fpic  -g -O2 -fstack-protector-strong -Wformat -Werror=format-security -Wdate-time -D_FORTIFY_SOURCE=2 -g   -c LineSet.cpp -o LineSet.o
g++ -std=gnu++17 -I"/usr/local/lib/R/include" -DNDEBUG -I/usr/local/include -DHAVE_PNG_H -I/usr/include/libpng16 -DHAVE_FREETYPE -Iext/ftgl -I/usr/include/freetype2 -I/usr/include/libpng16  -DR_NO_REMAP -Iext -Iext/glad/include -Iext/earcut  -I/usr/local/include    -fpic  -g -O2 -fstack-protector-strong -Wformat -Werror=format-security -Wdate-time -D_FORTIFY_SOURCE=2 -g   -c LineStripSet.cpp -o LineStripSet.o
g++ -std=gnu++17 -I"/usr/local/lib/R/include" -DNDEBUG -I/usr/local/include -DHAVE_PNG_H -I/usr/include/libpng16 -DHAVE_FREETYPE -Iext/ftgl -I/usr/include/freetype2 -I/usr/include/libpng16  -DR_NO_REMAP -Iext -Iext/glad/include -Iext/earcut  -I/usr/local/include    -fpic  -g -O2 -fstack-protector-strong -Wformat -Werror=format-security -Wdate-time -D_FORTIFY_SOURCE=2 -g   -c Material.cpp -o Material.o
g++ -std=gnu++17 -I"/usr/local/lib/R/include" -DNDEBUG -I/usr/local/include -DHAVE_PNG_H -I/usr/include/libpng16 -DHAVE_FREETYPE -Iext/ftgl -I/usr/include/freetype2 -I/usr/include/libpng16  -DR_NO_REMAP -Iext -Iext/glad/include -Iext/earcut  -I/usr/local/include    -fpic  -g -O2 -fstack-protector-strong -Wformat -Werror=format-security -Wdate-time -D_FORTIFY_SOURCE=2 -g   -c NULLgui.cpp -o NULLgui.o
g++ -std=gnu++17 -I"/usr/local/lib/R/include" -DNDEBUG -I/usr/local/include -DHAVE_PNG_H -I/usr/include/libpng16 -DHAVE_FREETYPE -Iext/ftgl -I/usr/include/freetype2 -I/usr/include/libpng16  -DR_NO_REMAP -Iext -Iext/glad/include -Iext/earcut  -I/usr/local/include    -fpic  -g -O2 -fstack-protector-strong -Wformat -Werror=format-security -Wdate-time -D_FORTIFY_SOURCE=2 -g   -c PlaneSet.cpp -o PlaneSet.o
g++ -std=gnu++17 -I"/usr/local/lib/R/include" -DNDEBUG -I/usr/local/include -DHAVE_PNG_H -I/usr/include/libpng16 -DHAVE_FREETYPE -Iext/ftgl -I/usr/include/freetype2 -I/usr/include/libpng16  -DR_NO_REMAP -Iext -Iext/glad/include -Iext/earcut  -I/usr/local/include    -fpic  -g -O2 -fstack-protector-strong -Wformat -Werror=format-security -Wdate-time -D_FORTIFY_SOURCE=2 -g   -c PointSet.cpp -o PointSet.o
g++ -std=gnu++17 -I"/usr/local/lib/R/include" -DNDEBUG -I/usr/local/include -DHAVE_PNG_H -I/usr/include/libpng16 -DHAVE_FREETYPE -Iext/ftgl -I/usr/include/freetype2 -I/usr/include/libpng16  -DR_NO_REMAP -Iext -Iext/glad/include -Iext/earcut  -I/usr/local/include    -fpic  -g -O2 -fstack-protector-strong -Wformat -Werror=format-security -Wdate-time -D_FORTIFY_SOURCE=2 -g   -c PrimitiveSet.cpp -o PrimitiveSet.o
g++ -std=gnu++17 -I"/usr/local/lib/R/include" -DNDEBUG -I/usr/local/include -DHAVE_PNG_H -I/usr/include/libpng16 -DHAVE_FREETYPE -Iext/ftgl -I/usr/include/freetype2 -I/usr/include/libpng16  -DR_NO_REMAP -Iext -Iext/glad/include -Iext/earcut  -I/usr/local/include    -fpic  -g -O2 -fstack-protector-strong -Wformat -Werror=format-security -Wdate-time -D_FORTIFY_SOURCE=2 -g   -c R.cpp -o R.o
g++ -std=gnu++17 -I"/usr/local/lib/R/include" -DNDEBUG -I/usr/local/include -DHAVE_PNG_H -I/usr/include/libpng16 -DHAVE_FREETYPE -Iext/ftgl -I/usr/include/freetype2 -I/usr/include/libpng16  -DR_NO_REMAP -Iext -Iext/glad/include -Iext/earcut  -I/usr/local/include    -fpic  -g -O2 -fstack-protector-strong -Wformat -Werror=format-security -Wdate-time -D_FORTIFY_SOURCE=2 -g   -c RenderContext.cpp -o RenderContext.o
g++ -std=gnu++17 -I"/usr/local/lib/R/include" -DNDEBUG -I/usr/local/include -DHAVE_PNG_H -I/usr/include/libpng16 -DHAVE_FREETYPE -Iext/ftgl -I/usr/include/freetype2 -I/usr/include/libpng16  -DR_NO_REMAP -Iext -Iext/glad/include -Iext/earcut  -I/usr/local/include    -fpic  -g -O2 -fstack-protector-strong -Wformat -Werror=format-security -Wdate-time -D_FORTIFY_SOURCE=2 -g   -c Shape.cpp -o Shape.o
g++ -std=gnu++17 -I"/usr/local/lib/R/include" -DNDEBUG -I/usr/local/include -DHAVE_PNG_H -I/usr/include/libpng16 -DHAVE_FREETYPE -Iext/ftgl -I/usr/include/freetype2 -I/usr/include/libpng16  -DR_NO_REMAP -Iext -Iext/glad/include -Iext/earcut  -I/usr/local/include    -fpic  -g -O2 -fstack-protector-strong -Wformat -Werror=format-security -Wdate-time -D_FORTIFY_SOURCE=2 -g   -c SphereMesh.cpp -o SphereMesh.o
g++ -std=gnu++17 -I"/usr/local/lib/R/include" -DNDEBUG -I/usr/local/include -DHAVE_PNG_H -I/usr/include/libpng16 -DHAVE_FREETYPE -Iext/ftgl -I/usr/include/freetype2 -I/usr/include/libpng16  -DR_NO_REMAP -Iext -Iext/glad/include -Iext/earcut  -I/usr/local/include    -fpic  -g -O2 -fstack-protector-strong -Wformat -Werror=format-security -Wdate-time -D_FORTIFY_SOURCE=2 -g   -c SphereSet.cpp -o SphereSet.o
g++ -std=gnu++17 -I"/usr/local/lib/R/include" -DNDEBUG -I/usr/local/include -DHAVE_PNG_H -I/usr/include/libpng16 -DHAVE_FREETYPE -Iext/ftgl -I/usr/include/freetype2 -I/usr/include/libpng16  -DR_NO_REMAP -Iext -Iext/glad/include -Iext/earcut  -I/usr/local/include    -fpic  -g -O2 -fstack-protector-strong -Wformat -Werror=format-security -Wdate-time -D_FORTIFY_SOURCE=2 -g   -c SpriteSet.cpp -o SpriteSet.o
g++ -std=gnu++17 -I"/usr/local/lib/R/include" -DNDEBUG -I/usr/local/include -DHAVE_PNG_H -I/usr/include/libpng16 -DHAVE_FREETYPE -Iext/ftgl -I/usr/include/freetype2 -I/usr/include/libpng16  -DR_NO_REMAP -Iext -Iext/glad/include -Iext/earcut  -I/usr/local/include    -fpic  -g -O2 -fstack-protector-strong -Wformat -Werror=format-security -Wdate-time -D_FORTIFY_SOURCE=2 -g   -c Surface.cpp -o Surface.o
g++ -std=gnu++17 -I"/usr/local/lib/R/include" -DNDEBUG -I/usr/local/include -DHAVE_PNG_H -I/usr/include/libpng16 -DHAVE_FREETYPE -Iext/ftgl -I/usr/include/freetype2 -I/usr/include/libpng16  -DR_NO_REMAP -Iext -Iext/glad/include -Iext/earcut  -I/usr/local/include    -fpic  -g -O2 -fstack-protector-strong -Wformat -Werror=format-security -Wdate-time -D_FORTIFY_SOURCE=2 -g   -c TextSet.cpp -o TextSet.o
g++ -std=gnu++17 -I"/usr/local/lib/R/include" -DNDEBUG -I/usr/local/include -DHAVE_PNG_H -I/usr/include/libpng16 -DHAVE_FREETYPE -Iext/ftgl -I/usr/include/freetype2 -I/usr/include/libpng16  -DR_NO_REMAP -Iext -Iext/glad/include -Iext/earcut  -I/usr/local/include    -fpic  -g -O2 -fstack-protector-strong -Wformat -Werror=format-security -Wdate-time -D_FORTIFY_SOURCE=2 -g   -c Texture.cpp -o Texture.o
g++ -std=gnu++17 -I"/usr/local/lib/R/include" -DNDEBUG -I/usr/local/include -DHAVE_PNG_H -I/usr/include/libpng16 -DHAVE_FREETYPE -Iext/ftgl -I/usr/include/freetype2 -I/usr/include/libpng16  -DR_NO_REMAP -Iext -Iext/glad/include -Iext/earcut  -I/usr/local/include    -fpic  -g -O2 -fstack-protector-strong -Wformat -Werror=format-security -Wdate-time -D_FORTIFY_SOURCE=2 -g   -c Viewpoint.cpp -o Viewpoint.o
g++ -std=gnu++17 -I"/usr/local/lib/R/include" -DNDEBUG -I/usr/local/include -DHAVE_PNG_H -I/usr/include/libpng16 -DHAVE_FREETYPE -Iext/ftgl -I/usr/include/freetype2 -I/usr/include/libpng16  -DR_NO_REMAP -Iext -Iext/glad/include -Iext/earcut  -I/usr/local/include    -fpic  -g -O2 -fstack-protector-strong -Wformat -Werror=format-security -Wdate-time -D_FORTIFY_SOURCE=2 -g   -c api.cpp -o api.o
g++ -std=gnu++17 -I"/usr/local/lib/R/include" -DNDEBUG -I/usr/local/include -DHAVE_PNG_H -I/usr/include/libpng16 -DHAVE_FREETYPE -Iext/ftgl -I/usr/include/freetype2 -I/usr/include/libpng16  -DR_NO_REMAP -Iext -Iext/glad/include -Iext/earcut  -I/usr/local/include    -fpic  -g -O2 -fstack-protector-strong -Wformat -Werror=format-security -Wdate-time -D_FORTIFY_SOURCE=2 -g   -c assert.cpp -o assert.o
g++ -std=gnu++17 -I"/usr/local/lib/R/include" -DNDEBUG -I/usr/local/include -DHAVE_PNG_H -I/usr/include/libpng16 -DHAVE_FREETYPE -Iext/ftgl -I/usr/include/freetype2 -I/usr/include/libpng16  -DR_NO_REMAP -Iext -Iext/glad/include -Iext/earcut  -I/usr/local/include    -fpic  -g -O2 -fstack-protector-strong -Wformat -Werror=format-security -Wdate-time -D_FORTIFY_SOURCE=2 -g   -c callbacks.cpp -o callbacks.o
g++ -std=gnu++17 -I"/usr/local/lib/R/include" -DNDEBUG -I/usr/local/include -DHAVE_PNG_H -I/usr/include/libpng16 -DHAVE_FREETYPE -Iext/ftgl -I/usr/include/freetype2 -I/usr/include/libpng16  -DR_NO_REMAP -Iext -Iext/glad/include -Iext/earcut  -I/usr/local/include    -fpic  -g -O2 -fstack-protector-strong -Wformat -Werror=format-security -Wdate-time -D_FORTIFY_SOURCE=2 -g   -c device.cpp -o device.o
g++ -std=gnu++17 -I"/usr/local/lib/R/include" -DNDEBUG -I/usr/local/include -DHAVE_PNG_H -I/usr/include/libpng16 -DHAVE_FREETYPE -Iext/ftgl -I/usr/include/freetype2 -I/usr/include/libpng16  -DR_NO_REMAP -Iext -Iext/glad/include -Iext/earcut  -I/usr/local/include    -fpic  -g -O2 -fstack-protector-strong -Wformat -Werror=format-security -Wdate-time -D_FORTIFY_SOURCE=2 -g   -c devicemanager.cpp -o devicemanager.o
g++ -std=gnu++17 -I"/usr/local/lib/R/include" -DNDEBUG -I/usr/local/include -DHAVE_PNG_H -I/usr/include/libpng16 -DHAVE_FREETYPE -Iext/ftgl -I/usr/include/freetype2 -I/usr/include/libpng16  -DR_NO_REMAP -Iext -Iext/glad/include -Iext/earcut  -I/usr/local/include    -fpic  -g -O2 -fstack-protector-strong -Wformat -Werror=format-security -Wdate-time -D_FORTIFY_SOURCE=2 -g   -c earcut.cpp -o earcut.o
g++ -std=gnu++17 -I"/usr/local/lib/R/include" -DNDEBUG -I/usr/local/include -DHAVE_PNG_H -I/usr/include/libpng16 -DHAVE_FREETYPE -Iext/ftgl -I/usr/include/freetype2 -I/usr/include/libpng16  -DR_NO_REMAP -Iext -Iext/glad/include -Iext/earcut  -I/usr/local/include    -fpic  -g -O2 -fstack-protector-strong -Wformat -Werror=format-security -Wdate-time -D_FORTIFY_SOURCE=2 -g   -c fps.cpp -o fps.o
g++ -std=gnu++17 -I"/usr/local/lib/R/include" -DNDEBUG -I/usr/local/include -DHAVE_PNG_H -I/usr/include/libpng16 -DHAVE_FREETYPE -Iext/ftgl -I/usr/include/freetype2 -I/usr/include/libpng16  -DR_NO_REMAP -Iext -Iext/glad/include -Iext/earcut  -I/usr/local/include    -fpic  -g -O2 -fstack-protector-strong -Wformat -Werror=format-security -Wdate-time -D_FORTIFY_SOURCE=2 -g   -c ftgl.cpp -o ftgl.o
g++ -std=gnu++17 -I"/usr/local/lib/R/include" -DNDEBUG -I/usr/local/include -DHAVE_PNG_H -I/usr/include/libpng16 -DHAVE_FREETYPE -Iext/ftgl -I/usr/include/freetype2 -I/usr/include/libpng16  -DR_NO_REMAP -Iext -Iext/glad/include -Iext/earcut  -I/usr/local/include    -fpic  -g -O2 -fstack-protector-strong -Wformat -Werror=format-security -Wdate-time -D_FORTIFY_SOURCE=2 -g   -c geom.cpp -o geom.o
gcc -std=gnu2x -I"/usr/local/lib/R/include" -DNDEBUG -I/usr/local/include -DHAVE_PNG_H -I/usr/include/libpng16 -DHAVE_FREETYPE -Iext/ftgl -I/usr/include/freetype2 -I/usr/include/libpng16  -DR_NO_REMAP -Iext -Iext/glad/include -Iext/earcut  -I/usr/local/include   -fvisibility=hidden -fpic  -g -O2 -fstack-protector-strong -Wformat -Werror=format-security -Wdate-time -D_FORTIFY_SOURCE=2 -g  -c gl.c -o gl.o
gcc -std=gnu2x -I"/usr/local/lib/R/include" -DNDEBUG -I/usr/local/include -DHAVE_PNG_H -I/usr/include/libpng16 -DHAVE_FREETYPE -Iext/ftgl -I/usr/include/freetype2 -I/usr/include/libpng16  -DR_NO_REMAP -Iext -Iext/glad/include -Iext/earcut  -I/usr/local/include   -fvisibility=hidden -fpic  -g -O2 -fstack-protector-strong -Wformat -Werror=format-security -Wdate-time -D_FORTIFY_SOURCE=2 -g  -c gl2ps.c -o gl2ps.o
g++ -std=gnu++17 -I"/usr/local/lib/R/include" -DNDEBUG -I/usr/local/include -DHAVE_PNG_H -I/usr/include/libpng16 -DHAVE_FREETYPE -Iext/ftgl -I/usr/include/freetype2 -I/usr/include/libpng16  -DR_NO_REMAP -Iext -Iext/glad/include -Iext/earcut  -I/usr/local/include    -fpic  -g -O2 -fstack-protector-strong -Wformat -Werror=format-security -Wdate-time -D_FORTIFY_SOURCE=2 -g   -c glErrors.cpp -o glErrors.o
g++ -std=gnu++17 -I"/usr/local/lib/R/include" -DNDEBUG -I/usr/local/include -DHAVE_PNG_H -I/usr/include/libpng16 -DHAVE_FREETYPE -Iext/ftgl -I/usr/include/freetype2 -I/usr/include/libpng16  -DR_NO_REMAP -Iext -Iext/glad/include -Iext/earcut  -I/usr/local/include    -fpic  -g -O2 -fstack-protector-strong -Wformat -Werror=format-security -Wdate-time -D_FORTIFY_SOURCE=2 -g   -c glgui.cpp -o glgui.o
g++ -std=gnu++17 -I"/usr/local/lib/R/include" -DNDEBUG -I/usr/local/include -DHAVE_PNG_H -I/usr/include/libpng16 -DHAVE_FREETYPE -Iext/ftgl -I/usr/include/freetype2 -I/usr/include/libpng16  -DR_NO_REMAP -Iext -Iext/glad/include -Iext/earcut  -I/usr/local/include    -fpic  -g -O2 -fstack-protector-strong -Wformat -Werror=format-security -Wdate-time -D_FORTIFY_SOURCE=2 -g   -c gui.cpp -o gui.o
g++ -std=gnu++17 -I"/usr/local/lib/R/include" -DNDEBUG -I/usr/local/include -DHAVE_PNG_H -I/usr/include/libpng16 -DHAVE_FREETYPE -Iext/ftgl -I/usr/include/freetype2 -I/usr/include/libpng16  -DR_NO_REMAP -Iext -Iext/glad/include -Iext/earcut  -I/usr/local/include    -fpic  -g -O2 -fstack-protector-strong -Wformat -Werror=format-security -Wdate-time -D_FORTIFY_SOURCE=2 -g   -c init.cpp -o init.o
g++ -std=gnu++17 -I"/usr/local/lib/R/include" -DNDEBUG -I/usr/local/include -DHAVE_PNG_H -I/usr/include/libpng16 -DHAVE_FREETYPE -Iext/ftgl -I/usr/include/freetype2 -I/usr/include/libpng16  -DR_NO_REMAP -Iext -Iext/glad/include -Iext/earcut  -I/usr/local/include    -fpic  -g -O2 -fstack-protector-strong -Wformat -Werror=format-security -Wdate-time -D_FORTIFY_SOURCE=2 -g   -c par3d.cpp -o par3d.o
g++ -std=gnu++17 -I"/usr/local/lib/R/include" -DNDEBUG -I/usr/local/include -DHAVE_PNG_H -I/usr/include/libpng16 -DHAVE_FREETYPE -Iext/ftgl -I/usr/include/freetype2 -I/usr/include/libpng16  -DR_NO_REMAP -Iext -Iext/glad/include -Iext/earcut  -I/usr/local/include    -fpic  -g -O2 -fstack-protector-strong -Wformat -Werror=format-security -Wdate-time -D_FORTIFY_SOURCE=2 -g   -c pixmap.cpp -o pixmap.o
g++ -std=gnu++17 -I"/usr/local/lib/R/include" -DNDEBUG -I/usr/local/include -DHAVE_PNG_H -I/usr/include/libpng16 -DHAVE_FREETYPE -Iext/ftgl -I/usr/include/freetype2 -I/usr/include/libpng16  -DR_NO_REMAP -Iext -Iext/glad/include -Iext/earcut  -I/usr/local/include    -fpic  -g -O2 -fstack-protector-strong -Wformat -Werror=format-security -Wdate-time -D_FORTIFY_SOURCE=2 -g   -c platform.cpp -o platform.o
gcc -std=gnu2x -I"/usr/local/lib/R/include" -DNDEBUG -I/usr/local/include -DHAVE_PNG_H -I/usr/include/libpng16 -DHAVE_FREETYPE -Iext/ftgl -I/usr/include/freetype2 -I/usr/include/libpng16  -DR_NO_REMAP -Iext -Iext/glad/include -Iext/earcut  -I/usr/local/include   -fvisibility=hidden -fpic  -g -O2 -fstack-protector-strong -Wformat -Werror=format-security -Wdate-time -D_FORTIFY_SOURCE=2 -g  -c pretty.c -o pretty.o
g++ -std=gnu++17 -I"/usr/local/lib/R/include" -DNDEBUG -I/usr/local/include -DHAVE_PNG_H -I/usr/include/libpng16 -DHAVE_FREETYPE -Iext/ftgl -I/usr/include/freetype2 -I/usr/include/libpng16  -DR_NO_REMAP -Iext -Iext/glad/include -Iext/earcut  -I/usr/local/include    -fpic  -g -O2 -fstack-protector-strong -Wformat -Werror=format-security -Wdate-time -D_FORTIFY_SOURCE=2 -g   -c render.cpp -o render.o
g++ -std=gnu++17 -I"/usr/local/lib/R/include" -DNDEBUG -I/usr/local/include -DHAVE_PNG_H -I/usr/include/libpng16 -DHAVE_FREETYPE -Iext/ftgl -I/usr/include/freetype2 -I/usr/include/libpng16  -DR_NO_REMAP -Iext -Iext/glad/include -Iext/earcut  -I/usr/local/include    -fpic  -g -O2 -fstack-protector-strong -Wformat -Werror=format-security -Wdate-time -D_FORTIFY_SOURCE=2 -g   -c rglmath.cpp -o rglmath.o
g++ -std=gnu++17 -I"/usr/local/lib/R/include" -DNDEBUG -I/usr/local/include -DHAVE_PNG_H -I/usr/include/libpng16 -DHAVE_FREETYPE -Iext/ftgl -I/usr/include/freetype2 -I/usr/include/libpng16  -DR_NO_REMAP -Iext -Iext/glad/include -Iext/earcut  -I/usr/local/include    -fpic  -g -O2 -fstack-protector-strong -Wformat -Werror=format-security -Wdate-time -D_FORTIFY_SOURCE=2 -g   -c rglview.cpp -o rglview.o
g++ -std=gnu++17 -I"/usr/local/lib/R/include" -DNDEBUG -I/usr/local/include -DHAVE_PNG_H -I/usr/include/libpng16 -DHAVE_FREETYPE -Iext/ftgl -I/usr/include/freetype2 -I/usr/include/libpng16  -DR_NO_REMAP -Iext -Iext/glad/include -Iext/earcut  -I/usr/local/include    -fpic  -g -O2 -fstack-protector-strong -Wformat -Werror=format-security -Wdate-time -D_FORTIFY_SOURCE=2 -g   -c scene.cpp -o scene.o
g++ -std=gnu++17 -I"/usr/local/lib/R/include" -DNDEBUG -I/usr/local/include -DHAVE_PNG_H -I/usr/include/libpng16 -DHAVE_FREETYPE -Iext/ftgl -I/usr/include/freetype2 -I/usr/include/libpng16  -DR_NO_REMAP -Iext -Iext/glad/include -Iext/earcut  -I/usr/local/include    -fpic  -g -O2 -fstack-protector-strong -Wformat -Werror=format-security -Wdate-time -D_FORTIFY_SOURCE=2 -g   -c select.cpp -o select.o
g++ -std=gnu++17 -I"/usr/local/lib/R/include" -DNDEBUG -I/usr/local/include -DHAVE_PNG_H -I/usr/include/libpng16 -DHAVE_FREETYPE -Iext/ftgl -I/usr/include/freetype2 -I/usr/include/libpng16  -DR_NO_REMAP -Iext -Iext/glad/include -Iext/earcut  -I/usr/local/include    -fpic  -g -O2 -fstack-protector-strong -Wformat -Werror=format-security -Wdate-time -D_FORTIFY_SOURCE=2 -g   -c subscene.cpp -o subscene.o
g++ -std=gnu++17 -I"/usr/local/lib/R/include" -DNDEBUG -I/usr/local/include -DHAVE_PNG_H -I/usr/include/libpng16 -DHAVE_FREETYPE -Iext/ftgl -I/usr/include/freetype2 -I/usr/include/libpng16  -DR_NO_REMAP -Iext -Iext/glad/include -Iext/earcut  -I/usr/local/include    -fpic  -g -O2 -fstack-protector-strong -Wformat -Werror=format-security -Wdate-time -D_FORTIFY_SOURCE=2 -g   -c win32gui.cpp -o win32gui.o
g++ -std=gnu++17 -I"/usr/local/lib/R/include" -DNDEBUG -I/usr/local/include -DHAVE_PNG_H -I/usr/include/libpng16 -DHAVE_FREETYPE -Iext/ftgl -I/usr/include/freetype2 -I/usr/include/libpng16  -DR_NO_REMAP -Iext -Iext/glad/include -Iext/earcut  -I/usr/local/include    -fpic  -g -O2 -fstack-protector-strong -Wformat -Werror=format-security -Wdate-time -D_FORTIFY_SOURCE=2 -g   -c win32lib.cpp -o win32lib.o
g++ -std=gnu++17 -I"/usr/local/lib/R/include" -DNDEBUG -I/usr/local/include -DHAVE_PNG_H -I/usr/include/libpng16 -DHAVE_FREETYPE -Iext/ftgl -I/usr/include/freetype2 -I/usr/include/libpng16  -DR_NO_REMAP -Iext -Iext/glad/include -Iext/earcut  -I/usr/local/include    -fpic  -g -O2 -fstack-protector-strong -Wformat -Werror=format-security -Wdate-time -D_FORTIFY_SOURCE=2 -g   -c x11gui.cpp -o x11gui.o
g++ -std=gnu++17 -I"/usr/local/lib/R/include" -DNDEBUG -I/usr/local/include -DHAVE_PNG_H -I/usr/include/libpng16 -DHAVE_FREETYPE -Iext/ftgl -I/usr/include/freetype2 -I/usr/include/libpng16  -DR_NO_REMAP -Iext -Iext/glad/include -Iext/earcut  -I/usr/local/include    -fpic  -g -O2 -fstack-protector-strong -Wformat -Werror=format-security -Wdate-time -D_FORTIFY_SOURCE=2 -g   -c x11lib.cpp -o x11lib.o
g++ -std=gnu++17 -shared -L/usr/local/lib/R/lib -L/usr/local/lib -o rgl.so ABCLineSet.o BBoxDeco.o Background.o ClipPlane.o Color.o Disposable.o Light.o LineSet.o LineStripSet.o Material.o NULLgui.o PlaneSet.o PointSet.o PrimitiveSet.o R.o RenderContext.o Shape.o SphereMesh.o SphereSet.o SpriteSet.o Surface.o TextSet.o Texture.o Viewpoint.o api.o assert.o callbacks.o device.o devicemanager.o earcut.o fps.o ftgl.o geom.o gl.o gl2ps.o glErrors.o glgui.o gui.o init.o par3d.o pixmap.o platform.o pretty.o render.o rglmath.o rglview.o scene.o select.o subscene.o win32gui.o win32lib.o x11gui.o x11lib.o -lGLU -lGL -lpng16 -lX11 -lfreetype -lbz2 -lz -lpng16 -lm -lz -lm -lz -lbrotlidec -lbrotlicommon -L/usr/local/lib/R/lib -lR
cp -Rp OpenGL useNULL && \
mkdir -p useNULL/ext && \
cp -Rp ext/earcut useNULL/ext/earcut && \
cp -p *.c *.h *.cpp useNULL/ && \
cd useNULL && \
/usr/local/lib/R/bin/R CMD SHLIB -o useNULL.so *.cpp *.c && \
cd .. && \
mkdir -p ../inst/useNULL && \
mv useNULL/useNULL.so ../inst/useNULL/rgl.so && \
rm useNULL/*.cpp useNULL/*.c useNULL/*.h useNULL/OpenGL/*
using C compiler: ‘gcc (Ubuntu 13.3.0-6ubuntu2~24.04) 13.3.0’
using C++ compiler: ‘g++ (Ubuntu 13.3.0-6ubuntu2~24.04) 13.3.0’
make[1]: Entering directory '/tmp/RtmpOiiEiR/R.INSTALL366775bdb5/rgl/src/useNULL'
g++ -std=gnu++17 -I"/usr/local/lib/R/include" -DNDEBUG -I/usr/local/include -DHAVE_PNG_H -I/usr/include/libpng16 -DRGL_NO_OPENGL -DR_NO_REMAP -Iext/earcut  -I/usr/local/include    -fpic  -g -O2 -fstack-protector-strong -Wformat -Werror=format-security -Wdate-time -D_FORTIFY_SOURCE=2 -g   -c ABCLineSet.cpp -o ABCLineSet.o
g++ -std=gnu++17 -I"/usr/local/lib/R/include" -DNDEBUG -I/usr/local/include -DHAVE_PNG_H -I/usr/include/libpng16 -DRGL_NO_OPENGL -DR_NO_REMAP -Iext/earcut  -I/usr/local/include    -fpic  -g -O2 -fstack-protector-strong -Wformat -Werror=format-security -Wdate-time -D_FORTIFY_SOURCE=2 -g   -c BBoxDeco.cpp -o BBoxDeco.o
g++ -std=gnu++17 -I"/usr/local/lib/R/include" -DNDEBUG -I/usr/local/include -DHAVE_PNG_H -I/usr/include/libpng16 -DRGL_NO_OPENGL -DR_NO_REMAP -Iext/earcut  -I/usr/local/include    -fpic  -g -O2 -fstack-protector-strong -Wformat -Werror=format-security -Wdate-time -D_FORTIFY_SOURCE=2 -g   -c Background.cpp -o Background.o
g++ -std=gnu++17 -I"/usr/local/lib/R/include" -DNDEBUG -I/usr/local/include -DHAVE_PNG_H -I/usr/include/libpng16 -DRGL_NO_OPENGL -DR_NO_REMAP -Iext/earcut  -I/usr/local/include    -fpic  -g -O2 -fstack-protector-strong -Wformat -Werror=format-security -Wdate-time -D_FORTIFY_SOURCE=2 -g   -c ClipPlane.cpp -o ClipPlane.o
g++ -std=gnu++17 -I"/usr/local/lib/R/include" -DNDEBUG -I/usr/local/include -DHAVE_PNG_H -I/usr/include/libpng16 -DRGL_NO_OPENGL -DR_NO_REMAP -Iext/earcut  -I/usr/local/include    -fpic  -g -O2 -fstack-protector-strong -Wformat -Werror=format-security -Wdate-time -D_FORTIFY_SOURCE=2 -g   -c Color.cpp -o Color.o
g++ -std=gnu++17 -I"/usr/local/lib/R/include" -DNDEBUG -I/usr/local/include -DHAVE_PNG_H -I/usr/include/libpng16 -DRGL_NO_OPENGL -DR_NO_REMAP -Iext/earcut  -I/usr/local/include    -fpic  -g -O2 -fstack-protector-strong -Wformat -Werror=format-security -Wdate-time -D_FORTIFY_SOURCE=2 -g   -c Disposable.cpp -o Disposable.o
g++ -std=gnu++17 -I"/usr/local/lib/R/include" -DNDEBUG -I/usr/local/include -DHAVE_PNG_H -I/usr/include/libpng16 -DRGL_NO_OPENGL -DR_NO_REMAP -Iext/earcut  -I/usr/local/include    -fpic  -g -O2 -fstack-protector-strong -Wformat -Werror=format-security -Wdate-time -D_FORTIFY_SOURCE=2 -g   -c Light.cpp -o Light.o
g++ -std=gnu++17 -I"/usr/local/lib/R/include" -DNDEBUG -I/usr/local/include -DHAVE_PNG_H -I/usr/include/libpng16 -DRGL_NO_OPENGL -DR_NO_REMAP -Iext/earcut  -I/usr/local/include    -fpic  -g -O2 -fstack-protector-strong -Wformat -Werror=format-security -Wdate-time -D_FORTIFY_SOURCE=2 -g   -c LineSet.cpp -o LineSet.o
g++ -std=gnu++17 -I"/usr/local/lib/R/include" -DNDEBUG -I/usr/local/include -DHAVE_PNG_H -I/usr/include/libpng16 -DRGL_NO_OPENGL -DR_NO_REMAP -Iext/earcut  -I/usr/local/include    -fpic  -g -O2 -fstack-protector-strong -Wformat -Werror=format-security -Wdate-time -D_FORTIFY_SOURCE=2 -g   -c LineStripSet.cpp -o LineStripSet.o
g++ -std=gnu++17 -I"/usr/local/lib/R/include" -DNDEBUG -I/usr/local/include -DHAVE_PNG_H -I/usr/include/libpng16 -DRGL_NO_OPENGL -DR_NO_REMAP -Iext/earcut  -I/usr/local/include    -fpic  -g -O2 -fstack-protector-strong -Wformat -Werror=format-security -Wdate-time -D_FORTIFY_SOURCE=2 -g   -c Material.cpp -o Material.o
g++ -std=gnu++17 -I"/usr/local/lib/R/include" -DNDEBUG -I/usr/local/include -DHAVE_PNG_H -I/usr/include/libpng16 -DRGL_NO_OPENGL -DR_NO_REMAP -Iext/earcut  -I/usr/local/include    -fpic  -g -O2 -fstack-protector-strong -Wformat -Werror=format-security -Wdate-time -D_FORTIFY_SOURCE=2 -g   -c NULLgui.cpp -o NULLgui.o
g++ -std=gnu++17 -I"/usr/local/lib/R/include" -DNDEBUG -I/usr/local/include -DHAVE_PNG_H -I/usr/include/libpng16 -DRGL_NO_OPENGL -DR_NO_REMAP -Iext/earcut  -I/usr/local/include    -fpic  -g -O2 -fstack-protector-strong -Wformat -Werror=format-security -Wdate-time -D_FORTIFY_SOURCE=2 -g   -c PlaneSet.cpp -o PlaneSet.o
g++ -std=gnu++17 -I"/usr/local/lib/R/include" -DNDEBUG -I/usr/local/include -DHAVE_PNG_H -I/usr/include/libpng16 -DRGL_NO_OPENGL -DR_NO_REMAP -Iext/earcut  -I/usr/local/include    -fpic  -g -O2 -fstack-protector-strong -Wformat -Werror=format-security -Wdate-time -D_FORTIFY_SOURCE=2 -g   -c PointSet.cpp -o PointSet.o
g++ -std=gnu++17 -I"/usr/local/lib/R/include" -DNDEBUG -I/usr/local/include -DHAVE_PNG_H -I/usr/include/libpng16 -DRGL_NO_OPENGL -DR_NO_REMAP -Iext/earcut  -I/usr/local/include    -fpic  -g -O2 -fstack-protector-strong -Wformat -Werror=format-security -Wdate-time -D_FORTIFY_SOURCE=2 -g   -c PrimitiveSet.cpp -o PrimitiveSet.o
g++ -std=gnu++17 -I"/usr/local/lib/R/include" -DNDEBUG -I/usr/local/include -DHAVE_PNG_H -I/usr/include/libpng16 -DRGL_NO_OPENGL -DR_NO_REMAP -Iext/earcut  -I/usr/local/include    -fpic  -g -O2 -fstack-protector-strong -Wformat -Werror=format-security -Wdate-time -D_FORTIFY_SOURCE=2 -g   -c R.cpp -o R.o
g++ -std=gnu++17 -I"/usr/local/lib/R/include" -DNDEBUG -I/usr/local/include -DHAVE_PNG_H -I/usr/include/libpng16 -DRGL_NO_OPENGL -DR_NO_REMAP -Iext/earcut  -I/usr/local/include    -fpic  -g -O2 -fstack-protector-strong -Wformat -Werror=format-security -Wdate-time -D_FORTIFY_SOURCE=2 -g   -c RenderContext.cpp -o RenderContext.o
g++ -std=gnu++17 -I"/usr/local/lib/R/include" -DNDEBUG -I/usr/local/include -DHAVE_PNG_H -I/usr/include/libpng16 -DRGL_NO_OPENGL -DR_NO_REMAP -Iext/earcut  -I/usr/local/include    -fpic  -g -O2 -fstack-protector-strong -Wformat -Werror=format-security -Wdate-time -D_FORTIFY_SOURCE=2 -g   -c Shape.cpp -o Shape.o
g++ -std=gnu++17 -I"/usr/local/lib/R/include" -DNDEBUG -I/usr/local/include -DHAVE_PNG_H -I/usr/include/libpng16 -DRGL_NO_OPENGL -DR_NO_REMAP -Iext/earcut  -I/usr/local/include    -fpic  -g -O2 -fstack-protector-strong -Wformat -Werror=format-security -Wdate-time -D_FORTIFY_SOURCE=2 -g   -c SphereMesh.cpp -o SphereMesh.o
g++ -std=gnu++17 -I"/usr/local/lib/R/include" -DNDEBUG -I/usr/local/include -DHAVE_PNG_H -I/usr/include/libpng16 -DRGL_NO_OPENGL -DR_NO_REMAP -Iext/earcut  -I/usr/local/include    -fpic  -g -O2 -fstack-protector-strong -Wformat -Werror=format-security -Wdate-time -D_FORTIFY_SOURCE=2 -g   -c SphereSet.cpp -o SphereSet.o
g++ -std=gnu++17 -I"/usr/local/lib/R/include" -DNDEBUG -I/usr/local/include -DHAVE_PNG_H -I/usr/include/libpng16 -DRGL_NO_OPENGL -DR_NO_REMAP -Iext/earcut  -I/usr/local/include    -fpic  -g -O2 -fstack-protector-strong -Wformat -Werror=format-security -Wdate-time -D_FORTIFY_SOURCE=2 -g   -c SpriteSet.cpp -o SpriteSet.o
g++ -std=gnu++17 -I"/usr/local/lib/R/include" -DNDEBUG -I/usr/local/include -DHAVE_PNG_H -I/usr/include/libpng16 -DRGL_NO_OPENGL -DR_NO_REMAP -Iext/earcut  -I/usr/local/include    -fpic  -g -O2 -fstack-protector-strong -Wformat -Werror=format-security -Wdate-time -D_FORTIFY_SOURCE=2 -g   -c Surface.cpp -o Surface.o
g++ -std=gnu++17 -I"/usr/local/lib/R/include" -DNDEBUG -I/usr/local/include -DHAVE_PNG_H -I/usr/include/libpng16 -DRGL_NO_OPENGL -DR_NO_REMAP -Iext/earcut  -I/usr/local/include    -fpic  -g -O2 -fstack-protector-strong -Wformat -Werror=format-security -Wdate-time -D_FORTIFY_SOURCE=2 -g   -c TextSet.cpp -o TextSet.o
g++ -std=gnu++17 -I"/usr/local/lib/R/include" -DNDEBUG -I/usr/local/include -DHAVE_PNG_H -I/usr/include/libpng16 -DRGL_NO_OPENGL -DR_NO_REMAP -Iext/earcut  -I/usr/local/include    -fpic  -g -O2 -fstack-protector-strong -Wformat -Werror=format-security -Wdate-time -D_FORTIFY_SOURCE=2 -g   -c Texture.cpp -o Texture.o
g++ -std=gnu++17 -I"/usr/local/lib/R/include" -DNDEBUG -I/usr/local/include -DHAVE_PNG_H -I/usr/include/libpng16 -DRGL_NO_OPENGL -DR_NO_REMAP -Iext/earcut  -I/usr/local/include    -fpic  -g -O2 -fstack-protector-strong -Wformat -Werror=format-security -Wdate-time -D_FORTIFY_SOURCE=2 -g   -c Viewpoint.cpp -o Viewpoint.o
g++ -std=gnu++17 -I"/usr/local/lib/R/include" -DNDEBUG -I/usr/local/include -DHAVE_PNG_H -I/usr/include/libpng16 -DRGL_NO_OPENGL -DR_NO_REMAP -Iext/earcut  -I/usr/local/include    -fpic  -g -O2 -fstack-protector-strong -Wformat -Werror=format-security -Wdate-time -D_FORTIFY_SOURCE=2 -g   -c api.cpp -o api.o
g++ -std=gnu++17 -I"/usr/local/lib/R/include" -DNDEBUG -I/usr/local/include -DHAVE_PNG_H -I/usr/include/libpng16 -DRGL_NO_OPENGL -DR_NO_REMAP -Iext/earcut  -I/usr/local/include    -fpic  -g -O2 -fstack-protector-strong -Wformat -Werror=format-security -Wdate-time -D_FORTIFY_SOURCE=2 -g   -c assert.cpp -o assert.o
g++ -std=gnu++17 -I"/usr/local/lib/R/include" -DNDEBUG -I/usr/local/include -DHAVE_PNG_H -I/usr/include/libpng16 -DRGL_NO_OPENGL -DR_NO_REMAP -Iext/earcut  -I/usr/local/include    -fpic  -g -O2 -fstack-protector-strong -Wformat -Werror=format-security -Wdate-time -D_FORTIFY_SOURCE=2 -g   -c callbacks.cpp -o callbacks.o
g++ -std=gnu++17 -I"/usr/local/lib/R/include" -DNDEBUG -I/usr/local/include -DHAVE_PNG_H -I/usr/include/libpng16 -DRGL_NO_OPENGL -DR_NO_REMAP -Iext/earcut  -I/usr/local/include    -fpic  -g -O2 -fstack-protector-strong -Wformat -Werror=format-security -Wdate-time -D_FORTIFY_SOURCE=2 -g   -c device.cpp -o device.o
g++ -std=gnu++17 -I"/usr/local/lib/R/include" -DNDEBUG -I/usr/local/include -DHAVE_PNG_H -I/usr/include/libpng16 -DRGL_NO_OPENGL -DR_NO_REMAP -Iext/earcut  -I/usr/local/include    -fpic  -g -O2 -fstack-protector-strong -Wformat -Werror=format-security -Wdate-time -D_FORTIFY_SOURCE=2 -g   -c devicemanager.cpp -o devicemanager.o
g++ -std=gnu++17 -I"/usr/local/lib/R/include" -DNDEBUG -I/usr/local/include -DHAVE_PNG_H -I/usr/include/libpng16 -DRGL_NO_OPENGL -DR_NO_REMAP -Iext/earcut  -I/usr/local/include    -fpic  -g -O2 -fstack-protector-strong -Wformat -Werror=format-security -Wdate-time -D_FORTIFY_SOURCE=2 -g   -c earcut.cpp -o earcut.o
g++ -std=gnu++17 -I"/usr/local/lib/R/include" -DNDEBUG -I/usr/local/include -DHAVE_PNG_H -I/usr/include/libpng16 -DRGL_NO_OPENGL -DR_NO_REMAP -Iext/earcut  -I/usr/local/include    -fpic  -g -O2 -fstack-protector-strong -Wformat -Werror=format-security -Wdate-time -D_FORTIFY_SOURCE=2 -g   -c fps.cpp -o fps.o
g++ -std=gnu++17 -I"/usr/local/lib/R/include" -DNDEBUG -I/usr/local/include -DHAVE_PNG_H -I/usr/include/libpng16 -DRGL_NO_OPENGL -DR_NO_REMAP -Iext/earcut  -I/usr/local/include    -fpic  -g -O2 -fstack-protector-strong -Wformat -Werror=format-security -Wdate-time -D_FORTIFY_SOURCE=2 -g   -c ftgl.cpp -o ftgl.o
g++ -std=gnu++17 -I"/usr/local/lib/R/include" -DNDEBUG -I/usr/local/include -DHAVE_PNG_H -I/usr/include/libpng16 -DRGL_NO_OPENGL -DR_NO_REMAP -Iext/earcut  -I/usr/local/include    -fpic  -g -O2 -fstack-protector-strong -Wformat -Werror=format-security -Wdate-time -D_FORTIFY_SOURCE=2 -g   -c geom.cpp -o geom.o
g++ -std=gnu++17 -I"/usr/local/lib/R/include" -DNDEBUG -I/usr/local/include -DHAVE_PNG_H -I/usr/include/libpng16 -DRGL_NO_OPENGL -DR_NO_REMAP -Iext/earcut  -I/usr/local/include    -fpic  -g -O2 -fstack-protector-strong -Wformat -Werror=format-security -Wdate-time -D_FORTIFY_SOURCE=2 -g   -c glErrors.cpp -o glErrors.o
g++ -std=gnu++17 -I"/usr/local/lib/R/include" -DNDEBUG -I/usr/local/include -DHAVE_PNG_H -I/usr/include/libpng16 -DRGL_NO_OPENGL -DR_NO_REMAP -Iext/earcut  -I/usr/local/include    -fpic  -g -O2 -fstack-protector-strong -Wformat -Werror=format-security -Wdate-time -D_FORTIFY_SOURCE=2 -g   -c glgui.cpp -o glgui.o
g++ -std=gnu++17 -I"/usr/local/lib/R/include" -DNDEBUG -I/usr/local/include -DHAVE_PNG_H -I/usr/include/libpng16 -DRGL_NO_OPENGL -DR_NO_REMAP -Iext/earcut  -I/usr/local/include    -fpic  -g -O2 -fstack-protector-strong -Wformat -Werror=format-security -Wdate-time -D_FORTIFY_SOURCE=2 -g   -c gui.cpp -o gui.o
g++ -std=gnu++17 -I"/usr/local/lib/R/include" -DNDEBUG -I/usr/local/include -DHAVE_PNG_H -I/usr/include/libpng16 -DRGL_NO_OPENGL -DR_NO_REMAP -Iext/earcut  -I/usr/local/include    -fpic  -g -O2 -fstack-protector-strong -Wformat -Werror=format-security -Wdate-time -D_FORTIFY_SOURCE=2 -g   -c init.cpp -o init.o
g++ -std=gnu++17 -I"/usr/local/lib/R/include" -DNDEBUG -I/usr/local/include -DHAVE_PNG_H -I/usr/include/libpng16 -DRGL_NO_OPENGL -DR_NO_REMAP -Iext/earcut  -I/usr/local/include    -fpic  -g -O2 -fstack-protector-strong -Wformat -Werror=format-security -Wdate-time -D_FORTIFY_SOURCE=2 -g   -c par3d.cpp -o par3d.o
g++ -std=gnu++17 -I"/usr/local/lib/R/include" -DNDEBUG -I/usr/local/include -DHAVE_PNG_H -I/usr/include/libpng16 -DRGL_NO_OPENGL -DR_NO_REMAP -Iext/earcut  -I/usr/local/include    -fpic  -g -O2 -fstack-protector-strong -Wformat -Werror=format-security -Wdate-time -D_FORTIFY_SOURCE=2 -g   -c pixmap.cpp -o pixmap.o
g++ -std=gnu++17 -I"/usr/local/lib/R/include" -DNDEBUG -I/usr/local/include -DHAVE_PNG_H -I/usr/include/libpng16 -DRGL_NO_OPENGL -DR_NO_REMAP -Iext/earcut  -I/usr/local/include    -fpic  -g -O2 -fstack-protector-strong -Wformat -Werror=format-security -Wdate-time -D_FORTIFY_SOURCE=2 -g   -c platform.cpp -o platform.o
g++ -std=gnu++17 -I"/usr/local/lib/R/include" -DNDEBUG -I/usr/local/include -DHAVE_PNG_H -I/usr/include/libpng16 -DRGL_NO_OPENGL -DR_NO_REMAP -Iext/earcut  -I/usr/local/include    -fpic  -g -O2 -fstack-protector-strong -Wformat -Werror=format-security -Wdate-time -D_FORTIFY_SOURCE=2 -g   -c render.cpp -o render.o
g++ -std=gnu++17 -I"/usr/local/lib/R/include" -DNDEBUG -I/usr/local/include -DHAVE_PNG_H -I/usr/include/libpng16 -DRGL_NO_OPENGL -DR_NO_REMAP -Iext/earcut  -I/usr/local/include    -fpic  -g -O2 -fstack-protector-strong -Wformat -Werror=format-security -Wdate-time -D_FORTIFY_SOURCE=2 -g   -c rglmath.cpp -o rglmath.o
g++ -std=gnu++17 -I"/usr/local/lib/R/include" -DNDEBUG -I/usr/local/include -DHAVE_PNG_H -I/usr/include/libpng16 -DRGL_NO_OPENGL -DR_NO_REMAP -Iext/earcut  -I/usr/local/include    -fpic  -g -O2 -fstack-protector-strong -Wformat -Werror=format-security -Wdate-time -D_FORTIFY_SOURCE=2 -g   -c rglview.cpp -o rglview.o
g++ -std=gnu++17 -I"/usr/local/lib/R/include" -DNDEBUG -I/usr/local/include -DHAVE_PNG_H -I/usr/include/libpng16 -DRGL_NO_OPENGL -DR_NO_REMAP -Iext/earcut  -I/usr/local/include    -fpic  -g -O2 -fstack-protector-strong -Wformat -Werror=format-security -Wdate-time -D_FORTIFY_SOURCE=2 -g   -c scene.cpp -o scene.o
g++ -std=gnu++17 -I"/usr/local/lib/R/include" -DNDEBUG -I/usr/local/include -DHAVE_PNG_H -I/usr/include/libpng16 -DRGL_NO_OPENGL -DR_NO_REMAP -Iext/earcut  -I/usr/local/include    -fpic  -g -O2 -fstack-protector-strong -Wformat -Werror=format-security -Wdate-time -D_FORTIFY_SOURCE=2 -g   -c select.cpp -o select.o
g++ -std=gnu++17 -I"/usr/local/lib/R/include" -DNDEBUG -I/usr/local/include -DHAVE_PNG_H -I/usr/include/libpng16 -DRGL_NO_OPENGL -DR_NO_REMAP -Iext/earcut  -I/usr/local/include    -fpic  -g -O2 -fstack-protector-strong -Wformat -Werror=format-security -Wdate-time -D_FORTIFY_SOURCE=2 -g   -c subscene.cpp -o subscene.o
g++ -std=gnu++17 -I"/usr/local/lib/R/include" -DNDEBUG -I/usr/local/include -DHAVE_PNG_H -I/usr/include/libpng16 -DRGL_NO_OPENGL -DR_NO_REMAP -Iext/earcut  -I/usr/local/include    -fpic  -g -O2 -fstack-protector-strong -Wformat -Werror=format-security -Wdate-time -D_FORTIFY_SOURCE=2 -g   -c win32gui.cpp -o win32gui.o
g++ -std=gnu++17 -I"/usr/local/lib/R/include" -DNDEBUG -I/usr/local/include -DHAVE_PNG_H -I/usr/include/libpng16 -DRGL_NO_OPENGL -DR_NO_REMAP -Iext/earcut  -I/usr/local/include    -fpic  -g -O2 -fstack-protector-strong -Wformat -Werror=format-security -Wdate-time -D_FORTIFY_SOURCE=2 -g   -c win32lib.cpp -o win32lib.o
g++ -std=gnu++17 -I"/usr/local/lib/R/include" -DNDEBUG -I/usr/local/include -DHAVE_PNG_H -I/usr/include/libpng16 -DRGL_NO_OPENGL -DR_NO_REMAP -Iext/earcut  -I/usr/local/include    -fpic  -g -O2 -fstack-protector-strong -Wformat -Werror=format-security -Wdate-time -D_FORTIFY_SOURCE=2 -g   -c x11gui.cpp -o x11gui.o
g++ -std=gnu++17 -I"/usr/local/lib/R/include" -DNDEBUG -I/usr/local/include -DHAVE_PNG_H -I/usr/include/libpng16 -DRGL_NO_OPENGL -DR_NO_REMAP -Iext/earcut  -I/usr/local/include    -fpic  -g -O2 -fstack-protector-strong -Wformat -Werror=format-security -Wdate-time -D_FORTIFY_SOURCE=2 -g   -c x11lib.cpp -o x11lib.o
gcc -std=gnu2x -I"/usr/local/lib/R/include" -DNDEBUG -I/usr/local/include -DHAVE_PNG_H -I/usr/include/libpng16 -DRGL_NO_OPENGL -DR_NO_REMAP -Iext/earcut  -I/usr/local/include   -fvisibility=hidden -fpic  -g -O2 -fstack-protector-strong -Wformat -Werror=format-security -Wdate-time -D_FORTIFY_SOURCE=2 -g  -c gl.c -o gl.o
gcc -std=gnu2x -I"/usr/local/lib/R/include" -DNDEBUG -I/usr/local/include -DHAVE_PNG_H -I/usr/include/libpng16 -DRGL_NO_OPENGL -DR_NO_REMAP -Iext/earcut  -I/usr/local/include   -fvisibility=hidden -fpic  -g -O2 -fstack-protector-strong -Wformat -Werror=format-security -Wdate-time -D_FORTIFY_SOURCE=2 -g  -c gl2ps.c -o gl2ps.o
gcc -std=gnu2x -I"/usr/local/lib/R/include" -DNDEBUG -I/usr/local/include -DHAVE_PNG_H -I/usr/include/libpng16 -DRGL_NO_OPENGL -DR_NO_REMAP -Iext/earcut  -I/usr/local/include   -fvisibility=hidden -fpic  -g -O2 -fstack-protector-strong -Wformat -Werror=format-security -Wdate-time -D_FORTIFY_SOURCE=2 -g  -c pretty.c -o pretty.o
g++ -std=gnu++17 -shared -L/usr/local/lib/R/lib -L/usr/local/lib -o useNULL.so ABCLineSet.o BBoxDeco.o Background.o ClipPlane.o Color.o Disposable.o Light.o LineSet.o LineStripSet.o Material.o NULLgui.o PlaneSet.o PointSet.o PrimitiveSet.o R.o RenderContext.o Shape.o SphereMesh.o SphereSet.o SpriteSet.o Surface.o TextSet.o Texture.o Viewpoint.o api.o assert.o callbacks.o device.o devicemanager.o earcut.o fps.o ftgl.o geom.o glErrors.o glgui.o gui.o init.o par3d.o pixmap.o platform.o render.o rglmath.o rglview.o scene.o select.o subscene.o win32gui.o win32lib.o x11gui.o x11lib.o gl.o gl2ps.o pretty.o -lpng16 -L/usr/local/lib/R/lib -lR
make[1]: Leaving directory '/tmp/RtmpOiiEiR/R.INSTALL366775bdb5/rgl/src/useNULL'
installing to /tmp/library/00LOCK-rgl/00new/rgl/libs
** R
** demo
** inst
** byte-compile and prepare package for lazy loading
** help
*** installing help indices
*** copying figures
** building package indices
** installing vignettes
** testing if installed package can be loaded from temporary location
Warning: 'rgl.init' failed, will use the null device.
See '?rgl.useNULL' for ways to avoid this warning.
** checking absolute paths in shared objects and dynamic libraries
** testing if installed package can be loaded from final location
Warning: 'rgl.init' failed, will use the null device.
See '?rgl.useNULL' for ways to avoid this warning.
** testing if installed package keeps a record of temporary installation path
* creating tarball
packaged installation of ‘rgl’ as ‘rgl_1.3.24_R_x86_64-pc-linux-gnu.tar.gz’
* DONE (rgl)
* installing *source* package ‘scatterplot3d’ ...
** this is package ‘scatterplot3d’ version ‘0.3-44’
** package ‘scatterplot3d’ successfully unpacked and MD5 sums checked
** using staged installation
** R
** inst
** byte-compile and prepare package for lazy loading
** help
*** installing help indices
** building package indices
** installing vignettes
** testing if installed package can be loaded from temporary location
** testing if installed package can be loaded from final location
** testing if installed package keeps a record of temporary installation path
* creating tarball
packaged installation of ‘scatterplot3d’ as ‘scatterplot3d_0.3-44_R_x86_64-pc-linux-gnu.tar.gz’
* DONE (scatterplot3d)
* installing *source* package ‘clippda’ ...
** this is package ‘clippda’ version ‘1.61.0’
** using staged installation
** R
** data
** inst
** byte-compile and prepare package for lazy loading
Warning messages:
1: In rgl.init(initValue, onlyNULL) : RGL: unable to open X11 display
2: 'rgl.init' failed, will use the null device.
See '?rgl.useNULL' for ways to avoid this warning. 
** help
*** installing help indices
** building package indices
** installing vignettes
** testing if installed package can be loaded from temporary location
Warning: 'rgl.init' failed, will use the null device.
See '?rgl.useNULL' for ways to avoid this warning.
** testing if installed package can be loaded from final location
Warning: 'rgl.init' failed, will use the null device.
See '?rgl.useNULL' for ways to avoid this warning.
** testing if installed package keeps a record of temporary installation path
* creating tarball
packaged installation of ‘clippda’ as ‘clippda_1.61.0_R_x86_64-pc-linux-gnu.tar.gz’
* DONE (clippda)

The downloaded source packages are in
	‘/tmp/Rtmp20nzeq/downloaded_packages’
Old packages: 'promises'

real	1m23.402s
user	1m8.589s
sys	0m15.576s
