+ Rscript -e 'Sys.setenv(BIOCONDUCTOR_USE_CONTAINER_REPOSITORY=FALSE);
  p <- .libPaths();
  p <- c('\''/tmp/library'\'', '\''/mnt/library'\'', p);
  .libPaths(p);
  if(BiocManager::install('\''flowSpecs'\'', INSTALL_opts = '\''--build'\'', update = TRUE, quiet = FALSE, dependencies=TRUE, force = TRUE, keep_outputs = TRUE) %in% rownames(installed.packages())) q(status = 0) else q(status = 1)'
'getOption("repos")' replaces Bioconductor standard repositories, see
'help("repositories", package = "BiocManager")' for details.
Replacement repositories:
    CRAN: https://cloud.r-project.org
Bioconductor version 3.23 (BiocManager 1.30.26), R Under development (unstable)
  (2025-10-28 r88973)
Installing package(s) 'flowSpecs'
trying URL 'https://bioconductor.org/packages/3.23/bioc/src/contrib/flowSpecs_1.25.0.tar.gz'
Content type 'application/x-gzip' length 3731688 bytes (3.6 MB)
==================================================
downloaded 3.6 MB

* installing *source* package ‘flowSpecs’ ...
** this is package ‘flowSpecs’ version ‘1.25.0’
** using staged installation
** R
** data
** inst
** byte-compile and prepare package for lazy loading
** help
*** installing help indices
** building package indices
** installing vignettes
** testing if installed package can be loaded from temporary location
** testing if installed package can be loaded from final location
** testing if installed package keeps a record of temporary installation path
* creating tarball
packaged installation of ‘flowSpecs’ as ‘flowSpecs_1.25.0_R_x86_64-pc-linux-gnu.tar.gz’
* DONE (flowSpecs)

The downloaded source packages are in
	‘/tmp/Rtmpvi0Cki/downloaded_packages’
Old packages: 'promises'

real	0m14.757s
user	0m10.917s
sys	0m2.327s
