+ Rscript -e 'Sys.setenv(BIOCONDUCTOR_USE_CONTAINER_REPOSITORY=FALSE);
  p <- .libPaths();
  p <- c('\''/tmp/library'\'', '\''/mnt/library'\'', p);
  .libPaths(p);
  if(BiocManager::install('\''metahdep'\'', INSTALL_opts = '\''--build'\'', update = TRUE, quiet = FALSE, dependencies=TRUE, force = TRUE, keep_outputs = TRUE) %in% rownames(installed.packages())) q(status = 0) else q(status = 1)'
'getOption("repos")' replaces Bioconductor standard repositories, see
'help("repositories", package = "BiocManager")' for details.
Replacement repositories:
    CRAN: https://cloud.r-project.org
Bioconductor version 3.23 (BiocManager 1.30.26), R Under development (unstable)
  (2025-10-28 r88973)
Installing package(s) 'metahdep'
also installing the dependencies ‘affy’, ‘gcrma’, ‘affyPLM’

trying URL 'https://bioconductor.org/packages/3.23/bioc/src/contrib/affy_1.89.0.tar.gz'
trying URL 'https://bioconductor.org/packages/3.23/bioc/src/contrib/gcrma_2.83.0.tar.gz'
trying URL 'https://bioconductor.org/packages/3.23/bioc/src/contrib/affyPLM_1.87.0.tar.gz'
trying URL 'https://bioconductor.org/packages/3.23/bioc/src/contrib/metahdep_1.69.0.tar.gz'
* installing *source* package ‘affy’ ...
** this is package ‘affy’ version ‘1.89.0’
** using staged installation
creating cache ./config.cache
checking how to run the C preprocessor... gcc -std=gnu2x -E
checking for main in -lz... yes
checking for zlib.h... yes
checking if zlib version >= 1.1.3... yes
updating cache ./config.cache
creating ./config.status
creating src/Makevars
** libs
using C compiler: ‘gcc (Ubuntu 13.3.0-6ubuntu2~24.04) 13.3.0’
gcc -std=gnu2x -I"/usr/local/lib/R/include" -DNDEBUG -DHAVE_ZLIB=1  -I'/usr/local/lib/R/site-library/preprocessCore/include' -I/usr/local/include   -g -O2 -fstack-protector-strong -Wformat -Werror=format-security -Wdate-time -D_FORTIFY_SOURCE=2 -g -fpic  -g -O2 -fstack-protector-strong -Wformat -Werror=format-security -Wdate-time -D_FORTIFY_SOURCE=2 -g  -c chipbackground.c -o chipbackground.o
gcc -std=gnu2x -I"/usr/local/lib/R/include" -DNDEBUG -DHAVE_ZLIB=1  -I'/usr/local/lib/R/site-library/preprocessCore/include' -I/usr/local/include   -g -O2 -fstack-protector-strong -Wformat -Werror=format-security -Wdate-time -D_FORTIFY_SOURCE=2 -g -fpic  -g -O2 -fstack-protector-strong -Wformat -Werror=format-security -Wdate-time -D_FORTIFY_SOURCE=2 -g  -c getall_locations.c -o getall_locations.o
gcc -std=gnu2x -I"/usr/local/lib/R/include" -DNDEBUG -DHAVE_ZLIB=1  -I'/usr/local/lib/R/site-library/preprocessCore/include' -I/usr/local/include   -g -O2 -fstack-protector-strong -Wformat -Werror=format-security -Wdate-time -D_FORTIFY_SOURCE=2 -g -fpic  -g -O2 -fstack-protector-strong -Wformat -Werror=format-security -Wdate-time -D_FORTIFY_SOURCE=2 -g  -c mas5calls.c -o mas5calls.o
gcc -std=gnu2x -I"/usr/local/lib/R/include" -DNDEBUG -DHAVE_ZLIB=1  -I'/usr/local/lib/R/site-library/preprocessCore/include' -I/usr/local/include   -g -O2 -fstack-protector-strong -Wformat -Werror=format-security -Wdate-time -D_FORTIFY_SOURCE=2 -g -fpic  -g -O2 -fstack-protector-strong -Wformat -Werror=format-security -Wdate-time -D_FORTIFY_SOURCE=2 -g  -c rma2.c -o rma2.o
gcc -std=gnu2x -I"/usr/local/lib/R/include" -DNDEBUG -DHAVE_ZLIB=1  -I'/usr/local/lib/R/site-library/preprocessCore/include' -I/usr/local/include   -g -O2 -fstack-protector-strong -Wformat -Werror=format-security -Wdate-time -D_FORTIFY_SOURCE=2 -g -fpic  -g -O2 -fstack-protector-strong -Wformat -Werror=format-security -Wdate-time -D_FORTIFY_SOURCE=2 -g  -c rma_common.c -o rma_common.o
gcc -std=gnu2x -shared -L/usr/local/lib/R/lib -L/usr/local/lib -o affy.so chipbackground.o getall_locations.o mas5calls.o rma2.o rma_common.o -lz -L/usr/local/lib/R/lib -lR
installing to /tmp/library/00LOCK-affy/00new/affy/libs
** R
** data
** demo
** inst
** byte-compile and prepare package for lazy loading
** help
*** installing help indices
** building package indices
** installing vignettes
** testing if installed package can be loaded from temporary location
** checking absolute paths in shared objects and dynamic libraries
** testing if installed package can be loaded from final location
** testing if installed package keeps a record of temporary installation path
* creating tarball
packaged installation of ‘affy’ as ‘affy_1.89.0_R_x86_64-pc-linux-gnu.tar.gz’
* DONE (affy)
* installing *source* package ‘metahdep’ ...
** this is package ‘metahdep’ version ‘1.69.0’
** using staged installation
** libs
using C compiler: ‘gcc (Ubuntu 13.3.0-6ubuntu2~24.04) 13.3.0’
gcc -std=gnu2x -I"/usr/local/lib/R/include" -DNDEBUG   -I/usr/local/include    -fpic  -g -O2 -fstack-protector-strong -Wformat -Werror=format-security -Wdate-time -D_FORTIFY_SOURCE=2 -g  -c metahdep.c -o metahdep.o
In file included from metahdep.c:3:
metahdep.c: In function ‘get_row_indices2’:
/usr/local/lib/R/include/Rinternals.h:203:17: warning: passing argument 5 of ‘metan_binary_search_unique’ makes integer from pointer without a cast [-Wint-conversion]
  203 | #define CHAR(x) R_CHAR(x)
      |                 ^~~~~~~~~
      |                 |
      |                 const char *
metahdep.c:471:107: note: in expansion of macro ‘CHAR’
  471 |                                 index = metan_binary_search_unique(name_list, sort_index, R_old_names, j, CHAR(STRING_ELT(R_old_chipsets, j)), i);
      |                                                                                                           ^~~~
metahdep.c:372:103: note: expected ‘char’ but argument is of type ‘const char *’
  372 | SEXP metan_binary_search_unique(SEXP name_list, SEXP sort_index, SEXP gene_name, int gene_index, char chipset_name, int study_num)
      |                                                                                                  ~~~~~^~~~~~~~~~~~
gcc -std=gnu2x -shared -L/usr/local/lib/R/lib -L/usr/local/lib -o metahdep.so metahdep.o -L/usr/local/lib/R/lib -lR
installing to /tmp/library/00LOCK-metahdep/00new/metahdep/libs
** R
** data
** inst
** byte-compile and prepare package for lazy loading
** help
*** installing help indices
** building package indices
** installing vignettes
** testing if installed package can be loaded from temporary location
** checking absolute paths in shared objects and dynamic libraries
** testing if installed package can be loaded from final location
** testing if installed package keeps a record of temporary installation path
* creating tarball
packaged installation of ‘metahdep’ as ‘metahdep_1.69.0_R_x86_64-pc-linux-gnu.tar.gz’
* DONE (metahdep)
* installing *source* package ‘gcrma’ ...
** this is package ‘gcrma’ version ‘2.83.0’
** using staged installation
** libs
using C compiler: ‘gcc (Ubuntu 13.3.0-6ubuntu2~24.04) 13.3.0’
gcc -std=gnu2x -I"/usr/local/lib/R/include" -DNDEBUG   -I/usr/local/include    -fpic  -g -O2 -fstack-protector-strong -Wformat -Werror=format-security -Wdate-time -D_FORTIFY_SOURCE=2 -g  -c baseProfile.c -o baseProfile.o
gcc -std=gnu2x -I"/usr/local/lib/R/include" -DNDEBUG   -I/usr/local/include    -fpic  -g -O2 -fstack-protector-strong -Wformat -Werror=format-security -Wdate-time -D_FORTIFY_SOURCE=2 -g  -c computeAffinities.c -o computeAffinities.o
gcc -std=gnu2x -I"/usr/local/lib/R/include" -DNDEBUG   -I/usr/local/include    -fpic  -g -O2 -fstack-protector-strong -Wformat -Werror=format-security -Wdate-time -D_FORTIFY_SOURCE=2 -g  -c postmean.c -o postmean.o
gcc -std=gnu2x -shared -L/usr/local/lib/R/lib -L/usr/local/lib -o gcrma.so baseProfile.o computeAffinities.o postmean.o -L/usr/local/lib/R/lib -lR
installing to /tmp/library/00LOCK-gcrma/00new/gcrma/libs
** R
** data
** inst
** byte-compile and prepare package for lazy loading
** help
*** installing help indices
** building package indices
** installing vignettes
** testing if installed package can be loaded from temporary location
** checking absolute paths in shared objects and dynamic libraries
** testing if installed package can be loaded from final location
** testing if installed package keeps a record of temporary installation path
* creating tarball
packaged installation of ‘gcrma’ as ‘gcrma_2.83.0_R_x86_64-pc-linux-gnu.tar.gz’
* DONE (gcrma)
* installing *source* package ‘affyPLM’ ...
** this is package ‘affyPLM’ version ‘1.87.0’
** using staged installation
** libs
using C compiler: ‘gcc (Ubuntu 13.3.0-6ubuntu2~24.04) 13.3.0’
gcc -std=gnu2x -I"/usr/local/lib/R/include" -DNDEBUG  -I'/usr/local/lib/R/site-library/preprocessCore/include' -I/usr/local/include    -fpic  -g -O2 -fstack-protector-strong -Wformat -Werror=format-security -Wdate-time -D_FORTIFY_SOURCE=2 -g  -c LESN.c -o LESN.o
gcc -std=gnu2x -I"/usr/local/lib/R/include" -DNDEBUG  -I'/usr/local/lib/R/site-library/preprocessCore/include' -I/usr/local/include    -fpic  -g -O2 -fstack-protector-strong -Wformat -Werror=format-security -Wdate-time -D_FORTIFY_SOURCE=2 -g  -c PLM_avg_log.c -o PLM_avg_log.o
gcc -std=gnu2x -I"/usr/local/lib/R/include" -DNDEBUG  -I'/usr/local/lib/R/site-library/preprocessCore/include' -I/usr/local/include    -fpic  -g -O2 -fstack-protector-strong -Wformat -Werror=format-security -Wdate-time -D_FORTIFY_SOURCE=2 -g  -c PLM_biweight.c -o PLM_biweight.o
gcc -std=gnu2x -I"/usr/local/lib/R/include" -DNDEBUG  -I'/usr/local/lib/R/site-library/preprocessCore/include' -I/usr/local/include    -fpic  -g -O2 -fstack-protector-strong -Wformat -Werror=format-security -Wdate-time -D_FORTIFY_SOURCE=2 -g  -c PLM_log_avg.c -o PLM_log_avg.o
gcc -std=gnu2x -I"/usr/local/lib/R/include" -DNDEBUG  -I'/usr/local/lib/R/site-library/preprocessCore/include' -I/usr/local/include    -fpic  -g -O2 -fstack-protector-strong -Wformat -Werror=format-security -Wdate-time -D_FORTIFY_SOURCE=2 -g  -c PLM_medianPM.c -o PLM_medianPM.o
gcc -std=gnu2x -I"/usr/local/lib/R/include" -DNDEBUG  -I'/usr/local/lib/R/site-library/preprocessCore/include' -I/usr/local/include    -fpic  -g -O2 -fstack-protector-strong -Wformat -Werror=format-security -Wdate-time -D_FORTIFY_SOURCE=2 -g  -c PLM_median_logPM.c -o PLM_median_logPM.o
gcc -std=gnu2x -I"/usr/local/lib/R/include" -DNDEBUG  -I'/usr/local/lib/R/site-library/preprocessCore/include' -I/usr/local/include    -fpic  -g -O2 -fstack-protector-strong -Wformat -Werror=format-security -Wdate-time -D_FORTIFY_SOURCE=2 -g  -c PLM_medianpolish.c -o PLM_medianpolish.o
gcc -std=gnu2x -I"/usr/local/lib/R/include" -DNDEBUG  -I'/usr/local/lib/R/site-library/preprocessCore/include' -I/usr/local/include    -fpic  -g -O2 -fstack-protector-strong -Wformat -Werror=format-security -Wdate-time -D_FORTIFY_SOURCE=2 -g  -c PLM_modelmatrix.c -o PLM_modelmatrix.o
gcc -std=gnu2x -I"/usr/local/lib/R/include" -DNDEBUG  -I'/usr/local/lib/R/site-library/preprocessCore/include' -I/usr/local/include    -fpic  -g -O2 -fstack-protector-strong -Wformat -Werror=format-security -Wdate-time -D_FORTIFY_SOURCE=2 -g  -c SCAB.c -o SCAB.o
gcc -std=gnu2x -I"/usr/local/lib/R/include" -DNDEBUG  -I'/usr/local/lib/R/site-library/preprocessCore/include' -I/usr/local/include    -fpic  -g -O2 -fstack-protector-strong -Wformat -Werror=format-security -Wdate-time -D_FORTIFY_SOURCE=2 -g  -c chipbackground.c -o chipbackground.o
gcc -std=gnu2x -I"/usr/local/lib/R/include" -DNDEBUG  -I'/usr/local/lib/R/site-library/preprocessCore/include' -I/usr/local/include    -fpic  -g -O2 -fstack-protector-strong -Wformat -Werror=format-security -Wdate-time -D_FORTIFY_SOURCE=2 -g  -c common_types.c -o common_types.o
gcc -std=gnu2x -I"/usr/local/lib/R/include" -DNDEBUG  -I'/usr/local/lib/R/site-library/preprocessCore/include' -I/usr/local/include    -fpic  -g -O2 -fstack-protector-strong -Wformat -Werror=format-security -Wdate-time -D_FORTIFY_SOURCE=2 -g  -c do_PLMrlm.c -o do_PLMrlm.o
gcc -std=gnu2x -I"/usr/local/lib/R/include" -DNDEBUG  -I'/usr/local/lib/R/site-library/preprocessCore/include' -I/usr/local/include    -fpic  -g -O2 -fstack-protector-strong -Wformat -Werror=format-security -Wdate-time -D_FORTIFY_SOURCE=2 -g  -c do_PLMrma.c -o do_PLMrma.o
gcc -std=gnu2x -I"/usr/local/lib/R/include" -DNDEBUG  -I'/usr/local/lib/R/site-library/preprocessCore/include' -I/usr/local/include    -fpic  -g -O2 -fstack-protector-strong -Wformat -Werror=format-security -Wdate-time -D_FORTIFY_SOURCE=2 -g  -c do_PLMthreestep.c -o do_PLMthreestep.o
gcc -std=gnu2x -I"/usr/local/lib/R/include" -DNDEBUG  -I'/usr/local/lib/R/site-library/preprocessCore/include' -I/usr/local/include    -fpic  -g -O2 -fstack-protector-strong -Wformat -Werror=format-security -Wdate-time -D_FORTIFY_SOURCE=2 -g  -c idealmismatch.c -o idealmismatch.o
gcc -std=gnu2x -I"/usr/local/lib/R/include" -DNDEBUG  -I'/usr/local/lib/R/site-library/preprocessCore/include' -I/usr/local/include    -fpic  -g -O2 -fstack-protector-strong -Wformat -Werror=format-security -Wdate-time -D_FORTIFY_SOURCE=2 -g  -c lm_threestep.c -o lm_threestep.o
gcc -std=gnu2x -I"/usr/local/lib/R/include" -DNDEBUG  -I'/usr/local/lib/R/site-library/preprocessCore/include' -I/usr/local/include    -fpic  -g -O2 -fstack-protector-strong -Wformat -Werror=format-security -Wdate-time -D_FORTIFY_SOURCE=2 -g  -c matrix_functions.c -o matrix_functions.o
gcc -std=gnu2x -I"/usr/local/lib/R/include" -DNDEBUG  -I'/usr/local/lib/R/site-library/preprocessCore/include' -I/usr/local/include    -fpic  -g -O2 -fstack-protector-strong -Wformat -Werror=format-security -Wdate-time -D_FORTIFY_SOURCE=2 -g  -c nthLargestPM.c -o nthLargestPM.o
gcc -std=gnu2x -I"/usr/local/lib/R/include" -DNDEBUG  -I'/usr/local/lib/R/site-library/preprocessCore/include' -I/usr/local/include    -fpic  -g -O2 -fstack-protector-strong -Wformat -Werror=format-security -Wdate-time -D_FORTIFY_SOURCE=2 -g  -c preprocess.c -o preprocess.o
gcc -std=gnu2x -I"/usr/local/lib/R/include" -DNDEBUG  -I'/usr/local/lib/R/site-library/preprocessCore/include' -I/usr/local/include    -fpic  -g -O2 -fstack-protector-strong -Wformat -Werror=format-security -Wdate-time -D_FORTIFY_SOURCE=2 -g  -c psi_fns.c -o psi_fns.o
gcc -std=gnu2x -I"/usr/local/lib/R/include" -DNDEBUG  -I'/usr/local/lib/R/site-library/preprocessCore/include' -I/usr/local/include    -fpic  -g -O2 -fstack-protector-strong -Wformat -Werror=format-security -Wdate-time -D_FORTIFY_SOURCE=2 -g  -c qnorm_probeset.c -o qnorm_probeset.o
gcc -std=gnu2x -I"/usr/local/lib/R/include" -DNDEBUG  -I'/usr/local/lib/R/site-library/preprocessCore/include' -I/usr/local/include    -fpic  -g -O2 -fstack-protector-strong -Wformat -Werror=format-security -Wdate-time -D_FORTIFY_SOURCE=2 -g  -c read_rmaexpress.c -o read_rmaexpress.o
gcc -std=gnu2x -I"/usr/local/lib/R/include" -DNDEBUG  -I'/usr/local/lib/R/site-library/preprocessCore/include' -I/usr/local/include    -fpic  -g -O2 -fstack-protector-strong -Wformat -Werror=format-security -Wdate-time -D_FORTIFY_SOURCE=2 -g  -c rlm_PLM.c -o rlm_PLM.o
rlm_PLM.c: In function ‘rlm_PLMset_nameoutput’:
rlm_PLM.c:870:32: warning: ‘%d’ directive output may be truncated writing between 1 and 10 bytes into a region of size 9 [-Wformat-truncation=]
  870 |           snprintf(tmp_str2,9,"%d",j+1);
      |                                ^~
rlm_PLM.c:870:31: note: directive argument in the range [1, 2147483647]
  870 |           snprintf(tmp_str2,9,"%d",j+1);
      |                               ^~~~
In file included from /usr/include/stdio.h:980,
                 from /usr/local/lib/R/include/R.h:44,
                 from preprocess.h:4,
                 from rlm_PLM.c:71:
In function ‘snprintf’,
    inlined from ‘rlm_PLMset_nameoutput’ at rlm_PLM.c:870:4:
/usr/include/x86_64-linux-gnu/bits/stdio2.h:54:10: note: ‘__builtin___snprintf_chk’ output between 2 and 11 bytes into a destination of size 9
   54 |   return __builtin___snprintf_chk (__s, __n, __USE_FORTIFY_LEVEL - 1,
      |          ^~~~~~~~~~~~~~~~~~~~~~~~~~~~~~~~~~~~~~~~~~~~~~~~~~~~~~~~~~~~
   55 |                                    __glibc_objsize (__s), __fmt,
      |                                    ~~~~~~~~~~~~~~~~~~~~~~~~~~~~~
   56 |                                    __va_arg_pack ());
      |                                    ~~~~~~~~~~~~~~~~~
rlm_PLM.c: In function ‘rlm_PLMset_nameoutput’:
rlm_PLM.c:868:32: warning: ‘%d’ directive output may be truncated writing between 1 and 10 bytes into a region of size 9 [-Wformat-truncation=]
  868 |           snprintf(tmp_str2,9,"%d",j+2);
      |                                ^~
rlm_PLM.c:868:31: note: directive argument in the range [2, 2147483647]
  868 |           snprintf(tmp_str2,9,"%d",j+2);
      |                               ^~~~
In function ‘snprintf’,
    inlined from ‘rlm_PLMset_nameoutput’ at rlm_PLM.c:868:4:
/usr/include/x86_64-linux-gnu/bits/stdio2.h:54:10: note: ‘__builtin___snprintf_chk’ output between 2 and 11 bytes into a destination of size 9
   54 |   return __builtin___snprintf_chk (__s, __n, __USE_FORTIFY_LEVEL - 1,
      |          ^~~~~~~~~~~~~~~~~~~~~~~~~~~~~~~~~~~~~~~~~~~~~~~~~~~~~~~~~~~~
   55 |                                    __glibc_objsize (__s), __fmt,
      |                                    ~~~~~~~~~~~~~~~~~~~~~~~~~~~~~
   56 |                                    __va_arg_pack ());
      |                                    ~~~~~~~~~~~~~~~~~
gcc -std=gnu2x -I"/usr/local/lib/R/include" -DNDEBUG  -I'/usr/local/lib/R/site-library/preprocessCore/include' -I/usr/local/include    -fpic  -g -O2 -fstack-protector-strong -Wformat -Werror=format-security -Wdate-time -D_FORTIFY_SOURCE=2 -g  -c rlm_threestep.c -o rlm_threestep.o
gcc -std=gnu2x -I"/usr/local/lib/R/include" -DNDEBUG  -I'/usr/local/lib/R/site-library/preprocessCore/include' -I/usr/local/include    -fpic  -g -O2 -fstack-protector-strong -Wformat -Werror=format-security -Wdate-time -D_FORTIFY_SOURCE=2 -g  -c rmaPLM_pseudo.c -o rmaPLM_pseudo.o
gcc -std=gnu2x -I"/usr/local/lib/R/include" -DNDEBUG  -I'/usr/local/lib/R/site-library/preprocessCore/include' -I/usr/local/include    -fpic  -g -O2 -fstack-protector-strong -Wformat -Werror=format-security -Wdate-time -D_FORTIFY_SOURCE=2 -g  -c rma_PLM.c -o rma_PLM.o
gcc -std=gnu2x -I"/usr/local/lib/R/include" -DNDEBUG  -I'/usr/local/lib/R/site-library/preprocessCore/include' -I/usr/local/include    -fpic  -g -O2 -fstack-protector-strong -Wformat -Werror=format-security -Wdate-time -D_FORTIFY_SOURCE=2 -g  -c rma_common.c -o rma_common.o
gcc -std=gnu2x -I"/usr/local/lib/R/include" -DNDEBUG  -I'/usr/local/lib/R/site-library/preprocessCore/include' -I/usr/local/include    -fpic  -g -O2 -fstack-protector-strong -Wformat -Werror=format-security -Wdate-time -D_FORTIFY_SOURCE=2 -g  -c scaling.c -o scaling.o
gcc -std=gnu2x -I"/usr/local/lib/R/include" -DNDEBUG  -I'/usr/local/lib/R/site-library/preprocessCore/include' -I/usr/local/include    -fpic  -g -O2 -fstack-protector-strong -Wformat -Werror=format-security -Wdate-time -D_FORTIFY_SOURCE=2 -g  -c threestep.c -o threestep.o
gcc -std=gnu2x -I"/usr/local/lib/R/include" -DNDEBUG  -I'/usr/local/lib/R/site-library/preprocessCore/include' -I/usr/local/include    -fpic  -g -O2 -fstack-protector-strong -Wformat -Werror=format-security -Wdate-time -D_FORTIFY_SOURCE=2 -g  -c threestep_PLM.c -o threestep_PLM.o
gcc -std=gnu2x -I"/usr/local/lib/R/include" -DNDEBUG  -I'/usr/local/lib/R/site-library/preprocessCore/include' -I/usr/local/include    -fpic  -g -O2 -fstack-protector-strong -Wformat -Werror=format-security -Wdate-time -D_FORTIFY_SOURCE=2 -g  -c threestep_common.c -o threestep_common.o
gcc -std=gnu2x -I"/usr/local/lib/R/include" -DNDEBUG  -I'/usr/local/lib/R/site-library/preprocessCore/include' -I/usr/local/include    -fpic  -g -O2 -fstack-protector-strong -Wformat -Werror=format-security -Wdate-time -D_FORTIFY_SOURCE=2 -g  -c threestep_summary.c -o threestep_summary.o
gcc -std=gnu2x -I"/usr/local/lib/R/include" -DNDEBUG  -I'/usr/local/lib/R/site-library/preprocessCore/include' -I/usr/local/include    -fpic  -g -O2 -fstack-protector-strong -Wformat -Werror=format-security -Wdate-time -D_FORTIFY_SOURCE=2 -g  -c threestep_summary_methods.c -o threestep_summary_methods.o
gcc -std=gnu2x -I"/usr/local/lib/R/include" -DNDEBUG  -I'/usr/local/lib/R/site-library/preprocessCore/include' -I/usr/local/include    -fpic  -g -O2 -fstack-protector-strong -Wformat -Werror=format-security -Wdate-time -D_FORTIFY_SOURCE=2 -g  -c transfns.c -o transfns.o
gcc -std=gnu2x -shared -L/usr/local/lib/R/lib -L/usr/local/lib -o affyPLM.so LESN.o PLM_avg_log.o PLM_biweight.o PLM_log_avg.o PLM_medianPM.o PLM_median_logPM.o PLM_medianpolish.o PLM_modelmatrix.o SCAB.o chipbackground.o common_types.o do_PLMrlm.o do_PLMrma.o do_PLMthreestep.o idealmismatch.o lm_threestep.o matrix_functions.o nthLargestPM.o preprocess.o psi_fns.o qnorm_probeset.o read_rmaexpress.o rlm_PLM.o rlm_threestep.o rmaPLM_pseudo.o rma_PLM.o rma_common.o scaling.o threestep.o threestep_PLM.o threestep_common.o threestep_summary.o threestep_summary_methods.o transfns.o -llapack -lblas -lgfortran -lm -lquadmath -lz -L/usr/local/lib/R/lib -lR
installing to /tmp/library/00LOCK-affyPLM/00new/affyPLM/libs
** R
** inst
** byte-compile and prepare package for lazy loading

 *** caught segfault ***
address 0xac30, cause 'memory not mapped'
An irrecoverable exception occurred. R is aborting now ...
Segmentation fault (core dumped)
ERROR: lazy loading failed for package ‘affyPLM’
* removing ‘/tmp/library/affyPLM’

The downloaded source packages are in
	‘/tmp/RtmpeCFbwd/downloaded_packages’
Old packages: 'BiocBook', 'rhdf5', 'promises'
Warning message:
In install.packages(...) :
  installation of package ‘affyPLM’ had non-zero exit status

real	0m42.064s
user	0m30.915s
sys	0m7.561s
