+ Rscript -e 'Sys.setenv(BIOCONDUCTOR_USE_CONTAINER_REPOSITORY=FALSE);
  p <- .libPaths();
  p <- c('\''/tmp/library'\'', '\''/mnt/library'\'', p);
  .libPaths(p);
  if(BiocManager::install('\''SharedObject'\'', INSTALL_opts = '\''--build'\'', update = TRUE, quiet = FALSE, dependencies=TRUE, force = TRUE, keep_outputs = TRUE) %in% rownames(installed.packages())) q(status = 0) else q(status = 1)'
'getOption("repos")' replaces Bioconductor standard repositories, see
'help("repositories", package = "BiocManager")' for details.
Replacement repositories:
    CRAN: https://cloud.r-project.org
Bioconductor version 3.23 (BiocManager 1.30.26), R Under development (unstable)
  (2025-10-28 r88973)
Installing package(s) 'SharedObject'
trying URL 'https://bioconductor.org/packages/3.23/bioc/src/contrib/SharedObject_1.25.0.tar.gz'
Content type 'application/x-gzip' length 2961668 bytes (2.8 MB)
==================================================
downloaded 2.8 MB

* installing *source* package ‘SharedObject’ ...
** this is package ‘SharedObject’ version ‘1.25.0’
** using staged installation
checking for gcc... gcc -std=gnu2x
checking whether the C compiler works... yes
checking for C compiler default output file name... a.out
checking for suffix of executables... 
checking whether we are cross compiling... no
checking for suffix of object files... o
checking whether we are using the GNU C compiler... yes
checking whether gcc -std=gnu2x accepts -g... yes
checking for gcc -std=gnu2x option to accept ISO C89... none needed
checking for shm_open in -lrt... yes
configure: creating ./config.status
config.status: creating src/Makevars
** libs
using C++ compiler: ‘g++ (Ubuntu 13.3.0-6ubuntu2~24.04) 13.3.0’
using C++11
g++ -std=gnu++11 -I"/usr/local/lib/R/include" -DNDEBUG  -I'/mnt/library/BH/include' -I'/usr/local/lib/R/site-library/Rcpp/include' -I/usr/local/include    -fpic  -g -O2 -fstack-protector-strong -Wformat -Werror=format-security -Wdate-time -D_FORTIFY_SOURCE=2 -g   -c C_interface.cpp -o C_interface.o
g++ -std=gnu++11 -I"/usr/local/lib/R/include" -DNDEBUG  -I'/mnt/library/BH/include' -I'/usr/local/lib/R/site-library/Rcpp/include' -I/usr/local/include    -fpic  -g -O2 -fstack-protector-strong -Wformat -Werror=format-security -Wdate-time -D_FORTIFY_SOURCE=2 -g   -c RcppExports.cpp -o RcppExports.o
g++ -std=gnu++11 -I"/usr/local/lib/R/include" -DNDEBUG  -I'/mnt/library/BH/include' -I'/usr/local/lib/R/site-library/Rcpp/include' -I/usr/local/include    -fpic  -g -O2 -fstack-protector-strong -Wformat -Werror=format-security -Wdate-time -D_FORTIFY_SOURCE=2 -g   -c altrep.cpp -o altrep.o
altrep.cpp: In function ‘SEXPREC* createSharedStringFromSource(SEXP, bool, SEXP)’:
altrep.cpp:146:69: warning: format ‘%llu’ expects argument of type ‘long long unsigned int’, but argument 2 has type ‘long unsigned int’ [-Wformat=]
  146 |                 Rf_error("Something is wrong with the unit size: %llu\n", unitSize);
      |                                                                  ~~~^     ~~~~~~~~
      |                                                                     |     |
      |                                                                     |     long unsigned int
      |                                                                     long long unsigned int
      |                                                                  %lu
altrep.cpp: In function ‘SEXPREC* unshareString(SEXP, SEXP)’:
altrep.cpp:241:98: warning: format ‘%llu’ expects argument of type ‘long long unsigned int’, but argument 2 has type ‘size_t’ {aka ‘long unsigned int’} [-Wformat=]
  241 |                         Rf_error("Unknown unit size in the unshareString function, unit size: %llu", (uint64_t)unitSize);
      |                                                                                               ~~~^   ~~~~~~~~~~~~~~~~~~
      |                                                                                                  |   |
      |                                                                                                  |   size_t {aka long unsigned int}
      |                                                                                                  long long unsigned int
      |                                                                                               %lu
g++ -std=gnu++11 -I"/usr/local/lib/R/include" -DNDEBUG  -I'/mnt/library/BH/include' -I'/usr/local/lib/R/site-library/Rcpp/include' -I/usr/local/include    -fpic  -g -O2 -fstack-protector-strong -Wformat -Werror=format-security -Wdate-time -D_FORTIFY_SOURCE=2 -g   -c altrepRegistration.cpp -o altrepRegistration.o
g++ -std=gnu++11 -I"/usr/local/lib/R/include" -DNDEBUG  -I'/mnt/library/BH/include' -I'/usr/local/lib/R/site-library/Rcpp/include' -I/usr/local/include    -fpic  -g -O2 -fstack-protector-strong -Wformat -Werror=format-security -Wdate-time -D_FORTIFY_SOURCE=2 -g   -c numericAltrepOperations.cpp -o numericAltrepOperations.o
numericAltrepOperations.cpp: In function ‘Rboolean sharedVector_Inspect(SEXP, int, int, int, void (*)(SEXP, int, int, int))’:
numericAltrepOperations.cpp:13:27: warning: format ‘%llu’ expects argument of type ‘long long unsigned int’, but argument 2 has type ‘R_xlen_t’ {aka ‘long int’} [-Wformat=]
   13 |         Rprintf(" (len=%llu, type=%d, COW=%d, SC=%d, SS=%d) shared object ID:%s\n", Rf_xlength(x), TYPEOF(x),
      |                        ~~~^                                                         ~~~~~~~~~~~~~
      |                           |                                                                   |
      |                           long long unsigned int                                              R_xlen_t {aka long int}
      |                        %lu
g++ -std=gnu++11 -I"/usr/local/lib/R/include" -DNDEBUG  -I'/mnt/library/BH/include' -I'/usr/local/lib/R/site-library/Rcpp/include' -I/usr/local/include    -fpic  -g -O2 -fstack-protector-strong -Wformat -Werror=format-security -Wdate-time -D_FORTIFY_SOURCE=2 -g   -c sharedMemory.cpp -o sharedMemory.o
g++ -std=gnu++11 -I"/usr/local/lib/R/include" -DNDEBUG  -I'/mnt/library/BH/include' -I'/usr/local/lib/R/site-library/Rcpp/include' -I/usr/local/include    -fpic  -g -O2 -fstack-protector-strong -Wformat -Werror=format-security -Wdate-time -D_FORTIFY_SOURCE=2 -g   -c sharedObjectClass.cpp -o sharedObjectClass.o
sharedObjectClass.cpp: In function ‘void validate_shared_memory(std::string, boost::interprocess::shared_memory_object*)’:
sharedObjectClass.cpp:93:62: warning: format ‘%llu’ expects argument of type ‘long long unsigned int’, but argument 3 has type ‘uint64_t’ {aka ‘long unsigned int’} [-Wformat=]
   93 |             "Testing shared memory failed, key: %s, size: %lluB.\n"
      |                                                           ~~~^
      |                                                              |
      |                                                              long long unsigned int
      |                                                           %lu
......
   96 |             key.c_str(), (uint64_t)size);
      |                          ~~~~~~~~~~~~~~                       
      |                          |
      |                          uint64_t {aka long unsigned int}
g++ -std=gnu++11 -I"/usr/local/lib/R/include" -DNDEBUG  -I'/mnt/library/BH/include' -I'/usr/local/lib/R/site-library/Rcpp/include' -I/usr/local/include    -fpic  -g -O2 -fstack-protector-strong -Wformat -Werror=format-security -Wdate-time -D_FORTIFY_SOURCE=2 -g   -c stringAltrepOperations.cpp -o stringAltrepOperations.o
stringAltrepOperations.cpp: In function ‘Rboolean sharedString_Inspect(SEXP, int, int, int, void (*)(SEXP, int, int, int))’:
stringAltrepOperations.cpp:13:23: warning: format ‘%llu’ expects argument of type ‘long long unsigned int’, but argument 2 has type ‘R_xlen_t’ {aka ‘long int’} [-Wformat=]
   13 |     Rprintf(" (len=%llu, COW=%d) shared string object\n", Rf_xlength(x),
      |                    ~~~^                                   ~~~~~~~~~~~~~
      |                       |                                             |
      |                       long long unsigned int                        R_xlen_t {aka long int}
      |                    %lu
g++ -std=gnu++11 -I"/usr/local/lib/R/include" -DNDEBUG  -I'/mnt/library/BH/include' -I'/usr/local/lib/R/site-library/Rcpp/include' -I/usr/local/include    -fpic  -g -O2 -fstack-protector-strong -Wformat -Werror=format-security -Wdate-time -D_FORTIFY_SOURCE=2 -g   -c utils.cpp -o utils.o
g++ -std=gnu++11 -shared -L/usr/local/lib/R/lib -L/usr/local/lib -o SharedObject.so C_interface.o RcppExports.o altrep.o altrepRegistration.o numericAltrepOperations.o sharedMemory.o sharedObjectClass.o stringAltrepOperations.o utils.o -lrt -L/usr/local/lib/R/lib -lR
mkdir -p ../inst/include&&\
 mkdir -p ../inst/include/SharedObject&&\
 mkdir -p ../inst/usrlib
ar -crv SharedObject.a C_interface.o RcppExports.o altrep.o altrepRegistration.o numericAltrepOperations.o sharedMemory.o sharedObjectClass.o stringAltrepOperations.o utils.o
a - C_interface.o
a - RcppExports.o
a - altrep.o
a - altrepRegistration.o
a - numericAltrepOperations.o
a - sharedMemory.o
a - sharedObjectClass.o
a - stringAltrepOperations.o
a - utils.o
cp "sharedMemory.h" "../inst/include/SharedObject/"&&\
 cp SharedObject.a "../inst/usrlib/"
installing to /tmp/library/00LOCK-SharedObject/00new/SharedObject/libs
** R
** inst
** byte-compile and prepare package for lazy loading
** help
*** installing help indices
** building package indices
** installing vignettes
** testing if installed package can be loaded from temporary location
** checking absolute paths in shared objects and dynamic libraries
** testing if installed package can be loaded from final location
** testing if installed package keeps a record of temporary installation path
* creating tarball
packaged installation of ‘SharedObject’ as ‘SharedObject_1.25.0_R_x86_64-pc-linux-gnu.tar.gz’
* DONE (SharedObject)

The downloaded source packages are in
	‘/tmp/RtmpoufrqO/downloaded_packages’
Old packages: 'promises'

real	0m32.619s
user	0m27.126s
sys	0m4.839s
