+ Rscript -e 'Sys.setenv(BIOCONDUCTOR_USE_CONTAINER_REPOSITORY=FALSE);
  p <- .libPaths();
  p <- c('\''/tmp/library'\'', '\''/mnt/library'\'', p);
  .libPaths(p);
  if(BiocManager::install('\''pcaMethods'\'', INSTALL_opts = '\''--build'\'', update = TRUE, quiet = FALSE, dependencies=TRUE, force = TRUE, keep_outputs = TRUE) %in% rownames(installed.packages())) q(status = 0) else q(status = 1)'
'getOption("repos")' replaces Bioconductor standard repositories, see
'help("repositories", package = "BiocManager")' for details.
Replacement repositories:
    CRAN: https://cloud.r-project.org
Bioconductor version 3.23 (BiocManager 1.30.26), R Under development (unstable)
  (2025-10-28 r88973)
Installing package(s) 'pcaMethods'
trying URL 'https://bioconductor.org/packages/3.23/bioc/src/contrib/pcaMethods_2.3.0.tar.gz'
Content type 'application/x-gzip' length 1041833 bytes (1017 KB)
==================================================
downloaded 1017 KB

* installing *source* package ‘pcaMethods’ ...
** this is package ‘pcaMethods’ version ‘2.3.0’
** using staged installation
** libs
using C++ compiler: ‘g++ (Ubuntu 13.3.0-6ubuntu2~24.04) 13.3.0’
g++ -std=gnu++17 -I"/usr/local/lib/R/include" -DNDEBUG  -I'/usr/local/lib/R/site-library/Rcpp/include' -I/usr/local/include    -fpic  -g -O2 -fstack-protector-strong -Wformat -Werror=format-security -Wdate-time -D_FORTIFY_SOURCE=2 -g   -c RcppExports.cpp -o RcppExports.o
g++ -std=gnu++17 -I"/usr/local/lib/R/include" -DNDEBUG  -I'/usr/local/lib/R/site-library/Rcpp/include' -I/usr/local/include    -fpic  -g -O2 -fstack-protector-strong -Wformat -Werror=format-security -Wdate-time -D_FORTIFY_SOURCE=2 -g   -c nipals.cpp -o nipals.o
g++ -std=gnu++17 -shared -L/usr/local/lib/R/lib -L/usr/local/lib -o pcaMethods.so RcppExports.o nipals.o -L/usr/local/lib/R/lib -lR
installing to /tmp/library/00LOCK-pcaMethods/00new/pcaMethods/libs
** R
** data
** inst
** byte-compile and prepare package for lazy loading
Creating a new generic function for ‘loadings’ in package ‘pcaMethods’
** help
*** installing help indices
** building package indices
** installing vignettes
** testing if installed package can be loaded from temporary location
** checking absolute paths in shared objects and dynamic libraries
** testing if installed package can be loaded from final location
** testing if installed package keeps a record of temporary installation path
* creating tarball
packaged installation of ‘pcaMethods’ as ‘pcaMethods_2.3.0_R_x86_64-pc-linux-gnu.tar.gz’
* DONE (pcaMethods)

The downloaded source packages are in
	‘/tmp/Rtmpnae1nX/downloaded_packages’
Old packages: 'promises'

real	0m14.618s
user	0m12.135s
sys	0m2.801s
