+ Rscript -e 'Sys.setenv(BIOCONDUCTOR_USE_CONTAINER_REPOSITORY=FALSE);
  p <- .libPaths();
  p <- c('\''/tmp/library'\'', '\''/mnt/library'\'', p);
  .libPaths(p);
  if(BiocManager::install('\''Rcwl'\'', INSTALL_opts = '\''--build'\'', update = TRUE, quiet = FALSE, dependencies=TRUE, force = TRUE, keep_outputs = TRUE) %in% rownames(installed.packages())) q(status = 0) else q(status = 1)'
'getOption("repos")' replaces Bioconductor standard repositories, see
'help("repositories", package = "BiocManager")' for details.
Replacement repositories:
    CRAN: https://cloud.r-project.org
Bioconductor version 3.23 (BiocManager 1.30.26), R Under development (unstable)
  (2025-10-28 r88973)
Installing package(s) 'Rcwl'
also installing the dependency ‘DiagrammeR’

trying URL 'https://cloud.r-project.org/src/contrib/DiagrammeR_1.0.11.tar.gz'
trying URL 'https://bioconductor.org/packages/3.23/bioc/src/contrib/Rcwl_1.27.0.tar.gz'
* installing *source* package ‘DiagrammeR’ ...
** this is package ‘DiagrammeR’ version ‘1.0.11’
** package ‘DiagrammeR’ successfully unpacked and MD5 sums checked
** using staged installation
** R
** data
*** moving datasets to lazyload DB
** inst
** byte-compile and prepare package for lazy loading
** help
*** installing help indices
** building package indices
** testing if installed package can be loaded from temporary location
** testing if installed package can be loaded from final location
** testing if installed package keeps a record of temporary installation path
* creating tarball
packaged installation of ‘DiagrammeR’ as ‘DiagrammeR_1.0.11_R_x86_64-pc-linux-gnu.tar.gz’
* DONE (DiagrammeR)
* installing *source* package ‘Rcwl’ ...
** this is package ‘Rcwl’ version ‘1.27.0’
** using non-staged installation via StagedInstall field
** R
** inst
** byte-compile and prepare package for lazy loading
** help
*** installing help indices
** building package indices
** installing vignettes
** testing if installed package can be loaded
* creating tarball
packaged installation of ‘Rcwl’ as ‘Rcwl_1.27.0_R_x86_64-pc-linux-gnu.tar.gz’
* DONE (Rcwl)

The downloaded source packages are in
	‘/tmp/RtmpDebJlJ/downloaded_packages’
Old packages: 'promises'

real	0m24.943s
user	0m21.117s
sys	0m3.574s
