+ Rscript -e 'Sys.setenv(BIOCONDUCTOR_USE_CONTAINER_REPOSITORY=FALSE);
  p <- .libPaths();
  p <- c('\'''\'', '\'''\'', p);
  .libPaths(p);
  if(BiocManager::install('\''TargetSearch'\'', INSTALL_opts = '\''--build'\'', update = TRUE, quiet = FALSE, dependencies=TRUE, force = TRUE, keep_outputs = TRUE) %in% rownames(installed.packages())) q(status = 0) else q(status = 1)'
'getOption("repos")' replaces Bioconductor standard repositories, see
'help("repositories", package = "BiocManager")' for details.
Replacement repositories:
    CRAN: https://cloud.r-project.org
Bioconductor version 3.23 (BiocManager 1.30.26), R Under development (unstable)
  (2025-10-28 r88973)
Installing package(s) 'TargetSearch'
also installing the dependencies ‘bookdown’, ‘ncdf4’, ‘assertthat’, ‘TargetSearchData’, ‘BiocStyle’, ‘tinytest’

trying URL 'https://cloud.r-project.org/src/contrib/bookdown_0.45.tar.gz'
trying URL 'https://cloud.r-project.org/src/contrib/ncdf4_1.24.tar.gz'
trying URL 'https://cloud.r-project.org/src/contrib/assertthat_0.2.1.tar.gz'
trying URL 'https://bioconductor.org/packages/3.23/data/experiment/src/contrib/TargetSearchData_1.49.0.tar.gz'
trying URL 'https://bioconductor.org/packages/3.23/bioc/src/contrib/BiocStyle_2.39.0.tar.gz'
trying URL 'https://cloud.r-project.org/src/contrib/tinytest_1.4.1.tar.gz'
trying URL 'https://bioconductor.org/packages/3.23/bioc/src/contrib/TargetSearch_2.13.0.tar.gz'
* installing *source* package ‘bookdown’ ...
** this is package ‘bookdown’ version ‘0.45’
** package ‘bookdown’ successfully unpacked and MD5 sums checked
** using staged installation
** R
** inst
** byte-compile and prepare package for lazy loading
** help
*** installing help indices
*** copying figures
** building package indices
** installing vignettes
** testing if installed package can be loaded from temporary location
** testing if installed package can be loaded from final location
** testing if installed package keeps a record of temporary installation path
* creating tarball
packaged installation of ‘bookdown’ as ‘bookdown_0.45_R_x86_64-pc-linux-gnu.tar.gz’
* DONE (bookdown)
* installing *source* package ‘ncdf4’ ...
** this is package ‘ncdf4’ version ‘1.24’
** package ‘ncdf4’ successfully unpacked and MD5 sums checked
** using staged installation
configure.ac: starting
checking for nc-config... yes
Using nc-config: nc-config
Output of nc-config --all:

This netCDF 4.9.2 has been built with the following features: 

  --cc            -> /usr/bin/cc
  --cflags        -> -I/usr/include -I/usr/include/hdf5/serial
  --libs          -> -L/usr/lib/x86_64-linux-gnu -L/usr/lib/x86_64-linux-gnu/hdf5/serial -lnetcdf
  --static        -> -lhdf5_hl -lhdf5 -lcrypto -lcurl -lpthread -lsz -lz -ldl -lm -lxml2


  --has-dap          -> yes
  --has-dap2         -> yes
  --has-dap4         -> yes
  --has-nc2          -> yes
  --has-nc4          -> yes
  --has-hdf5         -> yes
  --has-hdf4         -> no
  --has-logging      -> no
  --has-pnetcdf      -> no
  --has-szlib        -> no
  --has-cdf5         -> yes
  --has-parallel4    -> no
  --has-parallel     -> no
  --has-nczarr       -> yes
  --has-zstd         -> yes
  --has-benchmarks   -> no
  --has-multifilters -> no
  --has-stdfilters   -> deflate szip bz2
  --has-quantize     -> no

  --prefix        -> /usr
  --includedir    -> /usr/include
  --libdir        -> /usr/lib/x86_64-linux-gnu
  --plugindir     -> 
  --version       -> netCDF 4.9.2

---
netcdf.m4: about to set rpath, here is source string: >-L/usr/lib/x86_64-linux-gnu -L/usr/lib/x86_64-linux-gnu/hdf5/serial -lnetcdf<
netcdf.m4: final rpath:   -Wl,-rpath,/usr/lib/x86_64-linux-gnu -Wl,-rpath,/usr/lib/x86_64-linux-gnu/hdf5/serial
Netcdf library version: netCDF 4.9.2
Netcdf library has version 4 interface present: yes
Netcdf library was compiled with C compiler: /usr/bin/cc
configure: creating ./config.status
config.status: creating src/Makevars
 
**********************  Results of ncdf4 package configure *******************
 
netCDF v4 CPP flags      = -I/usr/include -I/usr/include/hdf5/serial
netCDF v4 LD flags       =   -Wl,-rpath,/usr/lib/x86_64-linux-gnu -Wl,-rpath,/usr/lib/x86_64-linux-gnu/hdf5/serial -L/usr/lib/x86_64-linux-gnu -L/usr/lib/x86_64-linux-gnu/hdf5/serial -lnetcdf -L/usr/local/lib
netCDF v4 runtime path   =   -Wl,-rpath,/usr/lib/x86_64-linux-gnu -Wl,-rpath,/usr/lib/x86_64-linux-gnu/hdf5/serial
 
netCDF C compiler used   = /usr/bin/cc
R      C compiler used   = gcc -std=gnu2x -g -O2 -fstack-protector-strong -Wformat -Werror=format-security -Wdate-time -D_FORTIFY_SOURCE=2 -g
 
******************************************************************************
 
checking whether the C compiler works... yes
checking for C compiler default output file name... a.out
checking for suffix of executables... 
checking whether we are cross compiling... no
checking for suffix of object files... o
checking whether we are using the GNU C compiler... yes
checking whether gcc -std=gnu2x accepts -g... yes
checking for gcc -std=gnu2x option to accept ISO C89... none needed
netcdf cc arg1: /usr/bin/cc  R cc arg1: gcc R_IS_GCC: 1 R_IS_CLANG: 0 NETCDF_IS_GCC: 1 NETCDF_IS_CLANG: 0  emit_warning: 0
** libs
using C compiler: ‘gcc (Ubuntu 13.3.0-6ubuntu2~24.04) 13.3.0’
gcc -std=gnu2x -I"/usr/local/lib/R/include" -DNDEBUG -I/usr/include -I/usr/include/hdf5/serial  -I/usr/local/include    -fpic  -g -O2 -fstack-protector-strong -Wformat -Werror=format-security -Wdate-time -D_FORTIFY_SOURCE=2 -g  -c ncdf.c -o ncdf.o
gcc -std=gnu2x -shared -L/usr/local/lib/R/lib -L/usr/local/lib -o ncdf4.so ncdf.o -Wl,-rpath,/usr/lib/x86_64-linux-gnu -Wl,-rpath,/usr/lib/x86_64-linux-gnu/hdf5/serial -L/usr/lib/x86_64-linux-gnu -L/usr/lib/x86_64-linux-gnu/hdf5/serial -lnetcdf -L/usr/local/lib -L/usr/local/lib/R/lib -lR
installing to /usr/local/lib/R/site-library/00LOCK-ncdf4/00new/ncdf4/libs
** R
** inst
** byte-compile and prepare package for lazy loading
** help
*** installing help indices
** building package indices
** testing if installed package can be loaded from temporary location
** checking absolute paths in shared objects and dynamic libraries
** testing if installed package can be loaded from final location
** testing if installed package keeps a record of temporary installation path
* creating tarball
packaged installation of ‘ncdf4’ as ‘ncdf4_1.24_R_x86_64-pc-linux-gnu.tar.gz’
* DONE (ncdf4)
* installing *source* package ‘assertthat’ ...
** this is package ‘assertthat’ version ‘0.2.1’
** package ‘assertthat’ successfully unpacked and MD5 sums checked
** using staged installation
** R
** byte-compile and prepare package for lazy loading
** help
*** installing help indices
** building package indices
** testing if installed package can be loaded from temporary location
** testing if installed package can be loaded from final location
** testing if installed package keeps a record of temporary installation path
* creating tarball
packaged installation of ‘assertthat’ as ‘assertthat_0.2.1_R_x86_64-pc-linux-gnu.tar.gz’
* DONE (assertthat)
* installing *source* package ‘TargetSearchData’ ...
** this is package ‘TargetSearchData’ version ‘1.49.0’
** using staged installation
** R
** inst
** byte-compile and prepare package for lazy loading
** help
*** installing help indices
** building package indices
** installing vignettes
** testing if installed package can be loaded from temporary location
** testing if installed package can be loaded from final location
** testing if installed package keeps a record of temporary installation path
* creating tarball
packaged installation of ‘TargetSearchData’ as ‘TargetSearchData_1.49.0_R_x86_64-pc-linux-gnu.tar.gz’
* DONE (TargetSearchData)
* installing *source* package ‘tinytest’ ...
** this is package ‘tinytest’ version ‘1.4.1’
** package ‘tinytest’ successfully unpacked and MD5 sums checked
** using staged installation
** R
** inst
** byte-compile and prepare package for lazy loading
** help
*** installing help indices
** building package indices
** installing vignettes
** testing if installed package can be loaded from temporary location
** testing if installed package can be loaded from final location
** testing if installed package keeps a record of temporary installation path
* creating tarball
packaged installation of ‘tinytest’ as ‘tinytest_1.4.1_R_x86_64-pc-linux-gnu.tar.gz’
* DONE (tinytest)
* installing *source* package ‘BiocStyle’ ...
** this is package ‘BiocStyle’ version ‘2.39.0’
** using staged installation
** R
** inst
** byte-compile and prepare package for lazy loading
** help
*** installing help indices
** building package indices
** installing vignettes
** testing if installed package can be loaded from temporary location
** testing if installed package can be loaded from final location
** testing if installed package keeps a record of temporary installation path
* creating tarball
packaged installation of ‘BiocStyle’ as ‘BiocStyle_2.39.0_R_x86_64-pc-linux-gnu.tar.gz’
* DONE (BiocStyle)
* installing *source* package ‘TargetSearch’ ...
** this is package ‘TargetSearch’ version ‘2.13.0’
** using staged installation
** libs
using C compiler: ‘gcc (Ubuntu 13.3.0-6ubuntu2~24.04) 13.3.0’
gcc -std=gnu2x -I"/usr/local/lib/R/include" -DNDEBUG   -I/usr/local/include    -fpic  -g -O2 -fstack-protector-strong -Wformat -Werror=format-security -Wdate-time -D_FORTIFY_SOURCE=2 -g  -c Rinit.c -o Rinit.o
gcc -std=gnu2x -I"/usr/local/lib/R/include" -DNDEBUG   -I/usr/local/include    -fpic  -g -O2 -fstack-protector-strong -Wformat -Werror=format-security -Wdate-time -D_FORTIFY_SOURCE=2 -g  -c baseline.c -o baseline.o
gcc -std=gnu2x -I"/usr/local/lib/R/include" -DNDEBUG   -I/usr/local/include    -fpic  -g -O2 -fstack-protector-strong -Wformat -Werror=format-security -Wdate-time -D_FORTIFY_SOURCE=2 -g  -c detection.c -o detection.o
gcc -std=gnu2x -I"/usr/local/lib/R/include" -DNDEBUG   -I/usr/local/include    -fpic  -g -O2 -fstack-protector-strong -Wformat -Werror=format-security -Wdate-time -D_FORTIFY_SOURCE=2 -g  -c file.c -o file.o
gcc -std=gnu2x -I"/usr/local/lib/R/include" -DNDEBUG   -I/usr/local/include    -fpic  -g -O2 -fstack-protector-strong -Wformat -Werror=format-security -Wdate-time -D_FORTIFY_SOURCE=2 -g  -c find.c -o find.o
gcc -std=gnu2x -I"/usr/local/lib/R/include" -DNDEBUG   -I/usr/local/include    -fpic  -g -O2 -fstack-protector-strong -Wformat -Werror=format-security -Wdate-time -D_FORTIFY_SOURCE=2 -g  -c get_line.c -o get_line.o
gcc -std=gnu2x -I"/usr/local/lib/R/include" -DNDEBUG   -I/usr/local/include    -fpic  -g -O2 -fstack-protector-strong -Wformat -Werror=format-security -Wdate-time -D_FORTIFY_SOURCE=2 -g  -c hpf.c -o hpf.o
gcc -std=gnu2x -I"/usr/local/lib/R/include" -DNDEBUG   -I/usr/local/include    -fpic  -g -O2 -fstack-protector-strong -Wformat -Werror=format-security -Wdate-time -D_FORTIFY_SOURCE=2 -g  -c matrix.c -o matrix.o
gcc -std=gnu2x -I"/usr/local/lib/R/include" -DNDEBUG   -I/usr/local/include    -fpic  -g -O2 -fstack-protector-strong -Wformat -Werror=format-security -Wdate-time -D_FORTIFY_SOURCE=2 -g  -c ncdf.c -o ncdf.o
gcc -std=gnu2x -I"/usr/local/lib/R/include" -DNDEBUG   -I/usr/local/include    -fpic  -g -O2 -fstack-protector-strong -Wformat -Werror=format-security -Wdate-time -D_FORTIFY_SOURCE=2 -g  -c peak.c -o peak.o
gcc -std=gnu2x -I"/usr/local/lib/R/include" -DNDEBUG   -I/usr/local/include    -fpic  -g -O2 -fstack-protector-strong -Wformat -Werror=format-security -Wdate-time -D_FORTIFY_SOURCE=2 -g  -c spectrum.c -o spectrum.o
gcc -std=gnu2x -I"/usr/local/lib/R/include" -DNDEBUG   -I/usr/local/include    -fpic  -g -O2 -fstack-protector-strong -Wformat -Werror=format-security -Wdate-time -D_FORTIFY_SOURCE=2 -g  -c strutils.c -o strutils.o
gcc -std=gnu2x -I"/usr/local/lib/R/include" -DNDEBUG   -I/usr/local/include    -fpic  -g -O2 -fstack-protector-strong -Wformat -Werror=format-security -Wdate-time -D_FORTIFY_SOURCE=2 -g  -c utils.c -o utils.o
gcc -std=gnu2x -shared -L/usr/local/lib/R/lib -L/usr/local/lib -o TargetSearch.so Rinit.o baseline.o detection.o file.o find.o get_line.o hpf.o matrix.o ncdf.o peak.o spectrum.o strutils.o utils.o -L/usr/local/lib/R/lib -lR
installing to /usr/local/lib/R/site-library/00LOCK-TargetSearch/00new/TargetSearch/libs
** R
** data
** inst
** byte-compile and prepare package for lazy loading
** help
*** installing help indices
** building package indices
** installing vignettes
** testing if installed package can be loaded from temporary location
** checking absolute paths in shared objects and dynamic libraries
** testing if installed package can be loaded from final location
** testing if installed package keeps a record of temporary installation path
* creating tarball
packaged installation of ‘TargetSearch’ as ‘TargetSearch_2.13.0_R_x86_64-pc-linux-gnu.tar.gz’
* DONE (TargetSearch)

The downloaded source packages are in
	‘/tmp/RtmpySpc7h/downloaded_packages’
Old packages: 'promises'

real	0m45.370s
user	0m40.851s
sys	0m7.908s
