+ Rscript -e 'Sys.setenv(BIOCONDUCTOR_USE_CONTAINER_REPOSITORY=FALSE);
  p <- .libPaths();
  p <- c('\''/tmp/library'\'', '\''/mnt/library'\'', p);
  .libPaths(p);
  if(BiocManager::install('\''iClusterPlus'\'', INSTALL_opts = '\''--build'\'', update = TRUE, quiet = FALSE, dependencies=TRUE, force = TRUE, keep_outputs = TRUE) %in% rownames(installed.packages())) q(status = 0) else q(status = 1)'
'getOption("repos")' replaces Bioconductor standard repositories, see
'help("repositories", package = "BiocManager")' for details.
Replacement repositories:
    CRAN: https://cloud.r-project.org
Bioconductor version 3.23 (BiocManager 1.30.26), R Under development (unstable)
  (2025-10-28 r88973)
Installing package(s) 'iClusterPlus'
trying URL 'https://bioconductor.org/packages/3.23/bioc/src/contrib/iClusterPlus_1.47.0.tar.gz'
Content type 'application/x-gzip' length 21696460 bytes (20.7 MB)
==================================================
downloaded 20.7 MB

* installing *source* package ‘iClusterPlus’ ...
** this is package ‘iClusterPlus’ version ‘1.47.0’
** using staged installation
 This package has only been tested with gfortran.
 So some checks are needed.
 R_HOME is /usr/local/lib/R
Attempting to determine R_ARCH...
R_ARCH is 
Attempting to detect how R was configured for Fortran 90....
  R configured for gfortran; Good!
configure: creating ./config.status
config.status: creating src/Makevars
** libs
using C compiler: ‘gcc (Ubuntu 13.3.0-6ubuntu2~24.04) 13.3.0’
using Fortran compiler: ‘GNU Fortran (Ubuntu 13.3.0-6ubuntu2~24.04) 13.3.0’
gcc -std=gnu2x -I"/usr/local/lib/R/include" -DNDEBUG   -I/usr/local/include    -fpic  -g -O2 -fstack-protector-strong -Wformat -Werror=format-security -Wdate-time -D_FORTIFY_SOURCE=2 -g  -c iClusterBayes.c -o iClusterBayes.o
gcc -std=gnu2x -I"/usr/local/lib/R/include" -DNDEBUG   -I/usr/local/include    -fpic  -g -O2 -fstack-protector-strong -Wformat -Werror=format-security -Wdate-time -D_FORTIFY_SOURCE=2 -g  -c iClusterPlus.c -o iClusterPlus.o
gfortran -fdefault-real-8 -ffixed-form -fpic  -g -O2  -c  newGLMnet.f90 -o newGLMnet.o
gcc -std=gnu2x -shared -L/usr/local/lib/R/lib -L/usr/local/lib -o iClusterPlus.so iClusterBayes.o iClusterPlus.o newGLMnet.o -llapack -lblas -lgfortran -lm -lquadmath -lgfortran -lm -lquadmath -L/usr/local/lib/R/lib -lR
installing to /tmp/library/00LOCK-iClusterPlus/00new/iClusterPlus/libs
** R
** data
*** moving datasets to lazyload DB
** demo
** inst
** byte-compile and prepare package for lazy loading
** help
*** installing help indices
** building package indices
** installing vignettes
** testing if installed package can be loaded from temporary location
** checking absolute paths in shared objects and dynamic libraries
** testing if installed package can be loaded from final location
** testing if installed package keeps a record of temporary installation path
* creating tarball
packaged installation of ‘iClusterPlus’ as ‘iClusterPlus_1.47.0_R_x86_64-pc-linux-gnu.tar.gz’
* DONE (iClusterPlus)

The downloaded source packages are in
	‘/tmp/RtmpI8fdZI/downloaded_packages’
Old packages: 'BiocBook', 'rhdf5', 'promises'

real	0m32.103s
user	0m23.228s
sys	0m3.904s
