+ Rscript -e 'Sys.setenv(BIOCONDUCTOR_USE_CONTAINER_REPOSITORY=FALSE);
  p <- .libPaths();
  p <- c('\''/tmp/library'\'', '\''/mnt/library'\'', p);
  .libPaths(p);
  if(BiocManager::install('\''AnVILAz'\'', INSTALL_opts = '\''--build'\'', update = TRUE, quiet = FALSE, dependencies=TRUE, force = TRUE, keep_outputs = TRUE) %in% rownames(installed.packages())) q(status = 0) else q(status = 1)'
'getOption("repos")' replaces Bioconductor standard repositories, see
'help("repositories", package = "BiocManager")' for details.
Replacement repositories:
    CRAN: https://cloud.r-project.org
Bioconductor version 3.23 (BiocManager 1.30.26), R Under development (unstable)
  (2025-10-28 r88973)
Installing package(s) 'AnVILAz'
also installing the dependencies ‘bit’, ‘bit64’, ‘progress’, ‘httr’, ‘bookdown’, ‘generics’, ‘tidyselect’, ‘hms’, ‘vroom’, ‘tzdb’, ‘AnVILBase’, ‘BiocBaseUtils’, ‘rjsoncons’, ‘BiocStyle’, ‘dplyr’, ‘readr’, ‘tinytest’

trying URL 'https://cloud.r-project.org/src/contrib/bit_4.6.0.tar.gz'
trying URL 'https://cloud.r-project.org/src/contrib/bit64_4.6.0-1.tar.gz'
trying URL 'https://cloud.r-project.org/src/contrib/progress_1.2.3.tar.gz'
trying URL 'https://cloud.r-project.org/src/contrib/httr_1.4.7.tar.gz'
trying URL 'https://cloud.r-project.org/src/contrib/bookdown_0.45.tar.gz'
trying URL 'https://cloud.r-project.org/src/contrib/generics_0.1.4.tar.gz'
trying URL 'https://cloud.r-project.org/src/contrib/tidyselect_1.2.1.tar.gz'
trying URL 'https://cloud.r-project.org/src/contrib/hms_1.1.4.tar.gz'
trying URL 'https://cloud.r-project.org/src/contrib/vroom_1.6.6.tar.gz'
trying URL 'https://cloud.r-project.org/src/contrib/tzdb_0.5.0.tar.gz'
trying URL 'https://bioconductor.org/packages/3.23/bioc/src/contrib/AnVILBase_1.5.0.tar.gz'
trying URL 'https://bioconductor.org/packages/3.23/bioc/src/contrib/BiocBaseUtils_1.13.0.tar.gz'
trying URL 'https://cloud.r-project.org/src/contrib/rjsoncons_1.3.2.tar.gz'
trying URL 'https://bioconductor.org/packages/3.23/bioc/src/contrib/BiocStyle_2.39.0.tar.gz'
trying URL 'https://cloud.r-project.org/src/contrib/dplyr_1.1.4.tar.gz'
trying URL 'https://cloud.r-project.org/src/contrib/readr_2.1.5.tar.gz'
trying URL 'https://cloud.r-project.org/src/contrib/tinytest_1.4.1.tar.gz'
trying URL 'https://bioconductor.org/packages/3.23/bioc/src/contrib/AnVILAz_1.5.0.tar.gz'
* installing *source* package ‘bit’ ...
** this is package ‘bit’ version ‘4.6.0’
** package ‘bit’ successfully unpacked and MD5 sums checked
** using staged installation
** libs
using C compiler: ‘gcc (Ubuntu 13.3.0-6ubuntu2~24.04) 13.3.0’
gcc -std=gnu2x -I"/usr/local/lib/R/include" -DNDEBUG   -I/usr/local/include    -fpic  -g -O2 -fstack-protector-strong -Wformat -Werror=format-security -Wdate-time -D_FORTIFY_SOURCE=2 -g  -c attrutil.c -o attrutil.o
gcc -std=gnu2x -I"/usr/local/lib/R/include" -DNDEBUG   -I/usr/local/include    -fpic  -g -O2 -fstack-protector-strong -Wformat -Werror=format-security -Wdate-time -D_FORTIFY_SOURCE=2 -g  -c bit.c -o bit.o
gcc -std=gnu2x -I"/usr/local/lib/R/include" -DNDEBUG   -I/usr/local/include    -fpic  -g -O2 -fstack-protector-strong -Wformat -Werror=format-security -Wdate-time -D_FORTIFY_SOURCE=2 -g  -c chunkutil.c -o chunkutil.o
gcc -std=gnu2x -I"/usr/local/lib/R/include" -DNDEBUG   -I/usr/local/include    -fpic  -g -O2 -fstack-protector-strong -Wformat -Werror=format-security -Wdate-time -D_FORTIFY_SOURCE=2 -g  -c clone.c -o clone.o
gcc -std=gnu2x -I"/usr/local/lib/R/include" -DNDEBUG   -I/usr/local/include    -fpic  -g -O2 -fstack-protector-strong -Wformat -Werror=format-security -Wdate-time -D_FORTIFY_SOURCE=2 -g  -c init.c -o init.o
gcc -std=gnu2x -I"/usr/local/lib/R/include" -DNDEBUG   -I/usr/local/include    -fpic  -g -O2 -fstack-protector-strong -Wformat -Werror=format-security -Wdate-time -D_FORTIFY_SOURCE=2 -g  -c integerutil.c -o integerutil.o
gcc -std=gnu2x -I"/usr/local/lib/R/include" -DNDEBUG   -I/usr/local/include    -fpic  -g -O2 -fstack-protector-strong -Wformat -Werror=format-security -Wdate-time -D_FORTIFY_SOURCE=2 -g  -c merge.c -o merge.o
gcc -std=gnu2x -I"/usr/local/lib/R/include" -DNDEBUG   -I/usr/local/include    -fpic  -g -O2 -fstack-protector-strong -Wformat -Werror=format-security -Wdate-time -D_FORTIFY_SOURCE=2 -g  -c rle.c -o rle.o
gcc -std=gnu2x -I"/usr/local/lib/R/include" -DNDEBUG   -I/usr/local/include    -fpic  -g -O2 -fstack-protector-strong -Wformat -Werror=format-security -Wdate-time -D_FORTIFY_SOURCE=2 -g  -c sort.c -o sort.o
gcc -std=gnu2x -shared -L/usr/local/lib/R/lib -L/usr/local/lib -o bit.so attrutil.o bit.o chunkutil.o clone.o init.o integerutil.o merge.o rle.o sort.o -L/usr/local/lib/R/lib -lR
installing to /tmp/library/00LOCK-bit/00new/bit/libs
** R
** inst
** byte-compile and prepare package for lazy loading
** help
*** installing help indices
** building package indices
** installing vignettes
** testing if installed package can be loaded from temporary location
** checking absolute paths in shared objects and dynamic libraries
** testing if installed package can be loaded from final location
** testing if installed package keeps a record of temporary installation path
* creating tarball
packaged installation of ‘bit’ as ‘bit_4.6.0_R_x86_64-pc-linux-gnu.tar.gz’
* DONE (bit)
* installing *source* package ‘httr’ ...
** this is package ‘httr’ version ‘1.4.7’
** package ‘httr’ successfully unpacked and MD5 sums checked
** using staged installation
** R
** demo
** inst
** byte-compile and prepare package for lazy loading
** help
*** installing help indices
** building package indices
** installing vignettes
** testing if installed package can be loaded from temporary location
** testing if installed package can be loaded from final location
** testing if installed package keeps a record of temporary installation path
* creating tarball
packaged installation of ‘httr’ as ‘httr_1.4.7_R_x86_64-pc-linux-gnu.tar.gz’
* DONE (httr)
* installing *source* package ‘bookdown’ ...
** this is package ‘bookdown’ version ‘0.45’
** package ‘bookdown’ successfully unpacked and MD5 sums checked
** using staged installation
** R
** inst
** byte-compile and prepare package for lazy loading
** help
*** installing help indices
*** copying figures
** building package indices
** installing vignettes
** testing if installed package can be loaded from temporary location
** testing if installed package can be loaded from final location
** testing if installed package keeps a record of temporary installation path
* creating tarball
packaged installation of ‘bookdown’ as ‘bookdown_0.45_R_x86_64-pc-linux-gnu.tar.gz’
* DONE (bookdown)
* installing *source* package ‘generics’ ...
** this is package ‘generics’ version ‘0.1.4’
** package ‘generics’ successfully unpacked and MD5 sums checked
** using staged installation
** R
** byte-compile and prepare package for lazy loading
** help
*** installing help indices
** building package indices
** testing if installed package can be loaded from temporary location
** testing if installed package can be loaded from final location
** testing if installed package keeps a record of temporary installation path
* creating tarball
packaged installation of ‘generics’ as ‘generics_0.1.4_R_x86_64-pc-linux-gnu.tar.gz’
* DONE (generics)
* installing *source* package ‘tidyselect’ ...
** this is package ‘tidyselect’ version ‘1.2.1’
** package ‘tidyselect’ successfully unpacked and MD5 sums checked
** using staged installation
** R
** inst
** byte-compile and prepare package for lazy loading
** help
*** installing help indices
** building package indices
** installing vignettes
** testing if installed package can be loaded from temporary location
** testing if installed package can be loaded from final location
** testing if installed package keeps a record of temporary installation path
* creating tarball
packaged installation of ‘tidyselect’ as ‘tidyselect_1.2.1_R_x86_64-pc-linux-gnu.tar.gz’
* DONE (tidyselect)
* installing *source* package ‘hms’ ...
** this is package ‘hms’ version ‘1.1.4’
** package ‘hms’ successfully unpacked and MD5 sums checked
** using staged installation
** R
** byte-compile and prepare package for lazy loading
** help
*** installing help indices
*** copying figures
** building package indices
** testing if installed package can be loaded from temporary location
** testing if installed package can be loaded from final location
** testing if installed package keeps a record of temporary installation path
* creating tarball
packaged installation of ‘hms’ as ‘hms_1.1.4_R_x86_64-pc-linux-gnu.tar.gz’
* DONE (hms)
* installing *source* package ‘tzdb’ ...
** this is package ‘tzdb’ version ‘0.5.0’
** package ‘tzdb’ successfully unpacked and MD5 sums checked
** using staged installation
** libs
using C++ compiler: ‘g++ (Ubuntu 13.3.0-6ubuntu2~24.04) 13.3.0’
g++ -std=gnu++17 -I"/usr/local/lib/R/include" -DNDEBUG  -I'/usr/local/lib/R/site-library/cpp11/include' -I/usr/local/include   -I../inst/include -DINSTALL=dummy -DAUTO_DOWNLOAD=0 -DHAS_REMOTE_API=0 -DUSE_OS_TZDB=0 -DONLY_C_LOCALE=1 -fpic  -g -O2 -fstack-protector-strong -Wformat -Werror=format-security -Wdate-time -D_FORTIFY_SOURCE=2 -g   -c api.cpp -o api.o
g++ -std=gnu++17 -I"/usr/local/lib/R/include" -DNDEBUG  -I'/usr/local/lib/R/site-library/cpp11/include' -I/usr/local/include   -I../inst/include -DINSTALL=dummy -DAUTO_DOWNLOAD=0 -DHAS_REMOTE_API=0 -DUSE_OS_TZDB=0 -DONLY_C_LOCALE=1 -fpic  -g -O2 -fstack-protector-strong -Wformat -Werror=format-security -Wdate-time -D_FORTIFY_SOURCE=2 -g   -c cpp11.cpp -o cpp11.o
g++ -std=gnu++17 -I"/usr/local/lib/R/include" -DNDEBUG  -I'/usr/local/lib/R/site-library/cpp11/include' -I/usr/local/include   -I../inst/include -DINSTALL=dummy -DAUTO_DOWNLOAD=0 -DHAS_REMOTE_API=0 -DUSE_OS_TZDB=0 -DONLY_C_LOCALE=1 -fpic  -g -O2 -fstack-protector-strong -Wformat -Werror=format-security -Wdate-time -D_FORTIFY_SOURCE=2 -g   -c names.cpp -o names.o
g++ -std=gnu++17 -I"/usr/local/lib/R/include" -DNDEBUG  -I'/usr/local/lib/R/site-library/cpp11/include' -I/usr/local/include   -I../inst/include -DINSTALL=dummy -DAUTO_DOWNLOAD=0 -DHAS_REMOTE_API=0 -DUSE_OS_TZDB=0 -DONLY_C_LOCALE=1 -fpic  -g -O2 -fstack-protector-strong -Wformat -Werror=format-security -Wdate-time -D_FORTIFY_SOURCE=2 -g   -c path.cpp -o path.o
g++ -std=gnu++17 -I"/usr/local/lib/R/include" -DNDEBUG  -I'/usr/local/lib/R/site-library/cpp11/include' -I/usr/local/include   -I../inst/include -DINSTALL=dummy -DAUTO_DOWNLOAD=0 -DHAS_REMOTE_API=0 -DUSE_OS_TZDB=0 -DONLY_C_LOCALE=1 -fpic  -g -O2 -fstack-protector-strong -Wformat -Werror=format-security -Wdate-time -D_FORTIFY_SOURCE=2 -g   -c tz.cpp -o tz.o
g++ -std=gnu++17 -I"/usr/local/lib/R/include" -DNDEBUG  -I'/usr/local/lib/R/site-library/cpp11/include' -I/usr/local/include   -I../inst/include -DINSTALL=dummy -DAUTO_DOWNLOAD=0 -DHAS_REMOTE_API=0 -DUSE_OS_TZDB=0 -DONLY_C_LOCALE=1 -fpic  -g -O2 -fstack-protector-strong -Wformat -Werror=format-security -Wdate-time -D_FORTIFY_SOURCE=2 -g   -c version.cpp -o version.o
g++ -std=gnu++17 -shared -L/usr/local/lib/R/lib -L/usr/local/lib -o tzdb.so api.o cpp11.o names.o path.o tz.o version.o -L/usr/local/lib/R/lib -lR
installing to /tmp/library/00LOCK-tzdb/00new/tzdb/libs
** R
** inst
** byte-compile and prepare package for lazy loading
** help
*** installing help indices
** building package indices
** testing if installed package can be loaded from temporary location
** checking absolute paths in shared objects and dynamic libraries
** testing if installed package can be loaded from final location
** testing if installed package keeps a record of temporary installation path
* creating tarball
packaged installation of ‘tzdb’ as ‘tzdb_0.5.0_R_x86_64-pc-linux-gnu.tar.gz’
* DONE (tzdb)
* installing *source* package ‘BiocBaseUtils’ ...
** this is package ‘BiocBaseUtils’ version ‘1.13.0’
** using staged installation
** R
** inst
** byte-compile and prepare package for lazy loading
** help
*** installing help indices
** building package indices
** installing vignettes
** testing if installed package can be loaded from temporary location
** testing if installed package can be loaded from final location
** testing if installed package keeps a record of temporary installation path
* creating tarball
packaged installation of ‘BiocBaseUtils’ as ‘BiocBaseUtils_1.13.0_R_x86_64-pc-linux-gnu.tar.gz’
* DONE (BiocBaseUtils)
* installing *source* package ‘rjsoncons’ ...
** this is package ‘rjsoncons’ version ‘1.3.2’
** package ‘rjsoncons’ successfully unpacked and MD5 sums checked
** using staged installation
** libs
using C++ compiler: ‘g++ (Ubuntu 13.3.0-6ubuntu2~24.04) 13.3.0’
g++ -std=gnu++17 -I"/usr/local/lib/R/include" -DNDEBUG -I../inst/include/ -I'/usr/local/lib/R/site-library/cpp11/include' -I'/usr/local/lib/R/site-library/cli/include' -I/usr/local/include    -fpic  -g -O2 -fstack-protector-strong -Wformat -Werror=format-security -Wdate-time -D_FORTIFY_SOURCE=2 -g   -c cpp11.cpp -o cpp11.o
g++ -std=gnu++17 -I"/usr/local/lib/R/include" -DNDEBUG -I../inst/include/ -I'/usr/local/lib/R/site-library/cpp11/include' -I'/usr/local/lib/R/site-library/cli/include' -I/usr/local/include    -fpic  -g -O2 -fstack-protector-strong -Wformat -Werror=format-security -Wdate-time -D_FORTIFY_SOURCE=2 -g   -c flatten.cpp -o flatten.o
g++ -std=gnu++17 -I"/usr/local/lib/R/include" -DNDEBUG -I../inst/include/ -I'/usr/local/lib/R/site-library/cpp11/include' -I'/usr/local/lib/R/site-library/cli/include' -I/usr/local/include    -fpic  -g -O2 -fstack-protector-strong -Wformat -Werror=format-security -Wdate-time -D_FORTIFY_SOURCE=2 -g   -c patch.cpp -o patch.o
g++ -std=gnu++17 -I"/usr/local/lib/R/include" -DNDEBUG -I../inst/include/ -I'/usr/local/lib/R/site-library/cpp11/include' -I'/usr/local/lib/R/site-library/cli/include' -I/usr/local/include    -fpic  -g -O2 -fstack-protector-strong -Wformat -Werror=format-security -Wdate-time -D_FORTIFY_SOURCE=2 -g   -c rjsoncons.cpp -o rjsoncons.o
g++ -std=gnu++17 -I"/usr/local/lib/R/include" -DNDEBUG -I../inst/include/ -I'/usr/local/lib/R/site-library/cpp11/include' -I'/usr/local/lib/R/site-library/cli/include' -I/usr/local/include    -fpic  -g -O2 -fstack-protector-strong -Wformat -Werror=format-security -Wdate-time -D_FORTIFY_SOURCE=2 -g   -c schema.cpp -o schema.o
g++ -std=gnu++17 -shared -L/usr/local/lib/R/lib -L/usr/local/lib -o rjsoncons.so cpp11.o flatten.o patch.o rjsoncons.o schema.o -L/usr/local/lib/R/lib -lR
installing to /tmp/library/00LOCK-rjsoncons/00new/rjsoncons/libs
** R
** inst
** byte-compile and prepare package for lazy loading
** help
*** installing help indices
** building package indices
** installing vignettes
** testing if installed package can be loaded from temporary location
** checking absolute paths in shared objects and dynamic libraries
** testing if installed package can be loaded from final location
** testing if installed package keeps a record of temporary installation path
* creating tarball
packaged installation of ‘rjsoncons’ as ‘rjsoncons_1.3.2_R_x86_64-pc-linux-gnu.tar.gz’
* DONE (rjsoncons)
* installing *source* package ‘tinytest’ ...
** this is package ‘tinytest’ version ‘1.4.1’
** package ‘tinytest’ successfully unpacked and MD5 sums checked
** using staged installation
** R
** inst
** byte-compile and prepare package for lazy loading
** help
*** installing help indices
** building package indices
** installing vignettes
** testing if installed package can be loaded from temporary location
** testing if installed package can be loaded from final location
** testing if installed package keeps a record of temporary installation path
* creating tarball
packaged installation of ‘tinytest’ as ‘tinytest_1.4.1_R_x86_64-pc-linux-gnu.tar.gz’
* DONE (tinytest)
* installing *source* package ‘bit64’ ...
** this is package ‘bit64’ version ‘4.6.0-1’
** package ‘bit64’ successfully unpacked and MD5 sums checked
** using staged installation
** libs
using C compiler: ‘gcc (Ubuntu 13.3.0-6ubuntu2~24.04) 13.3.0’
gcc -std=gnu2x -I"/usr/local/lib/R/include" -DNDEBUG   -I/usr/local/include    -fpic  -g -O2 -fstack-protector-strong -Wformat -Werror=format-security -Wdate-time -D_FORTIFY_SOURCE=2 -g  -c bsearch.c -o bsearch.o
gcc -std=gnu2x -I"/usr/local/lib/R/include" -DNDEBUG   -I/usr/local/include    -fpic  -g -O2 -fstack-protector-strong -Wformat -Werror=format-security -Wdate-time -D_FORTIFY_SOURCE=2 -g  -c cache.c -o cache.o
gcc -std=gnu2x -I"/usr/local/lib/R/include" -DNDEBUG   -I/usr/local/include    -fpic  -g -O2 -fstack-protector-strong -Wformat -Werror=format-security -Wdate-time -D_FORTIFY_SOURCE=2 -g  -c hash64.c -o hash64.o
gcc -std=gnu2x -I"/usr/local/lib/R/include" -DNDEBUG   -I/usr/local/include    -fpic  -g -O2 -fstack-protector-strong -Wformat -Werror=format-security -Wdate-time -D_FORTIFY_SOURCE=2 -g  -c init.c -o init.o
gcc -std=gnu2x -I"/usr/local/lib/R/include" -DNDEBUG   -I/usr/local/include    -fpic  -g -O2 -fstack-protector-strong -Wformat -Werror=format-security -Wdate-time -D_FORTIFY_SOURCE=2 -g  -c integer64.c -o integer64.o
gcc -std=gnu2x -I"/usr/local/lib/R/include" -DNDEBUG   -I/usr/local/include    -fpic  -g -O2 -fstack-protector-strong -Wformat -Werror=format-security -Wdate-time -D_FORTIFY_SOURCE=2 -g  -c sort64.c -o sort64.o
gcc -std=gnu2x -I"/usr/local/lib/R/include" -DNDEBUG   -I/usr/local/include    -fpic  -g -O2 -fstack-protector-strong -Wformat -Werror=format-security -Wdate-time -D_FORTIFY_SOURCE=2 -g  -c sortuse64.c -o sortuse64.o
gcc -std=gnu2x -shared -L/usr/local/lib/R/lib -L/usr/local/lib -o bit64.so bsearch.o cache.o hash64.o init.o integer64.o sort64.o sortuse64.o -lm -L/usr/local/lib/R/lib -lR
installing to /tmp/library/00LOCK-bit64/00new/bit64/libs
** R
** data
** inst
** byte-compile and prepare package for lazy loading
** help
*** installing help indices
** building package indices
** testing if installed package can be loaded from temporary location
** checking absolute paths in shared objects and dynamic libraries
** testing if installed package can be loaded from final location
** testing if installed package keeps a record of temporary installation path
* creating tarball
packaged installation of ‘bit64’ as ‘bit64_4.6.0-1_R_x86_64-pc-linux-gnu.tar.gz’
* DONE (bit64)
* installing *source* package ‘progress’ ...
** this is package ‘progress’ version ‘1.2.3’
** package ‘progress’ successfully unpacked and MD5 sums checked
** using staged installation
** R
** inst
** byte-compile and prepare package for lazy loading
** help
*** installing help indices
*** copying figures
** building package indices
** testing if installed package can be loaded from temporary location
** testing if installed package can be loaded from final location
** testing if installed package keeps a record of temporary installation path
* creating tarball
packaged installation of ‘progress’ as ‘progress_1.2.3_R_x86_64-pc-linux-gnu.tar.gz’
* DONE (progress)
* installing *source* package ‘BiocStyle’ ...
** this is package ‘BiocStyle’ version ‘2.39.0’
** using staged installation
** R
** inst
** byte-compile and prepare package for lazy loading
** help
*** installing help indices
** building package indices
** installing vignettes
** testing if installed package can be loaded from temporary location
** testing if installed package can be loaded from final location
** testing if installed package keeps a record of temporary installation path
* creating tarball
packaged installation of ‘BiocStyle’ as ‘BiocStyle_2.39.0_R_x86_64-pc-linux-gnu.tar.gz’
* DONE (BiocStyle)
* installing *source* package ‘dplyr’ ...
** this is package ‘dplyr’ version ‘1.1.4’
** package ‘dplyr’ successfully unpacked and MD5 sums checked
** using staged installation
** libs
using C++ compiler: ‘g++ (Ubuntu 13.3.0-6ubuntu2~24.04) 13.3.0’
g++ -std=gnu++17 -I"/usr/local/lib/R/include" -DNDEBUG   -I/usr/local/include    -fpic  -g -O2 -fstack-protector-strong -Wformat -Werror=format-security -Wdate-time -D_FORTIFY_SOURCE=2 -g   -c chop.cpp -o chop.o
g++ -std=gnu++17 -I"/usr/local/lib/R/include" -DNDEBUG   -I/usr/local/include    -fpic  -g -O2 -fstack-protector-strong -Wformat -Werror=format-security -Wdate-time -D_FORTIFY_SOURCE=2 -g   -c filter.cpp -o filter.o
g++ -std=gnu++17 -I"/usr/local/lib/R/include" -DNDEBUG   -I/usr/local/include    -fpic  -g -O2 -fstack-protector-strong -Wformat -Werror=format-security -Wdate-time -D_FORTIFY_SOURCE=2 -g   -c funs.cpp -o funs.o
g++ -std=gnu++17 -I"/usr/local/lib/R/include" -DNDEBUG   -I/usr/local/include    -fpic  -g -O2 -fstack-protector-strong -Wformat -Werror=format-security -Wdate-time -D_FORTIFY_SOURCE=2 -g   -c group_by.cpp -o group_by.o
g++ -std=gnu++17 -I"/usr/local/lib/R/include" -DNDEBUG   -I/usr/local/include    -fpic  -g -O2 -fstack-protector-strong -Wformat -Werror=format-security -Wdate-time -D_FORTIFY_SOURCE=2 -g   -c group_data.cpp -o group_data.o
g++ -std=gnu++17 -I"/usr/local/lib/R/include" -DNDEBUG   -I/usr/local/include    -fpic  -g -O2 -fstack-protector-strong -Wformat -Werror=format-security -Wdate-time -D_FORTIFY_SOURCE=2 -g   -c imports.cpp -o imports.o
g++ -std=gnu++17 -I"/usr/local/lib/R/include" -DNDEBUG   -I/usr/local/include    -fpic  -g -O2 -fstack-protector-strong -Wformat -Werror=format-security -Wdate-time -D_FORTIFY_SOURCE=2 -g   -c init.cpp -o init.o
g++ -std=gnu++17 -I"/usr/local/lib/R/include" -DNDEBUG   -I/usr/local/include    -fpic  -g -O2 -fstack-protector-strong -Wformat -Werror=format-security -Wdate-time -D_FORTIFY_SOURCE=2 -g   -c mask.cpp -o mask.o
g++ -std=gnu++17 -I"/usr/local/lib/R/include" -DNDEBUG   -I/usr/local/include    -fpic  -g -O2 -fstack-protector-strong -Wformat -Werror=format-security -Wdate-time -D_FORTIFY_SOURCE=2 -g   -c mutate.cpp -o mutate.o
g++ -std=gnu++17 -I"/usr/local/lib/R/include" -DNDEBUG   -I/usr/local/include    -fpic  -g -O2 -fstack-protector-strong -Wformat -Werror=format-security -Wdate-time -D_FORTIFY_SOURCE=2 -g   -c reconstruct.cpp -o reconstruct.o
g++ -std=gnu++17 -I"/usr/local/lib/R/include" -DNDEBUG   -I/usr/local/include    -fpic  -g -O2 -fstack-protector-strong -Wformat -Werror=format-security -Wdate-time -D_FORTIFY_SOURCE=2 -g   -c slice.cpp -o slice.o
g++ -std=gnu++17 -I"/usr/local/lib/R/include" -DNDEBUG   -I/usr/local/include    -fpic  -g -O2 -fstack-protector-strong -Wformat -Werror=format-security -Wdate-time -D_FORTIFY_SOURCE=2 -g   -c summarise.cpp -o summarise.o
g++ -std=gnu++17 -shared -L/usr/local/lib/R/lib -L/usr/local/lib -o dplyr.so chop.o filter.o funs.o group_by.o group_data.o imports.o init.o mask.o mutate.o reconstruct.o slice.o summarise.o -L/usr/local/lib/R/lib -lR
installing to /tmp/library/00LOCK-dplyr/00new/dplyr/libs
** R
** data
*** moving datasets to lazyload DB
** inst
** byte-compile and prepare package for lazy loading
** help
*** installing help indices
*** copying figures
** building package indices
** installing vignettes
** testing if installed package can be loaded from temporary location
** checking absolute paths in shared objects and dynamic libraries
** testing if installed package can be loaded from final location
** testing if installed package keeps a record of temporary installation path
* creating tarball
packaged installation of ‘dplyr’ as ‘dplyr_1.1.4_R_x86_64-pc-linux-gnu.tar.gz’
* DONE (dplyr)
* installing *source* package ‘vroom’ ...
** this is package ‘vroom’ version ‘1.6.6’
** package ‘vroom’ successfully unpacked and MD5 sums checked
** using staged installation
** libs
using C compiler: ‘gcc (Ubuntu 13.3.0-6ubuntu2~24.04) 13.3.0’
using C++ compiler: ‘g++ (Ubuntu 13.3.0-6ubuntu2~24.04) 13.3.0’
g++ -std=gnu++17 -I"/usr/local/lib/R/include" -DNDEBUG -Imio/include -DWIN32_LEAN_AND_MEAN -Ispdlog/include -DFMT_HEADER_ONLY -I'/usr/local/lib/R/site-library/cpp11/include' -I'/tmp/library/progress/include' -I'/tmp/library/tzdb/include' -I/usr/local/include    -fpic  -g -O2 -fstack-protector-strong -Wformat -Werror=format-security -Wdate-time -D_FORTIFY_SOURCE=2 -g   -c Iconv.cpp -o Iconv.o
g++ -std=gnu++17 -I"/usr/local/lib/R/include" -DNDEBUG -Imio/include -DWIN32_LEAN_AND_MEAN -Ispdlog/include -DFMT_HEADER_ONLY -I'/usr/local/lib/R/site-library/cpp11/include' -I'/tmp/library/progress/include' -I'/tmp/library/tzdb/include' -I/usr/local/include    -fpic  -g -O2 -fstack-protector-strong -Wformat -Werror=format-security -Wdate-time -D_FORTIFY_SOURCE=2 -g   -c LocaleInfo.cpp -o LocaleInfo.o
g++ -std=gnu++17 -I"/usr/local/lib/R/include" -DNDEBUG -Imio/include -DWIN32_LEAN_AND_MEAN -Ispdlog/include -DFMT_HEADER_ONLY -I'/usr/local/lib/R/site-library/cpp11/include' -I'/tmp/library/progress/include' -I'/tmp/library/tzdb/include' -I/usr/local/include    -fpic  -g -O2 -fstack-protector-strong -Wformat -Werror=format-security -Wdate-time -D_FORTIFY_SOURCE=2 -g   -c altrep.cc -o altrep.o
g++ -std=gnu++17 -I"/usr/local/lib/R/include" -DNDEBUG -Imio/include -DWIN32_LEAN_AND_MEAN -Ispdlog/include -DFMT_HEADER_ONLY -I'/usr/local/lib/R/site-library/cpp11/include' -I'/tmp/library/progress/include' -I'/tmp/library/tzdb/include' -I/usr/local/include    -fpic  -g -O2 -fstack-protector-strong -Wformat -Werror=format-security -Wdate-time -D_FORTIFY_SOURCE=2 -g   -c cpp11.cpp -o cpp11.o
g++ -std=gnu++17 -I"/usr/local/lib/R/include" -DNDEBUG -Imio/include -DWIN32_LEAN_AND_MEAN -Ispdlog/include -DFMT_HEADER_ONLY -I'/usr/local/lib/R/site-library/cpp11/include' -I'/tmp/library/progress/include' -I'/tmp/library/tzdb/include' -I/usr/local/include    -fpic  -g -O2 -fstack-protector-strong -Wformat -Werror=format-security -Wdate-time -D_FORTIFY_SOURCE=2 -g   -c delimited_index.cc -o delimited_index.o
g++ -std=gnu++17 -I"/usr/local/lib/R/include" -DNDEBUG -Imio/include -DWIN32_LEAN_AND_MEAN -Ispdlog/include -DFMT_HEADER_ONLY -I'/usr/local/lib/R/site-library/cpp11/include' -I'/tmp/library/progress/include' -I'/tmp/library/tzdb/include' -I/usr/local/include    -fpic  -g -O2 -fstack-protector-strong -Wformat -Werror=format-security -Wdate-time -D_FORTIFY_SOURCE=2 -g   -c delimited_index_connection.cc -o delimited_index_connection.o
g++ -std=gnu++17 -I"/usr/local/lib/R/include" -DNDEBUG -Imio/include -DWIN32_LEAN_AND_MEAN -Ispdlog/include -DFMT_HEADER_ONLY -I'/usr/local/lib/R/site-library/cpp11/include' -I'/tmp/library/progress/include' -I'/tmp/library/tzdb/include' -I/usr/local/include    -fpic  -g -O2 -fstack-protector-strong -Wformat -Werror=format-security -Wdate-time -D_FORTIFY_SOURCE=2 -g   -c fixed_width_index_connection.cc -o fixed_width_index_connection.o
g++ -std=gnu++17 -I"/usr/local/lib/R/include" -DNDEBUG -Imio/include -DWIN32_LEAN_AND_MEAN -Ispdlog/include -DFMT_HEADER_ONLY -I'/usr/local/lib/R/site-library/cpp11/include' -I'/tmp/library/progress/include' -I'/tmp/library/tzdb/include' -I/usr/local/include    -fpic  -g -O2 -fstack-protector-strong -Wformat -Werror=format-security -Wdate-time -D_FORTIFY_SOURCE=2 -g   -c gen.cc -o gen.o
gcc -std=gnu2x -I"/usr/local/lib/R/include" -DNDEBUG -Imio/include -DWIN32_LEAN_AND_MEAN -Ispdlog/include -DFMT_HEADER_ONLY -I'/usr/local/lib/R/site-library/cpp11/include' -I'/tmp/library/progress/include' -I'/tmp/library/tzdb/include' -I/usr/local/include    -fpic  -g -O2 -fstack-protector-strong -Wformat -Werror=format-security -Wdate-time -D_FORTIFY_SOURCE=2 -g  -c grisu3.c -o grisu3.o
g++ -std=gnu++17 -I"/usr/local/lib/R/include" -DNDEBUG -Imio/include -DWIN32_LEAN_AND_MEAN -Ispdlog/include -DFMT_HEADER_ONLY -I'/usr/local/lib/R/site-library/cpp11/include' -I'/tmp/library/progress/include' -I'/tmp/library/tzdb/include' -I/usr/local/include    -fpic  -g -O2 -fstack-protector-strong -Wformat -Werror=format-security -Wdate-time -D_FORTIFY_SOURCE=2 -g   -c guess_type.cc -o guess_type.o
g++ -std=gnu++17 -I"/usr/local/lib/R/include" -DNDEBUG -Imio/include -DWIN32_LEAN_AND_MEAN -Ispdlog/include -DFMT_HEADER_ONLY -I'/usr/local/lib/R/site-library/cpp11/include' -I'/tmp/library/progress/include' -I'/tmp/library/tzdb/include' -I/usr/local/include    -fpic  -g -O2 -fstack-protector-strong -Wformat -Werror=format-security -Wdate-time -D_FORTIFY_SOURCE=2 -g   -c iconv_file.cc -o iconv_file.o
g++ -std=gnu++17 -I"/usr/local/lib/R/include" -DNDEBUG -Imio/include -DWIN32_LEAN_AND_MEAN -Ispdlog/include -DFMT_HEADER_ONLY -I'/usr/local/lib/R/site-library/cpp11/include' -I'/tmp/library/progress/include' -I'/tmp/library/tzdb/include' -I/usr/local/include    -fpic  -g -O2 -fstack-protector-strong -Wformat -Werror=format-security -Wdate-time -D_FORTIFY_SOURCE=2 -g   -c index_collection.cc -o index_collection.o
g++ -std=gnu++17 -I"/usr/local/lib/R/include" -DNDEBUG -Imio/include -DWIN32_LEAN_AND_MEAN -Ispdlog/include -DFMT_HEADER_ONLY -I'/usr/local/lib/R/site-library/cpp11/include' -I'/tmp/library/progress/include' -I'/tmp/library/tzdb/include' -I/usr/local/include    -fpic  -g -O2 -fstack-protector-strong -Wformat -Werror=format-security -Wdate-time -D_FORTIFY_SOURCE=2 -g   -c vroom.cc -o vroom.o
g++ -std=gnu++17 -I"/usr/local/lib/R/include" -DNDEBUG -Imio/include -DWIN32_LEAN_AND_MEAN -Ispdlog/include -DFMT_HEADER_ONLY -I'/usr/local/lib/R/site-library/cpp11/include' -I'/tmp/library/progress/include' -I'/tmp/library/tzdb/include' -I/usr/local/include    -fpic  -g -O2 -fstack-protector-strong -Wformat -Werror=format-security -Wdate-time -D_FORTIFY_SOURCE=2 -g   -c vroom_big_int.cc -o vroom_big_int.o
g++ -std=gnu++17 -I"/usr/local/lib/R/include" -DNDEBUG -Imio/include -DWIN32_LEAN_AND_MEAN -Ispdlog/include -DFMT_HEADER_ONLY -I'/usr/local/lib/R/site-library/cpp11/include' -I'/tmp/library/progress/include' -I'/tmp/library/tzdb/include' -I/usr/local/include    -fpic  -g -O2 -fstack-protector-strong -Wformat -Werror=format-security -Wdate-time -D_FORTIFY_SOURCE=2 -g   -c vroom_chr.cc -o vroom_chr.o
g++ -std=gnu++17 -I"/usr/local/lib/R/include" -DNDEBUG -Imio/include -DWIN32_LEAN_AND_MEAN -Ispdlog/include -DFMT_HEADER_ONLY -I'/usr/local/lib/R/site-library/cpp11/include' -I'/tmp/library/progress/include' -I'/tmp/library/tzdb/include' -I/usr/local/include    -fpic  -g -O2 -fstack-protector-strong -Wformat -Werror=format-security -Wdate-time -D_FORTIFY_SOURCE=2 -g   -c vroom_date.cc -o vroom_date.o
g++ -std=gnu++17 -I"/usr/local/lib/R/include" -DNDEBUG -Imio/include -DWIN32_LEAN_AND_MEAN -Ispdlog/include -DFMT_HEADER_ONLY -I'/usr/local/lib/R/site-library/cpp11/include' -I'/tmp/library/progress/include' -I'/tmp/library/tzdb/include' -I/usr/local/include    -fpic  -g -O2 -fstack-protector-strong -Wformat -Werror=format-security -Wdate-time -D_FORTIFY_SOURCE=2 -g   -c vroom_dbl.cc -o vroom_dbl.o
g++ -std=gnu++17 -I"/usr/local/lib/R/include" -DNDEBUG -Imio/include -DWIN32_LEAN_AND_MEAN -Ispdlog/include -DFMT_HEADER_ONLY -I'/usr/local/lib/R/site-library/cpp11/include' -I'/tmp/library/progress/include' -I'/tmp/library/tzdb/include' -I/usr/local/include    -fpic  -g -O2 -fstack-protector-strong -Wformat -Werror=format-security -Wdate-time -D_FORTIFY_SOURCE=2 -g   -c vroom_dttm.cc -o vroom_dttm.o
g++ -std=gnu++17 -I"/usr/local/lib/R/include" -DNDEBUG -Imio/include -DWIN32_LEAN_AND_MEAN -Ispdlog/include -DFMT_HEADER_ONLY -I'/usr/local/lib/R/site-library/cpp11/include' -I'/tmp/library/progress/include' -I'/tmp/library/tzdb/include' -I/usr/local/include    -fpic  -g -O2 -fstack-protector-strong -Wformat -Werror=format-security -Wdate-time -D_FORTIFY_SOURCE=2 -g   -c vroom_errors.cpp -o vroom_errors.o
g++ -std=gnu++17 -I"/usr/local/lib/R/include" -DNDEBUG -Imio/include -DWIN32_LEAN_AND_MEAN -Ispdlog/include -DFMT_HEADER_ONLY -I'/usr/local/lib/R/site-library/cpp11/include' -I'/tmp/library/progress/include' -I'/tmp/library/tzdb/include' -I/usr/local/include    -fpic  -g -O2 -fstack-protector-strong -Wformat -Werror=format-security -Wdate-time -D_FORTIFY_SOURCE=2 -g   -c vroom_fct.cc -o vroom_fct.o
g++ -std=gnu++17 -I"/usr/local/lib/R/include" -DNDEBUG -Imio/include -DWIN32_LEAN_AND_MEAN -Ispdlog/include -DFMT_HEADER_ONLY -I'/usr/local/lib/R/site-library/cpp11/include' -I'/tmp/library/progress/include' -I'/tmp/library/tzdb/include' -I/usr/local/include    -fpic  -g -O2 -fstack-protector-strong -Wformat -Werror=format-security -Wdate-time -D_FORTIFY_SOURCE=2 -g   -c vroom_fwf.cc -o vroom_fwf.o
g++ -std=gnu++17 -I"/usr/local/lib/R/include" -DNDEBUG -Imio/include -DWIN32_LEAN_AND_MEAN -Ispdlog/include -DFMT_HEADER_ONLY -I'/usr/local/lib/R/site-library/cpp11/include' -I'/tmp/library/progress/include' -I'/tmp/library/tzdb/include' -I/usr/local/include    -fpic  -g -O2 -fstack-protector-strong -Wformat -Werror=format-security -Wdate-time -D_FORTIFY_SOURCE=2 -g   -c vroom_int.cc -o vroom_int.o
g++ -std=gnu++17 -I"/usr/local/lib/R/include" -DNDEBUG -Imio/include -DWIN32_LEAN_AND_MEAN -Ispdlog/include -DFMT_HEADER_ONLY -I'/usr/local/lib/R/site-library/cpp11/include' -I'/tmp/library/progress/include' -I'/tmp/library/tzdb/include' -I/usr/local/include    -fpic  -g -O2 -fstack-protector-strong -Wformat -Werror=format-security -Wdate-time -D_FORTIFY_SOURCE=2 -g   -c vroom_num.cc -o vroom_num.o
g++ -std=gnu++17 -I"/usr/local/lib/R/include" -DNDEBUG -Imio/include -DWIN32_LEAN_AND_MEAN -Ispdlog/include -DFMT_HEADER_ONLY -I'/usr/local/lib/R/site-library/cpp11/include' -I'/tmp/library/progress/include' -I'/tmp/library/tzdb/include' -I/usr/local/include    -fpic  -g -O2 -fstack-protector-strong -Wformat -Werror=format-security -Wdate-time -D_FORTIFY_SOURCE=2 -g   -c vroom_rle.cc -o vroom_rle.o
g++ -std=gnu++17 -I"/usr/local/lib/R/include" -DNDEBUG -Imio/include -DWIN32_LEAN_AND_MEAN -Ispdlog/include -DFMT_HEADER_ONLY -I'/usr/local/lib/R/site-library/cpp11/include' -I'/tmp/library/progress/include' -I'/tmp/library/tzdb/include' -I/usr/local/include    -fpic  -g -O2 -fstack-protector-strong -Wformat -Werror=format-security -Wdate-time -D_FORTIFY_SOURCE=2 -g   -c vroom_time.cc -o vroom_time.o
g++ -std=gnu++17 -I"/usr/local/lib/R/include" -DNDEBUG -Imio/include -DWIN32_LEAN_AND_MEAN -Ispdlog/include -DFMT_HEADER_ONLY -I'/usr/local/lib/R/site-library/cpp11/include' -I'/tmp/library/progress/include' -I'/tmp/library/tzdb/include' -I/usr/local/include    -fpic  -g -O2 -fstack-protector-strong -Wformat -Werror=format-security -Wdate-time -D_FORTIFY_SOURCE=2 -g   -c vroom_write.cc -o vroom_write.o
g++ -std=gnu++17 -shared -L/usr/local/lib/R/lib -L/usr/local/lib -o vroom.so Iconv.o LocaleInfo.o altrep.o cpp11.o delimited_index.o delimited_index_connection.o fixed_width_index_connection.o gen.o grisu3.o guess_type.o iconv_file.o index_collection.o vroom.o vroom_big_int.o vroom_chr.o vroom_date.o vroom_dbl.o vroom_dttm.o vroom_errors.o vroom_fct.o vroom_fwf.o vroom_int.o vroom_num.o vroom_rle.o vroom_time.o vroom_write.o -L/usr/local/lib/R/lib -lR
installing to /tmp/library/00LOCK-vroom/00new/vroom/libs
** R
** inst
** byte-compile and prepare package for lazy loading
** help
*** installing help indices
*** copying figures
** building package indices
** installing vignettes
** testing if installed package can be loaded from temporary location
** checking absolute paths in shared objects and dynamic libraries
** testing if installed package can be loaded from final location
** testing if installed package keeps a record of temporary installation path
* creating tarball
packaged installation of ‘vroom’ as ‘vroom_1.6.6_R_x86_64-pc-linux-gnu.tar.gz’
* DONE (vroom)
* installing *source* package ‘AnVILBase’ ...
** this is package ‘AnVILBase’ version ‘1.5.0’
** using staged installation
** R
** inst
** byte-compile and prepare package for lazy loading
** help
*** installing help indices
** building package indices
** installing vignettes
** testing if installed package can be loaded from temporary location
** testing if installed package can be loaded from final location
** testing if installed package keeps a record of temporary installation path
* creating tarball
packaged installation of ‘AnVILBase’ as ‘AnVILBase_1.5.0_R_x86_64-pc-linux-gnu.tar.gz’
* DONE (AnVILBase)
* installing *source* package ‘readr’ ...
** this is package ‘readr’ version ‘2.1.5’
** package ‘readr’ successfully unpacked and MD5 sums checked
** using staged installation
** libs
using C compiler: ‘gcc (Ubuntu 13.3.0-6ubuntu2~24.04) 13.3.0’
using C++ compiler: ‘g++ (Ubuntu 13.3.0-6ubuntu2~24.04) 13.3.0’
g++ -std=gnu++17 -I"/usr/local/lib/R/include" -DNDEBUG  -I'/usr/local/lib/R/site-library/cpp11/include' -I'/tmp/library/tzdb/include' -I/usr/local/include    -fpic  -g -O2 -fstack-protector-strong -Wformat -Werror=format-security -Wdate-time -D_FORTIFY_SOURCE=2 -g   -c Collector.cpp -o Collector.o
g++ -std=gnu++17 -I"/usr/local/lib/R/include" -DNDEBUG  -I'/usr/local/lib/R/site-library/cpp11/include' -I'/tmp/library/tzdb/include' -I/usr/local/include    -fpic  -g -O2 -fstack-protector-strong -Wformat -Werror=format-security -Wdate-time -D_FORTIFY_SOURCE=2 -g   -c CollectorGuess.cpp -o CollectorGuess.o
g++ -std=gnu++17 -I"/usr/local/lib/R/include" -DNDEBUG  -I'/usr/local/lib/R/site-library/cpp11/include' -I'/tmp/library/tzdb/include' -I/usr/local/include    -fpic  -g -O2 -fstack-protector-strong -Wformat -Werror=format-security -Wdate-time -D_FORTIFY_SOURCE=2 -g   -c Iconv.cpp -o Iconv.o
g++ -std=gnu++17 -I"/usr/local/lib/R/include" -DNDEBUG  -I'/usr/local/lib/R/site-library/cpp11/include' -I'/tmp/library/tzdb/include' -I/usr/local/include    -fpic  -g -O2 -fstack-protector-strong -Wformat -Werror=format-security -Wdate-time -D_FORTIFY_SOURCE=2 -g   -c LocaleInfo.cpp -o LocaleInfo.o
g++ -std=gnu++17 -I"/usr/local/lib/R/include" -DNDEBUG  -I'/usr/local/lib/R/site-library/cpp11/include' -I'/tmp/library/tzdb/include' -I/usr/local/include    -fpic  -g -O2 -fstack-protector-strong -Wformat -Werror=format-security -Wdate-time -D_FORTIFY_SOURCE=2 -g   -c Reader.cpp -o Reader.o
g++ -std=gnu++17 -I"/usr/local/lib/R/include" -DNDEBUG  -I'/usr/local/lib/R/site-library/cpp11/include' -I'/tmp/library/tzdb/include' -I/usr/local/include    -fpic  -g -O2 -fstack-protector-strong -Wformat -Werror=format-security -Wdate-time -D_FORTIFY_SOURCE=2 -g   -c Source.cpp -o Source.o
g++ -std=gnu++17 -I"/usr/local/lib/R/include" -DNDEBUG  -I'/usr/local/lib/R/site-library/cpp11/include' -I'/tmp/library/tzdb/include' -I/usr/local/include    -fpic  -g -O2 -fstack-protector-strong -Wformat -Werror=format-security -Wdate-time -D_FORTIFY_SOURCE=2 -g   -c Tokenizer.cpp -o Tokenizer.o
g++ -std=gnu++17 -I"/usr/local/lib/R/include" -DNDEBUG  -I'/usr/local/lib/R/site-library/cpp11/include' -I'/tmp/library/tzdb/include' -I/usr/local/include    -fpic  -g -O2 -fstack-protector-strong -Wformat -Werror=format-security -Wdate-time -D_FORTIFY_SOURCE=2 -g   -c TokenizerDelim.cpp -o TokenizerDelim.o
g++ -std=gnu++17 -I"/usr/local/lib/R/include" -DNDEBUG  -I'/usr/local/lib/R/site-library/cpp11/include' -I'/tmp/library/tzdb/include' -I/usr/local/include    -fpic  -g -O2 -fstack-protector-strong -Wformat -Werror=format-security -Wdate-time -D_FORTIFY_SOURCE=2 -g   -c TokenizerFwf.cpp -o TokenizerFwf.o
g++ -std=gnu++17 -I"/usr/local/lib/R/include" -DNDEBUG  -I'/usr/local/lib/R/site-library/cpp11/include' -I'/tmp/library/tzdb/include' -I/usr/local/include    -fpic  -g -O2 -fstack-protector-strong -Wformat -Werror=format-security -Wdate-time -D_FORTIFY_SOURCE=2 -g   -c TokenizerWs.cpp -o TokenizerWs.o
g++ -std=gnu++17 -I"/usr/local/lib/R/include" -DNDEBUG  -I'/usr/local/lib/R/site-library/cpp11/include' -I'/tmp/library/tzdb/include' -I/usr/local/include    -fpic  -g -O2 -fstack-protector-strong -Wformat -Werror=format-security -Wdate-time -D_FORTIFY_SOURCE=2 -g   -c connection.cpp -o connection.o
g++ -std=gnu++17 -I"/usr/local/lib/R/include" -DNDEBUG  -I'/usr/local/lib/R/site-library/cpp11/include' -I'/tmp/library/tzdb/include' -I/usr/local/include    -fpic  -g -O2 -fstack-protector-strong -Wformat -Werror=format-security -Wdate-time -D_FORTIFY_SOURCE=2 -g   -c cpp11.cpp -o cpp11.o
g++ -std=gnu++17 -I"/usr/local/lib/R/include" -DNDEBUG  -I'/usr/local/lib/R/site-library/cpp11/include' -I'/tmp/library/tzdb/include' -I/usr/local/include    -fpic  -g -O2 -fstack-protector-strong -Wformat -Werror=format-security -Wdate-time -D_FORTIFY_SOURCE=2 -g   -c datetime.cpp -o datetime.o
gcc -std=gnu2x -I"/usr/local/lib/R/include" -DNDEBUG  -I'/usr/local/lib/R/site-library/cpp11/include' -I'/tmp/library/tzdb/include' -I/usr/local/include    -fpic  -g -O2 -fstack-protector-strong -Wformat -Werror=format-security -Wdate-time -D_FORTIFY_SOURCE=2 -g  -c grisu3.c -o grisu3.o
gcc -std=gnu2x -I"/usr/local/lib/R/include" -DNDEBUG  -I'/usr/local/lib/R/site-library/cpp11/include' -I'/tmp/library/tzdb/include' -I/usr/local/include    -fpic  -g -O2 -fstack-protector-strong -Wformat -Werror=format-security -Wdate-time -D_FORTIFY_SOURCE=2 -g  -c init.c -o init.o
g++ -std=gnu++17 -I"/usr/local/lib/R/include" -DNDEBUG  -I'/usr/local/lib/R/site-library/cpp11/include' -I'/tmp/library/tzdb/include' -I/usr/local/include    -fpic  -g -O2 -fstack-protector-strong -Wformat -Werror=format-security -Wdate-time -D_FORTIFY_SOURCE=2 -g   -c parse.cpp -o parse.o
g++ -std=gnu++17 -I"/usr/local/lib/R/include" -DNDEBUG  -I'/usr/local/lib/R/site-library/cpp11/include' -I'/tmp/library/tzdb/include' -I/usr/local/include    -fpic  -g -O2 -fstack-protector-strong -Wformat -Werror=format-security -Wdate-time -D_FORTIFY_SOURCE=2 -g   -c read.cpp -o read.o
g++ -std=gnu++17 -I"/usr/local/lib/R/include" -DNDEBUG  -I'/usr/local/lib/R/site-library/cpp11/include' -I'/tmp/library/tzdb/include' -I/usr/local/include    -fpic  -g -O2 -fstack-protector-strong -Wformat -Werror=format-security -Wdate-time -D_FORTIFY_SOURCE=2 -g   -c type_convert.cpp -o type_convert.o
g++ -std=gnu++17 -I"/usr/local/lib/R/include" -DNDEBUG  -I'/usr/local/lib/R/site-library/cpp11/include' -I'/tmp/library/tzdb/include' -I/usr/local/include    -fpic  -g -O2 -fstack-protector-strong -Wformat -Werror=format-security -Wdate-time -D_FORTIFY_SOURCE=2 -g   -c write.cpp -o write.o
g++ -std=gnu++17 -I"/usr/local/lib/R/include" -DNDEBUG  -I'/usr/local/lib/R/site-library/cpp11/include' -I'/tmp/library/tzdb/include' -I/usr/local/include    -fpic  -g -O2 -fstack-protector-strong -Wformat -Werror=format-security -Wdate-time -D_FORTIFY_SOURCE=2 -g   -c write_delim.cpp -o write_delim.o
g++ -std=gnu++17 -shared -L/usr/local/lib/R/lib -L/usr/local/lib -o readr.so Collector.o CollectorGuess.o Iconv.o LocaleInfo.o Reader.o Source.o Tokenizer.o TokenizerDelim.o TokenizerFwf.o TokenizerWs.o connection.o cpp11.o datetime.o grisu3.o init.o parse.o read.o type_convert.o write.o write_delim.o -L/usr/local/lib/R/lib -lR
installing to /tmp/library/00LOCK-readr/00new/readr/libs
** R
** inst
** byte-compile and prepare package for lazy loading
** help
*** installing help indices
*** copying figures
** building package indices
** installing vignettes
** testing if installed package can be loaded from temporary location
** checking absolute paths in shared objects and dynamic libraries
** testing if installed package can be loaded from final location
** testing if installed package keeps a record of temporary installation path
* creating tarball
packaged installation of ‘readr’ as ‘readr_2.1.5_R_x86_64-pc-linux-gnu.tar.gz’
* DONE (readr)
* installing *source* package ‘AnVILAz’ ...
** this is package ‘AnVILAz’ version ‘1.5.0’
** using staged installation
** R
** inst
** byte-compile and prepare package for lazy loading
** help
*** installing help indices
** building package indices
** installing vignettes
** testing if installed package can be loaded from temporary location
** testing if installed package can be loaded from final location
** testing if installed package keeps a record of temporary installation path
* creating tarball
packaged installation of ‘AnVILAz’ as ‘AnVILAz_1.5.0_R_x86_64-pc-linux-gnu.tar.gz’
* DONE (AnVILAz)

The downloaded source packages are in
	‘/tmp/RtmpaMfGCQ/downloaded_packages’
Old packages: 'promises'

real	5m50.160s
user	5m20.553s
sys	0m38.018s
