+ Rscript -e 'Sys.setenv(BIOCONDUCTOR_USE_CONTAINER_REPOSITORY=FALSE);
  p <- .libPaths();
  p <- c('\'''\'', '\'''\'', p);
  .libPaths(p);
  if(BiocManager::install('\''gpuMagic'\'', INSTALL_opts = '\''--build'\'', update = TRUE, quiet = FALSE, dependencies=TRUE, force = TRUE, keep_outputs = TRUE) %in% rownames(installed.packages())) q(status = 0) else q(status = 1)'
'getOption("repos")' replaces Bioconductor standard repositories, see
'help("repositories", package = "BiocManager")' for details.
Replacement repositories:
    CRAN: https://p3m.dev/cran/__linux__/noble/latest
Bioconductor version 3.21 (BiocManager 1.30.26), R 4.5.1 (2025-06-13)
Installing package(s) 'gpuMagic'
also installing the dependencies ‘bit’, ‘proxy’, ‘rematch’, ‘bit64’, ‘rootSolve’, ‘e1071’, ‘lmom’, ‘cellranger’, ‘progress’, ‘hms’, ‘vroom’, ‘tzdb’, ‘forcats’, ‘tidyselect’, ‘mvtnorm’, ‘expm’, ‘Exact’, ‘gld’, ‘data.table’, ‘readxl’, ‘readr’, ‘haven’, ‘httr’, ‘lobstr’, ‘generics’, ‘bookdown’, ‘Deriv’, ‘DescTools’, ‘pryr’, ‘BiocGenerics’, ‘BiocStyle’

trying URL 'https://p3m.dev/cran/__linux__/noble/latest/src/contrib/bit_4.6.0.tar.gz'
trying URL 'https://p3m.dev/cran/__linux__/noble/latest/src/contrib/proxy_0.4-27.tar.gz'
trying URL 'https://p3m.dev/cran/__linux__/noble/latest/src/contrib/rematch_2.0.0.tar.gz'
trying URL 'https://p3m.dev/cran/__linux__/noble/latest/src/contrib/bit64_4.6.0-1.tar.gz'
trying URL 'https://p3m.dev/cran/__linux__/noble/latest/src/contrib/rootSolve_1.8.2.4.tar.gz'
trying URL 'https://p3m.dev/cran/__linux__/noble/latest/src/contrib/e1071_1.7-16.tar.gz'
trying URL 'https://p3m.dev/cran/__linux__/noble/latest/src/contrib/lmom_3.2.tar.gz'
trying URL 'https://p3m.dev/cran/__linux__/noble/latest/src/contrib/cellranger_1.1.0.tar.gz'
trying URL 'https://p3m.dev/cran/__linux__/noble/latest/src/contrib/progress_1.2.3.tar.gz'
trying URL 'https://p3m.dev/cran/__linux__/noble/latest/src/contrib/hms_1.1.4.tar.gz'
trying URL 'https://p3m.dev/cran/__linux__/noble/latest/src/contrib/vroom_1.6.6.tar.gz'
trying URL 'https://p3m.dev/cran/__linux__/noble/latest/src/contrib/tzdb_0.5.0.tar.gz'
trying URL 'https://p3m.dev/cran/__linux__/noble/latest/src/contrib/forcats_1.0.1.tar.gz'
trying URL 'https://p3m.dev/cran/__linux__/noble/latest/src/contrib/tidyselect_1.2.1.tar.gz'
trying URL 'https://p3m.dev/cran/__linux__/noble/latest/src/contrib/mvtnorm_1.3-3.tar.gz'
trying URL 'https://p3m.dev/cran/__linux__/noble/latest/src/contrib/expm_1.0-0.tar.gz'
trying URL 'https://p3m.dev/cran/__linux__/noble/latest/src/contrib/Exact_3.3.tar.gz'
trying URL 'https://p3m.dev/cran/__linux__/noble/latest/src/contrib/gld_2.6.8.tar.gz'
trying URL 'https://p3m.dev/cran/__linux__/noble/latest/src/contrib/data.table_1.17.8.tar.gz'
trying URL 'https://p3m.dev/cran/__linux__/noble/latest/src/contrib/readxl_1.4.5.tar.gz'
trying URL 'https://p3m.dev/cran/__linux__/noble/latest/src/contrib/readr_2.1.5.tar.gz'
trying URL 'https://p3m.dev/cran/__linux__/noble/latest/src/contrib/haven_2.5.5.tar.gz'
trying URL 'https://p3m.dev/cran/__linux__/noble/latest/src/contrib/httr_1.4.7.tar.gz'
trying URL 'https://p3m.dev/cran/__linux__/noble/latest/src/contrib/lobstr_1.1.2.tar.gz'
trying URL 'https://p3m.dev/cran/__linux__/noble/latest/src/contrib/generics_0.1.4.tar.gz'
trying URL 'https://p3m.dev/cran/__linux__/noble/latest/src/contrib/bookdown_0.45.tar.gz'
trying URL 'https://p3m.dev/cran/__linux__/noble/latest/src/contrib/Deriv_4.2.0.tar.gz'
trying URL 'https://p3m.dev/cran/__linux__/noble/latest/src/contrib/DescTools_0.99.60.tar.gz'
trying URL 'https://p3m.dev/cran/__linux__/noble/latest/src/contrib/pryr_0.1.6.tar.gz'
trying URL 'https://bioconductor.org/packages/3.21/bioc/src/contrib/BiocGenerics_0.54.1.tar.gz'
trying URL 'https://bioconductor.org/packages/3.21/bioc/src/contrib/BiocStyle_2.36.0.tar.gz'
trying URL 'https://bioconductor.org/packages/3.21/bioc/src/contrib/gpuMagic_1.23.0.tar.gz'
* installing *binary* package ‘bit’ ...
* ‘bit’ was already a binary package and will not be rebuilt
* creating tarball
packaged installation of ‘bit’ as ‘bit_4.6.0_R_x86_64-pc-linux-gnu.tar.gz’
* DONE (bit)
* installing *binary* package ‘proxy’ ...
* ‘proxy’ was already a binary package and will not be rebuilt
* creating tarball
packaged installation of ‘proxy’ as ‘proxy_0.4-27_R_x86_64-pc-linux-gnu.tar.gz’
* DONE (proxy)
* installing *binary* package ‘rematch’ ...
* ‘rematch’ was already a binary package and will not be rebuilt
* creating tarball
packaged installation of ‘rematch’ as ‘rematch_2.0.0_R_x86_64-pc-linux-gnu.tar.gz’
* DONE (rematch)
* installing *binary* package ‘rootSolve’ ...
* ‘rootSolve’ was already a binary package and will not be rebuilt
* creating tarball
packaged installation of ‘rootSolve’ as ‘rootSolve_1.8.2.4_R_x86_64-pc-linux-gnu.tar.gz’
* DONE (rootSolve)
* installing *binary* package ‘lmom’ ...
* ‘lmom’ was already a binary package and will not be rebuilt
* creating tarball
packaged installation of ‘lmom’ as ‘lmom_3.2_R_x86_64-pc-linux-gnu.tar.gz’
* DONE (lmom)
* installing *binary* package ‘hms’ ...
* ‘hms’ was already a binary package and will not be rebuilt
* creating tarball
packaged installation of ‘hms’ as ‘hms_1.1.4_R_x86_64-pc-linux-gnu.tar.gz’
* DONE (hms)
* installing *binary* package ‘tzdb’ ...
* ‘tzdb’ was already a binary package and will not be rebuilt
* creating tarball
packaged installation of ‘tzdb’ as ‘tzdb_0.5.0_R_x86_64-pc-linux-gnu.tar.gz’
* DONE (tzdb)
* installing *binary* package ‘forcats’ ...
* ‘forcats’ was already a binary package and will not be rebuilt
* creating tarball
packaged installation of ‘forcats’ as ‘forcats_1.0.1_R_x86_64-pc-linux-gnu.tar.gz’
* DONE (forcats)
* installing *binary* package ‘tidyselect’ ...
* ‘tidyselect’ was already a binary package and will not be rebuilt
* creating tarball
packaged installation of ‘tidyselect’ as ‘tidyselect_1.2.1_R_x86_64-pc-linux-gnu.tar.gz’
* DONE (tidyselect)
* installing *binary* package ‘mvtnorm’ ...
* ‘mvtnorm’ was already a binary package and will not be rebuilt
* creating tarball
packaged installation of ‘mvtnorm’ as ‘mvtnorm_1.3-3_R_x86_64-pc-linux-gnu.tar.gz’
* DONE (mvtnorm)
* installing *binary* package ‘expm’ ...
* ‘expm’ was already a binary package and will not be rebuilt
* creating tarball
packaged installation of ‘expm’ as ‘expm_1.0-0_R_x86_64-pc-linux-gnu.tar.gz’
* DONE (expm)
* installing *binary* package ‘data.table’ ...
* ‘data.table’ was already a binary package and will not be rebuilt
* creating tarball
packaged installation of ‘data.table’ as ‘data.table_1.17.8_R_x86_64-pc-linux-gnu.tar.gz’
* DONE (data.table)
* installing *binary* package ‘httr’ ...
* ‘httr’ was already a binary package and will not be rebuilt
* creating tarball
packaged installation of ‘httr’ as ‘httr_1.4.7_R_x86_64-pc-linux-gnu.tar.gz’
* DONE (httr)
* installing *binary* package ‘lobstr’ ...
* ‘lobstr’ was already a binary package and will not be rebuilt
* creating tarball
packaged installation of ‘lobstr’ as ‘lobstr_1.1.2_R_x86_64-pc-linux-gnu.tar.gz’
* DONE (lobstr)
* installing *binary* package ‘generics’ ...
* ‘generics’ was already a binary package and will not be rebuilt
* creating tarball
packaged installation of ‘generics’ as ‘generics_0.1.4_R_x86_64-pc-linux-gnu.tar.gz’
* DONE (generics)
* installing *binary* package ‘bookdown’ ...
* ‘bookdown’ was already a binary package and will not be rebuilt
* creating tarball
packaged installation of ‘bookdown’ as ‘bookdown_0.45_R_x86_64-pc-linux-gnu.tar.gz’
* DONE (bookdown)
* installing *binary* package ‘Deriv’ ...
* ‘Deriv’ was already a binary package and will not be rebuilt
* creating tarball
packaged installation of ‘Deriv’ as ‘Deriv_4.2.0_R_x86_64-pc-linux-gnu.tar.gz’
* DONE (Deriv)
* installing *binary* package ‘bit64’ ...
* ‘bit64’ was already a binary package and will not be rebuilt
* creating tarball
packaged installation of ‘bit64’ as ‘bit64_4.6.0-1_R_x86_64-pc-linux-gnu.tar.gz’
* DONE (bit64)
* installing *binary* package ‘e1071’ ...
* ‘e1071’ was already a binary package and will not be rebuilt
* creating tarball
packaged installation of ‘e1071’ as ‘e1071_1.7-16_R_x86_64-pc-linux-gnu.tar.gz’
* DONE (e1071)
* installing *binary* package ‘cellranger’ ...
* ‘cellranger’ was already a binary package and will not be rebuilt
* creating tarball
packaged installation of ‘cellranger’ as ‘cellranger_1.1.0_R_x86_64-pc-linux-gnu.tar.gz’
* DONE (cellranger)
* installing *binary* package ‘progress’ ...
* ‘progress’ was already a binary package and will not be rebuilt
* creating tarball
packaged installation of ‘progress’ as ‘progress_1.2.3_R_x86_64-pc-linux-gnu.tar.gz’
* DONE (progress)
* installing *binary* package ‘Exact’ ...
* ‘Exact’ was already a binary package and will not be rebuilt
* creating tarball
packaged installation of ‘Exact’ as ‘Exact_3.3_R_x86_64-pc-linux-gnu.tar.gz’
* DONE (Exact)
* installing *binary* package ‘pryr’ ...
* ‘pryr’ was already a binary package and will not be rebuilt
* creating tarball
packaged installation of ‘pryr’ as ‘pryr_0.1.6_R_x86_64-pc-linux-gnu.tar.gz’
* DONE (pryr)
* installing *source* package ‘BiocGenerics’ ...
** this is package ‘BiocGenerics’ version ‘0.54.1’
** using staged installation
** R
** inst
** byte-compile and prepare package for lazy loading
Creating a new generic function for ‘aperm’ in package ‘BiocGenerics’
Creating a new generic function for ‘append’ in package ‘BiocGenerics’
Creating a new generic function for ‘as.data.frame’ in package ‘BiocGenerics’
Creating a new generic function for ‘cbind’ in package ‘BiocGenerics’
Creating a new generic function for ‘rbind’ in package ‘BiocGenerics’
Creating a new generic function for ‘do.call’ in package ‘BiocGenerics’
Creating a new generic function for ‘duplicated’ in package ‘BiocGenerics’
Creating a new generic function for ‘anyDuplicated’ in package ‘BiocGenerics’
Creating a new generic function for ‘eval’ in package ‘BiocGenerics’
Creating a new generic function for ‘pmax’ in package ‘BiocGenerics’
Creating a new generic function for ‘pmin’ in package ‘BiocGenerics’
Creating a new generic function for ‘pmax.int’ in package ‘BiocGenerics’
Creating a new generic function for ‘pmin.int’ in package ‘BiocGenerics’
Creating a new generic function for ‘Reduce’ in package ‘BiocGenerics’
Creating a new generic function for ‘Filter’ in package ‘BiocGenerics’
Creating a new generic function for ‘Find’ in package ‘BiocGenerics’
Creating a new generic function for ‘Map’ in package ‘BiocGenerics’
Creating a new generic function for ‘Position’ in package ‘BiocGenerics’
Creating a new generic function for ‘get’ in package ‘BiocGenerics’
Creating a new generic function for ‘mget’ in package ‘BiocGenerics’
Creating a new generic function for ‘grep’ in package ‘BiocGenerics’
Creating a new generic function for ‘grepl’ in package ‘BiocGenerics’
Creating a new generic function for ‘is.unsorted’ in package ‘BiocGenerics’
Creating a new generic function for ‘lapply’ in package ‘BiocGenerics’
Creating a new generic function for ‘sapply’ in package ‘BiocGenerics’
Creating a new generic function for ‘mapply’ in package ‘BiocGenerics’
Creating a new generic function for ‘match’ in package ‘BiocGenerics’
Creating a new generic function for ‘order’ in package ‘BiocGenerics’
Creating a new generic function for ‘paste’ in package ‘BiocGenerics’
Creating a new generic function for ‘rank’ in package ‘BiocGenerics’
Creating a new generic function for ‘rownames’ in package ‘BiocGenerics’
Creating a new generic function for ‘colnames’ in package ‘BiocGenerics’
Creating a new generic function for ‘saveRDS’ in package ‘BiocGenerics’
Creating a new generic function for ‘table’ in package ‘BiocGenerics’
Creating a new generic function for ‘tapply’ in package ‘BiocGenerics’
Creating a new generic function for ‘unique’ in package ‘BiocGenerics’
Creating a new generic function for ‘unsplit’ in package ‘BiocGenerics’
Creating a new generic function for ‘which.min’ in package ‘BiocGenerics’
Creating a new generic function for ‘which.max’ in package ‘BiocGenerics’
Creating a new generic function for ‘IQR’ in package ‘BiocGenerics’
Creating a new generic function for ‘mad’ in package ‘BiocGenerics’
Creating a new generic function for ‘var’ in package ‘BiocGenerics’
Creating a new generic function for ‘sd’ in package ‘BiocGenerics’
Creating a new generic function for ‘xtabs’ in package ‘BiocGenerics’
Creating a new generic function for ‘basename’ in package ‘BiocGenerics’
Creating a new generic function for ‘dirname’ in package ‘BiocGenerics’
** help
*** installing help indices
** building package indices
** testing if installed package can be loaded from temporary location
** testing if installed package can be loaded from final location
** testing if installed package keeps a record of temporary installation path
* creating tarball
packaged installation of ‘BiocGenerics’ as ‘BiocGenerics_0.54.1_R_x86_64-pc-linux-gnu.tar.gz’
* DONE (BiocGenerics)
* installing *source* package ‘BiocStyle’ ...
** this is package ‘BiocStyle’ version ‘2.36.0’
** using staged installation
** R
** inst
** byte-compile and prepare package for lazy loading
** help
*** installing help indices
** building package indices
** installing vignettes
** testing if installed package can be loaded from temporary location
** testing if installed package can be loaded from final location
** testing if installed package keeps a record of temporary installation path
* creating tarball
packaged installation of ‘BiocStyle’ as ‘BiocStyle_2.36.0_R_x86_64-pc-linux-gnu.tar.gz’
* DONE (BiocStyle)
* installing *binary* package ‘vroom’ ...
* ‘vroom’ was already a binary package and will not be rebuilt
* creating tarball
packaged installation of ‘vroom’ as ‘vroom_1.6.6_R_x86_64-pc-linux-gnu.tar.gz’
* DONE (vroom)
* installing *binary* package ‘gld’ ...
* ‘gld’ was already a binary package and will not be rebuilt
* creating tarball
packaged installation of ‘gld’ as ‘gld_2.6.8_R_x86_64-pc-linux-gnu.tar.gz’
* DONE (gld)
* installing *binary* package ‘readxl’ ...
* ‘readxl’ was already a binary package and will not be rebuilt
* creating tarball
packaged installation of ‘readxl’ as ‘readxl_1.4.5_R_x86_64-pc-linux-gnu.tar.gz’
* DONE (readxl)
* installing *binary* package ‘readr’ ...
* ‘readr’ was already a binary package and will not be rebuilt
* creating tarball
packaged installation of ‘readr’ as ‘readr_2.1.5_R_x86_64-pc-linux-gnu.tar.gz’
* DONE (readr)
* installing *binary* package ‘haven’ ...
* ‘haven’ was already a binary package and will not be rebuilt
* creating tarball
packaged installation of ‘haven’ as ‘haven_2.5.5_R_x86_64-pc-linux-gnu.tar.gz’
* DONE (haven)
* installing *binary* package ‘DescTools’ ...
* ‘DescTools’ was already a binary package and will not be rebuilt
* creating tarball
packaged installation of ‘DescTools’ as ‘DescTools_0.99.60_R_x86_64-pc-linux-gnu.tar.gz’
* DONE (DescTools)
* installing *source* package ‘gpuMagic’ ...
** this is package ‘gpuMagic’ version ‘1.23.0’
** using staged installation
** libs
using C++ compiler: ‘g++ (Ubuntu 13.3.0-6ubuntu2~24.04) 13.3.0’
using C++11
g++ -std=gnu++11 -I"/usr/local/lib/R/include" -DNDEBUG -I/usr/local/lib/R/include -I../inst/include/OpenCL_header -DCL_TARGET_OPENCL_VERSION=220 -DCL_USE_DEPRECATED_OPENCL_1_2_APIS  -DCL_SILENCE_DEPRECATION -I'/usr/local/lib/R/site-library/Rcpp/include' -I/usr/local/include    -fpic  -g -O2 -fstack-protector-strong -Wformat -Werror=format-security -Wdate-time -D_FORTIFY_SOURCE=2 -g   -c C_Interface.cpp -o C_Interface.o
g++ -std=gnu++11 -I"/usr/local/lib/R/include" -DNDEBUG -I/usr/local/lib/R/include -I../inst/include/OpenCL_header -DCL_TARGET_OPENCL_VERSION=220 -DCL_USE_DEPRECATED_OPENCL_1_2_APIS  -DCL_SILENCE_DEPRECATION -I'/usr/local/lib/R/site-library/Rcpp/include' -I/usr/local/include    -fpic  -g -O2 -fstack-protector-strong -Wformat -Werror=format-security -Wdate-time -D_FORTIFY_SOURCE=2 -g   -c R_functionRegistration.cpp -o R_functionRegistration.o
g++ -std=gnu++11 -I"/usr/local/lib/R/include" -DNDEBUG -I/usr/local/lib/R/include -I../inst/include/OpenCL_header -DCL_TARGET_OPENCL_VERSION=220 -DCL_USE_DEPRECATED_OPENCL_1_2_APIS  -DCL_SILENCE_DEPRECATION -I'/usr/local/lib/R/site-library/Rcpp/include' -I/usr/local/include    -fpic  -g -O2 -fstack-protector-strong -Wformat -Werror=format-security -Wdate-time -D_FORTIFY_SOURCE=2 -g   -c Tools.cpp -o Tools.o
Tools.cpp: In function ‘void errorHandle(std::string)’:
Tools.cpp:41:14: error: format not a string literal and no format arguments [-Werror=format-security]
   41 |         error(errorInfo.c_str());
Tools.cpp: In function ‘void warningHandle(std::string)’:
Tools.cpp:51:16: error: format not a string literal and no format arguments [-Werror=format-security]
   51 |         warning(warningInfo.c_str());
Tools.cpp: In function ‘void message(std::string)’:
Tools.cpp:60:16: error: format not a string literal and no format arguments [-Werror=format-security]
   60 |         Rprintf(msg.c_str());
      |         ~~~~~~~^~~~~~~~~~~~~
cc1plus: some warnings being treated as errors
make: *** [/usr/local/lib/R/etc/Makeconf:211: Tools.o] Error 1
ERROR: compilation failed for package ‘gpuMagic’
* removing ‘/usr/local/lib/R/site-library/gpuMagic’

The downloaded source packages are in
	‘/tmp/RtmpHMKDwC/downloaded_packages’
Old packages: 'xml2'
Warning message:
In install.packages(...) :
  installation of package ‘gpuMagic’ had non-zero exit status

real	0m22.508s
user	0m17.390s
sys	0m8.817s
