+ Rscript -e 'Sys.setenv(BIOCONDUCTOR_USE_CONTAINER_REPOSITORY=FALSE);
  p <- .libPaths();
  p <- c('\''/tmp/library'\'', '\''/mnt/library'\'', p);
  .libPaths(p);
  if(BiocManager::install('\''Sconify'\'', INSTALL_opts = '\''--build'\'', update = TRUE, quiet = FALSE, dependencies=TRUE, force = TRUE, keep_outputs = TRUE) %in% rownames(installed.packages())) q(status = 0) else q(status = 1)'
'getOption("repos")' replaces Bioconductor standard repositories, see
'help("repositories", package = "BiocManager")' for details.
Replacement repositories:
    CRAN: https://cloud.r-project.org
Bioconductor version 3.23 (BiocManager 1.30.26), R Under development (unstable)
  (2025-10-28 r88973)
Installing package(s) 'Sconify'
trying URL 'https://bioconductor.org/packages/3.23/bioc/src/contrib/Sconify_1.31.0.tar.gz'
Content type 'application/x-gzip' length 4526712 bytes (4.3 MB)
==================================================
downloaded 4.3 MB

* installing *source* package ‘Sconify’ ...
** this is package ‘Sconify’ version ‘1.31.0’
** using staged installation
** R
** data
*** moving datasets to lazyload DB
** inst
** byte-compile and prepare package for lazy loading
Note: wrong number of arguments to '/' 
Note: wrong number of arguments to 'asinh' 
** help
*** installing help indices
** building package indices
** installing vignettes
** testing if installed package can be loaded from temporary location
** testing if installed package can be loaded from final location
** testing if installed package keeps a record of temporary installation path
* creating tarball
packaged installation of ‘Sconify’ as ‘Sconify_1.31.0_R_x86_64-pc-linux-gnu.tar.gz’
* DONE (Sconify)

The downloaded source packages are in
	‘/tmp/Rtmp2jdZOb/downloaded_packages’
Old packages: 'promises'

real	0m16.355s
user	0m11.435s
sys	0m2.736s
