+ Rscript -e 'Sys.setenv(BIOCONDUCTOR_USE_CONTAINER_REPOSITORY=FALSE);
  p <- .libPaths();
  p <- c('\'''\'', '\'''\'', p);
  .libPaths(p);
  if(BiocManager::install('\''NuPoP'\'', INSTALL_opts = '\''--build'\'', update = TRUE, quiet = FALSE, dependencies=TRUE, force = TRUE, keep_outputs = TRUE) %in% rownames(installed.packages())) q(status = 0) else q(status = 1)'
'getOption("repos")' replaces Bioconductor standard repositories, see
'help("repositories", package = "BiocManager")' for details.
Replacement repositories:
    CRAN: https://p3m.dev/cran/__linux__/noble/latest
Bioconductor version 3.21 (BiocManager 1.30.26), R 4.5.1 (2025-06-13)
Installing package(s) 'NuPoP'
trying URL 'https://bioconductor.org/packages/3.21/bioc/src/contrib/NuPoP_2.16.0.tar.gz'
Content type 'application/x-gzip' length 6413735 bytes (6.1 MB)
==================================================
downloaded 6.1 MB

* installing *source* package ‘NuPoP’ ...
** this is package ‘NuPoP’ version ‘2.16.0’
** using staged installation
** libs
using Fortran compiler: ‘GNU Fortran (Ubuntu 13.3.0-6ubuntu2~24.04) 13.3.0’
gfortran  -fpic  -g -O2  -c  cvtbfb.f90 -o cvtbfb.o
gfortran  -fpic  -g -O2  -c  cvtbfbNL4.f90 -o cvtbfbNL4.o
gfortran  -fpic  -g -O2  -c  vtbfb.f90 -o vtbfb.o
gfortran  -fpic  -g -O2  -c  vtbfbNL4.f90 -o vtbfbNL4.o
gcc -std=gnu2x -shared -L/usr/local/lib/R/lib -L/usr/local/lib -o NuPoP.so cvtbfb.o cvtbfbNL4.o vtbfb.o vtbfbNL4.o -lgfortran -lm -lquadmath -L/usr/local/lib/R/lib -lR
installing to /usr/local/lib/R/site-library/00LOCK-NuPoP/00new/NuPoP/libs
** R
** inst
** byte-compile and prepare package for lazy loading
** help
*** installing help indices
** building package indices
** installing vignettes
** testing if installed package can be loaded from temporary location
** checking absolute paths in shared objects and dynamic libraries
** testing if installed package can be loaded from final location
** testing if installed package keeps a record of temporary installation path
* creating tarball
packaged installation of ‘NuPoP’ as ‘NuPoP_2.16.0_R_x86_64-pc-linux-gnu.tar.gz’
* DONE (NuPoP)

The downloaded source packages are in
	‘/tmp/Rtmp8u6XF7/downloaded_packages’
Old packages: 'xml2'

real	0m11.345s
user	0m9.288s
sys	0m2.246s
