+ Rscript -e 'Sys.setenv(BIOCONDUCTOR_USE_CONTAINER_REPOSITORY=FALSE);
  p <- .libPaths();
  p <- c('\''/tmp/library'\'', '\''/mnt/library'\'', p);
  .libPaths(p);
  if(BiocManager::install('\''clustComp'\'', INSTALL_opts = '\''--build'\'', update = TRUE, quiet = FALSE, dependencies=TRUE, force = TRUE, keep_outputs = TRUE) %in% rownames(installed.packages())) q(status = 0) else q(status = 1)'
'getOption("repos")' replaces Bioconductor standard repositories, see
'help("repositories", package = "BiocManager")' for details.
Replacement repositories:
    CRAN: https://cloud.r-project.org
Bioconductor version 3.23 (BiocManager 1.30.26), R Under development (unstable)
  (2025-10-28 r88973)
Installing package(s) 'clustComp'
trying URL 'https://bioconductor.org/packages/3.23/bioc/src/contrib/clustComp_1.39.0.tar.gz'
Content type 'application/x-gzip' length 953790 bytes (931 KB)
==================================================
downloaded 931 KB

* installing *source* package ‘clustComp’ ...
** this is package ‘clustComp’ version ‘1.39.0’
** using staged installation
** R
** inst
** byte-compile and prepare package for lazy loading
** help
*** installing help indices
** building package indices
** installing vignettes
** testing if installed package can be loaded from temporary location
** testing if installed package can be loaded from final location
** testing if installed package keeps a record of temporary installation path
* creating tarball
packaged installation of ‘clustComp’ as ‘clustComp_1.39.0_R_x86_64-pc-linux-gnu.tar.gz’
* DONE (clustComp)

The downloaded source packages are in
	‘/tmp/Rtmpj0R7de/downloaded_packages’
Old packages: 'BiocBook', 'rhdf5', 'promises'

real	0m13.016s
user	0m6.810s
sys	0m1.867s
