+ Rscript -e 'Sys.setenv(BIOCONDUCTOR_USE_CONTAINER_REPOSITORY=FALSE);
  p <- .libPaths();
  p <- c('\'''\'', '\'''\'', p);
  .libPaths(p);
  if(BiocManager::install('\''SNPediaR'\'', INSTALL_opts = '\''--build'\'', update = TRUE, quiet = FALSE, dependencies=TRUE, force = TRUE, keep_outputs = TRUE) %in% rownames(installed.packages())) q(status = 0) else q(status = 1)'
'getOption("repos")' replaces Bioconductor standard repositories, see
'help("repositories", package = "BiocManager")' for details.
Replacement repositories:
    CRAN: https://p3m.dev/cran/__linux__/noble/latest
Bioconductor version 3.22 (BiocManager 1.30.26), R 4.5.2 (2025-10-31)
Installing package(s) 'SNPediaR'
also installing the dependencies ‘bitops’, ‘bookdown’, ‘RCurl’, ‘BiocStyle’

trying URL 'https://p3m.dev/cran/__linux__/noble/latest/src/contrib/bitops_1.0-9.tar.gz'
trying URL 'https://p3m.dev/cran/__linux__/noble/latest/src/contrib/bookdown_0.45.tar.gz'
trying URL 'https://p3m.dev/cran/__linux__/noble/latest/src/contrib/RCurl_1.98-1.17.tar.gz'
trying URL 'https://bioconductor.org/packages/3.22/bioc/src/contrib/BiocStyle_2.38.0.tar.gz'
trying URL 'https://bioconductor.org/packages/3.22/bioc/src/contrib/SNPediaR_1.36.0.tar.gz'
* installing *binary* package ‘bitops’ ...
* ‘bitops’ was already a binary package and will not be rebuilt
* creating tarball
packaged installation of ‘bitops’ as ‘bitops_1.0-9_R_x86_64-pc-linux-gnu.tar.gz’
* DONE (bitops)
* installing *binary* package ‘bookdown’ ...
* ‘bookdown’ was already a binary package and will not be rebuilt
* creating tarball
packaged installation of ‘bookdown’ as ‘bookdown_0.45_R_x86_64-pc-linux-gnu.tar.gz’
* DONE (bookdown)
* installing *binary* package ‘RCurl’ ...
* ‘RCurl’ was already a binary package and will not be rebuilt
* creating tarball
packaged installation of ‘RCurl’ as ‘RCurl_1.98-1.17_R_x86_64-pc-linux-gnu.tar.gz’
* DONE (RCurl)
* installing *source* package ‘BiocStyle’ ...
** this is package ‘BiocStyle’ version ‘2.38.0’
** package ‘BiocStyle’ successfully unpacked and MD5 sums checked
** using staged installation
** R
** inst
** byte-compile and prepare package for lazy loading
** help
*** installing help indices
** building package indices
** installing vignettes
** testing if installed package can be loaded from temporary location
** testing if installed package can be loaded from final location
** testing if installed package keeps a record of temporary installation path
* creating tarball
packaged installation of ‘BiocStyle’ as ‘BiocStyle_2.38.0_R_x86_64-pc-linux-gnu.tar.gz’
* DONE (BiocStyle)
* installing *source* package ‘SNPediaR’ ...
** this is package ‘SNPediaR’ version ‘1.36.0’
** package ‘SNPediaR’ successfully unpacked and MD5 sums checked
** using staged installation
** R
** inst
** byte-compile and prepare package for lazy loading
** help
*** installing help indices
** building package indices
** installing vignettes
** testing if installed package can be loaded from temporary location
** testing if installed package can be loaded from final location
** testing if installed package keeps a record of temporary installation path
* creating tarball
packaged installation of ‘SNPediaR’ as ‘SNPediaR_1.36.0_R_x86_64-pc-linux-gnu.tar.gz’
* DONE (SNPediaR)

The downloaded source packages are in
	‘/tmp/RtmpJX93Pl/downloaded_packages’

real	0m8.197s
user	0m6.161s
sys	0m2.783s
