+ Rscript -e 'Sys.setenv(BIOCONDUCTOR_USE_CONTAINER_REPOSITORY=FALSE);
  p <- .libPaths();
  p <- c('\''/tmp/library'\'', '\''/mnt/library'\'', p);
  .libPaths(p);
  if(BiocManager::install('\''multiscan'\'', INSTALL_opts = '\''--build'\'', update = TRUE, quiet = FALSE, dependencies=TRUE, force = TRUE, keep_outputs = TRUE) %in% rownames(installed.packages())) q(status = 0) else q(status = 1)'
'getOption("repos")' replaces Bioconductor standard repositories, see
'help("repositories", package = "BiocManager")' for details.
Replacement repositories:
    CRAN: https://cloud.r-project.org
Bioconductor version 3.23 (BiocManager 1.30.26), R Under development (unstable)
  (2025-10-28 r88973)
Installing package(s) 'multiscan'
trying URL 'https://bioconductor.org/packages/3.23/bioc/src/contrib/multiscan_1.71.0.tar.gz'
Content type 'application/x-gzip' length 769218 bytes (751 KB)
==================================================
downloaded 751 KB

* installing *source* package ‘multiscan’ ...
** this is package ‘multiscan’ version ‘1.71.0’
** using staged installation
** libs
using C compiler: ‘gcc (Ubuntu 13.3.0-6ubuntu2~24.04) 13.3.0’
gcc -std=gnu2x -I"/usr/local/lib/R/include" -DNDEBUG   -I/usr/local/include    -fpic  -g -O2 -fstack-protector-strong -Wformat -Werror=format-security -Wdate-time -D_FORTIFY_SOURCE=2 -g  -c multiscan.c -o multiscan.o
gcc -std=gnu2x -shared -L/usr/local/lib/R/lib -L/usr/local/lib -o multiscan.so multiscan.o -L/usr/local/lib/R/lib -lR
installing to /tmp/library/00LOCK-multiscan/00new/multiscan/libs
** R
** data
** inst
** byte-compile and prepare package for lazy loading
** help
*** installing help indices
** building package indices
** installing vignettes
** testing if installed package can be loaded from temporary location
*** Loaded multiscan Version 1.71.0 *** 
Type 'vignette("multiscan")' to view the package vignette.
** checking absolute paths in shared objects and dynamic libraries
** testing if installed package can be loaded from final location
*** Loaded multiscan Version 1.71.0 *** 
Type 'vignette("multiscan")' to view the package vignette.
** testing if installed package keeps a record of temporary installation path
* creating tarball
packaged installation of ‘multiscan’ as ‘multiscan_1.71.0_R_x86_64-pc-linux-gnu.tar.gz’
* DONE (multiscan)

The downloaded source packages are in
	‘/tmp/RtmpvWofRw/downloaded_packages’
Old packages: 'promises'

real	0m6.371s
user	0m4.623s
sys	0m2.166s
