+ Rscript -e 'Sys.setenv(BIOCONDUCTOR_USE_CONTAINER_REPOSITORY=FALSE);
  p <- .libPaths();
  p <- c('\''/tmp/library'\'', '\''/mnt/library'\'', p);
  .libPaths(p);
  if(BiocManager::install('\''netprioR'\'', INSTALL_opts = '\''--build'\'', update = TRUE, quiet = FALSE, dependencies=TRUE, force = TRUE, keep_outputs = TRUE) %in% rownames(installed.packages())) q(status = 0) else q(status = 1)'
'getOption("repos")' replaces Bioconductor standard repositories, see
'help("repositories", package = "BiocManager")' for details.
Replacement repositories:
    CRAN: https://cloud.r-project.org
Bioconductor version 3.23 (BiocManager 1.30.26), R Under development (unstable)
  (2025-10-28 r88973)
Installing package(s) 'netprioR'
also installing the dependency ‘sparseMVN’

trying URL 'https://cloud.r-project.org/src/contrib/sparseMVN_0.2.2.tar.gz'
trying URL 'https://bioconductor.org/packages/3.23/bioc/src/contrib/netprioR_1.37.0.tar.gz'
* installing *source* package ‘sparseMVN’ ...
** this is package ‘sparseMVN’ version ‘0.2.2’
** package ‘sparseMVN’ successfully unpacked and MD5 sums checked
** using staged installation
** R
** inst
** byte-compile and prepare package for lazy loading
** help
*** installing help indices
** building package indices
** installing vignettes
** testing if installed package can be loaded from temporary location
** testing if installed package can be loaded from final location
** testing if installed package keeps a record of temporary installation path
* creating tarball
packaged installation of ‘sparseMVN’ as ‘sparseMVN_0.2.2_R_x86_64-pc-linux-gnu.tar.gz’
* DONE (sparseMVN)
* installing *source* package ‘netprioR’ ...
** this is package ‘netprioR’ version ‘1.37.0’
** using staged installation
** R
** data
*** moving datasets to lazyload DB
** inst
** byte-compile and prepare package for lazy loading
** help
*** installing help indices
** building package indices
** installing vignettes
** testing if installed package can be loaded from temporary location
** testing if installed package can be loaded from final location
** testing if installed package keeps a record of temporary installation path
* creating tarball
packaged installation of ‘netprioR’ as ‘netprioR_1.37.0_R_x86_64-pc-linux-gnu.tar.gz’
* DONE (netprioR)

The downloaded source packages are in
	‘/tmp/RtmpkRNunW/downloaded_packages’
Old packages: 'BiocBook', 'rhdf5', 'promises'

real	0m20.623s
user	0m14.667s
sys	0m3.834s
