+ Rscript -e 'Sys.setenv(BIOCONDUCTOR_USE_CONTAINER_REPOSITORY=FALSE);
  p <- .libPaths();
  p <- c('\''/tmp/library'\'', '\''/mnt/library'\'', p);
  .libPaths(p);
  if(BiocManager::install('\''ComPrAn'\'', INSTALL_opts = '\''--build'\'', update = TRUE, quiet = FALSE, dependencies=TRUE, force = TRUE, keep_outputs = TRUE) %in% rownames(installed.packages())) q(status = 0) else q(status = 1)'
'getOption("repos")' replaces Bioconductor standard repositories, see
'help("repositories", package = "BiocManager")' for details.
Replacement repositories:
    CRAN: https://cloud.r-project.org
Bioconductor version 3.23 (BiocManager 1.30.26), R Under development (unstable)
  (2025-10-28 r88973)
Installing package(s) 'ComPrAn'
also installing the dependency ‘rio’

trying URL 'https://cloud.r-project.org/src/contrib/rio_1.2.4.tar.gz'
trying URL 'https://bioconductor.org/packages/3.23/bioc/src/contrib/ComPrAn_1.19.0.tar.gz'
* installing *source* package ‘rio’ ...
** this is package ‘rio’ version ‘1.2.4’
** package ‘rio’ successfully unpacked and MD5 sums checked
** using staged installation
** R
** inst
** byte-compile and prepare package for lazy loading
** help
*** installing help indices
*** copying figures
** building package indices
** installing vignettes
** testing if installed package can be loaded from temporary location
** testing if installed package can be loaded from final location
** testing if installed package keeps a record of temporary installation path
* creating tarball
packaged installation of ‘rio’ as ‘rio_1.2.4_R_x86_64-pc-linux-gnu.tar.gz’
* DONE (rio)
* installing *source* package ‘ComPrAn’ ...
** this is package ‘ComPrAn’ version ‘1.19.0’
** using staged installation
** R
** inst
** byte-compile and prepare package for lazy loading
** help
*** installing help indices
** building package indices
** installing vignettes
** testing if installed package can be loaded from temporary location
** testing if installed package can be loaded from final location
** testing if installed package keeps a record of temporary installation path
* creating tarball
packaged installation of ‘ComPrAn’ as ‘ComPrAn_1.19.0_R_x86_64-pc-linux-gnu.tar.gz’
* DONE (ComPrAn)

The downloaded source packages are in
	‘/tmp/Rtmpkghnrn/downloaded_packages’
Old packages: 'BiocBook', 'rhdf5', 'promises'

real	0m15.772s
user	0m11.995s
sys	0m4.422s
