+ Rscript -e 'Sys.setenv(BIOCONDUCTOR_USE_CONTAINER_REPOSITORY=FALSE);
  p <- .libPaths();
  p <- c('\''/tmp/library'\'', '\''/mnt/library'\'', p);
  .libPaths(p);
  if(BiocManager::install('\''iSeq'\'', INSTALL_opts = '\''--build'\'', update = TRUE, quiet = FALSE, dependencies=TRUE, force = TRUE, keep_outputs = TRUE) %in% rownames(installed.packages())) q(status = 0) else q(status = 1)'
'getOption("repos")' replaces Bioconductor standard repositories, see
'help("repositories", package = "BiocManager")' for details.
Replacement repositories:
    CRAN: https://cloud.r-project.org
Bioconductor version 3.23 (BiocManager 1.30.26), R Under development (unstable)
  (2025-10-28 r88973)
Installing package(s) 'iSeq'
trying URL 'https://bioconductor.org/packages/3.23/bioc/src/contrib/iSeq_1.63.0.tar.gz'
Content type 'application/x-gzip' length 1390889 bytes (1.3 MB)
==================================================
downloaded 1.3 MB

* installing *source* package ‘iSeq’ ...
** this is package ‘iSeq’ version ‘1.63.0’
** using staged installation
** libs
using C compiler: ‘gcc (Ubuntu 13.3.0-6ubuntu2~24.04) 13.3.0’
gcc -std=gnu2x -I"/usr/local/lib/R/include" -DNDEBUG   -I/usr/local/include    -fpic  -g -O2 -fstack-protector-strong -Wformat -Werror=format-security -Wdate-time -D_FORTIFY_SOURCE=2 -g  -c iSeq.c -o iSeq.o
gcc -std=gnu2x -shared -L/usr/local/lib/R/lib -L/usr/local/lib -o iSeq.so iSeq.o -L/usr/local/lib/R/lib -lR
installing to /tmp/library/00LOCK-iSeq/00new/iSeq/libs
** R
** data
*** moving datasets to lazyload DB
** demo
** inst
** byte-compile and prepare package for lazy loading
** help
*** installing help indices
** building package indices
** installing vignettes
** testing if installed package can be loaded from temporary location
** checking absolute paths in shared objects and dynamic libraries
** testing if installed package can be loaded from final location
** testing if installed package keeps a record of temporary installation path
* creating tarball
packaged installation of ‘iSeq’ as ‘iSeq_1.63.0_R_x86_64-pc-linux-gnu.tar.gz’
* DONE (iSeq)

The downloaded source packages are in
	‘/tmp/Rtmpi5GDkw/downloaded_packages’
Old packages: 'BiocBook', 'rhdf5', 'promises'

real	0m11.659s
user	0m7.208s
sys	0m2.169s
