+ Rscript -e 'Sys.setenv(BIOCONDUCTOR_USE_CONTAINER_REPOSITORY=FALSE);
  p <- .libPaths();
  p <- c('\''/tmp/library'\'', '\''/mnt/library'\'', p);
  .libPaths(p);
  if(BiocManager::install('\''sigsquared'\'', INSTALL_opts = '\''--build'\'', update = TRUE, quiet = FALSE, dependencies=TRUE, force = TRUE, keep_outputs = TRUE) %in% rownames(installed.packages())) q(status = 0) else q(status = 1)'
'getOption("repos")' replaces Bioconductor standard repositories, see
'help("repositories", package = "BiocManager")' for details.
Replacement repositories:
    CRAN: https://cloud.r-project.org
Bioconductor version 3.23 (BiocManager 1.30.26), R Under development (unstable)
  (2025-10-28 r88973)
Installing package(s) 'sigsquared'
trying URL 'https://bioconductor.org/packages/3.23/bioc/src/contrib/sigsquared_1.43.0.tar.gz'
Content type 'application/x-gzip' length 452182 bytes (441 KB)
==================================================
downloaded 441 KB

* installing *source* package ‘sigsquared’ ...
** this is package ‘sigsquared’ version ‘1.43.0’
** using staged installation
** R
** data
** inst
** byte-compile and prepare package for lazy loading
in method for ‘ensembleCostFcn’ with signature ‘dataSet="ExpressionSet",geneSig="geneSignature",jpdf="solnSpace"’: no definition for class “solnSpace”
in method for ‘getCVCuts’ with signature ‘cutoffResults="solnSpace"’: no definition for class “solnSpace”
in method for ‘summarizeCVCuts’ with signature ‘cutoffResults="solnSpace"’: no definition for class “solnSpace”
** help
*** installing help indices
** building package indices
** installing vignettes
** testing if installed package can be loaded from temporary location
** testing if installed package can be loaded from final location
** testing if installed package keeps a record of temporary installation path
* creating tarball
packaged installation of ‘sigsquared’ as ‘sigsquared_1.43.0_R_x86_64-pc-linux-gnu.tar.gz’
* DONE (sigsquared)

The downloaded source packages are in
	‘/tmp/RtmpX8PZ8o/downloaded_packages’
Old packages: 'promises'

real	0m8.624s
user	0m6.924s
sys	0m1.815s
