+ Rscript -e 'Sys.setenv(BIOCONDUCTOR_USE_CONTAINER_REPOSITORY=FALSE);
  p <- .libPaths();
  p <- c('\''/tmp/library'\'', '\''/mnt/library'\'', p);
  .libPaths(p);
  if(BiocManager::install('\''ddCt'\'', INSTALL_opts = '\''--build'\'', update = TRUE, quiet = FALSE, dependencies=TRUE, force = TRUE, keep_outputs = TRUE) %in% rownames(installed.packages())) q(status = 0) else q(status = 1)'
'getOption("repos")' replaces Bioconductor standard repositories, see
'help("repositories", package = "BiocManager")' for details.
Replacement repositories:
    CRAN: https://cloud.r-project.org
Bioconductor version 3.23 (BiocManager 1.30.26), R Under development (unstable)
  (2025-10-28 r88973)
Installing package(s) 'ddCt'
trying URL 'https://bioconductor.org/packages/3.23/bioc/src/contrib/ddCt_1.67.0.tar.gz'
Content type 'application/x-gzip' length 802305 bytes (783 KB)
==================================================
downloaded 783 KB

* installing *source* package ‘ddCt’ ...
** this is package ‘ddCt’ version ‘1.67.0’
** using staged installation
** R
** inst
** byte-compile and prepare package for lazy loading
** help
*** installing help indices
** building package indices
** installing vignettes
** testing if installed package can be loaded from temporary location
** testing if installed package can be loaded from final location
** testing if installed package keeps a record of temporary installation path
* creating tarball
packaged installation of ‘ddCt’ as ‘ddCt_1.67.0_R_x86_64-pc-linux-gnu.tar.gz’
* DONE (ddCt)

The downloaded source packages are in
	‘/tmp/RtmpdVk3hO/downloaded_packages’
Old packages: 'promises'

real	0m7.531s
user	0m5.947s
sys	0m1.717s
