+ Rscript -e 'Sys.setenv(BIOCONDUCTOR_USE_CONTAINER_REPOSITORY=FALSE);
  p <- .libPaths();
  p <- c('\''/tmp/library'\'', '\''/mnt/library'\'', p);
  .libPaths(p);
  if(BiocManager::install('\''BiocFHIR'\'', INSTALL_opts = '\''--build'\'', update = TRUE, quiet = FALSE, dependencies=TRUE, force = TRUE, keep_outputs = TRUE) %in% rownames(installed.packages())) q(status = 0) else q(status = 1)'
'getOption("repos")' replaces Bioconductor standard repositories, see
'help("repositories", package = "BiocManager")' for details.
Replacement repositories:
    CRAN: https://cloud.r-project.org
Bioconductor version 3.23 (BiocManager 1.30.26), R Under development (unstable)
  (2025-10-28 r88973)
Installing package(s) 'BiocFHIR'
also installing the dependency ‘visNetwork’

trying URL 'https://cloud.r-project.org/src/contrib/visNetwork_2.1.4.tar.gz'
trying URL 'https://bioconductor.org/packages/3.23/bioc/src/contrib/BiocFHIR_1.13.0.tar.gz'
* installing *source* package ‘visNetwork’ ...
** this is package ‘visNetwork’ version ‘2.1.4’
** package ‘visNetwork’ successfully unpacked and MD5 sums checked
** using staged installation
** R
** inst
** byte-compile and prepare package for lazy loading
** help
*** installing help indices
** building package indices
** installing vignettes
** testing if installed package can be loaded from temporary location
** testing if installed package can be loaded from final location
** testing if installed package keeps a record of temporary installation path
* creating tarball
packaged installation of ‘visNetwork’ as ‘visNetwork_2.1.4_R_x86_64-pc-linux-gnu.tar.gz’
* DONE (visNetwork)
* installing *source* package ‘BiocFHIR’ ...
** this is package ‘BiocFHIR’ version ‘1.13.0’
** using staged installation
** R
** data
** inst
** byte-compile and prepare package for lazy loading
** help
*** installing help indices
** building package indices
** installing vignettes
** testing if installed package can be loaded from temporary location
** testing if installed package can be loaded from final location
** testing if installed package keeps a record of temporary installation path
* creating tarball
packaged installation of ‘BiocFHIR’ as ‘BiocFHIR_1.13.0_R_x86_64-pc-linux-gnu.tar.gz’
* DONE (BiocFHIR)

The downloaded source packages are in
	‘/tmp/RtmpM13VIX/downloaded_packages’
Old packages: 'promises'

real	0m15.450s
user	0m12.451s
sys	0m2.882s
