+ Rscript -e 'Sys.setenv(BIOCONDUCTOR_USE_CONTAINER_REPOSITORY=FALSE);
  p <- .libPaths();
  p <- c('\''/tmp/library'\'', '\''/mnt/library'\'', p);
  .libPaths(p);
  if(BiocManager::install('\''lmdme'\'', INSTALL_opts = '\''--build'\'', update = TRUE, quiet = FALSE, dependencies=TRUE, force = TRUE, keep_outputs = TRUE) %in% rownames(installed.packages())) q(status = 0) else q(status = 1)'
'getOption("repos")' replaces Bioconductor standard repositories, see
'help("repositories", package = "BiocManager")' for details.
Replacement repositories:
    CRAN: https://cloud.r-project.org
Bioconductor version 3.23 (BiocManager 1.30.26), R Under development (unstable)
  (2025-10-28 r88973)
Installing package(s) 'lmdme'
also installing the dependencies ‘pls’, ‘stemHypoxia’

trying URL 'https://cloud.r-project.org/src/contrib/pls_2.8-5.tar.gz'
trying URL 'https://bioconductor.org/packages/3.23/data/experiment/src/contrib/stemHypoxia_1.47.0.tar.gz'
trying URL 'https://bioconductor.org/packages/3.23/bioc/src/contrib/lmdme_1.53.0.tar.gz'
* installing *source* package ‘pls’ ...
** this is package ‘pls’ version ‘2.8-5’
** package ‘pls’ successfully unpacked and MD5 sums checked
** using staged installation
** R
** data
*** moving datasets to lazyload DB
** inst
** byte-compile and prepare package for lazy loading
** help
*** installing help indices
** building package indices
** installing vignettes
** testing if installed package can be loaded from temporary location
** testing if installed package can be loaded from final location
** testing if installed package keeps a record of temporary installation path
* creating tarball
packaged installation of ‘pls’ as ‘pls_2.8-5_R_x86_64-pc-linux-gnu.tar.gz’
* DONE (pls)
* installing *source* package ‘stemHypoxia’ ...
** this is package ‘stemHypoxia’ version ‘1.47.0’
** using staged installation
** data
** help
*** installing help indices
** building package indices
** testing if installed package can be loaded from temporary location
** testing if installed package can be loaded from final location
** testing if installed package keeps a record of temporary installation path
* creating tarball
packaged installation of ‘stemHypoxia’ as ‘stemHypoxia_1.47.0_R_x86_64-pc-linux-gnu.tar.gz’
* DONE (stemHypoxia)
* installing *source* package ‘lmdme’ ...
** this is package ‘lmdme’ version ‘1.53.0’
** using staged installation
** R
** inst
** byte-compile and prepare package for lazy loading
Creating a new generic function for ‘p.adjust’ in package ‘lmdme’
** help
*** installing help indices
** building package indices
** installing vignettes
** testing if installed package can be loaded from temporary location
** testing if installed package can be loaded from final location
** testing if installed package keeps a record of temporary installation path
* creating tarball
packaged installation of ‘lmdme’ as ‘lmdme_1.53.0_R_x86_64-pc-linux-gnu.tar.gz’
* DONE (lmdme)

The downloaded source packages are in
	‘/tmp/RtmpNL6qB3/downloaded_packages’
Old packages: 'promises'

real	0m10.320s
user	0m8.315s
sys	0m3.036s
