+ Rscript -e 'Sys.setenv(BIOCONDUCTOR_USE_CONTAINER_REPOSITORY=FALSE);
  p <- .libPaths();
  p <- c('\''/tmp/library'\'', '\''/mnt/library'\'', p);
  .libPaths(p);
  if(BiocManager::install('\''CytoDx'\'', INSTALL_opts = '\''--build'\'', update = TRUE, quiet = FALSE, dependencies=TRUE, force = TRUE, keep_outputs = TRUE) %in% rownames(installed.packages())) q(status = 0) else q(status = 1)'
'getOption("repos")' replaces Bioconductor standard repositories, see
'help("repositories", package = "BiocManager")' for details.
Replacement repositories:
    CRAN: https://cloud.r-project.org
Bioconductor version 3.23 (BiocManager 1.30.26), R Under development (unstable)
  (2025-10-28 r88973)
Installing package(s) 'CytoDx'
also installing the dependency ‘rpart.plot’

trying URL 'https://cloud.r-project.org/src/contrib/rpart.plot_3.1.3.tar.gz'
trying URL 'https://bioconductor.org/packages/3.23/bioc/src/contrib/CytoDx_1.31.0.tar.gz'
* installing *source* package ‘rpart.plot’ ...
** this is package ‘rpart.plot’ version ‘3.1.3’
** package ‘rpart.plot’ successfully unpacked and MD5 sums checked
** using staged installation
** R
** data
*** moving datasets to lazyload DB
** inst
** byte-compile and prepare package for lazy loading
** help
*** installing help indices
** building package indices
** testing if installed package can be loaded from temporary location
** testing if installed package can be loaded from final location
** testing if installed package keeps a record of temporary installation path
* creating tarball
packaged installation of ‘rpart.plot’ as ‘rpart.plot_3.1.3_R_x86_64-pc-linux-gnu.tar.gz’
* DONE (rpart.plot)
* installing *source* package ‘CytoDx’ ...
** this is package ‘CytoDx’ version ‘1.31.0’
** using staged installation
** R
** inst
** byte-compile and prepare package for lazy loading
** help
*** installing help indices
** building package indices
** installing vignettes
** testing if installed package can be loaded from temporary location
** testing if installed package can be loaded from final location
** testing if installed package keeps a record of temporary installation path
* creating tarball
packaged installation of ‘CytoDx’ as ‘CytoDx_1.31.0_R_x86_64-pc-linux-gnu.tar.gz’
* DONE (CytoDx)

The downloaded source packages are in
	‘/tmp/RtmpZ6IRbw/downloaded_packages’
Old packages: 'promises'

real	0m19.876s
user	0m15.748s
sys	0m3.404s
