+ Rscript -e 'Sys.setenv(BIOCONDUCTOR_USE_CONTAINER_REPOSITORY=FALSE);
  p <- .libPaths();
  p <- c('\''/tmp/library'\'', '\''/mnt/library'\'', p);
  .libPaths(p);
  if(BiocManager::install('\''massiR'\'', INSTALL_opts = '\''--build'\'', update = TRUE, quiet = FALSE, dependencies=TRUE, force = TRUE, keep_outputs = TRUE) %in% rownames(installed.packages())) q(status = 0) else q(status = 1)'
'getOption("repos")' replaces Bioconductor standard repositories, see
'help("repositories", package = "BiocManager")' for details.
Replacement repositories:
    CRAN: https://cloud.r-project.org
Bioconductor version 3.23 (BiocManager 1.30.26), R Under development (unstable)
  (2025-10-28 r88973)
Installing package(s) 'massiR'
Warning: dependency ‘biomaRt’ is not available
also installing the dependency ‘diptest’

trying URL 'https://cloud.r-project.org/src/contrib/diptest_0.77-2.tar.gz'
trying URL 'https://bioconductor.org/packages/3.23/bioc/src/contrib/massiR_1.47.0.tar.gz'
* installing *source* package ‘diptest’ ...
** this is package ‘diptest’ version ‘0.77-2’
** package ‘diptest’ successfully unpacked and MD5 sums checked
** using staged installation
** libs
using C compiler: ‘gcc (Ubuntu 13.3.0-6ubuntu2~24.04) 13.3.0’
gcc -std=gnu2x -I"/usr/local/lib/R/include" -DNDEBUG   -I/usr/local/include    -fpic  -g -O2 -fstack-protector-strong -Wformat -Werror=format-security -Wdate-time -D_FORTIFY_SOURCE=2 -g  -c dip.c -o dip.o
gcc -std=gnu2x -shared -L/usr/local/lib/R/lib -L/usr/local/lib -o diptest.so dip.o -L/usr/local/lib/R/lib -lR
installing to /tmp/library/00LOCK-diptest/00new/diptest/libs
** R
** data
** inst
** byte-compile and prepare package for lazy loading
** help
*** installing help indices
** building package indices
** installing vignettes
** testing if installed package can be loaded from temporary location
** checking absolute paths in shared objects and dynamic libraries
** testing if installed package can be loaded from final location
** testing if installed package keeps a record of temporary installation path
* creating tarball
packaged installation of ‘diptest’ as ‘diptest_0.77-2_R_x86_64-pc-linux-gnu.tar.gz’
* DONE (diptest)
* installing *source* package ‘massiR’ ...
** this is package ‘massiR’ version ‘1.47.0’
** using staged installation
** R
** data
*** moving datasets to lazyload DB
** inst
** byte-compile and prepare package for lazy loading
** help
*** installing help indices
** building package indices
** installing vignettes
** testing if installed package can be loaded from temporary location
** testing if installed package can be loaded from final location
** testing if installed package keeps a record of temporary installation path
* creating tarball
packaged installation of ‘massiR’ as ‘massiR_1.47.0_R_x86_64-pc-linux-gnu.tar.gz’
* DONE (massiR)

The downloaded source packages are in
	‘/tmp/RtmpqY0pN5/downloaded_packages’
Old packages: 'promises'

real	0m7.673s
user	0m5.901s
sys	0m2.636s
