+ Rscript -e 'Sys.setenv(BIOCONDUCTOR_USE_CONTAINER_REPOSITORY=FALSE);
  p <- .libPaths();
  p <- c('\'''\'', '\'''\'', p);
  .libPaths(p);
  if(BiocManager::install('\''iPath'\'', INSTALL_opts = '\''--build'\'', update = TRUE, quiet = FALSE, dependencies=TRUE, force = TRUE, keep_outputs = TRUE) %in% rownames(installed.packages())) q(status = 0) else q(status = 1)'
'getOption("repos")' replaces Bioconductor standard repositories, see
'help("repositories", package = "BiocManager")' for details.
Replacement repositories:
    CRAN: https://p3m.dev/cran/__linux__/noble/latest
Bioconductor version 3.21 (BiocManager 1.30.26), R 4.5.1 (2025-06-13)
Installing package(s) 'iPath'
also installing the dependencies ‘rbibutils’, ‘Deriv’, ‘modelr’, ‘microbenchmark’, ‘Rdpack’, ‘numDeriv’, ‘doBy’, ‘SparseM’, ‘MatrixModels’, ‘minqa’, ‘nloptr’, ‘reformulas’, ‘RcppEigen’, ‘litedown’, ‘formatR’, ‘carData’, ‘abind’, ‘Formula’, ‘pbkrtest’, ‘quantreg’, ‘lme4’, ‘markdown’, ‘png’, ‘jpeg’, ‘lambda.r’, ‘futile.options’, ‘tidyselect’, ‘generics’, ‘farver’, ‘labeling’, ‘RColorBrewer’, ‘viridisLite’, ‘corrplot’, ‘car’, ‘exactRankTests’, ‘mvtnorm’, ‘backports’, ‘KMsurv’, ‘data.table’, ‘zoo’, ‘km.ci’, ‘gridtext’, ‘futile.logger’, ‘snow’, ‘BH’, ‘ggrepel’, ‘ggsci’, ‘tidyr’, ‘dplyr’, ‘cowplot’, ‘ggsignif’, ‘scales’, ‘gridExtra’, ‘polynom’, ‘rstatix’, ‘gtable’, ‘isoband’, ‘S7’, ‘maxstat’, ‘broom’, ‘survMisc’, ‘ggtext’, ‘bookdown’, ‘mclust’, ‘BiocParallel’, ‘matrixStats’, ‘ggpubr’, ‘ggplot2’, ‘survminer’, ‘RcppArmadillo’, ‘BiocStyle’

trying URL 'https://p3m.dev/cran/__linux__/noble/latest/src/contrib/rbibutils_2.3.tar.gz'
trying URL 'https://p3m.dev/cran/__linux__/noble/latest/src/contrib/Deriv_4.2.0.tar.gz'
trying URL 'https://p3m.dev/cran/__linux__/noble/latest/src/contrib/modelr_0.1.11.tar.gz'
trying URL 'https://p3m.dev/cran/__linux__/noble/latest/src/contrib/microbenchmark_1.5.0.tar.gz'
trying URL 'https://p3m.dev/cran/__linux__/noble/latest/src/contrib/Rdpack_2.6.4.tar.gz'
trying URL 'https://p3m.dev/cran/__linux__/noble/latest/src/contrib/numDeriv_2016.8-1.1.tar.gz'
trying URL 'https://p3m.dev/cran/__linux__/noble/latest/src/contrib/doBy_4.7.0.tar.gz'
trying URL 'https://p3m.dev/cran/__linux__/noble/latest/src/contrib/SparseM_1.84-2.tar.gz'
trying URL 'https://p3m.dev/cran/__linux__/noble/latest/src/contrib/MatrixModels_0.5-4.tar.gz'
trying URL 'https://p3m.dev/cran/__linux__/noble/latest/src/contrib/minqa_1.2.8.tar.gz'
trying URL 'https://p3m.dev/cran/__linux__/noble/latest/src/contrib/nloptr_2.2.1.tar.gz'
trying URL 'https://p3m.dev/cran/__linux__/noble/latest/src/contrib/reformulas_0.4.2.tar.gz'
trying URL 'https://p3m.dev/cran/__linux__/noble/latest/src/contrib/RcppEigen_0.3.4.0.2.tar.gz'
trying URL 'https://p3m.dev/cran/__linux__/noble/latest/src/contrib/litedown_0.7.tar.gz'
trying URL 'https://p3m.dev/cran/__linux__/noble/latest/src/contrib/formatR_1.14.tar.gz'
trying URL 'https://p3m.dev/cran/__linux__/noble/latest/src/contrib/carData_3.0-5.tar.gz'
trying URL 'https://p3m.dev/cran/__linux__/noble/latest/src/contrib/abind_1.4-8.tar.gz'
trying URL 'https://p3m.dev/cran/__linux__/noble/latest/src/contrib/Formula_1.2-5.tar.gz'
trying URL 'https://p3m.dev/cran/__linux__/noble/latest/src/contrib/pbkrtest_0.5.5.tar.gz'
trying URL 'https://p3m.dev/cran/__linux__/noble/latest/src/contrib/quantreg_6.1.tar.gz'
trying URL 'https://p3m.dev/cran/__linux__/noble/latest/src/contrib/lme4_1.1-37.tar.gz'
trying URL 'https://p3m.dev/cran/__linux__/noble/latest/src/contrib/markdown_2.0.tar.gz'
trying URL 'https://p3m.dev/cran/__linux__/noble/latest/src/contrib/png_0.1-8.tar.gz'
trying URL 'https://p3m.dev/cran/__linux__/noble/latest/src/contrib/jpeg_0.1-11.tar.gz'
trying URL 'https://p3m.dev/cran/__linux__/noble/latest/src/contrib/lambda.r_1.2.4.tar.gz'
trying URL 'https://p3m.dev/cran/__linux__/noble/latest/src/contrib/futile.options_1.0.1.tar.gz'
trying URL 'https://p3m.dev/cran/__linux__/noble/latest/src/contrib/tidyselect_1.2.1.tar.gz'
trying URL 'https://p3m.dev/cran/__linux__/noble/latest/src/contrib/generics_0.1.4.tar.gz'
trying URL 'https://p3m.dev/cran/__linux__/noble/latest/src/contrib/farver_2.1.2.tar.gz'
trying URL 'https://p3m.dev/cran/__linux__/noble/latest/src/contrib/labeling_0.4.3.tar.gz'
trying URL 'https://p3m.dev/cran/__linux__/noble/latest/src/contrib/RColorBrewer_1.1-3.tar.gz'
trying URL 'https://p3m.dev/cran/__linux__/noble/latest/src/contrib/viridisLite_0.4.2.tar.gz'
trying URL 'https://p3m.dev/cran/__linux__/noble/latest/src/contrib/corrplot_0.95.tar.gz'
trying URL 'https://p3m.dev/cran/__linux__/noble/latest/src/contrib/car_3.1-3.tar.gz'
trying URL 'https://p3m.dev/cran/__linux__/noble/latest/src/contrib/exactRankTests_0.8-35.tar.gz'
trying URL 'https://p3m.dev/cran/__linux__/noble/latest/src/contrib/mvtnorm_1.3-3.tar.gz'
trying URL 'https://p3m.dev/cran/__linux__/noble/latest/src/contrib/backports_1.5.0.tar.gz'
trying URL 'https://p3m.dev/cran/__linux__/noble/latest/src/contrib/KMsurv_0.1-6.tar.gz'
trying URL 'https://p3m.dev/cran/__linux__/noble/latest/src/contrib/data.table_1.17.8.tar.gz'
trying URL 'https://p3m.dev/cran/__linux__/noble/latest/src/contrib/zoo_1.8-14.tar.gz'
trying URL 'https://p3m.dev/cran/__linux__/noble/latest/src/contrib/km.ci_0.5-6.tar.gz'
trying URL 'https://p3m.dev/cran/__linux__/noble/latest/src/contrib/gridtext_0.1.5.tar.gz'
trying URL 'https://p3m.dev/cran/__linux__/noble/latest/src/contrib/futile.logger_1.4.3.tar.gz'
trying URL 'https://p3m.dev/cran/__linux__/noble/latest/src/contrib/snow_0.4-4.tar.gz'
trying URL 'https://p3m.dev/cran/__linux__/noble/latest/src/contrib/BH_1.87.0-1.tar.gz'
trying URL 'https://p3m.dev/cran/__linux__/noble/latest/src/contrib/ggrepel_0.9.6.tar.gz'
trying URL 'https://p3m.dev/cran/__linux__/noble/latest/src/contrib/ggsci_4.1.0.tar.gz'
trying URL 'https://p3m.dev/cran/__linux__/noble/latest/src/contrib/tidyr_1.3.1.tar.gz'
trying URL 'https://p3m.dev/cran/__linux__/noble/latest/src/contrib/dplyr_1.1.4.tar.gz'
trying URL 'https://p3m.dev/cran/__linux__/noble/latest/src/contrib/cowplot_1.2.0.tar.gz'
trying URL 'https://p3m.dev/cran/__linux__/noble/latest/src/contrib/ggsignif_0.6.4.tar.gz'
trying URL 'https://p3m.dev/cran/__linux__/noble/latest/src/contrib/scales_1.4.0.tar.gz'
trying URL 'https://p3m.dev/cran/__linux__/noble/latest/src/contrib/gridExtra_2.3.tar.gz'
trying URL 'https://p3m.dev/cran/__linux__/noble/latest/src/contrib/polynom_1.4-1.tar.gz'
trying URL 'https://p3m.dev/cran/__linux__/noble/latest/src/contrib/rstatix_0.7.3.tar.gz'
trying URL 'https://p3m.dev/cran/__linux__/noble/latest/src/contrib/gtable_0.3.6.tar.gz'
trying URL 'https://p3m.dev/cran/__linux__/noble/latest/src/contrib/isoband_0.2.7.tar.gz'
trying URL 'https://p3m.dev/cran/__linux__/noble/latest/src/contrib/S7_0.2.0.tar.gz'
trying URL 'https://p3m.dev/cran/__linux__/noble/latest/src/contrib/maxstat_0.7-26.tar.gz'
trying URL 'https://p3m.dev/cran/__linux__/noble/latest/src/contrib/broom_1.0.10.tar.gz'
trying URL 'https://p3m.dev/cran/__linux__/noble/latest/src/contrib/survMisc_0.5.6.tar.gz'
trying URL 'https://p3m.dev/cran/__linux__/noble/latest/src/contrib/ggtext_0.1.2.tar.gz'
trying URL 'https://p3m.dev/cran/__linux__/noble/latest/src/contrib/bookdown_0.45.tar.gz'
trying URL 'https://p3m.dev/cran/__linux__/noble/latest/src/contrib/mclust_6.1.1.tar.gz'
trying URL 'https://bioconductor.org/packages/3.21/bioc/src/contrib/BiocParallel_1.42.2.tar.gz'
trying URL 'https://p3m.dev/cran/__linux__/noble/latest/src/contrib/matrixStats_1.5.0.tar.gz'
trying URL 'https://p3m.dev/cran/__linux__/noble/latest/src/contrib/ggpubr_0.6.2.tar.gz'
trying URL 'https://p3m.dev/cran/__linux__/noble/latest/src/contrib/ggplot2_4.0.0.tar.gz'
trying URL 'https://p3m.dev/cran/__linux__/noble/latest/src/contrib/survminer_0.5.1.tar.gz'
trying URL 'https://p3m.dev/cran/__linux__/noble/latest/src/contrib/RcppArmadillo_15.0.2-2.tar.gz'
trying URL 'https://bioconductor.org/packages/3.21/bioc/src/contrib/BiocStyle_2.36.0.tar.gz'
trying URL 'https://bioconductor.org/packages/3.21/bioc/src/contrib/iPath_1.14.0.tar.gz'
* installing *binary* package ‘rbibutils’ ...
* ‘rbibutils’ was already a binary package and will not be rebuilt
* creating tarball
packaged installation of ‘rbibutils’ as ‘rbibutils_2.3_R_x86_64-pc-linux-gnu.tar.gz’
* DONE (rbibutils)
* installing *binary* package ‘Deriv’ ...
* ‘Deriv’ was already a binary package and will not be rebuilt
* creating tarball
packaged installation of ‘Deriv’ as ‘Deriv_4.2.0_R_x86_64-pc-linux-gnu.tar.gz’
* DONE (Deriv)
* installing *binary* package ‘microbenchmark’ ...
* ‘microbenchmark’ was already a binary package and will not be rebuilt
* creating tarball
packaged installation of ‘microbenchmark’ as ‘microbenchmark_1.5.0_R_x86_64-pc-linux-gnu.tar.gz’
* DONE (microbenchmark)
* installing *binary* package ‘numDeriv’ ...
* ‘numDeriv’ was already a binary package and will not be rebuilt
* creating tarball
packaged installation of ‘numDeriv’ as ‘numDeriv_2016.8-1.1_R_x86_64-pc-linux-gnu.tar.gz’
* DONE (numDeriv)
* installing *binary* package ‘SparseM’ ...
* ‘SparseM’ was already a binary package and will not be rebuilt
* creating tarball
packaged installation of ‘SparseM’ as ‘SparseM_1.84-2_R_x86_64-pc-linux-gnu.tar.gz’
* DONE (SparseM)
* installing *binary* package ‘MatrixModels’ ...
* ‘MatrixModels’ was already a binary package and will not be rebuilt
* creating tarball
packaged installation of ‘MatrixModels’ as ‘MatrixModels_0.5-4_R_x86_64-pc-linux-gnu.tar.gz’
* DONE (MatrixModels)
* installing *binary* package ‘minqa’ ...
* ‘minqa’ was already a binary package and will not be rebuilt
* creating tarball
packaged installation of ‘minqa’ as ‘minqa_1.2.8_R_x86_64-pc-linux-gnu.tar.gz’
* DONE (minqa)
* installing *binary* package ‘nloptr’ ...
* ‘nloptr’ was already a binary package and will not be rebuilt
* creating tarball
packaged installation of ‘nloptr’ as ‘nloptr_2.2.1_R_x86_64-pc-linux-gnu.tar.gz’
* DONE (nloptr)
* installing *binary* package ‘RcppEigen’ ...
* ‘RcppEigen’ was already a binary package and will not be rebuilt
* creating tarball
packaged installation of ‘RcppEigen’ as ‘RcppEigen_0.3.4.0.2_R_x86_64-pc-linux-gnu.tar.gz’
* DONE (RcppEigen)
* installing *binary* package ‘litedown’ ...
* ‘litedown’ was already a binary package and will not be rebuilt
* creating tarball
packaged installation of ‘litedown’ as ‘litedown_0.7_R_x86_64-pc-linux-gnu.tar.gz’
* DONE (litedown)
* installing *binary* package ‘formatR’ ...
* ‘formatR’ was already a binary package and will not be rebuilt
* creating tarball
packaged installation of ‘formatR’ as ‘formatR_1.14_R_x86_64-pc-linux-gnu.tar.gz’
* DONE (formatR)
* installing *binary* package ‘carData’ ...
* ‘carData’ was already a binary package and will not be rebuilt
* creating tarball
packaged installation of ‘carData’ as ‘carData_3.0-5_R_x86_64-pc-linux-gnu.tar.gz’
* DONE (carData)
* installing *binary* package ‘abind’ ...
* ‘abind’ was already a binary package and will not be rebuilt
* creating tarball
packaged installation of ‘abind’ as ‘abind_1.4-8_R_x86_64-pc-linux-gnu.tar.gz’
* DONE (abind)
* installing *binary* package ‘Formula’ ...
* ‘Formula’ was already a binary package and will not be rebuilt
* creating tarball
packaged installation of ‘Formula’ as ‘Formula_1.2-5_R_x86_64-pc-linux-gnu.tar.gz’
* DONE (Formula)
* installing *binary* package ‘png’ ...
* ‘png’ was already a binary package and will not be rebuilt
* creating tarball
packaged installation of ‘png’ as ‘png_0.1-8_R_x86_64-pc-linux-gnu.tar.gz’
* DONE (png)
* installing *binary* package ‘jpeg’ ...
* ‘jpeg’ was already a binary package and will not be rebuilt
* creating tarball
packaged installation of ‘jpeg’ as ‘jpeg_0.1-11_R_x86_64-pc-linux-gnu.tar.gz’
* DONE (jpeg)
* installing *binary* package ‘futile.options’ ...
* ‘futile.options’ was already a binary package and will not be rebuilt
* creating tarball
packaged installation of ‘futile.options’ as ‘futile.options_1.0.1_R_x86_64-pc-linux-gnu.tar.gz’
* DONE (futile.options)
* installing *binary* package ‘tidyselect’ ...
* ‘tidyselect’ was already a binary package and will not be rebuilt
* creating tarball
packaged installation of ‘tidyselect’ as ‘tidyselect_1.2.1_R_x86_64-pc-linux-gnu.tar.gz’
* DONE (tidyselect)
* installing *binary* package ‘generics’ ...
* ‘generics’ was already a binary package and will not be rebuilt
* creating tarball
packaged installation of ‘generics’ as ‘generics_0.1.4_R_x86_64-pc-linux-gnu.tar.gz’
* DONE (generics)
* installing *binary* package ‘farver’ ...
* ‘farver’ was already a binary package and will not be rebuilt
* creating tarball
packaged installation of ‘farver’ as ‘farver_2.1.2_R_x86_64-pc-linux-gnu.tar.gz’
* DONE (farver)
* installing *binary* package ‘labeling’ ...
* ‘labeling’ was already a binary package and will not be rebuilt
* creating tarball
packaged installation of ‘labeling’ as ‘labeling_0.4.3_R_x86_64-pc-linux-gnu.tar.gz’
* DONE (labeling)
* installing *binary* package ‘RColorBrewer’ ...
* ‘RColorBrewer’ was already a binary package and will not be rebuilt
* creating tarball
packaged installation of ‘RColorBrewer’ as ‘RColorBrewer_1.1-3_R_x86_64-pc-linux-gnu.tar.gz’
* DONE (RColorBrewer)
* installing *binary* package ‘viridisLite’ ...
* ‘viridisLite’ was already a binary package and will not be rebuilt
* creating tarball
packaged installation of ‘viridisLite’ as ‘viridisLite_0.4.2_R_x86_64-pc-linux-gnu.tar.gz’
* DONE (viridisLite)
* installing *binary* package ‘corrplot’ ...
* ‘corrplot’ was already a binary package and will not be rebuilt
* creating tarball
packaged installation of ‘corrplot’ as ‘corrplot_0.95_R_x86_64-pc-linux-gnu.tar.gz’
* DONE (corrplot)
* installing *binary* package ‘exactRankTests’ ...
* ‘exactRankTests’ was already a binary package and will not be rebuilt
* creating tarball
packaged installation of ‘exactRankTests’ as ‘exactRankTests_0.8-35_R_x86_64-pc-linux-gnu.tar.gz’
* DONE (exactRankTests)
* installing *binary* package ‘mvtnorm’ ...
* ‘mvtnorm’ was already a binary package and will not be rebuilt
* creating tarball
packaged installation of ‘mvtnorm’ as ‘mvtnorm_1.3-3_R_x86_64-pc-linux-gnu.tar.gz’
* DONE (mvtnorm)
* installing *binary* package ‘backports’ ...
* ‘backports’ was already a binary package and will not be rebuilt
* creating tarball
packaged installation of ‘backports’ as ‘backports_1.5.0_R_x86_64-pc-linux-gnu.tar.gz’
* DONE (backports)
* installing *binary* package ‘KMsurv’ ...
* ‘KMsurv’ was already a binary package and will not be rebuilt
* creating tarball
packaged installation of ‘KMsurv’ as ‘KMsurv_0.1-6_R_x86_64-pc-linux-gnu.tar.gz’
* DONE (KMsurv)
* installing *binary* package ‘data.table’ ...
* ‘data.table’ was already a binary package and will not be rebuilt
* creating tarball
packaged installation of ‘data.table’ as ‘data.table_1.17.8_R_x86_64-pc-linux-gnu.tar.gz’
* DONE (data.table)
* installing *binary* package ‘zoo’ ...
* ‘zoo’ was already a binary package and will not be rebuilt
* creating tarball
packaged installation of ‘zoo’ as ‘zoo_1.8-14_R_x86_64-pc-linux-gnu.tar.gz’
* DONE (zoo)
* installing *binary* package ‘km.ci’ ...
* ‘km.ci’ was already a binary package and will not be rebuilt
* creating tarball
packaged installation of ‘km.ci’ as ‘km.ci_0.5-6_R_x86_64-pc-linux-gnu.tar.gz’
* DONE (km.ci)
* installing *binary* package ‘snow’ ...
* ‘snow’ was already a binary package and will not be rebuilt
* creating tarball
packaged installation of ‘snow’ as ‘snow_0.4-4_R_x86_64-pc-linux-gnu.tar.gz’
* DONE (snow)
* installing *binary* package ‘BH’ ...
* ‘BH’ was already a binary package and will not be rebuilt
* creating tarball
packaged installation of ‘BH’ as ‘BH_1.87.0-1_R_x86_64-pc-linux-gnu.tar.gz’
* DONE (BH)
* installing *binary* package ‘polynom’ ...
* ‘polynom’ was already a binary package and will not be rebuilt
* creating tarball
packaged installation of ‘polynom’ as ‘polynom_1.4-1_R_x86_64-pc-linux-gnu.tar.gz’
* DONE (polynom)
* installing *binary* package ‘gtable’ ...
* ‘gtable’ was already a binary package and will not be rebuilt
* creating tarball
packaged installation of ‘gtable’ as ‘gtable_0.3.6_R_x86_64-pc-linux-gnu.tar.gz’
* DONE (gtable)
* installing *binary* package ‘isoband’ ...
* ‘isoband’ was already a binary package and will not be rebuilt
* creating tarball
packaged installation of ‘isoband’ as ‘isoband_0.2.7_R_x86_64-pc-linux-gnu.tar.gz’
* DONE (isoband)
* installing *binary* package ‘S7’ ...
* ‘S7’ was already a binary package and will not be rebuilt
* creating tarball
packaged installation of ‘S7’ as ‘S7_0.2.0_R_x86_64-pc-linux-gnu.tar.gz’
* DONE (S7)
* installing *binary* package ‘bookdown’ ...
* ‘bookdown’ was already a binary package and will not be rebuilt
* creating tarball
packaged installation of ‘bookdown’ as ‘bookdown_0.45_R_x86_64-pc-linux-gnu.tar.gz’
* DONE (bookdown)
* installing *binary* package ‘mclust’ ...
* ‘mclust’ was already a binary package and will not be rebuilt
* creating tarball
packaged installation of ‘mclust’ as ‘mclust_6.1.1_R_x86_64-pc-linux-gnu.tar.gz’
* DONE (mclust)
* installing *binary* package ‘matrixStats’ ...
* ‘matrixStats’ was already a binary package and will not be rebuilt
* creating tarball
packaged installation of ‘matrixStats’ as ‘matrixStats_1.5.0_R_x86_64-pc-linux-gnu.tar.gz’
* DONE (matrixStats)
* installing *binary* package ‘RcppArmadillo’ ...
* ‘RcppArmadillo’ was already a binary package and will not be rebuilt
* creating tarball
packaged installation of ‘RcppArmadillo’ as ‘RcppArmadillo_15.0.2-2_R_x86_64-pc-linux-gnu.tar.gz’
* DONE (RcppArmadillo)
* installing *binary* package ‘Rdpack’ ...
* ‘Rdpack’ was already a binary package and will not be rebuilt
* creating tarball
packaged installation of ‘Rdpack’ as ‘Rdpack_2.6.4_R_x86_64-pc-linux-gnu.tar.gz’
* DONE (Rdpack)
* installing *binary* package ‘quantreg’ ...
* ‘quantreg’ was already a binary package and will not be rebuilt
* creating tarball
packaged installation of ‘quantreg’ as ‘quantreg_6.1_R_x86_64-pc-linux-gnu.tar.gz’
* DONE (quantreg)
* installing *binary* package ‘markdown’ ...
* ‘markdown’ was already a binary package and will not be rebuilt
* creating tarball
packaged installation of ‘markdown’ as ‘markdown_2.0_R_x86_64-pc-linux-gnu.tar.gz’
* DONE (markdown)
* installing *binary* package ‘lambda.r’ ...
* ‘lambda.r’ was already a binary package and will not be rebuilt
* creating tarball
packaged installation of ‘lambda.r’ as ‘lambda.r_1.2.4_R_x86_64-pc-linux-gnu.tar.gz’
* DONE (lambda.r)
* installing *binary* package ‘dplyr’ ...
* ‘dplyr’ was already a binary package and will not be rebuilt
* creating tarball
packaged installation of ‘dplyr’ as ‘dplyr_1.1.4_R_x86_64-pc-linux-gnu.tar.gz’
* DONE (dplyr)
* installing *binary* package ‘scales’ ...
* ‘scales’ was already a binary package and will not be rebuilt
* creating tarball
packaged installation of ‘scales’ as ‘scales_1.4.0_R_x86_64-pc-linux-gnu.tar.gz’
* DONE (scales)
* installing *binary* package ‘gridExtra’ ...
* ‘gridExtra’ was already a binary package and will not be rebuilt
* creating tarball
packaged installation of ‘gridExtra’ as ‘gridExtra_2.3_R_x86_64-pc-linux-gnu.tar.gz’
* DONE (gridExtra)
* installing *binary* package ‘maxstat’ ...
* ‘maxstat’ was already a binary package and will not be rebuilt
* creating tarball
packaged installation of ‘maxstat’ as ‘maxstat_0.7-26_R_x86_64-pc-linux-gnu.tar.gz’
* DONE (maxstat)
* installing *source* package ‘BiocStyle’ ...
** this is package ‘BiocStyle’ version ‘2.36.0’
** using staged installation
** R
** inst
** byte-compile and prepare package for lazy loading
** help
*** installing help indices
** building package indices
** installing vignettes
** testing if installed package can be loaded from temporary location
** testing if installed package can be loaded from final location
** testing if installed package keeps a record of temporary installation path
* creating tarball
packaged installation of ‘BiocStyle’ as ‘BiocStyle_2.36.0_R_x86_64-pc-linux-gnu.tar.gz’
* DONE (BiocStyle)
* installing *binary* package ‘reformulas’ ...
* ‘reformulas’ was already a binary package and will not be rebuilt
* creating tarball
packaged installation of ‘reformulas’ as ‘reformulas_0.4.2_R_x86_64-pc-linux-gnu.tar.gz’
* DONE (reformulas)
* installing *binary* package ‘gridtext’ ...
* ‘gridtext’ was already a binary package and will not be rebuilt
* creating tarball
packaged installation of ‘gridtext’ as ‘gridtext_0.1.5_R_x86_64-pc-linux-gnu.tar.gz’
* DONE (gridtext)
* installing *binary* package ‘futile.logger’ ...
* ‘futile.logger’ was already a binary package and will not be rebuilt
* creating tarball
packaged installation of ‘futile.logger’ as ‘futile.logger_1.4.3_R_x86_64-pc-linux-gnu.tar.gz’
* DONE (futile.logger)
* installing *binary* package ‘tidyr’ ...
* ‘tidyr’ was already a binary package and will not be rebuilt
* creating tarball
packaged installation of ‘tidyr’ as ‘tidyr_1.3.1_R_x86_64-pc-linux-gnu.tar.gz’
* DONE (tidyr)
* installing *binary* package ‘ggplot2’ ...
* ‘ggplot2’ was already a binary package and will not be rebuilt
* creating tarball
packaged installation of ‘ggplot2’ as ‘ggplot2_4.0.0_R_x86_64-pc-linux-gnu.tar.gz’
* DONE (ggplot2)
* installing *binary* package ‘lme4’ ...
* ‘lme4’ was already a binary package and will not be rebuilt
* creating tarball
packaged installation of ‘lme4’ as ‘lme4_1.1-37_R_x86_64-pc-linux-gnu.tar.gz’
* DONE (lme4)
* installing *binary* package ‘ggrepel’ ...
* ‘ggrepel’ was already a binary package and will not be rebuilt
* creating tarball
packaged installation of ‘ggrepel’ as ‘ggrepel_0.9.6_R_x86_64-pc-linux-gnu.tar.gz’
* DONE (ggrepel)
* installing *binary* package ‘ggsci’ ...
* ‘ggsci’ was already a binary package and will not be rebuilt
* creating tarball
packaged installation of ‘ggsci’ as ‘ggsci_4.1.0_R_x86_64-pc-linux-gnu.tar.gz’
* DONE (ggsci)
* installing *binary* package ‘cowplot’ ...
* ‘cowplot’ was already a binary package and will not be rebuilt
* creating tarball
packaged installation of ‘cowplot’ as ‘cowplot_1.2.0_R_x86_64-pc-linux-gnu.tar.gz’
* DONE (cowplot)
* installing *binary* package ‘ggsignif’ ...
* ‘ggsignif’ was already a binary package and will not be rebuilt
* creating tarball
packaged installation of ‘ggsignif’ as ‘ggsignif_0.6.4_R_x86_64-pc-linux-gnu.tar.gz’
* DONE (ggsignif)
* installing *binary* package ‘broom’ ...
* ‘broom’ was already a binary package and will not be rebuilt
* creating tarball
packaged installation of ‘broom’ as ‘broom_1.0.10_R_x86_64-pc-linux-gnu.tar.gz’
* DONE (broom)
* installing *binary* package ‘survMisc’ ...
* ‘survMisc’ was already a binary package and will not be rebuilt
* creating tarball
packaged installation of ‘survMisc’ as ‘survMisc_0.5.6_R_x86_64-pc-linux-gnu.tar.gz’
* DONE (survMisc)
* installing *binary* package ‘ggtext’ ...
* ‘ggtext’ was already a binary package and will not be rebuilt
* creating tarball
packaged installation of ‘ggtext’ as ‘ggtext_0.1.2_R_x86_64-pc-linux-gnu.tar.gz’
* DONE (ggtext)
* installing *source* package ‘BiocParallel’ ...
** this is package ‘BiocParallel’ version ‘1.42.2’
** using staged installation
checking whether the C++ compiler works... yes
checking for C++ compiler default output file name... a.out
checking for suffix of executables... 
checking whether we are cross compiling... no
checking for suffix of object files... o
checking whether the compiler supports GNU C++... yes
checking whether g++ -std=gnu++17 accepts -g... yes
checking for g++ -std=gnu++17 option to enable C++11 features... none needed
checking for library containing shm_open... none required
checking for stdio.h... yes
checking for stdlib.h... yes
checking for string.h... yes
checking for inttypes.h... yes
checking for stdint.h... yes
checking for strings.h... yes
checking for sys/stat.h... yes
checking for sys/types.h... yes
checking for unistd.h... yes
checking for sys/mman.h... yes
configure: creating ./config.status
config.status: creating src/Makevars
** libs
using C++ compiler: ‘g++ (Ubuntu 13.3.0-6ubuntu2~24.04) 13.3.0’
using C++11
g++ -std=gnu++11 -I"/usr/local/lib/R/include" -DNDEBUG -I"./" -I'/usr/local/lib/R/site-library/BH/include' -I'/usr/local/lib/R/site-library/cpp11/include' -I/usr/local/include    -fpic  -g -O2 -fstack-protector-strong -Wformat -Werror=format-security -Wdate-time -D_FORTIFY_SOURCE=2 -g   -c cpp11.cpp -o cpp11.o
g++ -std=gnu++11 -I"/usr/local/lib/R/include" -DNDEBUG -I"./" -I'/usr/local/lib/R/site-library/BH/include' -I'/usr/local/lib/R/site-library/cpp11/include' -I/usr/local/include    -fpic  -g -O2 -fstack-protector-strong -Wformat -Werror=format-security -Wdate-time -D_FORTIFY_SOURCE=2 -g   -c ipcmutex.cpp -o ipcmutex.o
g++ -std=gnu++11 -shared -L/usr/local/lib/R/lib -L/usr/local/lib -o BiocParallel.so cpp11.o ipcmutex.o -L/usr/local/lib/R/lib -lR
installing to /usr/local/lib/R/site-library/00LOCK-BiocParallel/00new/BiocParallel/libs
** R
** inst
** byte-compile and prepare package for lazy loading
** help
*** installing help indices
** building package indices
** installing vignettes
** testing if installed package can be loaded from temporary location
** checking absolute paths in shared objects and dynamic libraries
** testing if installed package can be loaded from final location
** testing if installed package keeps a record of temporary installation path
* creating tarball
packaged installation of ‘BiocParallel’ as ‘BiocParallel_1.42.2_R_x86_64-pc-linux-gnu.tar.gz’
* DONE (BiocParallel)
* installing *binary* package ‘modelr’ ...
* ‘modelr’ was already a binary package and will not be rebuilt
* creating tarball
packaged installation of ‘modelr’ as ‘modelr_0.1.11_R_x86_64-pc-linux-gnu.tar.gz’
* DONE (modelr)
* installing *binary* package ‘doBy’ ...
* ‘doBy’ was already a binary package and will not be rebuilt
* creating tarball
packaged installation of ‘doBy’ as ‘doBy_4.7.0_R_x86_64-pc-linux-gnu.tar.gz’
* DONE (doBy)
* installing *binary* package ‘pbkrtest’ ...
* ‘pbkrtest’ was already a binary package and will not be rebuilt
* creating tarball
packaged installation of ‘pbkrtest’ as ‘pbkrtest_0.5.5_R_x86_64-pc-linux-gnu.tar.gz’
* DONE (pbkrtest)
* installing *binary* package ‘car’ ...
* ‘car’ was already a binary package and will not be rebuilt
* creating tarball
packaged installation of ‘car’ as ‘car_3.1-3_R_x86_64-pc-linux-gnu.tar.gz’
* DONE (car)
* installing *binary* package ‘rstatix’ ...
* ‘rstatix’ was already a binary package and will not be rebuilt
* creating tarball
packaged installation of ‘rstatix’ as ‘rstatix_0.7.3_R_x86_64-pc-linux-gnu.tar.gz’
* DONE (rstatix)
* installing *binary* package ‘ggpubr’ ...
* ‘ggpubr’ was already a binary package and will not be rebuilt
* creating tarball
packaged installation of ‘ggpubr’ as ‘ggpubr_0.6.2_R_x86_64-pc-linux-gnu.tar.gz’
* DONE (ggpubr)
* installing *binary* package ‘survminer’ ...
* ‘survminer’ was already a binary package and will not be rebuilt
* creating tarball
packaged installation of ‘survminer’ as ‘survminer_0.5.1_R_x86_64-pc-linux-gnu.tar.gz’
* DONE (survminer)
* installing *source* package ‘iPath’ ...
** this is package ‘iPath’ version ‘1.14.0’
** using staged installation
** libs
using C++ compiler: ‘g++ (Ubuntu 13.3.0-6ubuntu2~24.04) 13.3.0’
using C++11
g++ -std=gnu++11 -I"/usr/local/lib/R/include" -DNDEBUG  -I'/usr/local/lib/R/site-library/Rcpp/include' -I'/usr/local/lib/R/site-library/RcppArmadillo/include' -I/usr/local/include    -fpic  -g -O2 -fstack-protector-strong -Wformat -Werror=format-security -Wdate-time -D_FORTIFY_SOURCE=2 -g   -c CppFunctions.cpp -o CppFunctions.o
In file included from /usr/local/lib/R/site-library/RcppArmadillo/include/RcppArmadillo.h:29,
                 from CppFunctions.cpp:3:
/usr/local/lib/R/site-library/RcppArmadillo/include/RcppArmadillo/version/arma.h:66:199: note: ‘#pragma message: Using fallback compilation with Armadillo 14.6.3. Please consider defining -DARMA_USE_CURRENT and also removing C++11 compilation directive. See GitHub issue #475 for more.’
   66 |         #pragma message("Using fallback compilation with Armadillo 14.6.3. Please consider defining -DARMA_USE_CURRENT and also removing C++11 compilation directive. See GitHub issue #475 for more.")
      |                                                                                                                                                                                                       ^
g++ -std=gnu++11 -I"/usr/local/lib/R/include" -DNDEBUG  -I'/usr/local/lib/R/site-library/Rcpp/include' -I'/usr/local/lib/R/site-library/RcppArmadillo/include' -I/usr/local/include    -fpic  -g -O2 -fstack-protector-strong -Wformat -Werror=format-security -Wdate-time -D_FORTIFY_SOURCE=2 -g   -c RcppExports.cpp -o RcppExports.o
In file included from /usr/local/lib/R/site-library/RcppArmadillo/include/RcppArmadillo.h:29,
                 from RcppExports.cpp:4:
/usr/local/lib/R/site-library/RcppArmadillo/include/RcppArmadillo/version/arma.h:66:199: note: ‘#pragma message: Using fallback compilation with Armadillo 14.6.3. Please consider defining -DARMA_USE_CURRENT and also removing C++11 compilation directive. See GitHub issue #475 for more.’
   66 |         #pragma message("Using fallback compilation with Armadillo 14.6.3. Please consider defining -DARMA_USE_CURRENT and also removing C++11 compilation directive. See GitHub issue #475 for more.")
      |                                                                                                                                                                                                       ^
g++ -std=gnu++11 -shared -L/usr/local/lib/R/lib -L/usr/local/lib -o iPath.so CppFunctions.o RcppExports.o -llapack -lblas -lgfortran -lm -lquadmath -L/usr/local/lib/R/lib -lR
installing to /usr/local/lib/R/site-library/00LOCK-iPath/00new/iPath/libs
** R
** data
** inst
** byte-compile and prepare package for lazy loading
** help
*** installing help indices
** building package indices
** installing vignettes
** testing if installed package can be loaded from temporary location
** checking absolute paths in shared objects and dynamic libraries
** testing if installed package can be loaded from final location
** testing if installed package keeps a record of temporary installation path
* creating tarball
packaged installation of ‘iPath’ as ‘iPath_1.14.0_R_x86_64-pc-linux-gnu.tar.gz’
* DONE (iPath)

The downloaded source packages are in
	‘/tmp/RtmpW4iDd0/downloaded_packages’
Old packages: 'xml2'

real	1m30.960s
user	1m14.261s
sys	0m24.060s
