+ Rscript -e 'Sys.setenv(BIOCONDUCTOR_USE_CONTAINER_REPOSITORY=FALSE);
  p <- .libPaths();
  p <- c('\'''\'', '\'''\'', p);
  .libPaths(p);
  if(BiocManager::install('\''ClusterSignificance'\'', INSTALL_opts = '\''--build'\'', update = TRUE, quiet = FALSE, dependencies=TRUE, force = TRUE, keep_outputs = TRUE) %in% rownames(installed.packages())) q(status = 0) else q(status = 1)'
'getOption("repos")' replaces Bioconductor standard repositories, see
'help("repositories", package = "BiocManager")' for details.
Replacement repositories:
    CRAN: https://cloud.r-project.org
Bioconductor version 3.23 (BiocManager 1.30.26), R Under development (unstable)
  (2025-10-28 r88973)
Installing package(s) 'ClusterSignificance'
also installing the dependencies ‘dotCall64’, ‘farver’, ‘labeling’, ‘viridisLite’, ‘spam’, ‘maps’, ‘lazyeval’, ‘bookdown’, ‘gtable’, ‘isoband’, ‘S7’, ‘scales’, ‘reshape2’, ‘plyr’, ‘fields’, ‘RhpcBLASctl’, ‘rex’, ‘httr’, ‘pracma’, ‘princurve’, ‘scatterplot3d’, ‘RColorBrewer’, ‘BiocStyle’, ‘ggplot2’, ‘plsgenomics’, ‘covr’

trying URL 'https://cloud.r-project.org/src/contrib/dotCall64_1.2.tar.gz'
trying URL 'https://cloud.r-project.org/src/contrib/farver_2.1.2.tar.gz'
trying URL 'https://cloud.r-project.org/src/contrib/labeling_0.4.3.tar.gz'
trying URL 'https://cloud.r-project.org/src/contrib/viridisLite_0.4.2.tar.gz'
trying URL 'https://cloud.r-project.org/src/contrib/spam_2.11-1.tar.gz'
trying URL 'https://cloud.r-project.org/src/contrib/maps_3.4.3.tar.gz'
trying URL 'https://cloud.r-project.org/src/contrib/lazyeval_0.2.2.tar.gz'
trying URL 'https://cloud.r-project.org/src/contrib/bookdown_0.45.tar.gz'
trying URL 'https://cloud.r-project.org/src/contrib/gtable_0.3.6.tar.gz'
trying URL 'https://cloud.r-project.org/src/contrib/isoband_0.2.7.tar.gz'
trying URL 'https://cloud.r-project.org/src/contrib/S7_0.2.0.tar.gz'
trying URL 'https://cloud.r-project.org/src/contrib/scales_1.4.0.tar.gz'
trying URL 'https://cloud.r-project.org/src/contrib/reshape2_1.4.4.tar.gz'
trying URL 'https://cloud.r-project.org/src/contrib/plyr_1.8.9.tar.gz'
trying URL 'https://cloud.r-project.org/src/contrib/fields_17.1.tar.gz'
trying URL 'https://cloud.r-project.org/src/contrib/RhpcBLASctl_0.23-42.tar.gz'
trying URL 'https://cloud.r-project.org/src/contrib/rex_1.2.1.tar.gz'
trying URL 'https://cloud.r-project.org/src/contrib/httr_1.4.7.tar.gz'
trying URL 'https://cloud.r-project.org/src/contrib/pracma_2.4.6.tar.gz'
trying URL 'https://cloud.r-project.org/src/contrib/princurve_2.1.6.tar.gz'
trying URL 'https://cloud.r-project.org/src/contrib/scatterplot3d_0.3-44.tar.gz'
trying URL 'https://cloud.r-project.org/src/contrib/RColorBrewer_1.1-3.tar.gz'
trying URL 'https://bioconductor.org/packages/3.23/bioc/src/contrib/BiocStyle_2.39.0.tar.gz'
trying URL 'https://cloud.r-project.org/src/contrib/ggplot2_4.0.0.tar.gz'
trying URL 'https://cloud.r-project.org/src/contrib/plsgenomics_1.5-3.tar.gz'
trying URL 'https://cloud.r-project.org/src/contrib/covr_3.6.4.tar.gz'
trying URL 'https://bioconductor.org/packages/3.23/bioc/src/contrib/ClusterSignificance_1.39.0.tar.gz'
* installing *source* package ‘dotCall64’ ...
** this is package ‘dotCall64’ version ‘1.2’
** package ‘dotCall64’ successfully unpacked and MD5 sums checked
** using staged installation
** libs
using C compiler: ‘gcc (Ubuntu 13.3.0-6ubuntu2~24.04) 13.3.0’
using Fortran compiler: ‘GNU Fortran (Ubuntu 13.3.0-6ubuntu2~24.04) 13.3.0’
gcc -std=gnu2x -I"/usr/local/lib/R/include" -DNDEBUG   -I/usr/local/include   -fopenmp -I../inst/include/ -DDOTCAL64_PRIVATE -fpic  -g -O2 -fstack-protector-strong -Wformat -Werror=format-security -Wdate-time -D_FORTIFY_SOURCE=2 -g  -c dotCall64.c -o dotCall64.o
gcc -std=gnu2x -I"/usr/local/lib/R/include" -DNDEBUG   -I/usr/local/include   -fopenmp -I../inst/include/ -DDOTCAL64_PRIVATE -fpic  -g -O2 -fstack-protector-strong -Wformat -Werror=format-security -Wdate-time -D_FORTIFY_SOURCE=2 -g  -c dotCall64helpers.c -o dotCall64helpers.o
gcc -std=gnu2x -I"/usr/local/lib/R/include" -DNDEBUG   -I/usr/local/include   -fopenmp -I../inst/include/ -DDOTCAL64_PRIVATE -fpic  -g -O2 -fstack-protector-strong -Wformat -Werror=format-security -Wdate-time -D_FORTIFY_SOURCE=2 -g  -c init.c -o init.o
gcc -std=gnu2x -I"/usr/local/lib/R/include" -DNDEBUG   -I/usr/local/include   -fopenmp -I../inst/include/ -DDOTCAL64_PRIVATE -fpic  -g -O2 -fstack-protector-strong -Wformat -Werror=format-security -Wdate-time -D_FORTIFY_SOURCE=2 -g  -c testfunctions_c.c -o testfunctions_c.o
gfortran  -fpic  -g -O2  -c testfunctions_f.f -o testfunctions_f.o
gcc -std=gnu2x -shared -L/usr/local/lib/R/lib -L/usr/local/lib -o dotCall64.so dotCall64.o dotCall64helpers.o init.o testfunctions_c.o testfunctions_f.o -fopenmp -lgfortran -lm -lquadmath -L/usr/local/lib/R/lib -lR
installing to /usr/local/lib/R/site-library/00LOCK-dotCall64/00new/dotCall64/libs
** R
** inst
** byte-compile and prepare package for lazy loading
** help
*** installing help indices
** building package indices
** testing if installed package can be loaded from temporary location
** checking absolute paths in shared objects and dynamic libraries
** testing if installed package can be loaded from final location
** testing if installed package keeps a record of temporary installation path
* creating tarball
packaged installation of ‘dotCall64’ as ‘dotCall64_1.2_R_x86_64-pc-linux-gnu.tar.gz’
* DONE (dotCall64)
* installing *source* package ‘farver’ ...
** this is package ‘farver’ version ‘2.1.2’
** package ‘farver’ successfully unpacked and MD5 sums checked
** using staged installation
** libs
using C++ compiler: ‘g++ (Ubuntu 13.3.0-6ubuntu2~24.04) 13.3.0’
g++ -std=gnu++17 -I"/usr/local/lib/R/include" -DNDEBUG   -I/usr/local/include    -fpic  -g -O2 -fstack-protector-strong -Wformat -Werror=format-security -Wdate-time -D_FORTIFY_SOURCE=2 -g   -c ColorSpace.cpp -o ColorSpace.o
g++ -std=gnu++17 -I"/usr/local/lib/R/include" -DNDEBUG   -I/usr/local/include    -fpic  -g -O2 -fstack-protector-strong -Wformat -Werror=format-security -Wdate-time -D_FORTIFY_SOURCE=2 -g   -c Comparison.cpp -o Comparison.o
g++ -std=gnu++17 -I"/usr/local/lib/R/include" -DNDEBUG   -I/usr/local/include    -fpic  -g -O2 -fstack-protector-strong -Wformat -Werror=format-security -Wdate-time -D_FORTIFY_SOURCE=2 -g   -c Conversion.cpp -o Conversion.o
g++ -std=gnu++17 -I"/usr/local/lib/R/include" -DNDEBUG   -I/usr/local/include    -fpic  -g -O2 -fstack-protector-strong -Wformat -Werror=format-security -Wdate-time -D_FORTIFY_SOURCE=2 -g   -c encode.cpp -o encode.o
g++ -std=gnu++17 -I"/usr/local/lib/R/include" -DNDEBUG   -I/usr/local/include    -fpic  -g -O2 -fstack-protector-strong -Wformat -Werror=format-security -Wdate-time -D_FORTIFY_SOURCE=2 -g   -c farver.cpp -o farver.o
g++ -std=gnu++17 -I"/usr/local/lib/R/include" -DNDEBUG   -I/usr/local/include    -fpic  -g -O2 -fstack-protector-strong -Wformat -Werror=format-security -Wdate-time -D_FORTIFY_SOURCE=2 -g   -c init.cpp -o init.o
g++ -std=gnu++17 -shared -L/usr/local/lib/R/lib -L/usr/local/lib -o farver.so ColorSpace.o Comparison.o Conversion.o encode.o farver.o init.o -L/usr/local/lib/R/lib -lR
installing to /usr/local/lib/R/site-library/00LOCK-farver/00new/farver/libs
** R
** byte-compile and prepare package for lazy loading
** help
*** installing help indices
*** copying figures
** building package indices
** testing if installed package can be loaded from temporary location
** checking absolute paths in shared objects and dynamic libraries
** testing if installed package can be loaded from final location
** testing if installed package keeps a record of temporary installation path
* creating tarball
packaged installation of ‘farver’ as ‘farver_2.1.2_R_x86_64-pc-linux-gnu.tar.gz’
* DONE (farver)
* installing *source* package ‘labeling’ ...
** this is package ‘labeling’ version ‘0.4.3’
** package ‘labeling’ successfully unpacked and MD5 sums checked
** using staged installation
** R
** byte-compile and prepare package for lazy loading
** help
*** installing help indices
** building package indices
** testing if installed package can be loaded from temporary location
** testing if installed package can be loaded from final location
** testing if installed package keeps a record of temporary installation path
* creating tarball
packaged installation of ‘labeling’ as ‘labeling_0.4.3_R_x86_64-pc-linux-gnu.tar.gz’
* DONE (labeling)
* installing *source* package ‘viridisLite’ ...
** this is package ‘viridisLite’ version ‘0.4.2’
** package ‘viridisLite’ successfully unpacked and MD5 sums checked
** using staged installation
** R
** inst
** byte-compile and prepare package for lazy loading
** help
*** installing help indices
*** copying figures
** building package indices
** testing if installed package can be loaded from temporary location
** testing if installed package can be loaded from final location
** testing if installed package keeps a record of temporary installation path
* creating tarball
packaged installation of ‘viridisLite’ as ‘viridisLite_0.4.2_R_x86_64-pc-linux-gnu.tar.gz’
* DONE (viridisLite)
* installing *source* package ‘maps’ ...
** this is package ‘maps’ version ‘3.4.3’
** package ‘maps’ successfully unpacked and MD5 sums checked
** using staged installation
checking for gawk... no
checking for mawk... mawk
configure: creating ./config.status
config.status: creating src/Makefile
** libs
make -f "/usr/local/lib/R/etc/Makeconf" -f Makefile init.o mapclip.o mapget.o smooth.o thin.o 
make[1]: Entering directory '/tmp/RtmpcngD2y/R.INSTALL16f6d757459/maps/src'
gcc -std=gnu2x -I"/usr/local/lib/R/include" -DNDEBUG   -I/usr/local/include    -fpic  -g -O2 -fstack-protector-strong -Wformat -Werror=format-security -Wdate-time -D_FORTIFY_SOURCE=2 -g  -c init.c -o init.o
gcc -std=gnu2x -I"/usr/local/lib/R/include" -DNDEBUG   -I/usr/local/include    -fpic  -g -O2 -fstack-protector-strong -Wformat -Werror=format-security -Wdate-time -D_FORTIFY_SOURCE=2 -g  -c mapclip.c -o mapclip.o
gcc -std=gnu2x -I"/usr/local/lib/R/include" -DNDEBUG   -I/usr/local/include    -fpic  -g -O2 -fstack-protector-strong -Wformat -Werror=format-security -Wdate-time -D_FORTIFY_SOURCE=2 -g  -c mapget.c -o mapget.o
gcc -std=gnu2x -I"/usr/local/lib/R/include" -DNDEBUG   -I/usr/local/include    -fpic  -g -O2 -fstack-protector-strong -Wformat -Werror=format-security -Wdate-time -D_FORTIFY_SOURCE=2 -g  -c smooth.c -o smooth.o
gcc -std=gnu2x -I"/usr/local/lib/R/include" -DNDEBUG   -I/usr/local/include    -fpic  -g -O2 -fstack-protector-strong -Wformat -Werror=format-security -Wdate-time -D_FORTIFY_SOURCE=2 -g  -c thin.c -o thin.o
make[1]: Leaving directory '/tmp/RtmpcngD2y/R.INSTALL16f6d757459/maps/src'
"/usr/local/lib/R/bin/R" CMD SHLIB -o maps.so init.o mapclip.o mapget.o smooth.o thin.o 
make[1]: Entering directory '/tmp/RtmpcngD2y/R.INSTALL16f6d757459/maps/src'
gcc -std=gnu2x -shared -L/usr/local/lib/R/lib -L/usr/local/lib -o maps.so init.o mapclip.o mapget.o smooth.o thin.o -L/usr/local/lib/R/lib -lR
make[1]: Leaving directory '/tmp/RtmpcngD2y/R.INSTALL16f6d757459/maps/src'
make -f "/usr/local/lib/R/etc/Makeconf" -f Makefile Gmake
make[1]: Entering directory '/tmp/RtmpcngD2y/R.INSTALL16f6d757459/maps/src'
gcc -std=gnu2x -g -O2 -fstack-protector-strong -Wformat -Werror=format-security -Wdate-time -D_FORTIFY_SOURCE=2 -g  -I/usr/local/include -L/usr/local/lib  Gmake.c   -o Gmake
make[1]: Leaving directory '/tmp/RtmpcngD2y/R.INSTALL16f6d757459/maps/src'
make -f "/usr/local/lib/R/etc/Makeconf" -f Makefile Lmake
make[1]: Entering directory '/tmp/RtmpcngD2y/R.INSTALL16f6d757459/maps/src'
gcc -std=gnu2x -g -O2 -fstack-protector-strong -Wformat -Werror=format-security -Wdate-time -D_FORTIFY_SOURCE=2 -g  -I/usr/local/include -L/usr/local/lib  Lmake.c   -o Lmake
make[1]: Leaving directory '/tmp/RtmpcngD2y/R.INSTALL16f6d757459/maps/src'
make -f "/usr/local/lib/R/etc/Makeconf" -f Makefile world2.line
make[1]: Entering directory '/tmp/RtmpcngD2y/R.INSTALL16f6d757459/maps/src'
Converting world to world2
mawk -f ./convert.awk < world.line > world2.line
make[1]: Leaving directory '/tmp/RtmpcngD2y/R.INSTALL16f6d757459/maps/src'
make -f "/usr/local/lib/R/etc/Makeconf" -f Makefile county.L state.L usa.L nz.L world.L world2.L italy.L france.L state.vbm.L state.carto.L lakes.L
make[1]: Entering directory '/tmp/RtmpcngD2y/R.INSTALL16f6d757459/maps/src'
./Lmake 0 s b county.line county.linestats ../inst/mapdata/county.L
./Lmake 0 s b state.line state.linestats ../inst/mapdata/state.L
./Lmake 0 s b usa.line usa.linestats ../inst/mapdata/usa.L
./Lmake 0 s b nz.line nz.linestats ../inst/mapdata/nz.L
./Lmake 0 s b world.line world.linestats ../inst/mapdata/world.L
./Lmake 0 s b world2.line world2.linestats ../inst/mapdata/world2.L
./Lmake 0 s b italy.line italy.linestats ../inst/mapdata/italy.L
./Lmake 0 s b france.line france.linestats ../inst/mapdata/france.L
./Lmake 0 p b state.vbm.line state.vbm.linestats ../inst/mapdata/state.vbm.L
./Lmake 0 p b state.carto.line state.carto.linestats ../inst/mapdata/state.carto.L
./Lmake 0 s b lakes.line lakes.linestats ../inst/mapdata/lakes.L
make[1]: Leaving directory '/tmp/RtmpcngD2y/R.INSTALL16f6d757459/maps/src'
make -f "/usr/local/lib/R/etc/Makeconf" -f Makefile county.G state.G usa.G nz.G world.G world2.G italy.G france.G state.vbm.G state.carto.G lakes.G
make[1]: Entering directory '/tmp/RtmpcngD2y/R.INSTALL16f6d757459/maps/src'
./Gmake b county.gon county.gonstats ../inst/mapdata/county.G ../inst/mapdata/county.L
./Gmake b state.gon state.gonstats ../inst/mapdata/state.G ../inst/mapdata/state.L
./Gmake b usa.gon usa.gonstats ../inst/mapdata/usa.G ../inst/mapdata/usa.L
./Gmake b nz.gon nz.gonstats ../inst/mapdata/nz.G ../inst/mapdata/nz.L
./Gmake b world.gon world.gonstats ../inst/mapdata/world.G ../inst/mapdata/world.L
./Gmake b world2.gon world2.gonstats ../inst/mapdata/world2.G ../inst/mapdata/world2.L
./Gmake b italy.gon italy.gonstats ../inst/mapdata/italy.G ../inst/mapdata/italy.L
./Gmake b france.gon france.gonstats ../inst/mapdata/france.G ../inst/mapdata/france.L
./Gmake b state.vbm.gon state.vbm.gonstats ../inst/mapdata/state.vbm.G ../inst/mapdata/state.vbm.L
./Gmake b state.carto.gon state.carto.gonstats ../inst/mapdata/state.carto.G ../inst/mapdata/state.carto.L
./Gmake b lakes.gon lakes.gonstats ../inst/mapdata/lakes.G ../inst/mapdata/lakes.L
make[1]: Leaving directory '/tmp/RtmpcngD2y/R.INSTALL16f6d757459/maps/src'
make -f "/usr/local/lib/R/etc/Makeconf" -f Makefile county.N state.N usa.N nz.N world.N world2.N italy.N france.N state.vbm.N state.carto.N lakes.N
make[1]: Entering directory '/tmp/RtmpcngD2y/R.INSTALL16f6d757459/maps/src'
make[1]: Leaving directory '/tmp/RtmpcngD2y/R.INSTALL16f6d757459/maps/src'
installing to /usr/local/lib/R/site-library/00LOCK-maps/00new/maps/libs
** R
** data
*** moving datasets to lazyload DB
** inst
** byte-compile and prepare package for lazy loading
** help
*** installing help indices
** building package indices
** testing if installed package can be loaded from temporary location
** checking absolute paths in shared objects and dynamic libraries
** testing if installed package can be loaded from final location
** testing if installed package keeps a record of temporary installation path
* creating tarball
packaged installation of ‘maps’ as ‘maps_3.4.3_R_x86_64-pc-linux-gnu.tar.gz’
* DONE (maps)
* installing *source* package ‘lazyeval’ ...
** this is package ‘lazyeval’ version ‘0.2.2’
** package ‘lazyeval’ successfully unpacked and MD5 sums checked
** using staged installation
** libs
using C compiler: ‘gcc (Ubuntu 13.3.0-6ubuntu2~24.04) 13.3.0’
gcc -std=gnu2x -I"/usr/local/lib/R/include" -DNDEBUG   -I/usr/local/include    -fpic  -g -O2 -fstack-protector-strong -Wformat -Werror=format-security -Wdate-time -D_FORTIFY_SOURCE=2 -g  -c expr.c -o expr.o
gcc -std=gnu2x -I"/usr/local/lib/R/include" -DNDEBUG   -I/usr/local/include    -fpic  -g -O2 -fstack-protector-strong -Wformat -Werror=format-security -Wdate-time -D_FORTIFY_SOURCE=2 -g  -c init.c -o init.o
gcc -std=gnu2x -I"/usr/local/lib/R/include" -DNDEBUG   -I/usr/local/include    -fpic  -g -O2 -fstack-protector-strong -Wformat -Werror=format-security -Wdate-time -D_FORTIFY_SOURCE=2 -g  -c interp.c -o interp.o
gcc -std=gnu2x -I"/usr/local/lib/R/include" -DNDEBUG   -I/usr/local/include    -fpic  -g -O2 -fstack-protector-strong -Wformat -Werror=format-security -Wdate-time -D_FORTIFY_SOURCE=2 -g  -c lazy.c -o lazy.o
gcc -std=gnu2x -I"/usr/local/lib/R/include" -DNDEBUG   -I/usr/local/include    -fpic  -g -O2 -fstack-protector-strong -Wformat -Werror=format-security -Wdate-time -D_FORTIFY_SOURCE=2 -g  -c name.c -o name.o
gcc -std=gnu2x -I"/usr/local/lib/R/include" -DNDEBUG   -I/usr/local/include    -fpic  -g -O2 -fstack-protector-strong -Wformat -Werror=format-security -Wdate-time -D_FORTIFY_SOURCE=2 -g  -c utils.c -o utils.o
gcc -std=gnu2x -shared -L/usr/local/lib/R/lib -L/usr/local/lib -o lazyeval.so expr.o init.o interp.o lazy.o name.o utils.o -L/usr/local/lib/R/lib -lR
installing to /usr/local/lib/R/site-library/00LOCK-lazyeval/00new/lazyeval/libs
** R
** inst
** byte-compile and prepare package for lazy loading
** help
*** installing help indices
** building package indices
** installing vignettes
** testing if installed package can be loaded from temporary location
** checking absolute paths in shared objects and dynamic libraries
** testing if installed package can be loaded from final location
** testing if installed package keeps a record of temporary installation path
* creating tarball
packaged installation of ‘lazyeval’ as ‘lazyeval_0.2.2_R_x86_64-pc-linux-gnu.tar.gz’
* DONE (lazyeval)
* installing *source* package ‘bookdown’ ...
** this is package ‘bookdown’ version ‘0.45’
** package ‘bookdown’ successfully unpacked and MD5 sums checked
** using staged installation
** R
** inst
** byte-compile and prepare package for lazy loading
** help
*** installing help indices
*** copying figures
** building package indices
** installing vignettes
** testing if installed package can be loaded from temporary location
** testing if installed package can be loaded from final location
** testing if installed package keeps a record of temporary installation path
* creating tarball
packaged installation of ‘bookdown’ as ‘bookdown_0.45_R_x86_64-pc-linux-gnu.tar.gz’
* DONE (bookdown)
* installing *source* package ‘gtable’ ...
** this is package ‘gtable’ version ‘0.3.6’
** package ‘gtable’ successfully unpacked and MD5 sums checked
** using staged installation
** R
** inst
** byte-compile and prepare package for lazy loading
** help
*** installing help indices
*** copying figures
** building package indices
** installing vignettes
** testing if installed package can be loaded from temporary location
** testing if installed package can be loaded from final location
** testing if installed package keeps a record of temporary installation path
* creating tarball
packaged installation of ‘gtable’ as ‘gtable_0.3.6_R_x86_64-pc-linux-gnu.tar.gz’
* DONE (gtable)
* installing *source* package ‘isoband’ ...
** this is package ‘isoband’ version ‘0.2.7’
** package ‘isoband’ successfully unpacked and MD5 sums checked
** using staged installation
** libs
using C++ compiler: ‘g++ (Ubuntu 13.3.0-6ubuntu2~24.04) 13.3.0’
using C++11
g++ -std=gnu++11 -I"/usr/local/lib/R/include" -DNDEBUG   -I/usr/local/include    -fpic  -g -O2 -fstack-protector-strong -Wformat -Werror=format-security -Wdate-time -D_FORTIFY_SOURCE=2 -g   -c clip-lines.cpp -o clip-lines.o
g++ -std=gnu++11 -I"/usr/local/lib/R/include" -DNDEBUG   -I/usr/local/include    -fpic  -g -O2 -fstack-protector-strong -Wformat -Werror=format-security -Wdate-time -D_FORTIFY_SOURCE=2 -g   -c init.cpp -o init.o
g++ -std=gnu++11 -I"/usr/local/lib/R/include" -DNDEBUG   -I/usr/local/include    -fpic  -g -O2 -fstack-protector-strong -Wformat -Werror=format-security -Wdate-time -D_FORTIFY_SOURCE=2 -g   -c isoband.cpp -o isoband.o
g++ -std=gnu++11 -I"/usr/local/lib/R/include" -DNDEBUG   -I/usr/local/include    -fpic  -g -O2 -fstack-protector-strong -Wformat -Werror=format-security -Wdate-time -D_FORTIFY_SOURCE=2 -g   -c polygon.cpp -o polygon.o
g++ -std=gnu++11 -I"/usr/local/lib/R/include" -DNDEBUG   -I/usr/local/include    -fpic  -g -O2 -fstack-protector-strong -Wformat -Werror=format-security -Wdate-time -D_FORTIFY_SOURCE=2 -g   -c separate-polygons.cpp -o separate-polygons.o
g++ -std=gnu++11 -I"/usr/local/lib/R/include" -DNDEBUG   -I/usr/local/include    -fpic  -g -O2 -fstack-protector-strong -Wformat -Werror=format-security -Wdate-time -D_FORTIFY_SOURCE=2 -g   -c test-clip-lines.cpp -o test-clip-lines.o
g++ -std=gnu++11 -I"/usr/local/lib/R/include" -DNDEBUG   -I/usr/local/include    -fpic  -g -O2 -fstack-protector-strong -Wformat -Werror=format-security -Wdate-time -D_FORTIFY_SOURCE=2 -g   -c test-runner.cpp -o test-runner.o
g++ -std=gnu++11 -I"/usr/local/lib/R/include" -DNDEBUG   -I/usr/local/include    -fpic  -g -O2 -fstack-protector-strong -Wformat -Werror=format-security -Wdate-time -D_FORTIFY_SOURCE=2 -g   -c test-separate-polygons.cpp -o test-separate-polygons.o
g++ -std=gnu++11 -shared -L/usr/local/lib/R/lib -L/usr/local/lib -o isoband.so clip-lines.o init.o isoband.o polygon.o separate-polygons.o test-clip-lines.o test-runner.o test-separate-polygons.o -L/usr/local/lib/R/lib -lR
installing to /usr/local/lib/R/site-library/00LOCK-isoband/00new/isoband/libs
** R
** inst
** byte-compile and prepare package for lazy loading
** help
*** installing help indices
*** copying figures
** building package indices
** installing vignettes
** testing if installed package can be loaded from temporary location
** checking absolute paths in shared objects and dynamic libraries
** testing if installed package can be loaded from final location
** testing if installed package keeps a record of temporary installation path
* creating tarball
packaged installation of ‘isoband’ as ‘isoband_0.2.7_R_x86_64-pc-linux-gnu.tar.gz’
* DONE (isoband)
* installing *source* package ‘S7’ ...
** this is package ‘S7’ version ‘0.2.0’
** package ‘S7’ successfully unpacked and MD5 sums checked
** using staged installation
** libs
using C compiler: ‘gcc (Ubuntu 13.3.0-6ubuntu2~24.04) 13.3.0’
gcc -std=gnu2x -I"/usr/local/lib/R/include" -DNDEBUG   -I/usr/local/include    -fpic  -g -O2 -fstack-protector-strong -Wformat -Werror=format-security -Wdate-time -D_FORTIFY_SOURCE=2 -g  -c init.c -o init.o
gcc -std=gnu2x -I"/usr/local/lib/R/include" -DNDEBUG   -I/usr/local/include    -fpic  -g -O2 -fstack-protector-strong -Wformat -Werror=format-security -Wdate-time -D_FORTIFY_SOURCE=2 -g  -c method-dispatch.c -o method-dispatch.o
gcc -std=gnu2x -I"/usr/local/lib/R/include" -DNDEBUG   -I/usr/local/include    -fpic  -g -O2 -fstack-protector-strong -Wformat -Werror=format-security -Wdate-time -D_FORTIFY_SOURCE=2 -g  -c prop.c -o prop.o
gcc -std=gnu2x -shared -L/usr/local/lib/R/lib -L/usr/local/lib -o S7.so init.o method-dispatch.o prop.o -L/usr/local/lib/R/lib -lR
installing to /usr/local/lib/R/site-library/00LOCK-S7/00new/S7/libs
** R
** inst
** byte-compile and prepare package for lazy loading
** help
*** installing help indices
** building package indices
** installing vignettes
** testing if installed package can be loaded from temporary location
** checking absolute paths in shared objects and dynamic libraries
** testing if installed package can be loaded from final location
** testing if installed package keeps a record of temporary installation path
* creating tarball
packaged installation of ‘S7’ as ‘S7_0.2.0_R_x86_64-pc-linux-gnu.tar.gz’
* DONE (S7)
* installing *source* package ‘plyr’ ...
** this is package ‘plyr’ version ‘1.8.9’
** package ‘plyr’ successfully unpacked and MD5 sums checked
** using staged installation
** libs
using C compiler: ‘gcc (Ubuntu 13.3.0-6ubuntu2~24.04) 13.3.0’
using C++ compiler: ‘g++ (Ubuntu 13.3.0-6ubuntu2~24.04) 13.3.0’
g++ -std=gnu++17 -I"/usr/local/lib/R/include" -DNDEBUG  -I'/usr/local/lib/R/site-library/Rcpp/include' -I/usr/local/include    -fpic  -g -O2 -fstack-protector-strong -Wformat -Werror=format-security -Wdate-time -D_FORTIFY_SOURCE=2 -g   -c RcppExports.cpp -o RcppExports.o
gcc -std=gnu2x -I"/usr/local/lib/R/include" -DNDEBUG  -I'/usr/local/lib/R/site-library/Rcpp/include' -I/usr/local/include    -fpic  -g -O2 -fstack-protector-strong -Wformat -Werror=format-security -Wdate-time -D_FORTIFY_SOURCE=2 -g  -c loop_apply.c -o loop_apply.o
g++ -std=gnu++17 -I"/usr/local/lib/R/include" -DNDEBUG  -I'/usr/local/lib/R/site-library/Rcpp/include' -I/usr/local/include    -fpic  -g -O2 -fstack-protector-strong -Wformat -Werror=format-security -Wdate-time -D_FORTIFY_SOURCE=2 -g   -c split-numeric.cpp -o split-numeric.o
g++ -std=gnu++17 -shared -L/usr/local/lib/R/lib -L/usr/local/lib -o plyr.so RcppExports.o loop_apply.o split-numeric.o -L/usr/local/lib/R/lib -lR
installing to /usr/local/lib/R/site-library/00LOCK-plyr/00new/plyr/libs
** R
** data
*** moving datasets to lazyload DB
** inst
** byte-compile and prepare package for lazy loading
** help
*** installing help indices
** building package indices
** testing if installed package can be loaded from temporary location
** checking absolute paths in shared objects and dynamic libraries
** testing if installed package can be loaded from final location
** testing if installed package keeps a record of temporary installation path
* creating tarball
packaged installation of ‘plyr’ as ‘plyr_1.8.9_R_x86_64-pc-linux-gnu.tar.gz’
* DONE (plyr)
* installing *source* package ‘RhpcBLASctl’ ...
** this is package ‘RhpcBLASctl’ version ‘0.23-42’
** package ‘RhpcBLASctl’ successfully unpacked and MD5 sums checked
** using staged installation
checking for gcc... gcc -std=gnu2x
checking whether the C compiler works... yes
checking for C compiler default output file name... a.out
checking for suffix of executables... 
checking whether we are cross compiling... no
checking for suffix of object files... o
checking whether the compiler supports GNU C... yes
checking whether gcc -std=gnu2x accepts -g... yes
checking for gcc -std=gnu2x option to enable C11 features... none needed
checking for dlopen in -ldl... yes
checking for stdio.h... yes
checking for stdlib.h... yes
checking for string.h... yes
checking for inttypes.h... yes
checking for stdint.h... yes
checking for strings.h... yes
checking for sys/stat.h... yes
checking for sys/types.h... yes
checking for unistd.h... yes
checking for sys/sysctl.h... no
checking for sysctl... no
checking for sysctlbyname... no
checking for sys/sysinfo.h... yes
checking for get_nprocs... yes
configure: creating ./config.status
config.status: creating src/Makevars
config.status: creating src/config.h
** libs
using C compiler: ‘gcc (Ubuntu 13.3.0-6ubuntu2~24.04) 13.3.0’
gcc -std=gnu2x -I"/usr/local/lib/R/include" -DNDEBUG   -I/usr/local/include   -fopenmp -fpic  -g -O2 -fstack-protector-strong -Wformat -Werror=format-security -Wdate-time -D_FORTIFY_SOURCE=2 -g  -c blasctl.c -o blasctl.o
gcc -std=gnu2x -I"/usr/local/lib/R/include" -DNDEBUG   -I/usr/local/include   -fopenmp -fpic  -g -O2 -fstack-protector-strong -Wformat -Werror=format-security -Wdate-time -D_FORTIFY_SOURCE=2 -g  -c registerDynamicSymbol.c -o registerDynamicSymbol.o
gcc -std=gnu2x -shared -L/usr/local/lib/R/lib -L/usr/local/lib -o RhpcBLASctl.so blasctl.o registerDynamicSymbol.o -ldl -fopenmp -L/usr/local/lib/R/lib -lR
installing to /usr/local/lib/R/site-library/00LOCK-RhpcBLASctl/00new/RhpcBLASctl/libs
** R
** byte-compile and prepare package for lazy loading
** help
*** installing help indices
** building package indices
** testing if installed package can be loaded from temporary location
** checking absolute paths in shared objects and dynamic libraries
** testing if installed package can be loaded from final location
** testing if installed package keeps a record of temporary installation path
* creating tarball
packaged installation of ‘RhpcBLASctl’ as ‘RhpcBLASctl_0.23-42_R_x86_64-pc-linux-gnu.tar.gz’
* DONE (RhpcBLASctl)
* installing *source* package ‘httr’ ...
** this is package ‘httr’ version ‘1.4.7’
** package ‘httr’ successfully unpacked and MD5 sums checked
** using staged installation
** R
** demo
** inst
** byte-compile and prepare package for lazy loading
** help
*** installing help indices
** building package indices
** installing vignettes
** testing if installed package can be loaded from temporary location
** testing if installed package can be loaded from final location
** testing if installed package keeps a record of temporary installation path
* creating tarball
packaged installation of ‘httr’ as ‘httr_1.4.7_R_x86_64-pc-linux-gnu.tar.gz’
* DONE (httr)
* installing *source* package ‘pracma’ ...
** this is package ‘pracma’ version ‘2.4.6’
** package ‘pracma’ successfully unpacked and MD5 sums checked
** using staged installation
** R
** data
*** moving datasets to lazyload DB
** demo
** byte-compile and prepare package for lazy loading
** help
*** installing help indices
** building package indices
** testing if installed package can be loaded from temporary location
** testing if installed package can be loaded from final location
** testing if installed package keeps a record of temporary installation path
* creating tarball
packaged installation of ‘pracma’ as ‘pracma_2.4.6_R_x86_64-pc-linux-gnu.tar.gz’
* DONE (pracma)
* installing *source* package ‘princurve’ ...
** this is package ‘princurve’ version ‘2.1.6’
** package ‘princurve’ successfully unpacked and MD5 sums checked
** using staged installation
** libs
using C++ compiler: ‘g++ (Ubuntu 13.3.0-6ubuntu2~24.04) 13.3.0’
g++ -std=gnu++17 -I"/usr/local/lib/R/include" -DNDEBUG  -I'/usr/local/lib/R/site-library/Rcpp/include' -I/usr/local/include    -fpic  -g -O2 -fstack-protector-strong -Wformat -Werror=format-security -Wdate-time -D_FORTIFY_SOURCE=2 -g   -c RcppExports.cpp -o RcppExports.o
g++ -std=gnu++17 -I"/usr/local/lib/R/include" -DNDEBUG  -I'/usr/local/lib/R/site-library/Rcpp/include' -I/usr/local/include    -fpic  -g -O2 -fstack-protector-strong -Wformat -Werror=format-security -Wdate-time -D_FORTIFY_SOURCE=2 -g   -c project_to_curve.cpp -o project_to_curve.o
g++ -std=gnu++17 -shared -L/usr/local/lib/R/lib -L/usr/local/lib -o princurve.so RcppExports.o project_to_curve.o -L/usr/local/lib/R/lib -lR
installing to /usr/local/lib/R/site-library/00LOCK-princurve/00new/princurve/libs
** R
** inst
** byte-compile and prepare package for lazy loading
** help
*** installing help indices
*** copying figures
** building package indices
** testing if installed package can be loaded from temporary location
** checking absolute paths in shared objects and dynamic libraries
** testing if installed package can be loaded from final location
** testing if installed package keeps a record of temporary installation path
* creating tarball
packaged installation of ‘princurve’ as ‘princurve_2.1.6_R_x86_64-pc-linux-gnu.tar.gz’
* DONE (princurve)
* installing *source* package ‘scatterplot3d’ ...
** this is package ‘scatterplot3d’ version ‘0.3-44’
** package ‘scatterplot3d’ successfully unpacked and MD5 sums checked
** using staged installation
** R
** inst
** byte-compile and prepare package for lazy loading
** help
*** installing help indices
** building package indices
** installing vignettes
** testing if installed package can be loaded from temporary location
** testing if installed package can be loaded from final location
** testing if installed package keeps a record of temporary installation path
* creating tarball
packaged installation of ‘scatterplot3d’ as ‘scatterplot3d_0.3-44_R_x86_64-pc-linux-gnu.tar.gz’
* DONE (scatterplot3d)
* installing *source* package ‘RColorBrewer’ ...
** this is package ‘RColorBrewer’ version ‘1.1-3’
** package ‘RColorBrewer’ successfully unpacked and MD5 sums checked
** using staged installation
** R
** inst
** byte-compile and prepare package for lazy loading
** help
*** installing help indices
** building package indices
** testing if installed package can be loaded from temporary location
** testing if installed package can be loaded from final location
** testing if installed package keeps a record of temporary installation path
* creating tarball
packaged installation of ‘RColorBrewer’ as ‘RColorBrewer_1.1-3_R_x86_64-pc-linux-gnu.tar.gz’
* DONE (RColorBrewer)
* installing *source* package ‘spam’ ...
** this is package ‘spam’ version ‘2.11-1’
** package ‘spam’ successfully unpacked and MD5 sums checked
** using staged installation
** libs
using C compiler: ‘gcc (Ubuntu 13.3.0-6ubuntu2~24.04) 13.3.0’
using Fortran compiler: ‘GNU Fortran (Ubuntu 13.3.0-6ubuntu2~24.04) 13.3.0’
using C++ compiler: ‘g++ (Ubuntu 13.3.0-6ubuntu2~24.04) 13.3.0’
g++ -std=gnu++17 -I"/usr/local/lib/R/include" -DNDEBUG  -I'/usr/local/lib/R/site-library/Rcpp/include' -I/usr/local/include    -fpic  -g -O2 -fstack-protector-strong -Wformat -Werror=format-security -Wdate-time -D_FORTIFY_SOURCE=2 -g   -c RcppExports.cpp -o RcppExports.o
gfortran  -fpic  -g -O2  -c bckslvmodified.f -o bckslvmodified.o
gfortran  -fpic  -g -O2  -c cholmodified.f -o cholmodified.o
gfortran  -fpic  -g -O2  -c dgetv0.f -o dgetv0.o
gfortran  -fpic  -g -O2  -c dist.f -o dist.o
g++ -std=gnu++17 -I"/usr/local/lib/R/include" -DNDEBUG  -I'/usr/local/lib/R/site-library/Rcpp/include' -I/usr/local/include    -fpic  -g -O2 -fstack-protector-strong -Wformat -Werror=format-security -Wdate-time -D_FORTIFY_SOURCE=2 -g   -c distCpp.cpp -o distCpp.o
gfortran  -fpic  -g -O2  -c dn_ARPACK.f -o dn_ARPACK.o
gfortran  -fpic  -g -O2  -c dn_eigen.f -o dn_eigen.o
gfortran  -fpic  -g -O2  -c ds_ARPACK.f -o ds_ARPACK.o
gfortran  -fpic  -g -O2  -c ds_eigen.f -o ds_eigen.o
gfortran  -fpic  -g -O2  -c fromsparsekit.f -o fromsparsekit.o
gfortran  -fpic  -g -O2  -c gmult.f -o gmult.o
gcc -std=gnu2x -I"/usr/local/lib/R/include" -DNDEBUG  -I'/usr/local/lib/R/site-library/Rcpp/include' -I/usr/local/include    -fpic  -g -O2 -fstack-protector-strong -Wformat -Werror=format-security -Wdate-time -D_FORTIFY_SOURCE=2 -g  -c init.c -o init.o
gfortran  -fpic  -g -O2  -c kronecker.f -o kronecker.o
gfortran  -fpic  -g -O2  -c permutation.f -o permutation.o
gfortran  -fpic  -g -O2  -c rowcolstats.f -o rowcolstats.o
gfortran  -fpic  -g -O2  -c spamown.f -o spamown.o
gfortran  -fpic  -g -O2  -c spamown2.f -o spamown2.o
gfortran  -fpic  -g -O2  -c xybind.f -o xybind.o
g++ -std=gnu++17 -shared -L/usr/local/lib/R/lib -L/usr/local/lib -o spam.so RcppExports.o bckslvmodified.o cholmodified.o dgetv0.o dist.o distCpp.o dn_ARPACK.o dn_eigen.o ds_ARPACK.o ds_eigen.o fromsparsekit.o gmult.o init.o kronecker.o permutation.o rowcolstats.o spamown.o spamown2.o xybind.o -llapack -lblas -lgfortran -lm -lquadmath -lgfortran -lm -lquadmath -L/usr/local/lib/R/lib -lR
installing to /usr/local/lib/R/site-library/00LOCK-spam/00new/spam/libs
** R
** data
*** moving datasets to lazyload DB
** demo
** inst
** byte-compile and prepare package for lazy loading
Creating a generic function for ‘diag’ from package ‘base’ in package ‘spam’
Creating a generic function for ‘diag<-’ from package ‘base’ in package ‘spam’
Creating a generic function for ‘norm’ from package ‘base’ in package ‘spam’
Creating a generic function for ‘rowSums’ from package ‘base’ in package ‘spam’
Creating a generic function for ‘colSums’ from package ‘base’ in package ‘spam’
Creating a generic function for ‘rowMeans’ from package ‘base’ in package ‘spam’
Creating a generic function for ‘colMeans’ from package ‘base’ in package ‘spam’
Creating a new generic function for ‘backsolve’ in package ‘spam’
Creating a new generic function for ‘forwardsolve’ in package ‘spam’
Creating a generic function for ‘chol2inv’ from ‘base’ in package ‘spam’
    (from the saved implicit definition)
Creating a generic function for ‘chol2inv’ from package ‘base’ in package ‘spam’
Creating a generic function for ‘rbind’ from package ‘base’ in package ‘spam’
Creating a generic function for ‘cbind’ from package ‘base’ in package ‘spam’
** help
*** installing help indices
*** copying figures
** building package indices
** installing vignettes
** testing if installed package can be loaded from temporary location
** checking absolute paths in shared objects and dynamic libraries
** testing if installed package can be loaded from final location
** testing if installed package keeps a record of temporary installation path
* creating tarball
packaged installation of ‘spam’ as ‘spam_2.11-1_R_x86_64-pc-linux-gnu.tar.gz’
* DONE (spam)
* installing *source* package ‘scales’ ...
** this is package ‘scales’ version ‘1.4.0’
** package ‘scales’ successfully unpacked and MD5 sums checked
** using staged installation
** R
** byte-compile and prepare package for lazy loading
** help
*** installing help indices
*** copying figures
** building package indices
** testing if installed package can be loaded from temporary location
** testing if installed package can be loaded from final location
** testing if installed package keeps a record of temporary installation path
* creating tarball
packaged installation of ‘scales’ as ‘scales_1.4.0_R_x86_64-pc-linux-gnu.tar.gz’
* DONE (scales)
* installing *source* package ‘reshape2’ ...
** this is package ‘reshape2’ version ‘1.4.4’
** package ‘reshape2’ successfully unpacked and MD5 sums checked
** using staged installation
** libs
using C++ compiler: ‘g++ (Ubuntu 13.3.0-6ubuntu2~24.04) 13.3.0’
g++ -std=gnu++17 -I"/usr/local/lib/R/include" -DNDEBUG  -I'/usr/local/lib/R/site-library/Rcpp/include' -I/usr/local/include    -fpic  -g -O2 -fstack-protector-strong -Wformat -Werror=format-security -Wdate-time -D_FORTIFY_SOURCE=2 -g   -c RcppExports.cpp -o RcppExports.o
g++ -std=gnu++17 -I"/usr/local/lib/R/include" -DNDEBUG  -I'/usr/local/lib/R/site-library/Rcpp/include' -I/usr/local/include    -fpic  -g -O2 -fstack-protector-strong -Wformat -Werror=format-security -Wdate-time -D_FORTIFY_SOURCE=2 -g   -c melt.cpp -o melt.o
g++ -std=gnu++17 -shared -L/usr/local/lib/R/lib -L/usr/local/lib -o reshape2.so RcppExports.o melt.o -L/usr/local/lib/R/lib -lR
installing to /usr/local/lib/R/site-library/00LOCK-reshape2/00new/reshape2/libs
** R
** data
*** moving datasets to lazyload DB
** inst
** byte-compile and prepare package for lazy loading
** help
*** installing help indices
** building package indices
** testing if installed package can be loaded from temporary location
** checking absolute paths in shared objects and dynamic libraries
** testing if installed package can be loaded from final location
** testing if installed package keeps a record of temporary installation path
* creating tarball
packaged installation of ‘reshape2’ as ‘reshape2_1.4.4_R_x86_64-pc-linux-gnu.tar.gz’
* DONE (reshape2)
* installing *source* package ‘rex’ ...
** this is package ‘rex’ version ‘1.2.1’
** package ‘rex’ successfully unpacked and MD5 sums checked
** using staged installation
** R
** inst
** byte-compile and prepare package for lazy loading
** help
*** installing help indices
** building package indices
** installing vignettes
** testing if installed package can be loaded from temporary location
** testing if installed package can be loaded from final location
** testing if installed package keeps a record of temporary installation path
* creating tarball
packaged installation of ‘rex’ as ‘rex_1.2.1_R_x86_64-pc-linux-gnu.tar.gz’
* DONE (rex)
* installing *source* package ‘BiocStyle’ ...
** this is package ‘BiocStyle’ version ‘2.39.0’
** using staged installation
** R
** inst
** byte-compile and prepare package for lazy loading
** help
*** installing help indices
** building package indices
** installing vignettes
** testing if installed package can be loaded from temporary location
** testing if installed package can be loaded from final location
** testing if installed package keeps a record of temporary installation path
* creating tarball
packaged installation of ‘BiocStyle’ as ‘BiocStyle_2.39.0_R_x86_64-pc-linux-gnu.tar.gz’
* DONE (BiocStyle)
* installing *source* package ‘ClusterSignificance’ ...
** this is package ‘ClusterSignificance’ version ‘1.39.0’
** using staged installation
Warning in .canonicalize(comment) :
  Arguments of person() should be character or NULL
** R
** data
*** moving datasets to lazyload DB
** inst
** byte-compile and prepare package for lazy loading
** help
*** installing help indices
*** copying figures
** building package indices
** installing vignettes
** testing if installed package can be loaded from temporary location
** testing if installed package can be loaded from final location
** testing if installed package keeps a record of temporary installation path
* creating tarball
packaged installation of ‘ClusterSignificance’ as ‘ClusterSignificance_1.39.0_R_x86_64-pc-linux-gnu.tar.gz’
* DONE (ClusterSignificance)
* installing *source* package ‘fields’ ...
** this is package ‘fields’ version ‘17.1’
** package ‘fields’ successfully unpacked and MD5 sums checked
** using staged installation
** libs
using C compiler: ‘gcc (Ubuntu 13.3.0-6ubuntu2~24.04) 13.3.0’
using Fortran compiler: ‘GNU Fortran (Ubuntu 13.3.0-6ubuntu2~24.04) 13.3.0’
gcc -std=gnu2x -I"/usr/local/lib/R/include" -DNDEBUG   -I/usr/local/include    -fpic  -g -O2 -fstack-protector-strong -Wformat -Werror=format-security -Wdate-time -D_FORTIFY_SOURCE=2 -g  -c ExponentialUpperC.c -o ExponentialUpperC.o
gcc -std=gnu2x -I"/usr/local/lib/R/include" -DNDEBUG   -I/usr/local/include    -fpic  -g -O2 -fstack-protector-strong -Wformat -Werror=format-security -Wdate-time -D_FORTIFY_SOURCE=2 -g  -c RdistEarth.c -o RdistEarth.o
gcc -std=gnu2x -I"/usr/local/lib/R/include" -DNDEBUG   -I/usr/local/include    -fpic  -g -O2 -fstack-protector-strong -Wformat -Werror=format-security -Wdate-time -D_FORTIFY_SOURCE=2 -g  -c addToDiagC.c -o addToDiagC.o
gcc -std=gnu2x -I"/usr/local/lib/R/include" -DNDEBUG   -I/usr/local/include    -fpic  -g -O2 -fstack-protector-strong -Wformat -Werror=format-security -Wdate-time -D_FORTIFY_SOURCE=2 -g  -c compactToMatC.c -o compactToMatC.o
gcc -std=gnu2x -I"/usr/local/lib/R/include" -DNDEBUG   -I/usr/local/include    -fpic  -g -O2 -fstack-protector-strong -Wformat -Werror=format-security -Wdate-time -D_FORTIFY_SOURCE=2 -g  -c expfnC.c -o expfnC.o
gfortran  -fpic  -g -O2  -c fieldsF77Code.f -o fieldsF77Code.o
gcc -std=gnu2x -I"/usr/local/lib/R/include" -DNDEBUG   -I/usr/local/include    -fpic  -g -O2 -fstack-protector-strong -Wformat -Werror=format-security -Wdate-time -D_FORTIFY_SOURCE=2 -g  -c init.c -o init.o
gcc -std=gnu2x -I"/usr/local/lib/R/include" -DNDEBUG   -I/usr/local/include    -fpic  -g -O2 -fstack-protector-strong -Wformat -Werror=format-security -Wdate-time -D_FORTIFY_SOURCE=2 -g  -c multebC.c -o multebC.o
gcc -std=gnu2x -I"/usr/local/lib/R/include" -DNDEBUG   -I/usr/local/include    -fpic  -g -O2 -fstack-protector-strong -Wformat -Werror=format-security -Wdate-time -D_FORTIFY_SOURCE=2 -g  -c rdistC.c -o rdistC.o
gcc -std=gnu2x -shared -L/usr/local/lib/R/lib -L/usr/local/lib -o fields.so ExponentialUpperC.o RdistEarth.o addToDiagC.o compactToMatC.o expfnC.o fieldsF77Code.o init.o multebC.o rdistC.o -llapack -lblas -lgfortran -lm -lquadmath -L/usr/local/lib/R/lib -lR
installing to /usr/local/lib/R/site-library/00LOCK-fields/00new/fields/libs
** R
** data
** inst
** byte-compile and prepare package for lazy loading
** help
*** installing help indices
** building package indices
** testing if installed package can be loaded from temporary location
** checking absolute paths in shared objects and dynamic libraries
** testing if installed package can be loaded from final location
** testing if installed package keeps a record of temporary installation path
* creating tarball
packaged installation of ‘fields’ as ‘fields_17.1_R_x86_64-pc-linux-gnu.tar.gz’
* DONE (fields)
* installing *source* package ‘ggplot2’ ...
** this is package ‘ggplot2’ version ‘4.0.0’
** package ‘ggplot2’ successfully unpacked and MD5 sums checked
** using staged installation
** R
** data
*** moving datasets to lazyload DB
** inst
** byte-compile and prepare package for lazy loading
** help
*** installing help indices
*** copying figures
** building package indices
** installing vignettes
** testing if installed package can be loaded from temporary location
** testing if installed package can be loaded from final location
** testing if installed package keeps a record of temporary installation path
* creating tarball
packaged installation of ‘ggplot2’ as ‘ggplot2_4.0.0_R_x86_64-pc-linux-gnu.tar.gz’
* DONE (ggplot2)
* installing *source* package ‘covr’ ...
** this is package ‘covr’ version ‘3.6.4’
** package ‘covr’ successfully unpacked and MD5 sums checked
** using staged installation
** libs
using C compiler: ‘gcc (Ubuntu 13.3.0-6ubuntu2~24.04) 13.3.0’
gcc -std=gnu2x -I"/usr/local/lib/R/include" -DNDEBUG   -I/usr/local/include    -fpic  -g -O2 -fstack-protector-strong -Wformat -Werror=format-security -Wdate-time -D_FORTIFY_SOURCE=2 -g  -c reassign.c -o reassign.o
gcc -std=gnu2x -shared -L/usr/local/lib/R/lib -L/usr/local/lib -o covr.so reassign.o -L/usr/local/lib/R/lib -lR
installing to /usr/local/lib/R/site-library/00LOCK-covr/00new/covr/libs
** R
** inst
** byte-compile and prepare package for lazy loading
** help
*** installing help indices
*** copying figures
** building package indices
** installing vignettes
** testing if installed package can be loaded from temporary location
** checking absolute paths in shared objects and dynamic libraries
** testing if installed package can be loaded from final location
** testing if installed package keeps a record of temporary installation path
* creating tarball
packaged installation of ‘covr’ as ‘covr_3.6.4_R_x86_64-pc-linux-gnu.tar.gz’
* DONE (covr)
* installing *source* package ‘plsgenomics’ ...
** this is package ‘plsgenomics’ version ‘1.5-3’
** package ‘plsgenomics’ successfully unpacked and MD5 sums checked
** using staged installation
** R
** data
** byte-compile and prepare package for lazy loading
** help
*** installing help indices
** building package indices
** testing if installed package can be loaded from temporary location
** testing if installed package can be loaded from final location
** testing if installed package keeps a record of temporary installation path
* creating tarball
packaged installation of ‘plsgenomics’ as ‘plsgenomics_1.5-3_R_x86_64-pc-linux-gnu.tar.gz’
* DONE (plsgenomics)

The downloaded source packages are in
	‘/tmp/RtmpQeYGHv/downloaded_packages’
Old packages: 'promises'

real	2m49.246s
user	2m30.442s
sys	0m33.318s
