+ Rscript -e 'Sys.setenv(BIOCONDUCTOR_USE_CONTAINER_REPOSITORY=FALSE);
  p <- .libPaths();
  p <- c('\'''\'', '\'''\'', p);
  .libPaths(p);
  if(BiocManager::install('\''seqTools'\'', INSTALL_opts = '\''--build'\'', update = TRUE, quiet = FALSE, dependencies=TRUE, force = TRUE, keep_outputs = TRUE) %in% rownames(installed.packages())) q(status = 0) else q(status = 1)'
'getOption("repos")' replaces Bioconductor standard repositories, see
'help("repositories", package = "BiocManager")' for details.
Replacement repositories:
    CRAN: https://p3m.dev/cran/__linux__/noble/latest
Bioconductor version 3.21 (BiocManager 1.30.26), R 4.5.1 (2025-06-13)
Installing package(s) 'seqTools'
also installing the dependencies ‘generics’, ‘zlibbioc’, ‘RUnit’, ‘BiocGenerics’

trying URL 'https://p3m.dev/cran/__linux__/noble/latest/src/contrib/generics_0.1.4.tar.gz'
trying URL 'https://bioconductor.org/packages/3.21/bioc/src/contrib/zlibbioc_1.54.0.tar.gz'
trying URL 'https://p3m.dev/cran/__linux__/noble/latest/src/contrib/RUnit_0.4.33.1.tar.gz'
trying URL 'https://bioconductor.org/packages/3.21/bioc/src/contrib/BiocGenerics_0.54.1.tar.gz'
trying URL 'https://bioconductor.org/packages/3.21/bioc/src/contrib/seqTools_1.42.0.tar.gz'
* installing *binary* package ‘generics’ ...
* ‘generics’ was already a binary package and will not be rebuilt
* creating tarball
packaged installation of ‘generics’ as ‘generics_0.1.4_R_x86_64-pc-linux-gnu.tar.gz’
* DONE (generics)
* installing *source* package ‘zlibbioc’ ...
** this is package ‘zlibbioc’ version ‘1.54.0’
** using staged installation
configure: creating ./config.status
config.status: creating src/Makevars
** libs
using C compiler: ‘gcc (Ubuntu 13.3.0-6ubuntu2~24.04) 13.3.0’
mkdir -p "/usr/local/lib/R/site-library/00LOCK-zlibbioc/00new/zlibbioc/include"
gcc -std=gnu2x -I"/usr/local/lib/R/include" -DNDEBUG   -I/usr/local/include    -fpic  -g -O2 -fstack-protector-strong -Wformat -Werror=format-security -Wdate-time -D_FORTIFY_SOURCE=2 -g  -c R_init_zlibbioc.c -o R_init_zlibbioc.o
gcc -std=gnu2x -shared -L/usr/local/lib/R/lib -L/usr/local/lib -o zlibbioc.so R_init_zlibbioc.o -L/usr/local/lib/R/lib -lR
installing to /usr/local/lib/R/site-library/00LOCK-zlibbioc/00new/zlibbioc/libs
** R
** inst
** byte-compile and prepare package for lazy loading
** help
*** installing help indices
** building package indices
** installing vignettes
** testing if installed package can be loaded from temporary location
Warning in fun(libname, pkgname) :
  Package 'zlibbioc' is deprecated and will be removed from Bioconductor
  version 3.22
** checking absolute paths in shared objects and dynamic libraries
** testing if installed package can be loaded from final location
Warning in fun(libname, pkgname) :
  Package 'zlibbioc' is deprecated and will be removed from Bioconductor
  version 3.22
** testing if installed package keeps a record of temporary installation path
* creating tarball
packaged installation of ‘zlibbioc’ as ‘zlibbioc_1.54.0_R_x86_64-pc-linux-gnu.tar.gz’
* DONE (zlibbioc)
* installing *binary* package ‘RUnit’ ...
* ‘RUnit’ was already a binary package and will not be rebuilt
* creating tarball
packaged installation of ‘RUnit’ as ‘RUnit_0.4.33.1_R_x86_64-pc-linux-gnu.tar.gz’
* DONE (RUnit)
* installing *source* package ‘BiocGenerics’ ...
** this is package ‘BiocGenerics’ version ‘0.54.1’
** using staged installation
** R
** inst
** byte-compile and prepare package for lazy loading
Creating a new generic function for ‘aperm’ in package ‘BiocGenerics’
Creating a new generic function for ‘append’ in package ‘BiocGenerics’
Creating a new generic function for ‘as.data.frame’ in package ‘BiocGenerics’
Creating a new generic function for ‘cbind’ in package ‘BiocGenerics’
Creating a new generic function for ‘rbind’ in package ‘BiocGenerics’
Creating a new generic function for ‘do.call’ in package ‘BiocGenerics’
Creating a new generic function for ‘duplicated’ in package ‘BiocGenerics’
Creating a new generic function for ‘anyDuplicated’ in package ‘BiocGenerics’
Creating a new generic function for ‘eval’ in package ‘BiocGenerics’
Creating a new generic function for ‘pmax’ in package ‘BiocGenerics’
Creating a new generic function for ‘pmin’ in package ‘BiocGenerics’
Creating a new generic function for ‘pmax.int’ in package ‘BiocGenerics’
Creating a new generic function for ‘pmin.int’ in package ‘BiocGenerics’
Creating a new generic function for ‘Reduce’ in package ‘BiocGenerics’
Creating a new generic function for ‘Filter’ in package ‘BiocGenerics’
Creating a new generic function for ‘Find’ in package ‘BiocGenerics’
Creating a new generic function for ‘Map’ in package ‘BiocGenerics’
Creating a new generic function for ‘Position’ in package ‘BiocGenerics’
Creating a new generic function for ‘get’ in package ‘BiocGenerics’
Creating a new generic function for ‘mget’ in package ‘BiocGenerics’
Creating a new generic function for ‘grep’ in package ‘BiocGenerics’
Creating a new generic function for ‘grepl’ in package ‘BiocGenerics’
Creating a new generic function for ‘is.unsorted’ in package ‘BiocGenerics’
Creating a new generic function for ‘lapply’ in package ‘BiocGenerics’
Creating a new generic function for ‘sapply’ in package ‘BiocGenerics’
Creating a new generic function for ‘mapply’ in package ‘BiocGenerics’
Creating a new generic function for ‘match’ in package ‘BiocGenerics’
Creating a new generic function for ‘order’ in package ‘BiocGenerics’
Creating a new generic function for ‘paste’ in package ‘BiocGenerics’
Creating a new generic function for ‘rank’ in package ‘BiocGenerics’
Creating a new generic function for ‘rownames’ in package ‘BiocGenerics’
Creating a new generic function for ‘colnames’ in package ‘BiocGenerics’
Creating a new generic function for ‘saveRDS’ in package ‘BiocGenerics’
Creating a new generic function for ‘table’ in package ‘BiocGenerics’
Creating a new generic function for ‘tapply’ in package ‘BiocGenerics’
Creating a new generic function for ‘unique’ in package ‘BiocGenerics’
Creating a new generic function for ‘unsplit’ in package ‘BiocGenerics’
Creating a new generic function for ‘which.min’ in package ‘BiocGenerics’
Creating a new generic function for ‘which.max’ in package ‘BiocGenerics’
Creating a new generic function for ‘IQR’ in package ‘BiocGenerics’
Creating a new generic function for ‘mad’ in package ‘BiocGenerics’
Creating a new generic function for ‘var’ in package ‘BiocGenerics’
Creating a new generic function for ‘sd’ in package ‘BiocGenerics’
Creating a new generic function for ‘xtabs’ in package ‘BiocGenerics’
Creating a new generic function for ‘basename’ in package ‘BiocGenerics’
Creating a new generic function for ‘dirname’ in package ‘BiocGenerics’
** help
*** installing help indices
** building package indices
** testing if installed package can be loaded from temporary location
** testing if installed package can be loaded from final location
** testing if installed package keeps a record of temporary installation path
* creating tarball
packaged installation of ‘BiocGenerics’ as ‘BiocGenerics_0.54.1_R_x86_64-pc-linux-gnu.tar.gz’
* DONE (BiocGenerics)
* installing *source* package ‘seqTools’ ...
** this is package ‘seqTools’ version ‘1.42.0’
** using staged installation
** libs
using C compiler: ‘gcc (Ubuntu 13.3.0-6ubuntu2~24.04) 13.3.0’
gcc -std=gnu2x -I"/usr/local/lib/R/include" -DNDEBUG  -I'/usr/local/lib/R/site-library/zlibbioc/include' -I/usr/local/include    -fpic  -g -O2 -fstack-protector-strong -Wformat -Werror=format-security -Wdate-time -D_FORTIFY_SOURCE=2 -g  -c seqTools.c -o seqTools.o
seqTools.c: In function ‘count_genome_Kmers’:
seqTools.c:851:93: warning: format ‘%u’ expects a matching ‘unsigned int’ argument [-Wformat=]
  851 |                                 error("[count_genome_Kmers] character mismatch at position %u!");
      |                                                                                            ~^
      |                                                                                             |
      |                                                                                             unsigned int
seqTools.c: In function ‘scale_kmer_matrix’:
seqTools.c:3296:55: warning: format ‘%i’ expects argument of type ‘int’, but argument 3 has type ‘double’ [-Wformat=]
 3296 |                 error("[scale_kmer_matrix] scale[%i]=%i must be >1!", column_index, scale);
      |                                                      ~^                             ~~~~~
      |                                                       |                             |
      |                                                       int                           double
      |                                                      %f
seqTools.c:3306:73: warning: format ‘%i’ expects argument of type ‘int’, but argument 3 has type ‘double’ [-Wformat=]
 3306 |                                 error("[scale_kmer_matrix] scale[%i] = %i must be >1!", column_index, scale);
      |                                                                        ~^                             ~~~~~
      |                                                                         |                             |
      |                                                                         int                           double
      |                                                                        %f
gcc -std=gnu2x -shared -L/usr/local/lib/R/lib -L/usr/local/lib -o seqTools.so seqTools.o -lm -lz -L/usr/local/lib/R/lib -lR
installing to /usr/local/lib/R/site-library/00LOCK-seqTools/00new/seqTools/libs
** R
** inst
** byte-compile and prepare package for lazy loading
Warning message:
In fun(libname, pkgname) :
  Package 'zlibbioc' is deprecated and will be removed from Bioconductor
  version 3.22
** help
*** installing help indices
** building package indices
** installing vignettes
** testing if installed package can be loaded from temporary location
Warning in fun(libname, pkgname) :
  Package 'zlibbioc' is deprecated and will be removed from Bioconductor
  version 3.22
** checking absolute paths in shared objects and dynamic libraries
** testing if installed package can be loaded from final location
Warning in fun(libname, pkgname) :
  Package 'zlibbioc' is deprecated and will be removed from Bioconductor
  version 3.22
** testing if installed package keeps a record of temporary installation path
* creating tarball
packaged installation of ‘seqTools’ as ‘seqTools_1.42.0_R_x86_64-pc-linux-gnu.tar.gz’
* DONE (seqTools)

The downloaded source packages are in
	‘/tmp/Rtmpzw7RrN/downloaded_packages’
Old packages: 'xml2'

real	0m13.614s
user	0m10.328s
sys	0m3.978s
