+ Rscript -e 'Sys.setenv(BIOCONDUCTOR_USE_CONTAINER_REPOSITORY=FALSE);
  p <- .libPaths();
  p <- c('\''/tmp/library'\'', '\''/mnt/library'\'', p);
  .libPaths(p);
  if(BiocManager::install('\''flowBeads'\'', INSTALL_opts = '\''--build'\'', update = TRUE, quiet = FALSE, dependencies=TRUE, force = TRUE, keep_outputs = TRUE) %in% rownames(installed.packages())) q(status = 0) else q(status = 1)'
'getOption("repos")' replaces Bioconductor standard repositories, see
'help("repositories", package = "BiocManager")' for details.
Replacement repositories:
    CRAN: https://cloud.r-project.org
Bioconductor version 3.23 (BiocManager 1.30.26), R Under development (unstable)
  (2025-10-28 r88973)
Installing package(s) 'flowBeads'
trying URL 'https://bioconductor.org/packages/3.23/bioc/src/contrib/flowBeads_1.49.0.tar.gz'
Content type 'application/x-gzip' length 1001586 bytes (978 KB)
==================================================
downloaded 978 KB

* installing *source* package ‘flowBeads’ ...
** this is package ‘flowBeads’ version ‘1.49.0’
** using staged installation
** R
** data
** inst
** byte-compile and prepare package for lazy loading
** help
*** installing help indices
** building package indices
** installing vignettes
** testing if installed package can be loaded from temporary location
** testing if installed package can be loaded from final location
** testing if installed package keeps a record of temporary installation path
* creating tarball
packaged installation of ‘flowBeads’ as ‘flowBeads_1.49.0_R_x86_64-pc-linux-gnu.tar.gz’
* DONE (flowBeads)

The downloaded source packages are in
	‘/tmp/RtmpMXAi0t/downloaded_packages’
Old packages: 'promises'

real	0m13.130s
user	0m10.243s
sys	0m2.439s
