+ Rscript -e 'Sys.setenv(BIOCONDUCTOR_USE_CONTAINER_REPOSITORY=FALSE);
  p <- .libPaths();
  p <- c('\'''\'', '\'''\'', p);
  .libPaths(p);
  if(BiocManager::install('\''ASAFE'\'', INSTALL_opts = '\''--build'\'', update = TRUE, quiet = FALSE, dependencies=TRUE, force = TRUE, keep_outputs = TRUE) %in% rownames(installed.packages())) q(status = 0) else q(status = 1)'
'getOption("repos")' replaces Bioconductor standard repositories, see
'help("repositories", package = "BiocManager")' for details.
Replacement repositories:
    CRAN: https://p3m.dev/cran/__linux__/noble/latest
Bioconductor version 3.21 (BiocManager 1.30.26), R 4.5.1 (2025-06-13)
Installing package(s) 'ASAFE'
trying URL 'https://bioconductor.org/packages/3.21/bioc/src/contrib/ASAFE_1.34.0.tar.gz'
Content type 'application/x-gzip' length 436142 bytes (425 KB)
==================================================
downloaded 425 KB

* installing *source* package ‘ASAFE’ ...
** this is package ‘ASAFE’ version ‘1.34.0’
** using staged installation
** R
** data
*** moving datasets to lazyload DB
** inst
** byte-compile and prepare package for lazy loading
** help
*** installing help indices
** building package indices
** installing vignettes
** testing if installed package can be loaded from temporary location
** testing if installed package can be loaded from final location
** testing if installed package keeps a record of temporary installation path
* creating tarball
packaged installation of ‘ASAFE’ as ‘ASAFE_1.34.0_R_x86_64-pc-linux-gnu.tar.gz’
* DONE (ASAFE)

The downloaded source packages are in
	‘/tmp/RtmpG0SKbX/downloaded_packages’
Old packages: 'xml2'

real	0m4.532s
user	0m3.248s
sys	0m2.590s
