+ Rscript -e 'Sys.setenv(BIOCONDUCTOR_USE_CONTAINER_REPOSITORY=FALSE);
  p <- .libPaths();
  p <- c('\'''\'', '\'''\'', p);
  .libPaths(p);
  if(BiocManager::install('\''mina'\'', INSTALL_opts = '\''--build'\'', update = TRUE, quiet = FALSE, dependencies=TRUE, force = TRUE, keep_outputs = TRUE) %in% rownames(installed.packages())) q(status = 0) else q(status = 1)'
'getOption("repos")' replaces Bioconductor standard repositories, see
'help("repositories", package = "BiocManager")' for details.
Replacement repositories:
    CRAN: https://p3m.dev/cran/__linux__/noble/latest
Bioconductor version 3.21 (BiocManager 1.30.26), R 4.5.1 (2025-06-13)
Installing package(s) 'mina'
also installing the dependencies ‘backports’, ‘farver’, ‘labeling’, ‘RColorBrewer’, ‘DBI’, ‘checkmate’, ‘expm’, ‘RcppEigen’, ‘bigmemory.sri’, ‘uuid’, ‘BH’, ‘iterators’, ‘gtable’, ‘isoband’, ‘S7’, ‘scales’, ‘biglm’, ‘gridExtra’, ‘data.table’, ‘htmlTable’, ‘viridisLite’, ‘colorspace’, ‘Formula’, ‘MCL’, ‘RSpectra’, ‘apcluster’, ‘bigmemory’, ‘foreach’, ‘ggplot2’, ‘parallelDist’, ‘reshape2’, ‘plyr’, ‘biganalytics’, ‘Hmisc’, ‘RcppParallel’, ‘RcppArmadillo’

trying URL 'https://p3m.dev/cran/__linux__/noble/latest/src/contrib/backports_1.5.0.tar.gz'
trying URL 'https://p3m.dev/cran/__linux__/noble/latest/src/contrib/farver_2.1.2.tar.gz'
trying URL 'https://p3m.dev/cran/__linux__/noble/latest/src/contrib/labeling_0.4.3.tar.gz'
trying URL 'https://p3m.dev/cran/__linux__/noble/latest/src/contrib/RColorBrewer_1.1-3.tar.gz'
trying URL 'https://p3m.dev/cran/__linux__/noble/latest/src/contrib/DBI_1.2.3.tar.gz'
trying URL 'https://p3m.dev/cran/__linux__/noble/latest/src/contrib/checkmate_2.3.3.tar.gz'
trying URL 'https://p3m.dev/cran/__linux__/noble/latest/src/contrib/expm_1.0-0.tar.gz'
trying URL 'https://p3m.dev/cran/__linux__/noble/latest/src/contrib/RcppEigen_0.3.4.0.2.tar.gz'
trying URL 'https://p3m.dev/cran/__linux__/noble/latest/src/contrib/bigmemory.sri_0.1.8.tar.gz'
trying URL 'https://p3m.dev/cran/__linux__/noble/latest/src/contrib/uuid_1.2-1.tar.gz'
trying URL 'https://p3m.dev/cran/__linux__/noble/latest/src/contrib/BH_1.87.0-1.tar.gz'
trying URL 'https://p3m.dev/cran/__linux__/noble/latest/src/contrib/iterators_1.0.14.tar.gz'
trying URL 'https://p3m.dev/cran/__linux__/noble/latest/src/contrib/gtable_0.3.6.tar.gz'
trying URL 'https://p3m.dev/cran/__linux__/noble/latest/src/contrib/isoband_0.2.7.tar.gz'
trying URL 'https://p3m.dev/cran/__linux__/noble/latest/src/contrib/S7_0.2.0.tar.gz'
trying URL 'https://p3m.dev/cran/__linux__/noble/latest/src/contrib/scales_1.4.0.tar.gz'
trying URL 'https://p3m.dev/cran/__linux__/noble/latest/src/contrib/biglm_0.9-3.tar.gz'
trying URL 'https://p3m.dev/cran/__linux__/noble/latest/src/contrib/gridExtra_2.3.tar.gz'
trying URL 'https://p3m.dev/cran/__linux__/noble/latest/src/contrib/data.table_1.17.8.tar.gz'
trying URL 'https://p3m.dev/cran/__linux__/noble/latest/src/contrib/htmlTable_2.4.3.tar.gz'
trying URL 'https://p3m.dev/cran/__linux__/noble/latest/src/contrib/viridisLite_0.4.2.tar.gz'
trying URL 'https://p3m.dev/cran/__linux__/noble/latest/src/contrib/colorspace_2.1-2.tar.gz'
trying URL 'https://p3m.dev/cran/__linux__/noble/latest/src/contrib/Formula_1.2-5.tar.gz'
trying URL 'https://p3m.dev/cran/__linux__/noble/latest/src/contrib/MCL_1.0.tar.gz'
trying URL 'https://p3m.dev/cran/__linux__/noble/latest/src/contrib/RSpectra_0.16-2.tar.gz'
trying URL 'https://p3m.dev/cran/__linux__/noble/latest/src/contrib/apcluster_1.4.14.tar.gz'
trying URL 'https://p3m.dev/cran/__linux__/noble/latest/src/contrib/bigmemory_4.6.4.tar.gz'
trying URL 'https://p3m.dev/cran/__linux__/noble/latest/src/contrib/foreach_1.5.2.tar.gz'
trying URL 'https://p3m.dev/cran/__linux__/noble/latest/src/contrib/ggplot2_4.0.0.tar.gz'
trying URL 'https://p3m.dev/cran/__linux__/noble/latest/src/contrib/parallelDist_0.2.7.tar.gz'
trying URL 'https://p3m.dev/cran/__linux__/noble/latest/src/contrib/reshape2_1.4.4.tar.gz'
trying URL 'https://p3m.dev/cran/__linux__/noble/latest/src/contrib/plyr_1.8.9.tar.gz'
trying URL 'https://p3m.dev/cran/__linux__/noble/latest/src/contrib/biganalytics_1.1.22.tar.gz'
trying URL 'https://p3m.dev/cran/__linux__/noble/latest/src/contrib/Hmisc_5.2-4.tar.gz'
trying URL 'https://p3m.dev/cran/__linux__/noble/latest/src/contrib/RcppParallel_5.1.11-1.tar.gz'
trying URL 'https://p3m.dev/cran/__linux__/noble/latest/src/contrib/RcppArmadillo_15.0.2-2.tar.gz'
trying URL 'https://bioconductor.org/packages/3.21/bioc/src/contrib/mina_1.16.0.tar.gz'
* installing *binary* package ‘backports’ ...
* ‘backports’ was already a binary package and will not be rebuilt
* creating tarball
packaged installation of ‘backports’ as ‘backports_1.5.0_R_x86_64-pc-linux-gnu.tar.gz’
* DONE (backports)
* installing *binary* package ‘farver’ ...
* ‘farver’ was already a binary package and will not be rebuilt
* creating tarball
packaged installation of ‘farver’ as ‘farver_2.1.2_R_x86_64-pc-linux-gnu.tar.gz’
* DONE (farver)
* installing *binary* package ‘labeling’ ...
* ‘labeling’ was already a binary package and will not be rebuilt
* creating tarball
packaged installation of ‘labeling’ as ‘labeling_0.4.3_R_x86_64-pc-linux-gnu.tar.gz’
* DONE (labeling)
* installing *binary* package ‘RColorBrewer’ ...
* ‘RColorBrewer’ was already a binary package and will not be rebuilt
* creating tarball
packaged installation of ‘RColorBrewer’ as ‘RColorBrewer_1.1-3_R_x86_64-pc-linux-gnu.tar.gz’
* DONE (RColorBrewer)
* installing *binary* package ‘DBI’ ...
* ‘DBI’ was already a binary package and will not be rebuilt
* creating tarball
packaged installation of ‘DBI’ as ‘DBI_1.2.3_R_x86_64-pc-linux-gnu.tar.gz’
* DONE (DBI)
* installing *binary* package ‘expm’ ...
* ‘expm’ was already a binary package and will not be rebuilt
* creating tarball
packaged installation of ‘expm’ as ‘expm_1.0-0_R_x86_64-pc-linux-gnu.tar.gz’
* DONE (expm)
* installing *binary* package ‘RcppEigen’ ...
* ‘RcppEigen’ was already a binary package and will not be rebuilt
* creating tarball
packaged installation of ‘RcppEigen’ as ‘RcppEigen_0.3.4.0.2_R_x86_64-pc-linux-gnu.tar.gz’
* DONE (RcppEigen)
* installing *binary* package ‘bigmemory.sri’ ...
* ‘bigmemory.sri’ was already a binary package and will not be rebuilt
* creating tarball
packaged installation of ‘bigmemory.sri’ as ‘bigmemory.sri_0.1.8_R_x86_64-pc-linux-gnu.tar.gz’
* DONE (bigmemory.sri)
* installing *binary* package ‘uuid’ ...
* ‘uuid’ was already a binary package and will not be rebuilt
* creating tarball
packaged installation of ‘uuid’ as ‘uuid_1.2-1_R_x86_64-pc-linux-gnu.tar.gz’
* DONE (uuid)
* installing *binary* package ‘BH’ ...
* ‘BH’ was already a binary package and will not be rebuilt
* creating tarball
packaged installation of ‘BH’ as ‘BH_1.87.0-1_R_x86_64-pc-linux-gnu.tar.gz’
* DONE (BH)
* installing *binary* package ‘iterators’ ...
* ‘iterators’ was already a binary package and will not be rebuilt
* creating tarball
packaged installation of ‘iterators’ as ‘iterators_1.0.14_R_x86_64-pc-linux-gnu.tar.gz’
* DONE (iterators)
* installing *binary* package ‘gtable’ ...
* ‘gtable’ was already a binary package and will not be rebuilt
* creating tarball
packaged installation of ‘gtable’ as ‘gtable_0.3.6_R_x86_64-pc-linux-gnu.tar.gz’
* DONE (gtable)
* installing *binary* package ‘isoband’ ...
* ‘isoband’ was already a binary package and will not be rebuilt
* creating tarball
packaged installation of ‘isoband’ as ‘isoband_0.2.7_R_x86_64-pc-linux-gnu.tar.gz’
* DONE (isoband)
* installing *binary* package ‘S7’ ...
* ‘S7’ was already a binary package and will not be rebuilt
* creating tarball
packaged installation of ‘S7’ as ‘S7_0.2.0_R_x86_64-pc-linux-gnu.tar.gz’
* DONE (S7)
* installing *binary* package ‘data.table’ ...
* ‘data.table’ was already a binary package and will not be rebuilt
* creating tarball
packaged installation of ‘data.table’ as ‘data.table_1.17.8_R_x86_64-pc-linux-gnu.tar.gz’
* DONE (data.table)
* installing *binary* package ‘viridisLite’ ...
* ‘viridisLite’ was already a binary package and will not be rebuilt
* creating tarball
packaged installation of ‘viridisLite’ as ‘viridisLite_0.4.2_R_x86_64-pc-linux-gnu.tar.gz’
* DONE (viridisLite)
* installing *binary* package ‘colorspace’ ...
* ‘colorspace’ was already a binary package and will not be rebuilt
* creating tarball
packaged installation of ‘colorspace’ as ‘colorspace_2.1-2_R_x86_64-pc-linux-gnu.tar.gz’
* DONE (colorspace)
* installing *binary* package ‘Formula’ ...
* ‘Formula’ was already a binary package and will not be rebuilt
* creating tarball
packaged installation of ‘Formula’ as ‘Formula_1.2-5_R_x86_64-pc-linux-gnu.tar.gz’
* DONE (Formula)
* installing *binary* package ‘apcluster’ ...
* ‘apcluster’ was already a binary package and will not be rebuilt
* creating tarball
packaged installation of ‘apcluster’ as ‘apcluster_1.4.14_R_x86_64-pc-linux-gnu.tar.gz’
* DONE (apcluster)
* installing *binary* package ‘plyr’ ...
* ‘plyr’ was already a binary package and will not be rebuilt
* creating tarball
packaged installation of ‘plyr’ as ‘plyr_1.8.9_R_x86_64-pc-linux-gnu.tar.gz’
* DONE (plyr)
* installing *binary* package ‘RcppParallel’ ...
* ‘RcppParallel’ was already a binary package and will not be rebuilt
* creating tarball
packaged installation of ‘RcppParallel’ as ‘RcppParallel_5.1.11-1_R_x86_64-pc-linux-gnu.tar.gz’
* DONE (RcppParallel)
* installing *binary* package ‘RcppArmadillo’ ...
* ‘RcppArmadillo’ was already a binary package and will not be rebuilt
* creating tarball
packaged installation of ‘RcppArmadillo’ as ‘RcppArmadillo_15.0.2-2_R_x86_64-pc-linux-gnu.tar.gz’
* DONE (RcppArmadillo)
* installing *binary* package ‘checkmate’ ...
* ‘checkmate’ was already a binary package and will not be rebuilt
* creating tarball
packaged installation of ‘checkmate’ as ‘checkmate_2.3.3_R_x86_64-pc-linux-gnu.tar.gz’
* DONE (checkmate)
* installing *binary* package ‘scales’ ...
* ‘scales’ was already a binary package and will not be rebuilt
* creating tarball
packaged installation of ‘scales’ as ‘scales_1.4.0_R_x86_64-pc-linux-gnu.tar.gz’
* DONE (scales)
* installing *binary* package ‘biglm’ ...
* ‘biglm’ was already a binary package and will not be rebuilt
* creating tarball
packaged installation of ‘biglm’ as ‘biglm_0.9-3_R_x86_64-pc-linux-gnu.tar.gz’
* DONE (biglm)
* installing *binary* package ‘gridExtra’ ...
* ‘gridExtra’ was already a binary package and will not be rebuilt
* creating tarball
packaged installation of ‘gridExtra’ as ‘gridExtra_2.3_R_x86_64-pc-linux-gnu.tar.gz’
* DONE (gridExtra)
* installing *binary* package ‘MCL’ ...
* ‘MCL’ was already a binary package and will not be rebuilt
* creating tarball
packaged installation of ‘MCL’ as ‘MCL_1.0_R_x86_64-pc-linux-gnu.tar.gz’
* DONE (MCL)
* installing *binary* package ‘RSpectra’ ...
* ‘RSpectra’ was already a binary package and will not be rebuilt
* creating tarball
packaged installation of ‘RSpectra’ as ‘RSpectra_0.16-2_R_x86_64-pc-linux-gnu.tar.gz’
* DONE (RSpectra)
* installing *binary* package ‘bigmemory’ ...
* ‘bigmemory’ was already a binary package and will not be rebuilt
* creating tarball
packaged installation of ‘bigmemory’ as ‘bigmemory_4.6.4_R_x86_64-pc-linux-gnu.tar.gz’
* DONE (bigmemory)
* installing *binary* package ‘foreach’ ...
* ‘foreach’ was already a binary package and will not be rebuilt
* creating tarball
packaged installation of ‘foreach’ as ‘foreach_1.5.2_R_x86_64-pc-linux-gnu.tar.gz’
* DONE (foreach)
* installing *binary* package ‘parallelDist’ ...
* ‘parallelDist’ was already a binary package and will not be rebuilt
* creating tarball
packaged installation of ‘parallelDist’ as ‘parallelDist_0.2.7_R_x86_64-pc-linux-gnu.tar.gz’
* DONE (parallelDist)
* installing *binary* package ‘reshape2’ ...
* ‘reshape2’ was already a binary package and will not be rebuilt
* creating tarball
packaged installation of ‘reshape2’ as ‘reshape2_1.4.4_R_x86_64-pc-linux-gnu.tar.gz’
* DONE (reshape2)
* installing *binary* package ‘htmlTable’ ...
* ‘htmlTable’ was already a binary package and will not be rebuilt
* creating tarball
packaged installation of ‘htmlTable’ as ‘htmlTable_2.4.3_R_x86_64-pc-linux-gnu.tar.gz’
* DONE (htmlTable)
* installing *binary* package ‘ggplot2’ ...
* ‘ggplot2’ was already a binary package and will not be rebuilt
* creating tarball
packaged installation of ‘ggplot2’ as ‘ggplot2_4.0.0_R_x86_64-pc-linux-gnu.tar.gz’
* DONE (ggplot2)
* installing *binary* package ‘biganalytics’ ...
* ‘biganalytics’ was already a binary package and will not be rebuilt
* creating tarball
packaged installation of ‘biganalytics’ as ‘biganalytics_1.1.22_R_x86_64-pc-linux-gnu.tar.gz’
* DONE (biganalytics)
* installing *binary* package ‘Hmisc’ ...
* ‘Hmisc’ was already a binary package and will not be rebuilt
* creating tarball
packaged installation of ‘Hmisc’ as ‘Hmisc_5.2-4_R_x86_64-pc-linux-gnu.tar.gz’
* DONE (Hmisc)
* installing *source* package ‘mina’ ...
** this is package ‘mina’ version ‘1.16.0’
** using staged installation
** libs
using C++ compiler: ‘g++ (Ubuntu 13.3.0-6ubuntu2~24.04) 13.3.0’
g++ -std=gnu++17 -I"/usr/local/lib/R/include" -DNDEBUG  -I'/usr/local/lib/R/site-library/Rcpp/include' -I'/usr/local/lib/R/site-library/RcppParallel/include' -I'/usr/local/lib/R/site-library/RcppArmadillo/include' -I/usr/local/include    -fpic  -g -O2 -fstack-protector-strong -Wformat -Werror=format-security -Wdate-time -D_FORTIFY_SOURCE=2 -g   -c RcppExports.cpp -o RcppExports.o
g++ -std=gnu++17 -I"/usr/local/lib/R/include" -DNDEBUG  -I'/usr/local/lib/R/site-library/Rcpp/include' -I'/usr/local/lib/R/site-library/RcppParallel/include' -I'/usr/local/lib/R/site-library/RcppArmadillo/include' -I/usr/local/include    -fpic  -g -O2 -fstack-protector-strong -Wformat -Werror=format-security -Wdate-time -D_FORTIFY_SOURCE=2 -g   -c cp_cor.cpp -o cp_cor.o
g++ -std=gnu++17 -shared -L/usr/local/lib/R/lib -L/usr/local/lib -o mina.so RcppExports.o cp_cor.o -L/usr/local/lib/R/lib -lR
installing to /usr/local/lib/R/site-library/00LOCK-mina/00new/mina/libs
** R
** data
*** moving datasets to lazyload DB
** inst
** byte-compile and prepare package for lazy loading
Creating a new generic function for ‘norm’ in package ‘mina’
** help
*** installing help indices
** building package indices
** installing vignettes
** testing if installed package can be loaded from temporary location
** checking absolute paths in shared objects and dynamic libraries
** testing if installed package can be loaded from final location
** testing if installed package keeps a record of temporary installation path
* creating tarball
packaged installation of ‘mina’ as ‘mina_1.16.0_R_x86_64-pc-linux-gnu.tar.gz’
* DONE (mina)

The downloaded source packages are in
	‘/tmp/Rtmp9RBZ0Y/downloaded_packages’
Old packages: 'xml2'

real	1m12.574s
user	0m57.716s
sys	0m17.440s
