+ Rscript -e 'Sys.setenv(BIOCONDUCTOR_USE_CONTAINER_REPOSITORY=FALSE);
  p <- .libPaths();
  p <- c('\'''\'', '\'''\'', p);
  .libPaths(p);
  if(BiocManager::install('\''ssize'\'', INSTALL_opts = '\''--build'\'', update = TRUE, quiet = FALSE, dependencies=TRUE, force = TRUE, keep_outputs = TRUE) %in% rownames(installed.packages())) q(status = 0) else q(status = 1)'
'getOption("repos")' replaces Bioconductor standard repositories, see
'help("repositories", package = "BiocManager")' for details.
Replacement repositories:
    CRAN: https://cloud.r-project.org
Bioconductor version 3.23 (BiocManager 1.30.26), R Under development (unstable)
  (2025-10-28 r88973)
Installing package(s) 'ssize'
also installing the dependencies ‘gtools’, ‘gdata’

trying URL 'https://cloud.r-project.org/src/contrib/gtools_3.9.5.tar.gz'
trying URL 'https://cloud.r-project.org/src/contrib/gdata_3.0.1.tar.gz'
trying URL 'https://bioconductor.org/packages/3.23/bioc/src/contrib/ssize_1.85.0.tar.gz'
* installing *source* package ‘gtools’ ...
** this is package ‘gtools’ version ‘3.9.5’
** package ‘gtools’ successfully unpacked and MD5 sums checked
** using staged installation
** libs
using C compiler: ‘gcc (Ubuntu 13.3.0-6ubuntu2~24.04) 13.3.0’
gcc -std=gnu2x -I"/usr/local/lib/R/include" -DNDEBUG   -I/usr/local/include    -fpic  -g -O2 -fstack-protector-strong -Wformat -Werror=format-security -Wdate-time -D_FORTIFY_SOURCE=2 -g  -c init.c -o init.o
gcc -std=gnu2x -I"/usr/local/lib/R/include" -DNDEBUG   -I/usr/local/include    -fpic  -g -O2 -fstack-protector-strong -Wformat -Werror=format-security -Wdate-time -D_FORTIFY_SOURCE=2 -g  -c roman2int.c -o roman2int.o
gcc -std=gnu2x -I"/usr/local/lib/R/include" -DNDEBUG   -I/usr/local/include    -fpic  -g -O2 -fstack-protector-strong -Wformat -Werror=format-security -Wdate-time -D_FORTIFY_SOURCE=2 -g  -c setTCPNoDelay.c -o setTCPNoDelay.o
gcc -std=gnu2x -shared -L/usr/local/lib/R/lib -L/usr/local/lib -o gtools.so init.o roman2int.o setTCPNoDelay.o -L/usr/local/lib/R/lib -lR
installing to /usr/local/lib/R/site-library/00LOCK-gtools/00new/gtools/libs
** R
** data
** inst
** byte-compile and prepare package for lazy loading
** help
*** installing help indices
*** copying figures
** building package indices
** testing if installed package can be loaded from temporary location
** checking absolute paths in shared objects and dynamic libraries
** testing if installed package can be loaded from final location
** testing if installed package keeps a record of temporary installation path
* creating tarball
packaged installation of ‘gtools’ as ‘gtools_3.9.5_R_x86_64-pc-linux-gnu.tar.gz’
* DONE (gtools)
* installing *source* package ‘gdata’ ...
** this is package ‘gdata’ version ‘3.0.1’
** package ‘gdata’ successfully unpacked and MD5 sums checked
** using staged installation
** R
** data
** inst
** byte-compile and prepare package for lazy loading
** help
*** installing help indices
** building package indices
** installing vignettes
** testing if installed package can be loaded from temporary location
** testing if installed package can be loaded from final location
** testing if installed package keeps a record of temporary installation path
* creating tarball
packaged installation of ‘gdata’ as ‘gdata_3.0.1_R_x86_64-pc-linux-gnu.tar.gz’
* DONE (gdata)
* installing *source* package ‘ssize’ ...
** this is package ‘ssize’ version ‘1.85.0’
** using staged installation
** R
** data
** inst
** byte-compile and prepare package for lazy loading
** help
*** installing help indices
** building package indices
** installing vignettes
** testing if installed package can be loaded from temporary location
** testing if installed package can be loaded from final location
** testing if installed package keeps a record of temporary installation path
* creating tarball
packaged installation of ‘ssize’ as ‘ssize_1.85.0_R_x86_64-pc-linux-gnu.tar.gz’
* DONE (ssize)

The downloaded source packages are in
	‘/tmp/RtmpQdQtPE/downloaded_packages’
Old packages: 'promises'

real	0m9.133s
user	0m6.722s
sys	0m3.408s
