+ Rscript -e 'Sys.setenv(BIOCONDUCTOR_USE_CONTAINER_REPOSITORY=FALSE);
  p <- .libPaths();
  p <- c('\''/tmp/library'\'', '\''/mnt/library'\'', p);
  .libPaths(p);
  if(BiocManager::install('\''CTDquerier'\'', INSTALL_opts = '\''--build'\'', update = TRUE, quiet = FALSE, dependencies=TRUE, force = TRUE, keep_outputs = TRUE) %in% rownames(installed.packages())) q(status = 0) else q(status = 1)'
'getOption("repos")' replaces Bioconductor standard repositories, see
'help("repositories", package = "BiocManager")' for details.
Replacement repositories:
    CRAN: https://cloud.r-project.org
Bioconductor version 3.23 (BiocManager 1.30.26), R Under development (unstable)
  (2025-10-28 r88973)
Installing package(s) 'CTDquerier'
also installing the dependency ‘stringdist’

trying URL 'https://cloud.r-project.org/src/contrib/stringdist_0.9.15.tar.gz'
trying URL 'https://bioconductor.org/packages/3.23/bioc/src/contrib/CTDquerier_2.19.0.tar.gz'
* installing *source* package ‘stringdist’ ...
** this is package ‘stringdist’ version ‘0.9.15’
** package ‘stringdist’ successfully unpacked and MD5 sums checked
** using staged installation
** libs
using C compiler: ‘gcc (Ubuntu 13.3.0-6ubuntu2~24.04) 13.3.0’
gcc -std=gnu2x -I"/usr/local/lib/R/include" -DNDEBUG -I../inst/include  -I/usr/local/include   -fopenmp -fpic  -g -O2 -fstack-protector-strong -Wformat -Werror=format-security -Wdate-time -D_FORTIFY_SOURCE=2 -g  -c R_register_native.c -o R_register_native.o
gcc -std=gnu2x -I"/usr/local/lib/R/include" -DNDEBUG -I../inst/include  -I/usr/local/include   -fopenmp -fpic  -g -O2 -fstack-protector-strong -Wformat -Werror=format-security -Wdate-time -D_FORTIFY_SOURCE=2 -g  -c Rstringdist.c -o Rstringdist.o
gcc -std=gnu2x -I"/usr/local/lib/R/include" -DNDEBUG -I../inst/include  -I/usr/local/include   -fopenmp -fpic  -g -O2 -fstack-protector-strong -Wformat -Werror=format-security -Wdate-time -D_FORTIFY_SOURCE=2 -g  -c dl.c -o dl.o
gcc -std=gnu2x -I"/usr/local/lib/R/include" -DNDEBUG -I../inst/include  -I/usr/local/include   -fopenmp -fpic  -g -O2 -fstack-protector-strong -Wformat -Werror=format-security -Wdate-time -D_FORTIFY_SOURCE=2 -g  -c hamming.c -o hamming.o
gcc -std=gnu2x -I"/usr/local/lib/R/include" -DNDEBUG -I../inst/include  -I/usr/local/include   -fopenmp -fpic  -g -O2 -fstack-protector-strong -Wformat -Werror=format-security -Wdate-time -D_FORTIFY_SOURCE=2 -g  -c jaro.c -o jaro.o
gcc -std=gnu2x -I"/usr/local/lib/R/include" -DNDEBUG -I../inst/include  -I/usr/local/include   -fopenmp -fpic  -g -O2 -fstack-protector-strong -Wformat -Werror=format-security -Wdate-time -D_FORTIFY_SOURCE=2 -g  -c lcs.c -o lcs.o
gcc -std=gnu2x -I"/usr/local/lib/R/include" -DNDEBUG -I../inst/include  -I/usr/local/include   -fopenmp -fpic  -g -O2 -fstack-protector-strong -Wformat -Werror=format-security -Wdate-time -D_FORTIFY_SOURCE=2 -g  -c lv.c -o lv.o
gcc -std=gnu2x -I"/usr/local/lib/R/include" -DNDEBUG -I../inst/include  -I/usr/local/include   -fopenmp -fpic  -g -O2 -fstack-protector-strong -Wformat -Werror=format-security -Wdate-time -D_FORTIFY_SOURCE=2 -g  -c osa.c -o osa.o
gcc -std=gnu2x -I"/usr/local/lib/R/include" -DNDEBUG -I../inst/include  -I/usr/local/include   -fopenmp -fpic  -g -O2 -fstack-protector-strong -Wformat -Werror=format-security -Wdate-time -D_FORTIFY_SOURCE=2 -g  -c qgram.c -o qgram.o
gcc -std=gnu2x -I"/usr/local/lib/R/include" -DNDEBUG -I../inst/include  -I/usr/local/include   -fopenmp -fpic  -g -O2 -fstack-protector-strong -Wformat -Werror=format-security -Wdate-time -D_FORTIFY_SOURCE=2 -g  -c soundex.c -o soundex.o
gcc -std=gnu2x -I"/usr/local/lib/R/include" -DNDEBUG -I../inst/include  -I/usr/local/include   -fopenmp -fpic  -g -O2 -fstack-protector-strong -Wformat -Werror=format-security -Wdate-time -D_FORTIFY_SOURCE=2 -g  -c stringdist.c -o stringdist.o
gcc -std=gnu2x -I"/usr/local/lib/R/include" -DNDEBUG -I../inst/include  -I/usr/local/include   -fopenmp -fpic  -g -O2 -fstack-protector-strong -Wformat -Werror=format-security -Wdate-time -D_FORTIFY_SOURCE=2 -g  -c utf8ToInt.c -o utf8ToInt.o
gcc -std=gnu2x -I"/usr/local/lib/R/include" -DNDEBUG -I../inst/include  -I/usr/local/include   -fopenmp -fpic  -g -O2 -fstack-protector-strong -Wformat -Werror=format-security -Wdate-time -D_FORTIFY_SOURCE=2 -g  -c utils.c -o utils.o
gcc -std=gnu2x -shared -L/usr/local/lib/R/lib -L/usr/local/lib -o stringdist.so R_register_native.o Rstringdist.o dl.o hamming.o jaro.o lcs.o lv.o osa.o qgram.o soundex.o stringdist.o utf8ToInt.o utils.o -fopenmp -L/usr/local/lib/R/lib -lR
installing to /tmp/library/00LOCK-stringdist/00new/stringdist/libs
** R
** inst
** byte-compile and prepare package for lazy loading
** help
*** installing help indices
** building package indices
** installing vignettes
** testing if installed package can be loaded from temporary location
** checking absolute paths in shared objects and dynamic libraries
** testing if installed package can be loaded from final location
** testing if installed package keeps a record of temporary installation path
* creating tarball
packaged installation of ‘stringdist’ as ‘stringdist_0.9.15_R_x86_64-pc-linux-gnu.tar.gz’
* DONE (stringdist)
* installing *source* package ‘CTDquerier’ ...
** this is package ‘CTDquerier’ version ‘2.19.0’
** using staged installation
** R
** data
** inst
** byte-compile and prepare package for lazy loading
** help
*** installing help indices
** building package indices
** installing vignettes
** testing if installed package can be loaded from temporary location
** testing if installed package can be loaded from final location
** testing if installed package keeps a record of temporary installation path
* creating tarball
packaged installation of ‘CTDquerier’ as ‘CTDquerier_2.19.0_R_x86_64-pc-linux-gnu.tar.gz’
* DONE (CTDquerier)

The downloaded source packages are in
	‘/tmp/RtmpA2wZWz/downloaded_packages’
Old packages: 'promises'

real	0m13.390s
user	0m10.532s
sys	0m3.546s
