+ Rscript -e 'Sys.setenv(BIOCONDUCTOR_USE_CONTAINER_REPOSITORY=FALSE);
  p <- .libPaths();
  p <- c('\''/tmp/library'\'', '\''/mnt/library'\'', p);
  .libPaths(p);
  if(BiocManager::install('\''RUVnormalize'\'', INSTALL_opts = '\''--build'\'', update = TRUE, quiet = FALSE, dependencies=TRUE, force = TRUE, keep_outputs = TRUE) %in% rownames(installed.packages())) q(status = 0) else q(status = 1)'
'getOption("repos")' replaces Bioconductor standard repositories, see
'help("repositories", package = "BiocManager")' for details.
Replacement repositories:
    CRAN: https://cloud.r-project.org
Bioconductor version 3.23 (BiocManager 1.30.26), R Under development (unstable)
  (2025-10-28 r88973)
Installing package(s) 'RUVnormalize'
also installing the dependency ‘RUVnormalizeData’

trying URL 'https://bioconductor.org/packages/3.23/data/experiment/src/contrib/RUVnormalizeData_1.31.0.tar.gz'
trying URL 'https://bioconductor.org/packages/3.23/bioc/src/contrib/RUVnormalize_1.45.0.tar.gz'
* installing *source* package ‘RUVnormalizeData’ ...
** this is package ‘RUVnormalizeData’ version ‘1.31.0’
** using staged installation
** data
** inst
** help
*** installing help indices
** building package indices
** installing vignettes
** testing if installed package can be loaded from temporary location
** testing if installed package can be loaded from final location
** testing if installed package keeps a record of temporary installation path
* creating tarball
packaged installation of ‘RUVnormalizeData’ as ‘RUVnormalizeData_1.31.0_R_x86_64-pc-linux-gnu.tar.gz’
* DONE (RUVnormalizeData)
* installing *source* package ‘RUVnormalize’ ...
** this is package ‘RUVnormalize’ version ‘1.45.0’
** using staged installation
** R
** demo
** inst
** byte-compile and prepare package for lazy loading
** help
*** installing help indices
** building package indices
** installing vignettes
** testing if installed package can be loaded from temporary location
** testing if installed package can be loaded from final location
** testing if installed package keeps a record of temporary installation path
* creating tarball
packaged installation of ‘RUVnormalize’ as ‘RUVnormalize_1.45.0_R_x86_64-pc-linux-gnu.tar.gz’
* DONE (RUVnormalize)

The downloaded source packages are in
	‘/tmp/Rtmpeh7c9q/downloaded_packages’
Old packages: 'promises'

real	0m8.307s
user	0m6.096s
sys	0m2.434s
