+ Rscript -e 'Sys.setenv(BIOCONDUCTOR_USE_CONTAINER_REPOSITORY=FALSE);
  p <- .libPaths();
  p <- c('\''/tmp/library'\'', '\''/mnt/library'\'', p);
  .libPaths(p);
  if(BiocManager::install('\''alevinQC'\'', INSTALL_opts = '\''--build'\'', update = TRUE, quiet = FALSE, dependencies=TRUE, force = TRUE, keep_outputs = TRUE) %in% rownames(installed.packages())) q(status = 0) else q(status = 1)'
'getOption("repos")' replaces Bioconductor standard repositories, see
'help("repositories", package = "BiocManager")' for details.
Replacement repositories:
    CRAN: https://cloud.r-project.org
Bioconductor version 3.23 (BiocManager 1.30.26), R Under development (unstable)
  (2025-10-28 r88973)
Installing package(s) 'alevinQC'
also installing the dependencies ‘forcats’, ‘ggstats’, ‘GGally’, ‘shinydashboard’, ‘tximport’, ‘cowplot’

trying URL 'https://cloud.r-project.org/src/contrib/forcats_1.0.1.tar.gz'
trying URL 'https://cloud.r-project.org/src/contrib/ggstats_0.11.0.tar.gz'
trying URL 'https://cloud.r-project.org/src/contrib/GGally_2.4.0.tar.gz'
trying URL 'https://cloud.r-project.org/src/contrib/shinydashboard_0.7.3.tar.gz'
trying URL 'https://bioconductor.org/packages/3.23/bioc/src/contrib/tximport_1.39.0.tar.gz'
trying URL 'https://cloud.r-project.org/src/contrib/cowplot_1.2.0.tar.gz'
trying URL 'https://bioconductor.org/packages/3.23/bioc/src/contrib/alevinQC_1.27.0.tar.gz'
* installing *source* package ‘forcats’ ...
** this is package ‘forcats’ version ‘1.0.1’
** package ‘forcats’ successfully unpacked and MD5 sums checked
** using staged installation
** R
** data
*** moving datasets to lazyload DB
** inst
** byte-compile and prepare package for lazy loading
** help
*** installing help indices
*** copying figures
** building package indices
** installing vignettes
** testing if installed package can be loaded from temporary location
** testing if installed package can be loaded from final location
** testing if installed package keeps a record of temporary installation path
* creating tarball
packaged installation of ‘forcats’ as ‘forcats_1.0.1_R_x86_64-pc-linux-gnu.tar.gz’
* DONE (forcats)
* installing *source* package ‘shinydashboard’ ...
** this is package ‘shinydashboard’ version ‘0.7.3’
** package ‘shinydashboard’ successfully unpacked and MD5 sums checked
** using staged installation
** R
** inst
** byte-compile and prepare package for lazy loading
** help
*** installing help indices
** building package indices
** testing if installed package can be loaded from temporary location
** testing if installed package can be loaded from final location
** testing if installed package keeps a record of temporary installation path
* creating tarball
packaged installation of ‘shinydashboard’ as ‘shinydashboard_0.7.3_R_x86_64-pc-linux-gnu.tar.gz’
* DONE (shinydashboard)
* installing *source* package ‘tximport’ ...
** this is package ‘tximport’ version ‘1.39.0’
** using staged installation
** R
** inst
** byte-compile and prepare package for lazy loading
** help
*** installing help indices
** building package indices
** installing vignettes
** testing if installed package can be loaded from temporary location
** testing if installed package can be loaded from final location
** testing if installed package keeps a record of temporary installation path
* creating tarball
packaged installation of ‘tximport’ as ‘tximport_1.39.0_R_x86_64-pc-linux-gnu.tar.gz’
* DONE (tximport)
* installing *source* package ‘cowplot’ ...
** this is package ‘cowplot’ version ‘1.2.0’
** package ‘cowplot’ successfully unpacked and MD5 sums checked
** using staged installation
** R
** inst
** byte-compile and prepare package for lazy loading
** help
*** installing help indices
*** copying figures
** building package indices
** installing vignettes
** testing if installed package can be loaded from temporary location
** testing if installed package can be loaded from final location
** testing if installed package keeps a record of temporary installation path
* creating tarball
packaged installation of ‘cowplot’ as ‘cowplot_1.2.0_R_x86_64-pc-linux-gnu.tar.gz’
* DONE (cowplot)
* installing *source* package ‘ggstats’ ...
** this is package ‘ggstats’ version ‘0.11.0’
** package ‘ggstats’ successfully unpacked and MD5 sums checked
** using staged installation
** R
** inst
** byte-compile and prepare package for lazy loading
** help
*** installing help indices
*** copying figures
** building package indices
** installing vignettes
** testing if installed package can be loaded from temporary location
** testing if installed package can be loaded from final location
** testing if installed package keeps a record of temporary installation path
* creating tarball
packaged installation of ‘ggstats’ as ‘ggstats_0.11.0_R_x86_64-pc-linux-gnu.tar.gz’
* DONE (ggstats)
* installing *source* package ‘GGally’ ...
** this is package ‘GGally’ version ‘2.4.0’
** package ‘GGally’ successfully unpacked and MD5 sums checked
** using staged installation
** R
** data
*** moving datasets to lazyload DB
** inst
** byte-compile and prepare package for lazy loading
** help
*** installing help indices
** building package indices
** testing if installed package can be loaded from temporary location
** testing if installed package can be loaded from final location
** testing if installed package keeps a record of temporary installation path
* creating tarball
packaged installation of ‘GGally’ as ‘GGally_2.4.0_R_x86_64-pc-linux-gnu.tar.gz’
* DONE (GGally)
* installing *source* package ‘alevinQC’ ...
** this is package ‘alevinQC’ version ‘1.27.0’
** using staged installation
** libs
using C++ compiler: ‘g++ (Ubuntu 13.3.0-6ubuntu2~24.04) 13.3.0’
using C++11
g++ -std=gnu++11 -I"/usr/local/lib/R/include" -DNDEBUG  -I'/usr/local/lib/R/site-library/Rcpp/include' -I/usr/local/include    -fpic  -g -O2 -fstack-protector-strong -Wformat -Werror=format-security -Wdate-time -D_FORTIFY_SOURCE=2 -g   -c RcppExports.cpp -o RcppExports.o
g++ -std=gnu++11 -I"/usr/local/lib/R/include" -DNDEBUG  -I'/usr/local/lib/R/site-library/Rcpp/include' -I/usr/local/include    -fpic  -g -O2 -fstack-protector-strong -Wformat -Werror=format-security -Wdate-time -D_FORTIFY_SOURCE=2 -g   -c convert_permit_freq.cpp -o convert_permit_freq.o
g++ -std=gnu++11 -shared -L/usr/local/lib/R/lib -L/usr/local/lib -o alevinQC.so RcppExports.o convert_permit_freq.o -L/usr/local/lib/R/lib -lR
installing to /tmp/library/00LOCK-alevinQC/00new/alevinQC/libs
** R
** inst
** byte-compile and prepare package for lazy loading
** help
*** installing help indices
** building package indices
** installing vignettes
** testing if installed package can be loaded from temporary location
** checking absolute paths in shared objects and dynamic libraries
** testing if installed package can be loaded from final location
** testing if installed package keeps a record of temporary installation path
* creating tarball
packaged installation of ‘alevinQC’ as ‘alevinQC_1.27.0_R_x86_64-pc-linux-gnu.tar.gz’
* DONE (alevinQC)

The downloaded source packages are in
	‘/tmp/Rtmp81YiCj/downloaded_packages’
Old packages: 'promises'

real	0m49.890s
user	0m42.154s
sys	0m9.376s
