+ Rscript -e 'Sys.setenv(BIOCONDUCTOR_USE_CONTAINER_REPOSITORY=FALSE);
  p <- .libPaths();
  p <- c('\'''\'', '\'''\'', p);
  .libPaths(p);
  if(BiocManager::install('\''limmaGUI'\'', INSTALL_opts = '\''--build'\'', update = TRUE, quiet = FALSE, dependencies=TRUE, force = TRUE, keep_outputs = TRUE) %in% rownames(installed.packages())) q(status = 0) else q(status = 1)'
'getOption("repos")' replaces Bioconductor standard repositories, see
'help("repositories", package = "BiocManager")' for details.
Replacement repositories:
    CRAN: https://p3m.dev/cran/__linux__/noble/latest
Bioconductor version 3.21 (BiocManager 1.30.26), R 4.5.1 (2025-06-13)
Installing package(s) 'limmaGUI'
also installing the dependencies ‘statmod’, ‘limma’, ‘R2HTML’, ‘tkrplot’

trying URL 'https://p3m.dev/cran/__linux__/noble/latest/src/contrib/statmod_1.5.1.tar.gz'
trying URL 'https://bioconductor.org/packages/3.21/bioc/src/contrib/limma_3.64.3.tar.gz'
trying URL 'https://p3m.dev/cran/__linux__/noble/latest/src/contrib/R2HTML_2.3.4.tar.gz'
trying URL 'https://p3m.dev/cran/__linux__/noble/latest/src/contrib/tkrplot_0.0-30.tar.gz'
trying URL 'https://bioconductor.org/packages/3.21/bioc/src/contrib/limmaGUI_1.84.0.tar.gz'
* installing *binary* package ‘statmod’ ...
* ‘statmod’ was already a binary package and will not be rebuilt
* creating tarball
packaged installation of ‘statmod’ as ‘statmod_1.5.1_R_x86_64-pc-linux-gnu.tar.gz’
* DONE (statmod)
* installing *binary* package ‘R2HTML’ ...
* ‘R2HTML’ was already a binary package and will not be rebuilt
* creating tarball
packaged installation of ‘R2HTML’ as ‘R2HTML_2.3.4_R_x86_64-pc-linux-gnu.tar.gz’
* DONE (R2HTML)
* installing *source* package ‘tkrplot’ ...
** this is package ‘tkrplot’ version ‘0.0-30’
** package ‘tkrplot’ successfully unpacked and MD5 sums checked
** using staged installation
configure: creating ./config.status
config.status: creating src/Makevars
** libs
using C compiler: ‘gcc (Ubuntu 13.3.0-6ubuntu2~24.04) 13.3.0’
gcc -std=gnu2x -I"/usr/local/lib/R/include" -DNDEBUG -I/usr/include/tcl8.6 -I/usr/include/tcl8.6  -I/usr/local/include    -fpic  -g -O2 -fstack-protector-strong -Wformat -Werror=format-security -Wdate-time -D_FORTIFY_SOURCE=2 -g  -c tcltkimg.c -o tcltkimg.o
gcc -std=gnu2x -shared -L/usr/local/lib/R/lib -L/usr/local/lib -o tkrplot.so tcltkimg.o -L/usr/lib/x86_64-linux-gnu -ltcl8.6 -L/usr/lib/x86_64-linux-gnu -ltk8.6 -lX11 -lXss -lXext -L/usr/local/lib/R/lib -lR
installing to /usr/local/lib/R/site-library/00LOCK-tkrplot/00new/tkrplot/libs
** R
** byte-compile and prepare package for lazy loading
Warning message:
no DISPLAY variable so Tk is not available 
** help
*** installing help indices
** building package indices
** testing if installed package can be loaded from temporary location
Warning: no DISPLAY variable so Tk is not available
Warning: loading Rplot failed
** checking absolute paths in shared objects and dynamic libraries
** testing if installed package can be loaded from final location
Warning: no DISPLAY variable so Tk is not available
Warning: loading Rplot failed
** testing if installed package keeps a record of temporary installation path
* creating tarball
packaged installation of ‘tkrplot’ as ‘tkrplot_0.0-30_R_x86_64-pc-linux-gnu.tar.gz’
* DONE (tkrplot)
* installing *source* package ‘limma’ ...
** this is package ‘limma’ version ‘3.64.3’
** using staged installation
** libs
using C compiler: ‘gcc (Ubuntu 13.3.0-6ubuntu2~24.04) 13.3.0’
gcc -std=gnu2x -I"/usr/local/lib/R/include" -DNDEBUG   -I/usr/local/include    -fpic  -g -O2 -fstack-protector-strong -Wformat -Werror=format-security -Wdate-time -D_FORTIFY_SOURCE=2 -g  -c init.c -o init.o
gcc -std=gnu2x -I"/usr/local/lib/R/include" -DNDEBUG   -I/usr/local/include    -fpic  -g -O2 -fstack-protector-strong -Wformat -Werror=format-security -Wdate-time -D_FORTIFY_SOURCE=2 -g  -c normexp.c -o normexp.o
gcc -std=gnu2x -I"/usr/local/lib/R/include" -DNDEBUG   -I/usr/local/include    -fpic  -g -O2 -fstack-protector-strong -Wformat -Werror=format-security -Wdate-time -D_FORTIFY_SOURCE=2 -g  -c weighted_lowess.c -o weighted_lowess.o
gcc -std=gnu2x -shared -L/usr/local/lib/R/lib -L/usr/local/lib -o limma.so init.o normexp.o weighted_lowess.o -L/usr/local/lib/R/lib -lR
installing to /usr/local/lib/R/site-library/00LOCK-limma/00new/limma/libs
** R
** inst
** byte-compile and prepare package for lazy loading
** help
*** installing help indices
** building package indices
** installing vignettes
** testing if installed package can be loaded from temporary location
** checking absolute paths in shared objects and dynamic libraries
** testing if installed package can be loaded from final location
** testing if installed package keeps a record of temporary installation path
* creating tarball
packaged installation of ‘limma’ as ‘limma_3.64.3_R_x86_64-pc-linux-gnu.tar.gz’
* DONE (limma)
* installing *source* package ‘limmaGUI’ ...
** this is package ‘limmaGUI’ version ‘1.84.0’
** using staged installation
** R
** inst
** byte-compile and prepare package for lazy loading
Warning: no DISPLAY variable so Tk is not available
Warning: loading Rplot failed
** help
*** installing help indices
** building package indices
** installing vignettes
** testing if installed package can be loaded from temporary location
Warning: no DISPLAY variable so Tk is not available
Warning: loading Rplot failed
** testing if installed package can be loaded from final location
Warning: no DISPLAY variable so Tk is not available
Warning: loading Rplot failed
** testing if installed package keeps a record of temporary installation path
* creating tarball
packaged installation of ‘limmaGUI’ as ‘limmaGUI_1.84.0_R_x86_64-pc-linux-gnu.tar.gz’
* DONE (limmaGUI)

The downloaded source packages are in
	‘/tmp/Rtmp7d4AKM/downloaded_packages’
Old packages: 'xml2'

real	0m35.353s
user	0m26.793s
sys	0m8.122s
