+ Rscript -e 'Sys.setenv(BIOCONDUCTOR_USE_CONTAINER_REPOSITORY=FALSE);
  p <- .libPaths();
  p <- c('\''/tmp/library'\'', '\''/mnt/library'\'', p);
  .libPaths(p);
  if(BiocManager::install('\''iBBiG'\'', INSTALL_opts = '\''--build'\'', update = TRUE, quiet = FALSE, dependencies=TRUE, force = TRUE, keep_outputs = TRUE) %in% rownames(installed.packages())) q(status = 0) else q(status = 1)'
'getOption("repos")' replaces Bioconductor standard repositories, see
'help("repositories", package = "BiocManager")' for details.
Replacement repositories:
    CRAN: https://cloud.r-project.org
Bioconductor version 3.23 (BiocManager 1.30.26), R Under development (unstable)
  (2025-10-28 r88973)
Installing package(s) 'iBBiG'
trying URL 'https://bioconductor.org/packages/3.23/bioc/src/contrib/iBBiG_1.55.0.tar.gz'
Content type 'application/x-gzip' length 931582 bytes (909 KB)
==================================================
downloaded 909 KB

* installing *source* package ‘iBBiG’ ...
** this is package ‘iBBiG’ version ‘1.55.0’
** using staged installation
** libs
using C compiler: ‘gcc (Ubuntu 13.3.0-6ubuntu2~24.04) 13.3.0’
gcc -std=gnu2x -I"/usr/local/lib/R/include" -DNDEBUG   -I/usr/local/include    -fpic  -g -O2 -fstack-protector-strong -Wformat -Werror=format-security -Wdate-time -D_FORTIFY_SOURCE=2 -g  -c R_init_iBBiG.c -o R_init_iBBiG.o
gcc -std=gnu2x -I"/usr/local/lib/R/include" -DNDEBUG   -I/usr/local/include    -fpic  -g -O2 -fstack-protector-strong -Wformat -Werror=format-security -Wdate-time -D_FORTIFY_SOURCE=2 -g  -c iBBiG.c -o iBBiG.o
gcc -std=gnu2x -shared -L/usr/local/lib/R/lib -L/usr/local/lib -o iBBiG.so R_init_iBBiG.o iBBiG.o -L/usr/local/lib/R/lib -lR
installing to /tmp/library/00LOCK-iBBiG/00new/iBBiG/libs
** R
** inst
** byte-compile and prepare package for lazy loading
** help
*** installing help indices
** building package indices
** installing vignettes
** testing if installed package can be loaded from temporary location
** checking absolute paths in shared objects and dynamic libraries
** testing if installed package can be loaded from final location
** testing if installed package keeps a record of temporary installation path
* creating tarball
packaged installation of ‘iBBiG’ as ‘iBBiG_1.55.0_R_x86_64-pc-linux-gnu.tar.gz’
* DONE (iBBiG)

The downloaded source packages are in
	‘/tmp/RtmpoQ2z8I/downloaded_packages’
Old packages: 'BiocBook', 'rhdf5', 'promises'

real	0m15.793s
user	0m11.301s
sys	0m2.651s
