+ Rscript -e 'Sys.setenv(BIOCONDUCTOR_USE_CONTAINER_REPOSITORY=FALSE);
  p <- .libPaths();
  p <- c('\'''\'', '\'''\'', p);
  .libPaths(p);
  if(BiocManager::install('\''Rbowtie'\'', INSTALL_opts = '\''--build'\'', update = TRUE, quiet = FALSE, dependencies=TRUE, force = TRUE, keep_outputs = TRUE) %in% rownames(installed.packages())) q(status = 0) else q(status = 1)'
'getOption("repos")' replaces Bioconductor standard repositories, see
'help("repositories", package = "BiocManager")' for details.
Replacement repositories:
    CRAN: https://p3m.dev/cran/__linux__/noble/latest
Bioconductor version 3.21 (BiocManager 1.30.26), R 4.5.1 (2025-06-13)
Installing package(s) 'Rbowtie'
also installing the dependencies ‘bookdown’, ‘BiocStyle’

trying URL 'https://p3m.dev/cran/__linux__/noble/latest/src/contrib/bookdown_0.45.tar.gz'
trying URL 'https://bioconductor.org/packages/3.21/bioc/src/contrib/BiocStyle_2.36.0.tar.gz'
trying URL 'https://bioconductor.org/packages/3.21/bioc/src/contrib/Rbowtie_1.48.0.tar.gz'
* installing *binary* package ‘bookdown’ ...
* ‘bookdown’ was already a binary package and will not be rebuilt
* creating tarball
packaged installation of ‘bookdown’ as ‘bookdown_0.45_R_x86_64-pc-linux-gnu.tar.gz’
* DONE (bookdown)
* installing *source* package ‘Rbowtie’ ...
** this is package ‘Rbowtie’ version ‘1.48.0’
** using staged installation
** libs
g++ -O3 -DCOMPILER_OPTIONS="\"-O3 -Wl,--hash-style=both -DPOPCNT_CAPABILITY -g -O2 -fstack-protector-strong -Wformat -Werror=format-security -Wdate-time -D_FORTIFY_SOURCE=2 -g   -g -O2 -fstack-protector-strong -Wformat -Werror=format-security -Wdate-time -D_FORTIFY_SOURCE=2 -g  \"" -Wl,--hash-style=both -DPOPCNT_CAPABILITY -g -O2 -fstack-protector-strong -Wformat -Werror=format-security -Wdate-time -D_FORTIFY_SOURCE=2 -g   -g -O2 -fstack-protector-strong -Wformat -Werror=format-security -Wdate-time -D_FORTIFY_SOURCE=2 -g    \
	-fno-strict-aliasing -DBOWTIE_VERSION="\"`cat VERSION`\"" -DBUILD_HOST="\"`hostname`\"" -DBUILD_TIME="\"2025-10-30T23:56:17\"" -DCOMPILER_VERSION="\"`g++ -v 2>&1 | tail -1`\"" -D_LARGEFILE_SOURCE -D_FILE_OFFSET_BITS=64 -D_GNU_SOURCE  -DPREFETCH_LOCALITY=2 -DBOWTIE_MM -DBOWTIE_SHARED_MEM -DNDEBUG -Wall -Wno-unused-parameter -Wno-reorder \
	 -I third_party -I third_party \
	-o bowtie-build-s ebwt_build.cpp \
	ccnt_lut.cpp ref_read.cpp alphabet.cpp shmem.cpp edit.cpp ebwt.cpp bt2_locks.cpp tinythread.cpp  bowtie_build_main.cpp \
	-L/usr/local/lib  -lz -lpthread 
g++ -O3 -DCOMPILER_OPTIONS="\"-O3 -Wl,--hash-style=both -DPOPCNT_CAPABILITY -g -O2 -fstack-protector-strong -Wformat -Werror=format-security -Wdate-time -D_FORTIFY_SOURCE=2 -g   -g -O2 -fstack-protector-strong -Wformat -Werror=format-security -Wdate-time -D_FORTIFY_SOURCE=2 -g  \"" -Wl,--hash-style=both -DPOPCNT_CAPABILITY -g -O2 -fstack-protector-strong -Wformat -Werror=format-security -Wdate-time -D_FORTIFY_SOURCE=2 -g   -g -O2 -fstack-protector-strong -Wformat -Werror=format-security -Wdate-time -D_FORTIFY_SOURCE=2 -g   \
	-fno-strict-aliasing -DBOWTIE_VERSION="\"`cat VERSION`\"" -DBUILD_HOST="\"`hostname`\"" -DBUILD_TIME="\"2025-10-30T23:56:30\"" -DCOMPILER_VERSION="\"`g++ -v 2>&1 | tail -1`\"" -D_LARGEFILE_SOURCE -D_FILE_OFFSET_BITS=64 -D_GNU_SOURCE  -DPREFETCH_LOCALITY=2 -DBOWTIE_MM -DBOWTIE_SHARED_MEM -DNDEBUG -Wall -Wno-unused-parameter -Wno-reorder \
	 -I third_party -I third_party \
	-o bowtie-align-s ebwt_search.cpp \
	ccnt_lut.cpp ref_read.cpp alphabet.cpp shmem.cpp edit.cpp ebwt.cpp bt2_locks.cpp tinythread.cpp qual.cpp pat.cpp ebwt_search_util.cpp ref_aligner.cpp log.cpp hit_set.cpp sam.cpp hit.cpp bowtie_main.cpp \
	-L/usr/local/lib  -lz -lpthread 
mkdir -p ../inst
cp bowtie-align-s ../inst/bowtie
cp bowtie-build-s ../inst/bowtie-build
cd SpliceMap; \
make -f Makefile; \
echo "MAKE of SpliceMap DONE"	
make[1]: Entering directory '/tmp/RtmpI6vjP6/R.INSTALL476df50d3c/Rbowtie/src/SpliceMap'
`"/usr/local/lib/R/bin/R" CMD config CXX` `"/usr/local/lib/R/bin/R" CMD config CXXFLAGS` -c SpliceMap_utils_QuasR.cpp
`"/usr/local/lib/R/bin/R" CMD config CXX` `"/usr/local/lib/R/bin/R" CMD config CXXFLAGS` -c params.cpp
`"/usr/local/lib/R/bin/R" CMD config CXX` `"/usr/local/lib/R/bin/R" CMD config CXXFLAGS` -c cfgfile.cpp
`"/usr/local/lib/R/bin/R" CMD config CXX` `"/usr/local/lib/R/bin/R" CMD config LDFLAGS` `"/usr/local/lib/R/bin/R" CMD config CXXFLAGS` -o runSpliceMap_QuasR SpliceMap_utils_QuasR.o cfgfile.o runSpliceMap_QuasR.cpp params.o
`"/usr/local/lib/R/bin/R" CMD config CXX` `"/usr/local/lib/R/bin/R" CMD config LDFLAGS` `"/usr/local/lib/R/bin/R" CMD config CXXFLAGS` -o sortsam sortsam.cpp SpliceMap_utils_QuasR.o params.o
`"/usr/local/lib/R/bin/R" CMD config CXX` `"/usr/local/lib/R/bin/R" CMD config LDFLAGS` `"/usr/local/lib/R/bin/R" CMD config CXXFLAGS` -o amalgamateSAM amalgamateSAM.cpp SpliceMap_utils_QuasR.o params.o
`"/usr/local/lib/R/bin/R" CMD config CXX` `"/usr/local/lib/R/bin/R" CMD config LDFLAGS` `"/usr/local/lib/R/bin/R" CMD config CXXFLAGS` -o getSpliceMapUnmapped getSpliceMapUnmapped.cpp
`"/usr/local/lib/R/bin/R" CMD config CXX` `"/usr/local/lib/R/bin/R" CMD config LDFLAGS` `"/usr/local/lib/R/bin/R" CMD config CXXFLAGS` -o fuseReorder fuseReorder.cpp
`"/usr/local/lib/R/bin/R" CMD config CXX` `"/usr/local/lib/R/bin/R" CMD config LDFLAGS` `"/usr/local/lib/R/bin/R" CMD config CXXFLAGS` -o SpliceMap main.cpp SpliceMap_utils_QuasR.o params.o cfgfile.o
make[1]: Leaving directory '/tmp/RtmpI6vjP6/R.INSTALL476df50d3c/Rbowtie/src/SpliceMap'
MAKE of SpliceMap DONE
mkdir -p ../inst
cp SpliceMap/SpliceMap ../inst/SpliceMap
cp SpliceMap/amalgamateSAM ../inst/amalgamateSAM
cp SpliceMap/getSpliceMapUnmapped ../inst/getSpliceMapUnmapped
cp SpliceMap/fuseReorder ../inst/fuseReorder
cp SpliceMap/runSpliceMap_QuasR ../inst/runSpliceMap_QuasR
cp SpliceMap/sortsam ../inst/sortsam
** R
** inst
** byte-compile and prepare package for lazy loading
** help
*** installing help indices
** building package indices
** installing vignettes
** testing if installed package can be loaded from temporary location
** testing if installed package can be loaded from final location
** testing if installed package keeps a record of temporary installation path
* creating tarball
packaged installation of ‘Rbowtie’ as ‘Rbowtie_1.48.0_R_x86_64-pc-linux-gnu.tar.gz’
* DONE (Rbowtie)
* installing *source* package ‘BiocStyle’ ...
** this is package ‘BiocStyle’ version ‘2.36.0’
** using staged installation
** R
** inst
** byte-compile and prepare package for lazy loading
** help
*** installing help indices
** building package indices
** installing vignettes
** testing if installed package can be loaded from temporary location
** testing if installed package can be loaded from final location
** testing if installed package keeps a record of temporary installation path
* creating tarball
packaged installation of ‘BiocStyle’ as ‘BiocStyle_2.36.0_R_x86_64-pc-linux-gnu.tar.gz’
* DONE (BiocStyle)

The downloaded source packages are in
	‘/tmp/RtmpQOEK6C/downloaded_packages’
Old packages: 'xml2'

real	1m17.294s
user	1m7.734s
sys	0m9.637s
