+ Rscript -e 'Sys.setenv(BIOCONDUCTOR_USE_CONTAINER_REPOSITORY=FALSE);
  p <- .libPaths();
  p <- c('\''/tmp/library'\'', '\''/mnt/library'\'', p);
  .libPaths(p);
  if(BiocManager::install('\''biodb'\'', INSTALL_opts = '\''--build'\'', update = TRUE, quiet = FALSE, dependencies=TRUE, force = TRUE, keep_outputs = TRUE) %in% rownames(installed.packages())) q(status = 0) else q(status = 1)'
'getOption("repos")' replaces Bioconductor standard repositories, see
'help("repositories", package = "BiocManager")' for details.
Replacement repositories:
    CRAN: https://cloud.r-project.org
Bioconductor version 3.23 (BiocManager 1.30.26), R Under development (unstable)
  (2025-10-28 r88973)
Installing package(s) 'biodb'
also installing the dependencies ‘chk’, ‘fscache’, ‘sched’, ‘sqlq’

trying URL 'https://cloud.r-project.org/src/contrib/chk_0.10.0.tar.gz'
trying URL 'https://cloud.r-project.org/src/contrib/fscache_1.0.5.tar.gz'
trying URL 'https://cloud.r-project.org/src/contrib/sched_1.0.3.tar.gz'
trying URL 'https://cloud.r-project.org/src/contrib/sqlq_1.0.1.tar.gz'
trying URL 'https://bioconductor.org/packages/3.23/bioc/src/contrib/biodb_1.19.0.tar.gz'
* installing *source* package ‘chk’ ...
** this is package ‘chk’ version ‘0.10.0’
** package ‘chk’ successfully unpacked and MD5 sums checked
** using staged installation
** R
** inst
** byte-compile and prepare package for lazy loading
** help
*** installing help indices
*** copying figures
** building package indices
** installing vignettes
** testing if installed package can be loaded from temporary location
** testing if installed package can be loaded from final location
** testing if installed package keeps a record of temporary installation path
* creating tarball
packaged installation of ‘chk’ as ‘chk_0.10.0_R_x86_64-pc-linux-gnu.tar.gz’
* DONE (chk)
* installing *source* package ‘fscache’ ...
** this is package ‘fscache’ version ‘1.0.5’
** package ‘fscache’ successfully unpacked and MD5 sums checked
** using staged installation
** R
** inst
** byte-compile and prepare package for lazy loading
** help
*** installing help indices
** building package indices
** installing vignettes
** testing if installed package can be loaded from temporary location
** testing if installed package can be loaded from final location
** testing if installed package keeps a record of temporary installation path
* creating tarball
packaged installation of ‘fscache’ as ‘fscache_1.0.5_R_x86_64-pc-linux-gnu.tar.gz’
* DONE (fscache)
* installing *source* package ‘sqlq’ ...
** this is package ‘sqlq’ version ‘1.0.1’
** package ‘sqlq’ successfully unpacked and MD5 sums checked
** using staged installation
** R
** inst
** byte-compile and prepare package for lazy loading
** help
*** installing help indices
** building package indices
** installing vignettes
** testing if installed package can be loaded from temporary location
** testing if installed package can be loaded from final location
** testing if installed package keeps a record of temporary installation path
* creating tarball
packaged installation of ‘sqlq’ as ‘sqlq_1.0.1_R_x86_64-pc-linux-gnu.tar.gz’
* DONE (sqlq)
* installing *source* package ‘sched’ ...
** this is package ‘sched’ version ‘1.0.3’
** package ‘sched’ successfully unpacked and MD5 sums checked
** using staged installation
** R
** inst
** byte-compile and prepare package for lazy loading
** help
*** installing help indices
** building package indices
** installing vignettes
** testing if installed package can be loaded from temporary location
** testing if installed package can be loaded from final location
** testing if installed package keeps a record of temporary installation path
* creating tarball
packaged installation of ‘sched’ as ‘sched_1.0.3_R_x86_64-pc-linux-gnu.tar.gz’
* DONE (sched)
* installing *source* package ‘biodb’ ...
** this is package ‘biodb’ version ‘1.19.0’
** using staged installation
** libs
using C++ compiler: ‘g++ (Ubuntu 13.3.0-6ubuntu2~24.04) 13.3.0’
g++ -std=gnu++17 -I"/usr/local/lib/R/include" -DNDEBUG  -I'/usr/local/lib/R/site-library/Rcpp/include' -I'/usr/local/lib/R/site-library/testthat/include' -I/usr/local/include    -fpic  -g -O2 -fstack-protector-strong -Wformat -Werror=format-security -Wdate-time -D_FORTIFY_SOURCE=2 -g   -c RcppExports.cpp -o RcppExports.o
g++ -std=gnu++17 -I"/usr/local/lib/R/include" -DNDEBUG  -I'/usr/local/lib/R/site-library/Rcpp/include' -I'/usr/local/lib/R/site-library/testthat/include' -I/usr/local/include    -fpic  -g -O2 -fstack-protector-strong -Wformat -Werror=format-security -Wdate-time -D_FORTIFY_SOURCE=2 -g   -c closeMatchPpm.cpp -o closeMatchPpm.o
g++ -std=gnu++17 -I"/usr/local/lib/R/include" -DNDEBUG  -I'/usr/local/lib/R/site-library/Rcpp/include' -I'/usr/local/lib/R/site-library/testthat/include' -I/usr/local/include    -fpic  -g -O2 -fstack-protector-strong -Wformat -Werror=format-security -Wdate-time -D_FORTIFY_SOURCE=2 -g   -c test-100-ms_matching.cpp -o test-100-ms_matching.o
g++ -std=gnu++17 -I"/usr/local/lib/R/include" -DNDEBUG  -I'/usr/local/lib/R/site-library/Rcpp/include' -I'/usr/local/lib/R/site-library/testthat/include' -I/usr/local/include    -fpic  -g -O2 -fstack-protector-strong -Wformat -Werror=format-security -Wdate-time -D_FORTIFY_SOURCE=2 -g   -c test-runner.cpp -o test-runner.o
g++ -std=gnu++17 -shared -L/usr/local/lib/R/lib -L/usr/local/lib -o biodb.so RcppExports.o closeMatchPpm.o test-100-ms_matching.o test-runner.o -L/usr/local/lib/R/lib -lR
installing to /tmp/library/00LOCK-biodb/00new/biodb/libs
** R
** inst
** byte-compile and prepare package for lazy loading
** help
*** installing help indices
** building package indices
** installing vignettes
** testing if installed package can be loaded from temporary location
** checking absolute paths in shared objects and dynamic libraries
** testing if installed package can be loaded from final location
** testing if installed package keeps a record of temporary installation path
* creating tarball
packaged installation of ‘biodb’ as ‘biodb_1.19.0_R_x86_64-pc-linux-gnu.tar.gz’
* DONE (biodb)

The downloaded source packages are in
	‘/tmp/Rtmpf2LqoR/downloaded_packages’
Old packages: 'BiocBook', 'rhdf5', 'promises'

real	1m10.550s
user	1m2.133s
sys	0m7.814s
