+ Rscript -e 'Sys.setenv(BIOCONDUCTOR_USE_CONTAINER_REPOSITORY=FALSE);
  p <- .libPaths();
  p <- c('\'''\'', '\'''\'', p);
  .libPaths(p);
  if(BiocManager::install('\''DNAcopy'\'', INSTALL_opts = '\''--build'\'', update = TRUE, quiet = FALSE, dependencies=TRUE, force = TRUE, keep_outputs = TRUE) %in% rownames(installed.packages())) q(status = 0) else q(status = 1)'
'getOption("repos")' replaces Bioconductor standard repositories, see
'help("repositories", package = "BiocManager")' for details.
Replacement repositories:
    CRAN: https://p3m.dev/cran/__linux__/noble/latest
Bioconductor version 3.21 (BiocManager 1.30.26), R 4.5.1 (2025-06-13)
Installing package(s) 'DNAcopy'
trying URL 'https://bioconductor.org/packages/3.21/bioc/src/contrib/DNAcopy_1.82.0.tar.gz'
Content type 'application/x-gzip' length 414136 bytes (404 KB)
==================================================
downloaded 404 KB

* installing *source* package ‘DNAcopy’ ...
** this is package ‘DNAcopy’ version ‘1.82.0’
** using staged installation
** libs
using C compiler: ‘gcc (Ubuntu 13.3.0-6ubuntu2~24.04) 13.3.0’
using Fortran compiler: ‘GNU Fortran (Ubuntu 13.3.0-6ubuntu2~24.04) 13.3.0’
gfortran  -fpic  -g -O2  -c cbsWtstats.f -o cbsWtstats.o
gfortran  -fpic  -g -O2  -c cbststats.f -o cbststats.o
gfortran  -fpic  -g -O2  -c changepoints-wtd.f -o changepoints-wtd.o
gfortran  -fpic  -g -O2  -c changepoints.f -o changepoints.o
gfortran  -fpic  -g -O2  -c esegment.f -o esegment.o
gcc -std=gnu2x -I"/usr/local/lib/R/include" -DNDEBUG   -I/usr/local/include    -fpic  -g -O2 -fstack-protector-strong -Wformat -Werror=format-security -Wdate-time -D_FORTIFY_SOURCE=2 -g  -c flchoose.c -o flchoose.o
gcc -std=gnu2x -I"/usr/local/lib/R/include" -DNDEBUG   -I/usr/local/include    -fpic  -g -O2 -fstack-protector-strong -Wformat -Werror=format-security -Wdate-time -D_FORTIFY_SOURCE=2 -g  -c fphyper.c -o fphyper.o
gcc -std=gnu2x -I"/usr/local/lib/R/include" -DNDEBUG   -I/usr/local/include    -fpic  -g -O2 -fstack-protector-strong -Wformat -Werror=format-security -Wdate-time -D_FORTIFY_SOURCE=2 -g  -c fpnorm.c -o fpnorm.o
gfortran  -fpic  -g -O2  -c getbdry.f -o getbdry.o
gcc -std=gnu2x -I"/usr/local/lib/R/include" -DNDEBUG   -I/usr/local/include    -fpic  -g -O2 -fstack-protector-strong -Wformat -Werror=format-security -Wdate-time -D_FORTIFY_SOURCE=2 -g  -c init.c -o init.o
gfortran  -fpic  -g -O2  -c prune.f -o prune.o
gcc -std=gnu2x -I"/usr/local/lib/R/include" -DNDEBUG   -I/usr/local/include    -fpic  -g -O2 -fstack-protector-strong -Wformat -Werror=format-security -Wdate-time -D_FORTIFY_SOURCE=2 -g  -c rshared.c -o rshared.o
gfortran  -fpic  -g -O2  -c segmentp.f -o segmentp.o
gfortran  -fpic  -g -O2  -c smoothCNA.f -o smoothCNA.o
gfortran  -fpic  -g -O2  -c tailprobs.f -o tailprobs.o
gcc -std=gnu2x -shared -L/usr/local/lib/R/lib -L/usr/local/lib -o DNAcopy.so cbsWtstats.o cbststats.o changepoints-wtd.o changepoints.o esegment.o flchoose.o fphyper.o fpnorm.o getbdry.o init.o prune.o rshared.o segmentp.o smoothCNA.o tailprobs.o -lgfortran -lm -lquadmath -L/usr/local/lib/R/lib -lR
installing to /usr/local/lib/R/site-library/00LOCK-DNAcopy/00new/DNAcopy/libs
** R
** data
*** moving datasets to lazyload DB
** demo
** inst
** byte-compile and prepare package for lazy loading
** help
*** installing help indices
** building package indices
** installing vignettes
** testing if installed package can be loaded from temporary location
** checking absolute paths in shared objects and dynamic libraries
** testing if installed package can be loaded from final location
** testing if installed package keeps a record of temporary installation path
* creating tarball
packaged installation of ‘DNAcopy’ as ‘DNAcopy_1.82.0_R_x86_64-pc-linux-gnu.tar.gz’
* DONE (DNAcopy)

The downloaded source packages are in
	‘/tmp/Rtmp231CpF/downloaded_packages’
Old packages: 'xml2'

real	0m6.548s
user	0m4.652s
sys	0m2.245s
