+ Rscript -e 'Sys.setenv(BIOCONDUCTOR_USE_CONTAINER_REPOSITORY=FALSE);
  p <- .libPaths();
  p <- c('\'''\'', '\'''\'', p);
  .libPaths(p);
  if(BiocManager::install('\''OLINgui'\'', INSTALL_opts = '\''--build'\'', update = TRUE, quiet = FALSE, dependencies=TRUE, force = TRUE, keep_outputs = TRUE) %in% rownames(installed.packages())) q(status = 0) else q(status = 1)'
'getOption("repos")' replaces Bioconductor standard repositories, see
'help("repositories", package = "BiocManager")' for details.
Replacement repositories:
    CRAN: https://p3m.dev/cran/__linux__/noble/latest
Bioconductor version 3.22 (BiocManager 1.30.26), R 4.5.2 (2025-10-31)
Installing package(s) 'OLINgui'
also installing the dependencies ‘statmod’, ‘locfit’, ‘limma’, ‘DynDoc’, ‘OLIN’, ‘marray’, ‘tkWidgets’, ‘widgetTools’

trying URL 'https://p3m.dev/cran/__linux__/noble/latest/src/contrib/statmod_1.5.1.tar.gz'
trying URL 'https://p3m.dev/cran/__linux__/noble/latest/src/contrib/locfit_1.5-9.12.tar.gz'
trying URL 'https://bioconductor.org/packages/3.22/bioc/src/contrib/limma_3.66.0.tar.gz'
trying URL 'https://bioconductor.org/packages/3.22/bioc/src/contrib/DynDoc_1.88.0.tar.gz'
trying URL 'https://bioconductor.org/packages/3.22/bioc/src/contrib/OLIN_1.88.0.tar.gz'
trying URL 'https://bioconductor.org/packages/3.22/bioc/src/contrib/marray_1.88.0.tar.gz'
trying URL 'https://bioconductor.org/packages/3.22/bioc/src/contrib/tkWidgets_1.88.0.tar.gz'
trying URL 'https://bioconductor.org/packages/3.22/bioc/src/contrib/widgetTools_1.88.0.tar.gz'
trying URL 'https://bioconductor.org/packages/3.22/bioc/src/contrib/OLINgui_1.84.0.tar.gz'
* installing *binary* package ‘statmod’ ...
* ‘statmod’ was already a binary package and will not be rebuilt
* creating tarball
packaged installation of ‘statmod’ as ‘statmod_1.5.1_R_x86_64-pc-linux-gnu.tar.gz’
* DONE (statmod)
* installing *binary* package ‘locfit’ ...
* ‘locfit’ was already a binary package and will not be rebuilt
* creating tarball
packaged installation of ‘locfit’ as ‘locfit_1.5-9.12_R_x86_64-pc-linux-gnu.tar.gz’
* DONE (locfit)
* installing *source* package ‘DynDoc’ ...
** this is package ‘DynDoc’ version ‘1.88.0’
** package ‘DynDoc’ successfully unpacked and MD5 sums checked
** using staged installation
** R
** byte-compile and prepare package for lazy loading
** help
*** installing help indices
** building package indices
** testing if installed package can be loaded from temporary location
** testing if installed package can be loaded from final location
** testing if installed package keeps a record of temporary installation path
* creating tarball
packaged installation of ‘DynDoc’ as ‘DynDoc_1.88.0_R_x86_64-pc-linux-gnu.tar.gz’
* DONE (DynDoc)
* installing *source* package ‘widgetTools’ ...
** this is package ‘widgetTools’ version ‘1.88.0’
** package ‘widgetTools’ successfully unpacked and MD5 sums checked
** using staged installation
** R
** inst
** byte-compile and prepare package for lazy loading
Warning message:
no DISPLAY variable so Tk is not available 
** help
*** installing help indices
** building package indices
** installing vignettes
** testing if installed package can be loaded from temporary location
Warning: no DISPLAY variable so Tk is not available
** testing if installed package can be loaded from final location
Warning: no DISPLAY variable so Tk is not available
** testing if installed package keeps a record of temporary installation path
* creating tarball
packaged installation of ‘widgetTools’ as ‘widgetTools_1.88.0_R_x86_64-pc-linux-gnu.tar.gz’
* DONE (widgetTools)
* installing *source* package ‘limma’ ...
** this is package ‘limma’ version ‘3.66.0’
** package ‘limma’ successfully unpacked and MD5 sums checked
** using staged installation
** libs
using C compiler: ‘gcc (Ubuntu 13.3.0-6ubuntu2~24.04) 13.3.0’
gcc -std=gnu2x -I"/usr/local/lib/R/include" -DNDEBUG   -I/usr/local/include    -fpic  -g -O2 -fstack-protector-strong -Wformat -Werror=format-security -Wdate-time -D_FORTIFY_SOURCE=2 -g  -c init.c -o init.o
gcc -std=gnu2x -I"/usr/local/lib/R/include" -DNDEBUG   -I/usr/local/include    -fpic  -g -O2 -fstack-protector-strong -Wformat -Werror=format-security -Wdate-time -D_FORTIFY_SOURCE=2 -g  -c normexp.c -o normexp.o
gcc -std=gnu2x -I"/usr/local/lib/R/include" -DNDEBUG   -I/usr/local/include    -fpic  -g -O2 -fstack-protector-strong -Wformat -Werror=format-security -Wdate-time -D_FORTIFY_SOURCE=2 -g  -c weighted_lowess.c -o weighted_lowess.o
gcc -std=gnu2x -shared -L/usr/local/lib/R/lib -L/usr/local/lib -o limma.so init.o normexp.o weighted_lowess.o -L/usr/local/lib/R/lib -lR
installing to /usr/local/lib/R/site-library/00LOCK-limma/00new/limma/libs
** R
** inst
** byte-compile and prepare package for lazy loading
** help
*** installing help indices
** building package indices
** installing vignettes
** testing if installed package can be loaded from temporary location
** checking absolute paths in shared objects and dynamic libraries
** testing if installed package can be loaded from final location
** testing if installed package keeps a record of temporary installation path
* creating tarball
packaged installation of ‘limma’ as ‘limma_3.66.0_R_x86_64-pc-linux-gnu.tar.gz’
* DONE (limma)
* installing *source* package ‘tkWidgets’ ...
** this is package ‘tkWidgets’ version ‘1.88.0’
** package ‘tkWidgets’ successfully unpacked and MD5 sums checked
** using staged installation
** R
** inst
** byte-compile and prepare package for lazy loading
Warning message:
no DISPLAY variable so Tk is not available 
** help
*** installing help indices
** building package indices
** installing vignettes
** testing if installed package can be loaded from temporary location
Warning: no DISPLAY variable so Tk is not available
** testing if installed package can be loaded from final location
Warning: no DISPLAY variable so Tk is not available
** testing if installed package keeps a record of temporary installation path
* creating tarball
packaged installation of ‘tkWidgets’ as ‘tkWidgets_1.88.0_R_x86_64-pc-linux-gnu.tar.gz’
* DONE (tkWidgets)
* installing *source* package ‘marray’ ...
** this is package ‘marray’ version ‘1.88.0’
** package ‘marray’ successfully unpacked and MD5 sums checked
** using staged installation
** R
** data
** inst
** byte-compile and prepare package for lazy loading
** help
*** installing help indices
** building package indices
** installing vignettes
** testing if installed package can be loaded from temporary location
** testing if installed package can be loaded from final location
** testing if installed package keeps a record of temporary installation path
* creating tarball
packaged installation of ‘marray’ as ‘marray_1.88.0_R_x86_64-pc-linux-gnu.tar.gz’
* DONE (marray)
* installing *source* package ‘OLIN’ ...
** this is package ‘OLIN’ version ‘1.88.0’
** package ‘OLIN’ successfully unpacked and MD5 sums checked
** using staged installation
** R
** data
** inst
** byte-compile and prepare package for lazy loading
** help
*** installing help indices
** building package indices
** installing vignettes
** testing if installed package can be loaded from temporary location
** testing if installed package can be loaded from final location
** testing if installed package keeps a record of temporary installation path
* creating tarball
packaged installation of ‘OLIN’ as ‘OLIN_1.88.0_R_x86_64-pc-linux-gnu.tar.gz’
* DONE (OLIN)
* installing *source* package ‘OLINgui’ ...
** this is package ‘OLINgui’ version ‘1.84.0’
** package ‘OLINgui’ successfully unpacked and MD5 sums checked
** using staged installation
** R
** inst
** byte-compile and prepare package for lazy loading
Warning: no DISPLAY variable so Tk is not available
** help
*** installing help indices
** building package indices
** installing vignettes
** testing if installed package can be loaded from temporary location
Warning: no DISPLAY variable so Tk is not available
** testing if installed package can be loaded from final location
Warning: no DISPLAY variable so Tk is not available
** testing if installed package keeps a record of temporary installation path
* creating tarball
packaged installation of ‘OLINgui’ as ‘OLINgui_1.84.0_R_x86_64-pc-linux-gnu.tar.gz’
* DONE (OLINgui)

The downloaded source packages are in
	‘/tmp/RtmpAnfbTj/downloaded_packages’

real	0m40.793s
user	0m34.697s
sys	0m9.411s
