+ Rscript -e 'Sys.setenv(BIOCONDUCTOR_USE_CONTAINER_REPOSITORY=FALSE);
  p <- .libPaths();
  p <- c('\'''\'', '\'''\'', p);
  .libPaths(p);
  if(BiocManager::install('\''DynDoc'\'', INSTALL_opts = '\''--build'\'', update = TRUE, quiet = FALSE, dependencies=TRUE, force = TRUE, keep_outputs = TRUE) %in% rownames(installed.packages())) q(status = 0) else q(status = 1)'
'getOption("repos")' replaces Bioconductor standard repositories, see
'help("repositories", package = "BiocManager")' for details.
Replacement repositories:
    CRAN: https://p3m.dev/cran/__linux__/noble/latest
Bioconductor version 3.22 (BiocManager 1.30.26), R 4.5.2 (2025-10-31)
Installing package(s) 'DynDoc'
trying URL 'https://bioconductor.org/packages/3.22/bioc/src/contrib/DynDoc_1.88.0.tar.gz'
Content type 'application/x-gzip' length 11880 bytes (11 KB)
==================================================
downloaded 11 KB

* installing *source* package ‘DynDoc’ ...
** this is package ‘DynDoc’ version ‘1.88.0’
** package ‘DynDoc’ successfully unpacked and MD5 sums checked
** using staged installation
** R
** byte-compile and prepare package for lazy loading
** help
*** installing help indices
** building package indices
** testing if installed package can be loaded from temporary location
** testing if installed package can be loaded from final location
** testing if installed package keeps a record of temporary installation path
* creating tarball
packaged installation of ‘DynDoc’ as ‘DynDoc_1.88.0_R_x86_64-pc-linux-gnu.tar.gz’
* DONE (DynDoc)

The downloaded source packages are in
	‘/tmp/RtmpZZqLY2/downloaded_packages’

real	0m5.180s
user	0m3.623s
sys	0m1.971s
