+ Rscript -e 'Sys.setenv(BIOCONDUCTOR_USE_CONTAINER_REPOSITORY=FALSE);
  p <- .libPaths();
  p <- c('\''/tmp/library'\'', '\''/mnt/library'\'', p);
  .libPaths(p);
  if(BiocManager::install('\''MOGAMUN'\'', INSTALL_opts = '\''--build'\'', update = TRUE, quiet = FALSE, dependencies=TRUE, force = TRUE, keep_outputs = TRUE) %in% rownames(installed.packages())) q(status = 0) else q(status = 1)'
'getOption("repos")' replaces Bioconductor standard repositories, see
'help("repositories", package = "BiocManager")' for details.
Replacement repositories:
    CRAN: https://cloud.r-project.org
Bioconductor version 3.23 (BiocManager 1.30.26), R Under development (unstable)
  (2025-10-28 r88973)
Installing package(s) 'MOGAMUN'
trying URL 'https://bioconductor.org/packages/3.23/bioc/src/contrib/MOGAMUN_1.21.0.tar.gz'
Content type 'application/x-gzip' length 128938 bytes (125 KB)
==================================================
downloaded 125 KB

* installing *source* package ‘MOGAMUN’ ...
** this is package ‘MOGAMUN’ version ‘1.21.0’
** using staged installation
** R
** inst
** byte-compile and prepare package for lazy loading
** help
*** installing help indices
** building package indices
** installing vignettes
** testing if installed package can be loaded from temporary location
** testing if installed package can be loaded from final location
** testing if installed package keeps a record of temporary installation path
* creating tarball
packaged installation of ‘MOGAMUN’ as ‘MOGAMUN_1.21.0_R_x86_64-pc-linux-gnu.tar.gz’
* DONE (MOGAMUN)

The downloaded source packages are in
	‘/tmp/Rtmph8Xr1E/downloaded_packages’
Old packages: 'promises'

real	0m11.717s
user	0m8.655s
sys	0m2.648s
