+ Rscript -e 'Sys.setenv(BIOCONDUCTOR_USE_CONTAINER_REPOSITORY=FALSE);
  p <- .libPaths();
  p <- c('\'''\'', '\'''\'', p);
  .libPaths(p);
  if(BiocManager::install('\''INDEED'\'', INSTALL_opts = '\''--build'\'', update = TRUE, quiet = FALSE, dependencies=TRUE, force = TRUE, keep_outputs = TRUE) %in% rownames(installed.packages())) q(status = 0) else q(status = 1)'
'getOption("repos")' replaces Bioconductor standard repositories, see
'help("repositories", package = "BiocManager")' for details.
Replacement repositories:
    CRAN: https://p3m.dev/cran/__linux__/noble/latest
Bioconductor version 3.22 (BiocManager 1.30.26), R 4.5.2 (2025-10-31)
Installing package(s) 'INDEED'
also installing the dependencies ‘glasso’, ‘igraph’, ‘visNetwork’

trying URL 'https://p3m.dev/cran/__linux__/noble/latest/src/contrib/glasso_1.11.tar.gz'
trying URL 'https://p3m.dev/cran/__linux__/noble/latest/src/contrib/igraph_2.2.1.tar.gz'
trying URL 'https://p3m.dev/cran/__linux__/noble/latest/src/contrib/visNetwork_2.1.4.tar.gz'
trying URL 'https://bioconductor.org/packages/3.22/bioc/src/contrib/INDEED_2.24.0.tar.gz'
* installing *binary* package ‘glasso’ ...
* ‘glasso’ was already a binary package and will not be rebuilt
* creating tarball
packaged installation of ‘glasso’ as ‘glasso_1.11_R_x86_64-pc-linux-gnu.tar.gz’
* DONE (glasso)
* installing *binary* package ‘igraph’ ...
* ‘igraph’ was already a binary package and will not be rebuilt
* creating tarball
packaged installation of ‘igraph’ as ‘igraph_2.2.1_R_x86_64-pc-linux-gnu.tar.gz’
* DONE (igraph)
* installing *binary* package ‘visNetwork’ ...
* ‘visNetwork’ was already a binary package and will not be rebuilt
* creating tarball
packaged installation of ‘visNetwork’ as ‘visNetwork_2.1.4_R_x86_64-pc-linux-gnu.tar.gz’
* DONE (visNetwork)
* installing *source* package ‘INDEED’ ...
** this is package ‘INDEED’ version ‘2.24.0’
** package ‘INDEED’ successfully unpacked and MD5 sums checked
** using staged installation
** R
** data
*** moving datasets to lazyload DB
** inst
** byte-compile and prepare package for lazy loading
** help
*** installing help indices
** building package indices
** installing vignettes
** testing if installed package can be loaded from temporary location
** testing if installed package can be loaded from final location
** testing if installed package keeps a record of temporary installation path
* creating tarball
packaged installation of ‘INDEED’ as ‘INDEED_2.24.0_R_x86_64-pc-linux-gnu.tar.gz’
* DONE (INDEED)

The downloaded source packages are in
	‘/tmp/RtmpoemB7l/downloaded_packages’

real	0m9.732s
user	0m7.768s
sys	0m2.121s
