+ Rscript -e 'Sys.setenv(BIOCONDUCTOR_USE_CONTAINER_REPOSITORY=FALSE);
  p <- .libPaths();
  p <- c('\'''\'', '\'''\'', p);
  .libPaths(p);
  if(BiocManager::install('\''rawrr'\'', INSTALL_opts = '\''--build'\'', update = TRUE, quiet = FALSE, dependencies=TRUE, force = TRUE, keep_outputs = TRUE) %in% rownames(installed.packages())) q(status = 0) else q(status = 1)'
'getOption("repos")' replaces Bioconductor standard repositories, see
'help("repositories", package = "BiocManager")' for details.
Replacement repositories:
    CRAN: https://cloud.r-project.org
Bioconductor version 3.23 (BiocManager 1.30.26), R Under development (unstable)
  (2025-10-28 r88973)
Installing package(s) 'rawrr'
Warning: dependencies ‘ExperimentHub’, ‘AnnotationHub’ are not available
also installing the dependencies ‘bookdown’, ‘BiocStyle’, ‘protViz’, ‘tartare’

trying URL 'https://cloud.r-project.org/src/contrib/bookdown_0.45.tar.gz'
trying URL 'https://bioconductor.org/packages/3.23/bioc/src/contrib/BiocStyle_2.39.0.tar.gz'
trying URL 'https://cloud.r-project.org/src/contrib/protViz_0.7.9.tar.gz'
trying URL 'https://bioconductor.org/packages/3.23/data/experiment/src/contrib/tartare_1.23.0.tar.gz'
trying URL 'https://bioconductor.org/packages/3.23/bioc/src/contrib/rawrr_1.19.0.tar.gz'
* installing *source* package ‘bookdown’ ...
** this is package ‘bookdown’ version ‘0.45’
** package ‘bookdown’ successfully unpacked and MD5 sums checked
** using staged installation
** R
** inst
** byte-compile and prepare package for lazy loading
** help
*** installing help indices
*** copying figures
** building package indices
** installing vignettes
** testing if installed package can be loaded from temporary location
** testing if installed package can be loaded from final location
** testing if installed package keeps a record of temporary installation path
* creating tarball
packaged installation of ‘bookdown’ as ‘bookdown_0.45_R_x86_64-pc-linux-gnu.tar.gz’
* DONE (bookdown)
* installing *source* package ‘protViz’ ...
** this is package ‘protViz’ version ‘0.7.9’
** package ‘protViz’ successfully unpacked and MD5 sums checked
** using staged installation
** libs
using C compiler: ‘gcc (Ubuntu 13.3.0-6ubuntu2~24.04) 13.3.0’
using C++ compiler: ‘g++ (Ubuntu 13.3.0-6ubuntu2~24.04) 13.3.0’
gcc -std=gnu2x -I"/usr/local/lib/R/include" -DNDEBUG -I. -I'/usr/local/lib/R/site-library/Rcpp/include' -I/usr/local/include    -fpic  -g -O2 -fstack-protector-strong -Wformat -Werror=format-security -Wdate-time -D_FORTIFY_SOURCE=2 -g  -c protViz_init.c -o protViz_init.o
g++ -std=gnu++17 -I"/usr/local/lib/R/include" -DNDEBUG -I. -I'/usr/local/lib/R/site-library/Rcpp/include' -I/usr/local/include    -fpic  -g -O2 -fstack-protector-strong -Wformat -Werror=format-security -Wdate-time -D_FORTIFY_SOURCE=2 -g   -c deisotoper.cpp -o deisotoper.o
g++ -std=gnu++17 -I"/usr/local/lib/R/include" -DNDEBUG -I. -I'/usr/local/lib/R/site-library/Rcpp/include' -I/usr/local/include    -fpic  -g -O2 -fstack-protector-strong -Wformat -Werror=format-security -Wdate-time -D_FORTIFY_SOURCE=2 -g   -c aa2mass.cpp -o aa2mass.o
g++ -std=gnu++17 -I"/usr/local/lib/R/include" -DNDEBUG -I. -I'/usr/local/lib/R/site-library/Rcpp/include' -I/usr/local/include    -fpic  -g -O2 -fstack-protector-strong -Wformat -Werror=format-security -Wdate-time -D_FORTIFY_SOURCE=2 -g   -c findNN_.cpp -o findNN_.o
gcc -std=gnu2x -I"/usr/local/lib/R/include" -DNDEBUG -I. -I'/usr/local/lib/R/site-library/Rcpp/include' -I/usr/local/include    -fpic  -g -O2 -fstack-protector-strong -Wformat -Werror=format-security -Wdate-time -D_FORTIFY_SOURCE=2 -g  -c computeFragmentIons.c -o computeFragmentIons.o
gcc -std=gnu2x -I"/usr/local/lib/R/include" -DNDEBUG -I. -I'/usr/local/lib/R/site-library/Rcpp/include' -I/usr/local/include    -fpic  -g -O2 -fstack-protector-strong -Wformat -Werror=format-security -Wdate-time -D_FORTIFY_SOURCE=2 -g  -c computeParentIonMass.c -o computeParentIonMass.o
gcc -std=gnu2x -I"/usr/local/lib/R/include" -DNDEBUG -I. -I'/usr/local/lib/R/site-library/Rcpp/include' -I/usr/local/include    -fpic  -g -O2 -fstack-protector-strong -Wformat -Werror=format-security -Wdate-time -D_FORTIFY_SOURCE=2 -g  -c findNN.c -o findNN.o
g++ -std=gnu++17 -I"/usr/local/lib/R/include" -DNDEBUG -I. -I'/usr/local/lib/R/site-library/Rcpp/include' -I/usr/local/include    -fpic  -g -O2 -fstack-protector-strong -Wformat -Werror=format-security -Wdate-time -D_FORTIFY_SOURCE=2 -g   -c RcppExports.cpp -o RcppExports.o
g++ -std=gnu++17 -I"/usr/local/lib/R/include" -DNDEBUG -I. -I'/usr/local/lib/R/site-library/Rcpp/include' -I/usr/local/include    -fpic  -g -O2 -fstack-protector-strong -Wformat -Werror=format-security -Wdate-time -D_FORTIFY_SOURCE=2 -g   -c fasta.cpp -o fasta.o
g++ -std=gnu++17 -shared -L/usr/local/lib/R/lib -L/usr/local/lib -o protViz.so protViz_init.o deisotoper.o aa2mass.o findNN_.o computeFragmentIons.o computeParentIonMass.o findNN.o RcppExports.o fasta.o -L/usr/local/lib/R/lib -lR
installing to /usr/local/lib/R/site-library/00LOCK-protViz/00new/protViz/libs
** R
** data
*** moving datasets to lazyload DB
** demo
** exec
** inst
** byte-compile and prepare package for lazy loading
** help
*** installing help indices
** building package indices
** installing vignettes
** testing if installed package can be loaded from temporary location
** checking absolute paths in shared objects and dynamic libraries
** testing if installed package can be loaded from final location
** testing if installed package keeps a record of temporary installation path
* creating tarball
packaged installation of ‘protViz’ as ‘protViz_0.7.9_R_x86_64-pc-linux-gnu.tar.gz’
* DONE (protViz)
ERROR: dependencies ‘AnnotationHub’, ‘ExperimentHub’ are not available for package ‘tartare’
Perhaps try a variation of:
install.packages(c('AnnotationHub', 'ExperimentHub'))
* removing ‘/usr/local/lib/R/site-library/tartare’
* installing *source* package ‘rawrr’ ...
** this is package ‘rawrr’ version ‘1.19.0’
** using staged installation
** R
** inst
** byte-compile and prepare package for lazy loading
** help
*** installing help indices
** building package indices
** installing vignettes
** testing if installed package can be loaded from temporary location
** testing if installed package can be loaded from final location
** testing if installed package keeps a record of temporary installation path
* creating tarball
packaged installation of ‘rawrr’ as ‘rawrr_1.19.0_R_x86_64-pc-linux-gnu.tar.gz’
* DONE (rawrr)
* installing *source* package ‘BiocStyle’ ...
** this is package ‘BiocStyle’ version ‘2.39.0’
** using staged installation
** R
** inst
** byte-compile and prepare package for lazy loading
** help
*** installing help indices
** building package indices
** installing vignettes
** testing if installed package can be loaded from temporary location
** testing if installed package can be loaded from final location
** testing if installed package keeps a record of temporary installation path
* creating tarball
packaged installation of ‘BiocStyle’ as ‘BiocStyle_2.39.0_R_x86_64-pc-linux-gnu.tar.gz’
* DONE (BiocStyle)

The downloaded source packages are in
	‘/tmp/RtmpxsNf9b/downloaded_packages’
Old packages: 'promises'
Warning message:
In install.packages(...) :
  installation of package ‘tartare’ had non-zero exit status

real	0m31.199s
user	0m27.001s
sys	0m5.995s
