+ Rscript -e 'Sys.setenv(BIOCONDUCTOR_USE_CONTAINER_REPOSITORY=FALSE);
  p <- .libPaths();
  p <- c('\'''\'', '\'''\'', p);
  .libPaths(p);
  if(BiocManager::install('\''GraphAlignment'\'', INSTALL_opts = '\''--build'\'', update = TRUE, quiet = FALSE, dependencies=TRUE, force = TRUE, keep_outputs = TRUE) %in% rownames(installed.packages())) q(status = 0) else q(status = 1)'
'getOption("repos")' replaces Bioconductor standard repositories, see
'help("repositories", package = "BiocManager")' for details.
Replacement repositories:
    CRAN: https://p3m.dev/cran/__linux__/noble/latest
Bioconductor version 3.22 (BiocManager 1.30.26), R 4.5.2 (2025-10-31)
Installing package(s) 'GraphAlignment'
trying URL 'https://bioconductor.org/packages/3.22/bioc/src/contrib/GraphAlignment_1.74.0.tar.gz'
Content type 'application/x-gzip' length 607288 bytes (593 KB)
==================================================
downloaded 593 KB

* installing *source* package ‘GraphAlignment’ ...
** this is package ‘GraphAlignment’ version ‘1.74.0’
** package ‘GraphAlignment’ successfully unpacked and MD5 sums checked
** using staged installation
** libs
using C compiler: ‘gcc (Ubuntu 13.3.0-6ubuntu2~24.04) 13.3.0’
gcc -std=gnu2x -I"/usr/local/lib/R/include" -DNDEBUG   -I/usr/local/include    -fpic  -g -O2 -fstack-protector-strong -Wformat -Werror=format-security -Wdate-time -D_FORTIFY_SOURCE=2 -g  -c GA_alloc.c -o GA_alloc.o
gcc -std=gnu2x -I"/usr/local/lib/R/include" -DNDEBUG   -I/usr/local/include    -fpic  -g -O2 -fstack-protector-strong -Wformat -Werror=format-security -Wdate-time -D_FORTIFY_SOURCE=2 -g  -c GA_matrix.c -o GA_matrix.o
gcc -std=gnu2x -I"/usr/local/lib/R/include" -DNDEBUG   -I/usr/local/include    -fpic  -g -O2 -fstack-protector-strong -Wformat -Werror=format-security -Wdate-time -D_FORTIFY_SOURCE=2 -g  -c GA_matrix_R.c -o GA_matrix_R.o
gcc -std=gnu2x -I"/usr/local/lib/R/include" -DNDEBUG   -I/usr/local/include    -fpic  -g -O2 -fstack-protector-strong -Wformat -Werror=format-security -Wdate-time -D_FORTIFY_SOURCE=2 -g  -c GA_message.c -o GA_message.o
gcc -std=gnu2x -I"/usr/local/lib/R/include" -DNDEBUG   -I/usr/local/include    -fpic  -g -O2 -fstack-protector-strong -Wformat -Werror=format-security -Wdate-time -D_FORTIFY_SOURCE=2 -g  -c GA_vector.c -o GA_vector.o
gcc -std=gnu2x -I"/usr/local/lib/R/include" -DNDEBUG   -I/usr/local/include    -fpic  -g -O2 -fstack-protector-strong -Wformat -Werror=format-security -Wdate-time -D_FORTIFY_SOURCE=2 -g  -c GA_vector_R.c -o GA_vector_R.o
gcc -std=gnu2x -I"/usr/local/lib/R/include" -DNDEBUG   -I/usr/local/include    -fpic  -g -O2 -fstack-protector-strong -Wformat -Werror=format-security -Wdate-time -D_FORTIFY_SOURCE=2 -g  -c GraphAlignment.c -o GraphAlignment.o
gcc -std=gnu2x -I"/usr/local/lib/R/include" -DNDEBUG   -I/usr/local/include    -fpic  -g -O2 -fstack-protector-strong -Wformat -Werror=format-security -Wdate-time -D_FORTIFY_SOURCE=2 -g  -c lap.c -o lap.o
lap.c: In function ‘LAP_checklap’:
lap.c:348:9: warning: ignoring return value of ‘scanf’ declared with attribute ‘warn_unused_result’ [-Wunused-result]
  348 |         scanf("%c", &wait);
      |         ^~~~~~~~~~~~~~~~~~
lap.c:358:7: warning: ignoring return value of ‘scanf’ declared with attribute ‘warn_unused_result’ [-Wunused-result]
  358 |       scanf("%c", &wait);
      |       ^~~~~~~~~~~~~~~~~~
lap.c:371:7: warning: ignoring return value of ‘scanf’ declared with attribute ‘warn_unused_result’ [-Wunused-result]
  371 |       scanf("%c", &wait);
      |       ^~~~~~~~~~~~~~~~~~
lap.c:384:7: warning: ignoring return value of ‘scanf’ declared with attribute ‘warn_unused_result’ [-Wunused-result]
  384 |       scanf("%c", &wait);
      |       ^~~~~~~~~~~~~~~~~~
lap.c:394:7: warning: ignoring return value of ‘scanf’ declared with attribute ‘warn_unused_result’ [-Wunused-result]
  394 |       scanf("%c", &wait);
      |       ^~~~~~~~~~~~~~~~~~
gcc -std=gnu2x -shared -L/usr/local/lib/R/lib -L/usr/local/lib -o GraphAlignment.so GA_alloc.o GA_matrix.o GA_matrix_R.o GA_message.o GA_vector.o GA_vector_R.o GraphAlignment.o lap.o -L/usr/local/lib/R/lib -lR
installing to /usr/local/lib/R/site-library/00LOCK-GraphAlignment/00new/GraphAlignment/libs
** R
** inst
** byte-compile and prepare package for lazy loading
** help
*** installing help indices
** building package indices
** installing vignettes
** testing if installed package can be loaded from temporary location
** checking absolute paths in shared objects and dynamic libraries
** testing if installed package can be loaded from final location
** testing if installed package keeps a record of temporary installation path
* creating tarball
packaged installation of ‘GraphAlignment’ as ‘GraphAlignment_1.74.0_R_x86_64-pc-linux-gnu.tar.gz’
* DONE (GraphAlignment)

The downloaded source packages are in
	‘/tmp/Rtmps7lVl4/downloaded_packages’

real	0m5.703s
user	0m3.576s
sys	0m1.899s
