+ Rscript -e 'Sys.setenv(BIOCONDUCTOR_USE_CONTAINER_REPOSITORY=FALSE);
  p <- .libPaths();
  p <- c('\''/tmp/library'\'', '\''/mnt/library'\'', p);
  .libPaths(p);
  if(BiocManager::install('\''progeny'\'', INSTALL_opts = '\''--build'\'', update = TRUE, quiet = FALSE, dependencies=TRUE, force = TRUE, keep_outputs = TRUE) %in% rownames(installed.packages())) q(status = 0) else q(status = 1)'
'getOption("repos")' replaces Bioconductor standard repositories, see
'help("repositories", package = "BiocManager")' for details.
Replacement repositories:
    CRAN: https://cloud.r-project.org
Bioconductor version 3.23 (BiocManager 1.30.26), R Under development (unstable)
  (2025-10-28 r88973)
Installing package(s) 'progeny'
Warning: dependencies ‘biomaRt’, ‘SingleCellExperiment’, ‘DESeq2’, ‘SummarizedExperiment’ are not available
also installing the dependency ‘airway’

trying URL 'https://bioconductor.org/packages/3.23/data/experiment/src/contrib/airway_1.29.0.tar.gz'
trying URL 'https://bioconductor.org/packages/3.23/bioc/src/contrib/progeny_1.33.0.tar.gz'
ERROR: dependency ‘SummarizedExperiment’ is not available for package ‘airway’
Perhaps try a variation of:
install.packages('SummarizedExperiment')
* removing ‘/tmp/library/airway’
* installing *source* package ‘progeny’ ...
** this is package ‘progeny’ version ‘1.33.0’
** using staged installation
** R
** data
*** moving datasets to lazyload DB
** inst
** byte-compile and prepare package for lazy loading
** help
*** installing help indices
*** copying figures
** building package indices
** installing vignettes
** testing if installed package can be loaded from temporary location
** testing if installed package can be loaded from final location
** testing if installed package keeps a record of temporary installation path
* creating tarball
packaged installation of ‘progeny’ as ‘progeny_1.33.0_R_x86_64-pc-linux-gnu.tar.gz’
* DONE (progeny)

The downloaded source packages are in
	‘/tmp/Rtmp8KTpFR/downloaded_packages’
Old packages: 'promises'
Warning message:
In install.packages(...) :
  installation of package ‘airway’ had non-zero exit status

real	0m15.328s
user	0m12.408s
sys	0m3.447s
