+ Rscript -e 'Sys.setenv(BIOCONDUCTOR_USE_CONTAINER_REPOSITORY=FALSE);
  p <- .libPaths();
  p <- c('\''/tmp/library'\'', '\''/mnt/library'\'', p);
  .libPaths(p);
  if(BiocManager::install('\''AnVILBilling'\'', INSTALL_opts = '\''--build'\'', update = TRUE, quiet = FALSE, dependencies=TRUE, force = TRUE, keep_outputs = TRUE) %in% rownames(installed.packages())) q(status = 0) else q(status = 1)'
'getOption("repos")' replaces Bioconductor standard repositories, see
'help("repositories", package = "BiocManager")' for details.
Replacement repositories:
    CRAN: https://cloud.r-project.org
Bioconductor version 3.23 (BiocManager 1.30.26), R Under development (unstable)
  (2025-10-28 r88973)
Installing package(s) 'AnVILBilling'
also installing the dependencies ‘rapidjsonr’, ‘bigrquery’

trying URL 'https://cloud.r-project.org/src/contrib/rapidjsonr_1.2.0.tar.gz'
trying URL 'https://cloud.r-project.org/src/contrib/bigrquery_1.6.1.tar.gz'
trying URL 'https://bioconductor.org/packages/3.23/bioc/src/contrib/AnVILBilling_1.21.0.tar.gz'
* installing *source* package ‘rapidjsonr’ ...
** this is package ‘rapidjsonr’ version ‘1.2.0’
** package ‘rapidjsonr’ successfully unpacked and MD5 sums checked
** using staged installation
** R
** inst
** byte-compile and prepare package for lazy loading
** help
*** installing help indices
** building package indices
** testing if installed package can be loaded from temporary location
** testing if installed package can be loaded from final location
** testing if installed package keeps a record of temporary installation path
* creating tarball
packaged installation of ‘rapidjsonr’ as ‘rapidjsonr_1.2.0_R_x86_64-pc-linux-gnu.tar.gz’
* DONE (rapidjsonr)
* installing *source* package ‘bigrquery’ ...
** this is package ‘bigrquery’ version ‘1.6.1’
** package ‘bigrquery’ successfully unpacked and MD5 sums checked
** using staged installation
** libs
using C compiler: ‘gcc (Ubuntu 13.3.0-6ubuntu2~24.04) 13.3.0’
using C++ compiler: ‘g++ (Ubuntu 13.3.0-6ubuntu2~24.04) 13.3.0’
g++ -std=gnu++17 -I"/usr/local/lib/R/include" -DNDEBUG  -I'/usr/local/lib/R/site-library/cli/include' -I'/usr/local/lib/R/site-library/cpp11/include' -I'/tmp/library/rapidjsonr/include' -I/usr/local/include    -fpic  -g -O2 -fstack-protector-strong -Wformat -Werror=format-security -Wdate-time -D_FORTIFY_SOURCE=2 -g   -c BqField.cpp -o BqField.o
gcc -std=gnu2x -I"/usr/local/lib/R/include" -DNDEBUG  -I'/usr/local/lib/R/site-library/cli/include' -I'/usr/local/lib/R/site-library/cpp11/include' -I'/tmp/library/rapidjsonr/include' -I/usr/local/include    -fpic  -g -O2 -fstack-protector-strong -Wformat -Werror=format-security -Wdate-time -D_FORTIFY_SOURCE=2 -g  -c base64.c -o base64.o
g++ -std=gnu++17 -I"/usr/local/lib/R/include" -DNDEBUG  -I'/usr/local/lib/R/site-library/cli/include' -I'/usr/local/lib/R/site-library/cpp11/include' -I'/tmp/library/rapidjsonr/include' -I/usr/local/include    -fpic  -g -O2 -fstack-protector-strong -Wformat -Werror=format-security -Wdate-time -D_FORTIFY_SOURCE=2 -g   -c cpp11.cpp -o cpp11.o
g++ -std=gnu++17 -shared -L/usr/local/lib/R/lib -L/usr/local/lib -o bigrquery.so BqField.o base64.o cpp11.o -L/usr/local/lib/R/lib -lR
installing to /tmp/library/00LOCK-bigrquery/00new/bigrquery/libs
** R
** inst
** byte-compile and prepare package for lazy loading
** help
*** installing help indices
*** copying figures
** building package indices
** testing if installed package can be loaded from temporary location
** checking absolute paths in shared objects and dynamic libraries
** testing if installed package can be loaded from final location
** testing if installed package keeps a record of temporary installation path
* creating tarball
packaged installation of ‘bigrquery’ as ‘bigrquery_1.6.1_R_x86_64-pc-linux-gnu.tar.gz’
* DONE (bigrquery)
* installing *source* package ‘AnVILBilling’ ...
** this is package ‘AnVILBilling’ version ‘1.21.0’
** using staged installation
** R
** data
*** moving datasets to lazyload DB
** inst
** byte-compile and prepare package for lazy loading
** help
*** installing help indices
** building package indices
** installing vignettes
** testing if installed package can be loaded from temporary location
** testing if installed package can be loaded from final location
** testing if installed package keeps a record of temporary installation path
* creating tarball
packaged installation of ‘AnVILBilling’ as ‘AnVILBilling_1.21.0_R_x86_64-pc-linux-gnu.tar.gz’
* DONE (AnVILBilling)

The downloaded source packages are in
	‘/tmp/RtmpAGHHXn/downloaded_packages’
Old packages: 'BiocBook', 'rhdf5', 'promises'

real	0m26.435s
user	0m21.578s
sys	0m6.514s
