+ Rscript -e 'Sys.setenv(BIOCONDUCTOR_USE_CONTAINER_REPOSITORY=FALSE);
  p <- .libPaths();
  p <- c('\'''\'', '\'''\'', p);
  .libPaths(p);
  if(BiocManager::install('\''VERSO'\'', INSTALL_opts = '\''--build'\'', update = TRUE, quiet = FALSE, dependencies=TRUE, force = TRUE, keep_outputs = TRUE) %in% rownames(installed.packages())) q(status = 0) else q(status = 1)'
'getOption("repos")' replaces Bioconductor standard repositories, see
'help("repositories", package = "BiocManager")' for details.
Replacement repositories:
    CRAN: https://cloud.r-project.org
Bioconductor version 3.23 (BiocManager 1.30.26), R Under development (unstable)
  (2025-10-28 r88973)
Installing package(s) 'VERSO'
also installing the dependencies ‘zigg’, ‘RcppParallel’, ‘RcppArmadillo’, ‘generics’, ‘bookdown’, ‘data.tree’, ‘ape’, ‘Rfast’, ‘BiocGenerics’, ‘BiocStyle’

trying URL 'https://cloud.r-project.org/src/contrib/zigg_0.0.2.tar.gz'
trying URL 'https://cloud.r-project.org/src/contrib/RcppParallel_5.1.11-1.tar.gz'
trying URL 'https://cloud.r-project.org/src/contrib/RcppArmadillo_15.0.2-2.tar.gz'
trying URL 'https://cloud.r-project.org/src/contrib/generics_0.1.4.tar.gz'
trying URL 'https://cloud.r-project.org/src/contrib/bookdown_0.45.tar.gz'
trying URL 'https://cloud.r-project.org/src/contrib/data.tree_1.2.0.tar.gz'
trying URL 'https://cloud.r-project.org/src/contrib/ape_5.8-1.tar.gz'
trying URL 'https://cloud.r-project.org/src/contrib/Rfast_2.1.5.2.tar.gz'
trying URL 'https://bioconductor.org/packages/3.23/bioc/src/contrib/BiocGenerics_0.57.0.tar.gz'
trying URL 'https://bioconductor.org/packages/3.23/bioc/src/contrib/BiocStyle_2.39.0.tar.gz'
trying URL 'https://bioconductor.org/packages/3.23/bioc/src/contrib/VERSO_1.21.0.tar.gz'
* installing *source* package ‘zigg’ ...
** this is package ‘zigg’ version ‘0.0.2’
** package ‘zigg’ successfully unpacked and MD5 sums checked
** using staged installation
** libs
using C compiler: ‘gcc (Ubuntu 13.3.0-6ubuntu2~24.04) 13.3.0’
using C++ compiler: ‘g++ (Ubuntu 13.3.0-6ubuntu2~24.04) 13.3.0’
gcc -std=gnu2x -I"/usr/local/lib/R/include" -DNDEBUG -I../inst/include  -I/usr/local/include    -fpic  -g -O2 -fstack-protector-strong -Wformat -Werror=format-security -Wdate-time -D_FORTIFY_SOURCE=2 -g  -c init.c -o init.o
g++ -std=gnu++17 -I"/usr/local/lib/R/include" -DNDEBUG -I../inst/include  -I/usr/local/include    -fpic  -g -O2 -fstack-protector-strong -Wformat -Werror=format-security -Wdate-time -D_FORTIFY_SOURCE=2 -g   -c ziggurat.cpp -o ziggurat.o
g++ -std=gnu++17 -shared -L/usr/local/lib/R/lib -L/usr/local/lib -o zigg.so init.o ziggurat.o -L/usr/local/lib/R/lib -lR
installing to /usr/local/lib/R/site-library/00LOCK-zigg/00new/zigg/libs
** R
** inst
** byte-compile and prepare package for lazy loading
** help
*** installing help indices
** building package indices
** testing if installed package can be loaded from temporary location
** checking absolute paths in shared objects and dynamic libraries
** testing if installed package can be loaded from final location
** testing if installed package keeps a record of temporary installation path
* creating tarball
packaged installation of ‘zigg’ as ‘zigg_0.0.2_R_x86_64-pc-linux-gnu.tar.gz’
* DONE (zigg)
* installing *source* package ‘RcppParallel’ ...
** this is package ‘RcppParallel’ version ‘5.1.11-1’
** package ‘RcppParallel’ successfully unpacked and MD5 sums checked
** using staged installation
** preparing to configure package 'RcppParallel' ...
*** configured file: 'R/tbb-autodetected.R.in' => 'R/tbb-autodetected.R'
*** configured file: 'src/Makevars.in' => 'src/Makevars'
*** configured file: 'src/install.libs.R.in' => 'src/install.libs.R'
** finished configure for package 'RcppParallel'
** libs
using C++ compiler: ‘g++ (Ubuntu 13.3.0-6ubuntu2~24.04) 13.3.0’
(tbb) Building TBB using bundled sources ...
make[1]: Entering directory '/tmp/RtmpL9C8Bs/R.INSTALL912acbfe25/RcppParallel/src/tbb/src'
OS: linux
arch=intel64
compiler=gcc
runtime=cc13.3.0_libc2.39_kernel6.14.0
tbb_build_prefix=linux_intel64_gcc_cc13.3.0_libc2.39_kernel6.14.0
work_dir=/tmp/RtmpL9C8Bs/R.INSTALL912acbfe25/RcppParallel/src/build/linux_intel64_gcc_cc13.3.0_libc2.39_kernel6.14.0_release
make[1]: Leaving directory '/tmp/RtmpL9C8Bs/R.INSTALL912acbfe25/RcppParallel/src/tbb/src'
(tbb) TBB compilation finished successfully.
g++ -std=gnu++17 -I"/usr/local/lib/R/include" -DNDEBUG -I../inst/include  -I/usr/local/include   -std=gnu++11 -DRCPP_PARALLEL_USE_TBB=1 -DTBB_SUPPRESS_DEPRECATED_MESSAGES=1 -fpic  -g -O2 -fstack-protector-strong -Wformat -Werror=format-security -Wdate-time -D_FORTIFY_SOURCE=2 -g   -c init.cpp -o init.o
g++ -std=gnu++17 -I"/usr/local/lib/R/include" -DNDEBUG -I../inst/include  -I/usr/local/include   -std=gnu++11 -DRCPP_PARALLEL_USE_TBB=1 -DTBB_SUPPRESS_DEPRECATED_MESSAGES=1 -fpic  -g -O2 -fstack-protector-strong -Wformat -Werror=format-security -Wdate-time -D_FORTIFY_SOURCE=2 -g   -c options.cpp -o options.o
g++ -std=gnu++17 -I"/usr/local/lib/R/include" -DNDEBUG -I../inst/include  -I/usr/local/include   -std=gnu++11 -DRCPP_PARALLEL_USE_TBB=1 -DTBB_SUPPRESS_DEPRECATED_MESSAGES=1 -fpic  -g -O2 -fstack-protector-strong -Wformat -Werror=format-security -Wdate-time -D_FORTIFY_SOURCE=2 -g   -c tbb.cpp -o tbb.o
g++ -std=gnu++17 -shared -L/usr/local/lib/R/lib -L/usr/local/lib -o RcppParallel.so init.o options.o tbb.o -L/usr/local/lib/R/lib -lR
installing via 'install.libs.R' to /usr/local/lib/R/site-library/00LOCK-RcppParallel/00new/RcppParallel
** R
** inst
** byte-compile and prepare package for lazy loading
** help
*** installing help indices
** building package indices
** testing if installed package can be loaded from temporary location
** checking absolute paths in shared objects and dynamic libraries
** testing if installed package can be loaded from final location
** testing if installed package keeps a record of temporary installation path
* creating tarball
packaged installation of ‘RcppParallel’ as ‘RcppParallel_5.1.11-1_R_x86_64-pc-linux-gnu.tar.gz’
* DONE (RcppParallel)
* installing *source* package ‘RcppArmadillo’ ...
** this is package ‘RcppArmadillo’ version ‘15.0.2-2’
** package ‘RcppArmadillo’ successfully unpacked and MD5 sums checked
** using staged installation
checking whether the C++ compiler works... yes
checking for C++ compiler default output file name... a.out
checking for suffix of executables... 
checking whether we are cross compiling... no
checking for suffix of object files... o
checking whether the compiler supports GNU C++... yes
checking whether g++ -std=gnu++17 accepts -g... yes
checking for g++ -std=gnu++17 option to enable C++11 features... none needed
checking how to run the C++ preprocessor... g++ -std=gnu++17 -E
checking whether the compiler supports GNU C++... (cached) yes
checking whether g++ -std=gnu++17 accepts -g... (cached) yes
checking for g++ -std=gnu++17 option to enable C++11 features... (cached) none needed
checking whether we have a suitable tempdir... /tmp
checking whether R CMD SHLIB can already compile programs using OpenMP... yes
checking LAPACK_LIBS... system LAPACK found
configure: creating ./config.status
config.status: creating inst/include/RcppArmadillo/config/RcppArmadilloConfigGenerated.h
config.status: creating src/Makevars
** libs
using C++ compiler: ‘g++ (Ubuntu 13.3.0-6ubuntu2~24.04) 13.3.0’
g++ -std=gnu++17 -I"/usr/local/lib/R/include" -DNDEBUG -I../inst/include -DARMA_USE_CURRENT -I'/usr/local/lib/R/site-library/Rcpp/include' -I/usr/local/include   -fopenmp -fpic  -g -O2 -fstack-protector-strong -Wformat -Werror=format-security -Wdate-time -D_FORTIFY_SOURCE=2 -g   -c RcppArmadillo.cpp -o RcppArmadillo.o
g++ -std=gnu++17 -I"/usr/local/lib/R/include" -DNDEBUG -I../inst/include -DARMA_USE_CURRENT -I'/usr/local/lib/R/site-library/Rcpp/include' -I/usr/local/include   -fopenmp -fpic  -g -O2 -fstack-protector-strong -Wformat -Werror=format-security -Wdate-time -D_FORTIFY_SOURCE=2 -g   -c RcppExports.cpp -o RcppExports.o
g++ -std=gnu++17 -I"/usr/local/lib/R/include" -DNDEBUG -I../inst/include -DARMA_USE_CURRENT -I'/usr/local/lib/R/site-library/Rcpp/include' -I/usr/local/include   -fopenmp -fpic  -g -O2 -fstack-protector-strong -Wformat -Werror=format-security -Wdate-time -D_FORTIFY_SOURCE=2 -g   -c fastLm.cpp -o fastLm.o
g++ -std=gnu++17 -shared -L/usr/local/lib/R/lib -L/usr/local/lib -o RcppArmadillo.so RcppArmadillo.o RcppExports.o fastLm.o -fopenmp -llapack -lblas -lgfortran -lm -lquadmath -L/usr/local/lib/R/lib -lR
installing to /usr/local/lib/R/site-library/00LOCK-RcppArmadillo/00new/RcppArmadillo/libs
** R
** inst
** byte-compile and prepare package for lazy loading
** help
*** installing help indices
** building package indices
** installing vignettes
** testing if installed package can be loaded from temporary location
** checking absolute paths in shared objects and dynamic libraries
** testing if installed package can be loaded from final location
** testing if installed package keeps a record of temporary installation path
* creating tarball
packaged installation of ‘RcppArmadillo’ as ‘RcppArmadillo_15.0.2-2_R_x86_64-pc-linux-gnu.tar.gz’
* DONE (RcppArmadillo)
* installing *source* package ‘generics’ ...
** this is package ‘generics’ version ‘0.1.4’
** package ‘generics’ successfully unpacked and MD5 sums checked
** using staged installation
** R
** byte-compile and prepare package for lazy loading
** help
*** installing help indices
** building package indices
** testing if installed package can be loaded from temporary location
** testing if installed package can be loaded from final location
** testing if installed package keeps a record of temporary installation path
* creating tarball
packaged installation of ‘generics’ as ‘generics_0.1.4_R_x86_64-pc-linux-gnu.tar.gz’
* DONE (generics)
* installing *source* package ‘bookdown’ ...
** this is package ‘bookdown’ version ‘0.45’
** package ‘bookdown’ successfully unpacked and MD5 sums checked
** using staged installation
** R
** inst
** byte-compile and prepare package for lazy loading
** help
*** installing help indices
*** copying figures
** building package indices
** installing vignettes
** testing if installed package can be loaded from temporary location
** testing if installed package can be loaded from final location
** testing if installed package keeps a record of temporary installation path
* creating tarball
packaged installation of ‘bookdown’ as ‘bookdown_0.45_R_x86_64-pc-linux-gnu.tar.gz’
* DONE (bookdown)
* installing *source* package ‘data.tree’ ...
** this is package ‘data.tree’ version ‘1.2.0’
** package ‘data.tree’ successfully unpacked and MD5 sums checked
** using staged installation
** R
** data
** inst
** byte-compile and prepare package for lazy loading
** help
*** installing help indices
** building package indices
** installing vignettes
** testing if installed package can be loaded from temporary location
** testing if installed package can be loaded from final location
** testing if installed package keeps a record of temporary installation path
* creating tarball
packaged installation of ‘data.tree’ as ‘data.tree_1.2.0_R_x86_64-pc-linux-gnu.tar.gz’
* DONE (data.tree)
* installing *source* package ‘ape’ ...
** this is package ‘ape’ version ‘5.8-1’
** package ‘ape’ successfully unpacked and MD5 sums checked
** using staged installation
** libs
using C compiler: ‘gcc (Ubuntu 13.3.0-6ubuntu2~24.04) 13.3.0’
using C++ compiler: ‘g++ (Ubuntu 13.3.0-6ubuntu2~24.04) 13.3.0’
gcc -std=gnu2x -I"/usr/local/lib/R/include" -DNDEBUG  -I'/usr/local/lib/R/site-library/Rcpp/include' -I/usr/local/include    -fpic  -g -O2 -fstack-protector-strong -Wformat -Werror=format-security -Wdate-time -D_FORTIFY_SOURCE=2 -g  -c BIONJ.c -o BIONJ.o
gcc -std=gnu2x -I"/usr/local/lib/R/include" -DNDEBUG  -I'/usr/local/lib/R/site-library/Rcpp/include' -I/usr/local/include    -fpic  -g -O2 -fstack-protector-strong -Wformat -Werror=format-security -Wdate-time -D_FORTIFY_SOURCE=2 -g  -c NNI.c -o NNI.o
g++ -std=gnu++17 -I"/usr/local/lib/R/include" -DNDEBUG  -I'/usr/local/lib/R/site-library/Rcpp/include' -I/usr/local/include    -fpic  -g -O2 -fstack-protector-strong -Wformat -Werror=format-security -Wdate-time -D_FORTIFY_SOURCE=2 -g   -c RcppExports.cpp -o RcppExports.o
gcc -std=gnu2x -I"/usr/local/lib/R/include" -DNDEBUG  -I'/usr/local/lib/R/site-library/Rcpp/include' -I/usr/local/include    -fpic  -g -O2 -fstack-protector-strong -Wformat -Werror=format-security -Wdate-time -D_FORTIFY_SOURCE=2 -g  -c SPR.c -o SPR.o
gcc -std=gnu2x -I"/usr/local/lib/R/include" -DNDEBUG  -I'/usr/local/lib/R/site-library/Rcpp/include' -I/usr/local/include    -fpic  -g -O2 -fstack-protector-strong -Wformat -Werror=format-security -Wdate-time -D_FORTIFY_SOURCE=2 -g  -c additive.c -o additive.o
gcc -std=gnu2x -I"/usr/local/lib/R/include" -DNDEBUG  -I'/usr/local/lib/R/site-library/Rcpp/include' -I/usr/local/include    -fpic  -g -O2 -fstack-protector-strong -Wformat -Werror=format-security -Wdate-time -D_FORTIFY_SOURCE=2 -g  -c ape.c -o ape.o
gcc -std=gnu2x -I"/usr/local/lib/R/include" -DNDEBUG  -I'/usr/local/lib/R/site-library/Rcpp/include' -I/usr/local/include    -fpic  -g -O2 -fstack-protector-strong -Wformat -Werror=format-security -Wdate-time -D_FORTIFY_SOURCE=2 -g  -c bNNI.c -o bNNI.o
gcc -std=gnu2x -I"/usr/local/lib/R/include" -DNDEBUG  -I'/usr/local/lib/R/site-library/Rcpp/include' -I/usr/local/include    -fpic  -g -O2 -fstack-protector-strong -Wformat -Werror=format-security -Wdate-time -D_FORTIFY_SOURCE=2 -g  -c bionjs.c -o bionjs.o
gcc -std=gnu2x -I"/usr/local/lib/R/include" -DNDEBUG  -I'/usr/local/lib/R/site-library/Rcpp/include' -I/usr/local/include    -fpic  -g -O2 -fstack-protector-strong -Wformat -Werror=format-security -Wdate-time -D_FORTIFY_SOURCE=2 -g  -c bipartition.c -o bipartition.o
gcc -std=gnu2x -I"/usr/local/lib/R/include" -DNDEBUG  -I'/usr/local/lib/R/site-library/Rcpp/include' -I/usr/local/include    -fpic  -g -O2 -fstack-protector-strong -Wformat -Werror=format-security -Wdate-time -D_FORTIFY_SOURCE=2 -g  -c bitsplits.c -o bitsplits.o
gcc -std=gnu2x -I"/usr/local/lib/R/include" -DNDEBUG  -I'/usr/local/lib/R/site-library/Rcpp/include' -I/usr/local/include    -fpic  -g -O2 -fstack-protector-strong -Wformat -Werror=format-security -Wdate-time -D_FORTIFY_SOURCE=2 -g  -c delta_plot.c -o delta_plot.o
gcc -std=gnu2x -I"/usr/local/lib/R/include" -DNDEBUG  -I'/usr/local/lib/R/site-library/Rcpp/include' -I/usr/local/include    -fpic  -g -O2 -fstack-protector-strong -Wformat -Werror=format-security -Wdate-time -D_FORTIFY_SOURCE=2 -g  -c dist_dna.c -o dist_dna.o
gcc -std=gnu2x -I"/usr/local/lib/R/include" -DNDEBUG  -I'/usr/local/lib/R/site-library/Rcpp/include' -I/usr/local/include    -fpic  -g -O2 -fstack-protector-strong -Wformat -Werror=format-security -Wdate-time -D_FORTIFY_SOURCE=2 -g  -c dist_nodes.c -o dist_nodes.o
gcc -std=gnu2x -I"/usr/local/lib/R/include" -DNDEBUG  -I'/usr/local/lib/R/site-library/Rcpp/include' -I/usr/local/include    -fpic  -g -O2 -fstack-protector-strong -Wformat -Werror=format-security -Wdate-time -D_FORTIFY_SOURCE=2 -g  -c ewLasso.c -o ewLasso.o
gcc -std=gnu2x -I"/usr/local/lib/R/include" -DNDEBUG  -I'/usr/local/lib/R/site-library/Rcpp/include' -I/usr/local/include    -fpic  -g -O2 -fstack-protector-strong -Wformat -Werror=format-security -Wdate-time -D_FORTIFY_SOURCE=2 -g  -c heap.c -o heap.o
gcc -std=gnu2x -I"/usr/local/lib/R/include" -DNDEBUG  -I'/usr/local/lib/R/site-library/Rcpp/include' -I/usr/local/include    -fpic  -g -O2 -fstack-protector-strong -Wformat -Werror=format-security -Wdate-time -D_FORTIFY_SOURCE=2 -g  -c mat_expo.c -o mat_expo.o
gcc -std=gnu2x -I"/usr/local/lib/R/include" -DNDEBUG  -I'/usr/local/lib/R/site-library/Rcpp/include' -I/usr/local/include    -fpic  -g -O2 -fstack-protector-strong -Wformat -Werror=format-security -Wdate-time -D_FORTIFY_SOURCE=2 -g  -c me.c -o me.o
gcc -std=gnu2x -I"/usr/local/lib/R/include" -DNDEBUG  -I'/usr/local/lib/R/site-library/Rcpp/include' -I/usr/local/include    -fpic  -g -O2 -fstack-protector-strong -Wformat -Werror=format-security -Wdate-time -D_FORTIFY_SOURCE=2 -g  -c me_balanced.c -o me_balanced.o
gcc -std=gnu2x -I"/usr/local/lib/R/include" -DNDEBUG  -I'/usr/local/lib/R/site-library/Rcpp/include' -I/usr/local/include    -fpic  -g -O2 -fstack-protector-strong -Wformat -Werror=format-security -Wdate-time -D_FORTIFY_SOURCE=2 -g  -c me_ols.c -o me_ols.o
gcc -std=gnu2x -I"/usr/local/lib/R/include" -DNDEBUG  -I'/usr/local/lib/R/site-library/Rcpp/include' -I/usr/local/include    -fpic  -g -O2 -fstack-protector-strong -Wformat -Werror=format-security -Wdate-time -D_FORTIFY_SOURCE=2 -g  -c mvr.c -o mvr.o
gcc -std=gnu2x -I"/usr/local/lib/R/include" -DNDEBUG  -I'/usr/local/lib/R/site-library/Rcpp/include' -I/usr/local/include    -fpic  -g -O2 -fstack-protector-strong -Wformat -Werror=format-security -Wdate-time -D_FORTIFY_SOURCE=2 -g  -c mvrs.c -o mvrs.o
gcc -std=gnu2x -I"/usr/local/lib/R/include" -DNDEBUG  -I'/usr/local/lib/R/site-library/Rcpp/include' -I/usr/local/include    -fpic  -g -O2 -fstack-protector-strong -Wformat -Werror=format-security -Wdate-time -D_FORTIFY_SOURCE=2 -g  -c nj.c -o nj.o
gcc -std=gnu2x -I"/usr/local/lib/R/include" -DNDEBUG  -I'/usr/local/lib/R/site-library/Rcpp/include' -I/usr/local/include    -fpic  -g -O2 -fstack-protector-strong -Wformat -Werror=format-security -Wdate-time -D_FORTIFY_SOURCE=2 -g  -c njs.c -o njs.o
gcc -std=gnu2x -I"/usr/local/lib/R/include" -DNDEBUG  -I'/usr/local/lib/R/site-library/Rcpp/include' -I/usr/local/include    -fpic  -g -O2 -fstack-protector-strong -Wformat -Werror=format-security -Wdate-time -D_FORTIFY_SOURCE=2 -g  -c pic.c -o pic.o
gcc -std=gnu2x -I"/usr/local/lib/R/include" -DNDEBUG  -I'/usr/local/lib/R/site-library/Rcpp/include' -I/usr/local/include    -fpic  -g -O2 -fstack-protector-strong -Wformat -Werror=format-security -Wdate-time -D_FORTIFY_SOURCE=2 -g  -c plot_phylo.c -o plot_phylo.o
g++ -std=gnu++17 -I"/usr/local/lib/R/include" -DNDEBUG  -I'/usr/local/lib/R/site-library/Rcpp/include' -I/usr/local/include    -fpic  -g -O2 -fstack-protector-strong -Wformat -Werror=format-security -Wdate-time -D_FORTIFY_SOURCE=2 -g   -c prop_part.cpp -o prop_part.o
gcc -std=gnu2x -I"/usr/local/lib/R/include" -DNDEBUG  -I'/usr/local/lib/R/site-library/Rcpp/include' -I/usr/local/include    -fpic  -g -O2 -fstack-protector-strong -Wformat -Werror=format-security -Wdate-time -D_FORTIFY_SOURCE=2 -g  -c rTrait.c -o rTrait.o
gcc -std=gnu2x -I"/usr/local/lib/R/include" -DNDEBUG  -I'/usr/local/lib/R/site-library/Rcpp/include' -I/usr/local/include    -fpic  -g -O2 -fstack-protector-strong -Wformat -Werror=format-security -Wdate-time -D_FORTIFY_SOURCE=2 -g  -c read_dna.c -o read_dna.o
g++ -std=gnu++17 -I"/usr/local/lib/R/include" -DNDEBUG  -I'/usr/local/lib/R/site-library/Rcpp/include' -I/usr/local/include    -fpic  -g -O2 -fstack-protector-strong -Wformat -Werror=format-security -Wdate-time -D_FORTIFY_SOURCE=2 -g   -c reorder_Rcpp.cpp -o reorder_Rcpp.o
gcc -std=gnu2x -I"/usr/local/lib/R/include" -DNDEBUG  -I'/usr/local/lib/R/site-library/Rcpp/include' -I/usr/local/include    -fpic  -g -O2 -fstack-protector-strong -Wformat -Werror=format-security -Wdate-time -D_FORTIFY_SOURCE=2 -g  -c reorder_phylo.c -o reorder_phylo.o
gcc -std=gnu2x -I"/usr/local/lib/R/include" -DNDEBUG  -I'/usr/local/lib/R/site-library/Rcpp/include' -I/usr/local/include    -fpic  -g -O2 -fstack-protector-strong -Wformat -Werror=format-security -Wdate-time -D_FORTIFY_SOURCE=2 -g  -c treePop.c -o treePop.o
gcc -std=gnu2x -I"/usr/local/lib/R/include" -DNDEBUG  -I'/usr/local/lib/R/site-library/Rcpp/include' -I/usr/local/include    -fpic  -g -O2 -fstack-protector-strong -Wformat -Werror=format-security -Wdate-time -D_FORTIFY_SOURCE=2 -g  -c tree_build.c -o tree_build.o
gcc -std=gnu2x -I"/usr/local/lib/R/include" -DNDEBUG  -I'/usr/local/lib/R/site-library/Rcpp/include' -I/usr/local/include    -fpic  -g -O2 -fstack-protector-strong -Wformat -Werror=format-security -Wdate-time -D_FORTIFY_SOURCE=2 -g  -c tree_phylo.c -o tree_phylo.o
gcc -std=gnu2x -I"/usr/local/lib/R/include" -DNDEBUG  -I'/usr/local/lib/R/site-library/Rcpp/include' -I/usr/local/include    -fpic  -g -O2 -fstack-protector-strong -Wformat -Werror=format-security -Wdate-time -D_FORTIFY_SOURCE=2 -g  -c triangMtd.c -o triangMtd.o
gcc -std=gnu2x -I"/usr/local/lib/R/include" -DNDEBUG  -I'/usr/local/lib/R/site-library/Rcpp/include' -I/usr/local/include    -fpic  -g -O2 -fstack-protector-strong -Wformat -Werror=format-security -Wdate-time -D_FORTIFY_SOURCE=2 -g  -c triangMtds.c -o triangMtds.o
gcc -std=gnu2x -I"/usr/local/lib/R/include" -DNDEBUG  -I'/usr/local/lib/R/site-library/Rcpp/include' -I/usr/local/include    -fpic  -g -O2 -fstack-protector-strong -Wformat -Werror=format-security -Wdate-time -D_FORTIFY_SOURCE=2 -g  -c ultrametric.c -o ultrametric.o
g++ -std=gnu++17 -shared -L/usr/local/lib/R/lib -L/usr/local/lib -o ape.so BIONJ.o NNI.o RcppExports.o SPR.o additive.o ape.o bNNI.o bionjs.o bipartition.o bitsplits.o delta_plot.o dist_dna.o dist_nodes.o ewLasso.o heap.o mat_expo.o me.o me_balanced.o me_ols.o mvr.o mvrs.o nj.o njs.o pic.o plot_phylo.o prop_part.o rTrait.o read_dna.o reorder_Rcpp.o reorder_phylo.o treePop.o tree_build.o tree_phylo.o triangMtd.o triangMtds.o ultrametric.o -llapack -lblas -lgfortran -lm -lquadmath -L/usr/local/lib/R/lib -lR
installing to /usr/local/lib/R/site-library/00LOCK-ape/00new/ape/libs
** R
** data
** inst
** byte-compile and prepare package for lazy loading
** help
*** installing help indices
** building package indices
** installing vignettes
** testing if installed package can be loaded from temporary location
** checking absolute paths in shared objects and dynamic libraries
** testing if installed package can be loaded from final location
** testing if installed package keeps a record of temporary installation path
* creating tarball
packaged installation of ‘ape’ as ‘ape_5.8-1_R_x86_64-pc-linux-gnu.tar.gz’
* DONE (ape)
* installing *source* package ‘Rfast’ ...
** this is package ‘Rfast’ version ‘2.1.5.2’
** package ‘Rfast’ successfully unpacked and MD5 sums checked
** using staged installation
** libs
using C compiler: ‘gcc (Ubuntu 13.3.0-6ubuntu2~24.04) 13.3.0’
using C++ compiler: ‘g++ (Ubuntu 13.3.0-6ubuntu2~24.04) 13.3.0’
using C++17
g++ -std=gnu++17 -I"/usr/local/lib/R/include" -DNDEBUG -I../inst/include -I'/usr/local/lib/R/site-library/Rcpp/include' -I'/usr/local/lib/R/site-library/RcppArmadillo/include' -I'/usr/local/lib/R/site-library/RcppParallel/include' -I'/usr/local/lib/R/site-library/zigg/include' -I/usr/local/include   -fopenmp -DARMA_USE_CURRENT -fpic  -g -O2 -fstack-protector-strong -Wformat -Werror=format-security -Wdate-time -D_FORTIFY_SOURCE=2 -g   -c Coeff.cpp -o Coeff.o
g++ -std=gnu++17 -I"/usr/local/lib/R/include" -DNDEBUG -I../inst/include -I'/usr/local/lib/R/site-library/Rcpp/include' -I'/usr/local/lib/R/site-library/RcppArmadillo/include' -I'/usr/local/lib/R/site-library/RcppParallel/include' -I'/usr/local/lib/R/site-library/zigg/include' -I/usr/local/include   -fopenmp -DARMA_USE_CURRENT -fpic  -g -O2 -fstack-protector-strong -Wformat -Werror=format-security -Wdate-time -D_FORTIFY_SOURCE=2 -g   -c Diag.cpp -o Diag.o
g++ -std=gnu++17 -I"/usr/local/lib/R/include" -DNDEBUG -I../inst/include -I'/usr/local/lib/R/site-library/Rcpp/include' -I'/usr/local/lib/R/site-library/RcppArmadillo/include' -I'/usr/local/lib/R/site-library/RcppParallel/include' -I'/usr/local/lib/R/site-library/zigg/include' -I/usr/local/include   -fopenmp -DARMA_USE_CURRENT -fpic  -g -O2 -fstack-protector-strong -Wformat -Werror=format-security -Wdate-time -D_FORTIFY_SOURCE=2 -g   -c Norm.cpp -o Norm.o
g++ -std=gnu++17 -I"/usr/local/lib/R/include" -DNDEBUG -I../inst/include -I'/usr/local/lib/R/site-library/Rcpp/include' -I'/usr/local/lib/R/site-library/RcppArmadillo/include' -I'/usr/local/lib/R/site-library/RcppParallel/include' -I'/usr/local/lib/R/site-library/zigg/include' -I/usr/local/include   -fopenmp -DARMA_USE_CURRENT -fpic  -g -O2 -fstack-protector-strong -Wformat -Werror=format-security -Wdate-time -D_FORTIFY_SOURCE=2 -g   -c Rank.cpp -o Rank.o
g++ -std=gnu++17 -I"/usr/local/lib/R/include" -DNDEBUG -I../inst/include -I'/usr/local/lib/R/site-library/Rcpp/include' -I'/usr/local/lib/R/site-library/RcppArmadillo/include' -I'/usr/local/lib/R/site-library/RcppParallel/include' -I'/usr/local/lib/R/site-library/zigg/include' -I/usr/local/include   -fopenmp -DARMA_USE_CURRENT -fpic  -g -O2 -fstack-protector-strong -Wformat -Werror=format-security -Wdate-time -D_FORTIFY_SOURCE=2 -g   -c Sort.cpp -o Sort.o
g++ -std=gnu++17 -I"/usr/local/lib/R/include" -DNDEBUG -I../inst/include -I'/usr/local/lib/R/site-library/Rcpp/include' -I'/usr/local/lib/R/site-library/RcppArmadillo/include' -I'/usr/local/lib/R/site-library/RcppParallel/include' -I'/usr/local/lib/R/site-library/zigg/include' -I/usr/local/include   -fopenmp -DARMA_USE_CURRENT -fpic  -g -O2 -fstack-protector-strong -Wformat -Werror=format-security -Wdate-time -D_FORTIFY_SOURCE=2 -g   -c Table.cpp -o Table.o
g++ -std=gnu++17 -I"/usr/local/lib/R/include" -DNDEBUG -I../inst/include -I'/usr/local/lib/R/site-library/Rcpp/include' -I'/usr/local/lib/R/site-library/RcppArmadillo/include' -I'/usr/local/lib/R/site-library/RcppParallel/include' -I'/usr/local/lib/R/site-library/zigg/include' -I/usr/local/include   -fopenmp -DARMA_USE_CURRENT -fpic  -g -O2 -fstack-protector-strong -Wformat -Werror=format-security -Wdate-time -D_FORTIFY_SOURCE=2 -g   -c add_to_namespace.cpp -o add_to_namespace.o
g++ -std=gnu++17 -I"/usr/local/lib/R/include" -DNDEBUG -I../inst/include -I'/usr/local/lib/R/site-library/Rcpp/include' -I'/usr/local/lib/R/site-library/RcppArmadillo/include' -I'/usr/local/lib/R/site-library/RcppParallel/include' -I'/usr/local/lib/R/site-library/zigg/include' -I/usr/local/include   -fopenmp -DARMA_USE_CURRENT -fpic  -g -O2 -fstack-protector-strong -Wformat -Werror=format-security -Wdate-time -D_FORTIFY_SOURCE=2 -g   -c apply_condition.cpp -o apply_condition.o
g++ -std=gnu++17 -I"/usr/local/lib/R/include" -DNDEBUG -I../inst/include -I'/usr/local/lib/R/site-library/Rcpp/include' -I'/usr/local/lib/R/site-library/RcppArmadillo/include' -I'/usr/local/lib/R/site-library/RcppParallel/include' -I'/usr/local/lib/R/site-library/zigg/include' -I/usr/local/include   -fopenmp -DARMA_USE_CURRENT -fpic  -g -O2 -fstack-protector-strong -Wformat -Werror=format-security -Wdate-time -D_FORTIFY_SOURCE=2 -g   -c as_integer.cpp -o as_integer.o
g++ -std=gnu++17 -I"/usr/local/lib/R/include" -DNDEBUG -I../inst/include -I'/usr/local/lib/R/site-library/Rcpp/include' -I'/usr/local/lib/R/site-library/RcppArmadillo/include' -I'/usr/local/lib/R/site-library/RcppParallel/include' -I'/usr/local/lib/R/site-library/zigg/include' -I/usr/local/include   -fopenmp -DARMA_USE_CURRENT -fpic  -g -O2 -fstack-protector-strong -Wformat -Werror=format-security -Wdate-time -D_FORTIFY_SOURCE=2 -g   -c binarysearch.cpp -o binarysearch.o
g++ -std=gnu++17 -I"/usr/local/lib/R/include" -DNDEBUG -I../inst/include -I'/usr/local/lib/R/site-library/Rcpp/include' -I'/usr/local/lib/R/site-library/RcppArmadillo/include' -I'/usr/local/lib/R/site-library/RcppParallel/include' -I'/usr/local/lib/R/site-library/zigg/include' -I/usr/local/include   -fopenmp -DARMA_USE_CURRENT -fpic  -g -O2 -fstack-protector-strong -Wformat -Werror=format-security -Wdate-time -D_FORTIFY_SOURCE=2 -g   -c bincomb.cpp -o bincomb.o
g++ -std=gnu++17 -I"/usr/local/lib/R/include" -DNDEBUG -I../inst/include -I'/usr/local/lib/R/site-library/Rcpp/include' -I'/usr/local/lib/R/site-library/RcppArmadillo/include' -I'/usr/local/lib/R/site-library/RcppParallel/include' -I'/usr/local/lib/R/site-library/zigg/include' -I/usr/local/include   -fopenmp -DARMA_USE_CURRENT -fpic  -g -O2 -fstack-protector-strong -Wformat -Werror=format-security -Wdate-time -D_FORTIFY_SOURCE=2 -g   -c check.cpp -o check.o
g++ -std=gnu++17 -I"/usr/local/lib/R/include" -DNDEBUG -I../inst/include -I'/usr/local/lib/R/site-library/Rcpp/include' -I'/usr/local/lib/R/site-library/RcppArmadillo/include' -I'/usr/local/lib/R/site-library/RcppParallel/include' -I'/usr/local/lib/R/site-library/zigg/include' -I/usr/local/include   -fopenmp -DARMA_USE_CURRENT -fpic  -g -O2 -fstack-protector-strong -Wformat -Werror=format-security -Wdate-time -D_FORTIFY_SOURCE=2 -g   -c cholesky.cpp -o cholesky.o
g++ -std=gnu++17 -I"/usr/local/lib/R/include" -DNDEBUG -I../inst/include -I'/usr/local/lib/R/site-library/Rcpp/include' -I'/usr/local/lib/R/site-library/RcppArmadillo/include' -I'/usr/local/lib/R/site-library/RcppParallel/include' -I'/usr/local/lib/R/site-library/zigg/include' -I/usr/local/include   -fopenmp -DARMA_USE_CURRENT -fpic  -g -O2 -fstack-protector-strong -Wformat -Werror=format-security -Wdate-time -D_FORTIFY_SOURCE=2 -g   -c col_row_utilities.cpp -o col_row_utilities.o
g++ -std=gnu++17 -I"/usr/local/lib/R/include" -DNDEBUG -I../inst/include -I'/usr/local/lib/R/site-library/Rcpp/include' -I'/usr/local/lib/R/site-library/RcppArmadillo/include' -I'/usr/local/lib/R/site-library/RcppParallel/include' -I'/usr/local/lib/R/site-library/zigg/include' -I/usr/local/include   -fopenmp -DARMA_USE_CURRENT -fpic  -g -O2 -fstack-protector-strong -Wformat -Werror=format-security -Wdate-time -D_FORTIFY_SOURCE=2 -g   -c col_row_utilities_p.cpp -o col_row_utilities_p.o
g++ -std=gnu++17 -I"/usr/local/lib/R/include" -DNDEBUG -I../inst/include -I'/usr/local/lib/R/site-library/Rcpp/include' -I'/usr/local/lib/R/site-library/RcppArmadillo/include' -I'/usr/local/lib/R/site-library/RcppParallel/include' -I'/usr/local/lib/R/site-library/zigg/include' -I/usr/local/include   -fopenmp -DARMA_USE_CURRENT -fpic  -g -O2 -fstack-protector-strong -Wformat -Werror=format-security -Wdate-time -D_FORTIFY_SOURCE=2 -g   -c col_statistical.cpp -o col_statistical.o
g++ -std=gnu++17 -I"/usr/local/lib/R/include" -DNDEBUG -I../inst/include -I'/usr/local/lib/R/site-library/Rcpp/include' -I'/usr/local/lib/R/site-library/RcppArmadillo/include' -I'/usr/local/lib/R/site-library/RcppParallel/include' -I'/usr/local/lib/R/site-library/zigg/include' -I/usr/local/include   -fopenmp -DARMA_USE_CURRENT -fpic  -g -O2 -fstack-protector-strong -Wformat -Werror=format-security -Wdate-time -D_FORTIFY_SOURCE=2 -g   -c colrint_mle.cpp -o colrint_mle.o
g++ -std=gnu++17 -I"/usr/local/lib/R/include" -DNDEBUG -I../inst/include -I'/usr/local/lib/R/site-library/Rcpp/include' -I'/usr/local/lib/R/site-library/RcppArmadillo/include' -I'/usr/local/lib/R/site-library/RcppParallel/include' -I'/usr/local/lib/R/site-library/zigg/include' -I/usr/local/include   -fopenmp -DARMA_USE_CURRENT -fpic  -g -O2 -fstack-protector-strong -Wformat -Werror=format-security -Wdate-time -D_FORTIFY_SOURCE=2 -g   -c colweibull_mle.cpp -o colweibull_mle.o
g++ -std=gnu++17 -I"/usr/local/lib/R/include" -DNDEBUG -I../inst/include -I'/usr/local/lib/R/site-library/Rcpp/include' -I'/usr/local/lib/R/site-library/RcppArmadillo/include' -I'/usr/local/lib/R/site-library/RcppParallel/include' -I'/usr/local/lib/R/site-library/zigg/include' -I/usr/local/include   -fopenmp -DARMA_USE_CURRENT -fpic  -g -O2 -fstack-protector-strong -Wformat -Werror=format-security -Wdate-time -D_FORTIFY_SOURCE=2 -g   -c cts.cpp -o cts.o
g++ -std=gnu++17 -I"/usr/local/lib/R/include" -DNDEBUG -I../inst/include -I'/usr/local/lib/R/site-library/Rcpp/include' -I'/usr/local/lib/R/site-library/RcppArmadillo/include' -I'/usr/local/lib/R/site-library/RcppParallel/include' -I'/usr/local/lib/R/site-library/zigg/include' -I/usr/local/include   -fopenmp -DARMA_USE_CURRENT -fpic  -g -O2 -fstack-protector-strong -Wformat -Werror=format-security -Wdate-time -D_FORTIFY_SOURCE=2 -g   -c cts_rf.cpp -o cts_rf.o
g++ -std=gnu++17 -I"/usr/local/lib/R/include" -DNDEBUG -I../inst/include -I'/usr/local/lib/R/site-library/Rcpp/include' -I'/usr/local/lib/R/site-library/RcppArmadillo/include' -I'/usr/local/lib/R/site-library/RcppParallel/include' -I'/usr/local/lib/R/site-library/zigg/include' -I/usr/local/include   -fopenmp -DARMA_USE_CURRENT -fpic  -g -O2 -fstack-protector-strong -Wformat -Werror=format-security -Wdate-time -D_FORTIFY_SOURCE=2 -g   -c design_matrix.cpp -o design_matrix.o
g++ -std=gnu++17 -I"/usr/local/lib/R/include" -DNDEBUG -I../inst/include -I'/usr/local/lib/R/site-library/Rcpp/include' -I'/usr/local/lib/R/site-library/RcppArmadillo/include' -I'/usr/local/lib/R/site-library/RcppParallel/include' -I'/usr/local/lib/R/site-library/zigg/include' -I/usr/local/include   -fopenmp -DARMA_USE_CURRENT -fpic  -g -O2 -fstack-protector-strong -Wformat -Werror=format-security -Wdate-time -D_FORTIFY_SOURCE=2 -g   -c dir_knn.cpp -o dir_knn.o
g++ -std=gnu++17 -I"/usr/local/lib/R/include" -DNDEBUG -I../inst/include -I'/usr/local/lib/R/site-library/Rcpp/include' -I'/usr/local/lib/R/site-library/RcppArmadillo/include' -I'/usr/local/lib/R/site-library/RcppParallel/include' -I'/usr/local/lib/R/site-library/zigg/include' -I/usr/local/include   -fopenmp -DARMA_USE_CURRENT -fpic  -g -O2 -fstack-protector-strong -Wformat -Werror=format-security -Wdate-time -D_FORTIFY_SOURCE=2 -g   -c diri_nr_type2.cpp -o diri_nr_type2.o
g++ -std=gnu++17 -I"/usr/local/lib/R/include" -DNDEBUG -I../inst/include -I'/usr/local/lib/R/site-library/Rcpp/include' -I'/usr/local/lib/R/site-library/RcppArmadillo/include' -I'/usr/local/lib/R/site-library/RcppParallel/include' -I'/usr/local/lib/R/site-library/zigg/include' -I/usr/local/include   -fopenmp -DARMA_USE_CURRENT -fpic  -g -O2 -fstack-protector-strong -Wformat -Werror=format-security -Wdate-time -D_FORTIFY_SOURCE=2 -g   -c dista.cpp -o dista.o
g++ -std=gnu++17 -I"/usr/local/lib/R/include" -DNDEBUG -I../inst/include -I'/usr/local/lib/R/site-library/Rcpp/include' -I'/usr/local/lib/R/site-library/RcppArmadillo/include' -I'/usr/local/lib/R/site-library/RcppParallel/include' -I'/usr/local/lib/R/site-library/zigg/include' -I/usr/local/include   -fopenmp -DARMA_USE_CURRENT -fpic  -g -O2 -fstack-protector-strong -Wformat -Werror=format-security -Wdate-time -D_FORTIFY_SOURCE=2 -g   -c dists.cpp -o dists.o
g++ -std=gnu++17 -I"/usr/local/lib/R/include" -DNDEBUG -I../inst/include -I'/usr/local/lib/R/site-library/Rcpp/include' -I'/usr/local/lib/R/site-library/RcppArmadillo/include' -I'/usr/local/lib/R/site-library/RcppParallel/include' -I'/usr/local/lib/R/site-library/zigg/include' -I/usr/local/include   -fopenmp -DARMA_USE_CURRENT -fpic  -g -O2 -fstack-protector-strong -Wformat -Werror=format-security -Wdate-time -D_FORTIFY_SOURCE=2 -g   -c each.cpp -o each.o
g++ -std=gnu++17 -I"/usr/local/lib/R/include" -DNDEBUG -I../inst/include -I'/usr/local/lib/R/site-library/Rcpp/include' -I'/usr/local/lib/R/site-library/RcppArmadillo/include' -I'/usr/local/lib/R/site-library/RcppParallel/include' -I'/usr/local/lib/R/site-library/zigg/include' -I/usr/local/include   -fopenmp -DARMA_USE_CURRENT -fpic  -g -O2 -fstack-protector-strong -Wformat -Werror=format-security -Wdate-time -D_FORTIFY_SOURCE=2 -g   -c eigs_sym_c.cpp -o eigs_sym_c.o
g++ -std=gnu++17 -I"/usr/local/lib/R/include" -DNDEBUG -I../inst/include -I'/usr/local/lib/R/site-library/Rcpp/include' -I'/usr/local/lib/R/site-library/RcppArmadillo/include' -I'/usr/local/lib/R/site-library/RcppParallel/include' -I'/usr/local/lib/R/site-library/zigg/include' -I/usr/local/include   -fopenmp -DARMA_USE_CURRENT -fpic  -g -O2 -fstack-protector-strong -Wformat -Werror=format-security -Wdate-time -D_FORTIFY_SOURCE=2 -g   -c energy.cpp -o energy.o
g++ -std=gnu++17 -I"/usr/local/lib/R/include" -DNDEBUG -I../inst/include -I'/usr/local/lib/R/site-library/Rcpp/include' -I'/usr/local/lib/R/site-library/RcppArmadillo/include' -I'/usr/local/lib/R/site-library/RcppParallel/include' -I'/usr/local/lib/R/site-library/zigg/include' -I/usr/local/include   -fopenmp -DARMA_USE_CURRENT -fpic  -g -O2 -fstack-protector-strong -Wformat -Werror=format-security -Wdate-time -D_FORTIFY_SOURCE=2 -g   -c floyd_john.cpp -o floyd_john.o
g++ -std=gnu++17 -I"/usr/local/lib/R/include" -DNDEBUG -I../inst/include -I'/usr/local/lib/R/site-library/Rcpp/include' -I'/usr/local/lib/R/site-library/RcppArmadillo/include' -I'/usr/local/lib/R/site-library/RcppParallel/include' -I'/usr/local/lib/R/site-library/zigg/include' -I/usr/local/include   -fopenmp -DARMA_USE_CURRENT -fpic  -g -O2 -fstack-protector-strong -Wformat -Werror=format-security -Wdate-time -D_FORTIFY_SOURCE=2 -g   -c frame_to_matrix.cpp -o frame_to_matrix.o
g++ -std=gnu++17 -I"/usr/local/lib/R/include" -DNDEBUG -I../inst/include -I'/usr/local/lib/R/site-library/Rcpp/include' -I'/usr/local/lib/R/site-library/RcppArmadillo/include' -I'/usr/local/lib/R/site-library/RcppParallel/include' -I'/usr/local/lib/R/site-library/zigg/include' -I/usr/local/include   -fopenmp -DARMA_USE_CURRENT -fpic  -g -O2 -fstack-protector-strong -Wformat -Werror=format-security -Wdate-time -D_FORTIFY_SOURCE=2 -g   -c g2_export.cpp -o g2_export.o
g++ -std=gnu++17 -I"/usr/local/lib/R/include" -DNDEBUG -I../inst/include -I'/usr/local/lib/R/site-library/Rcpp/include' -I'/usr/local/lib/R/site-library/RcppArmadillo/include' -I'/usr/local/lib/R/site-library/RcppParallel/include' -I'/usr/local/lib/R/site-library/zigg/include' -I/usr/local/include   -fopenmp -DARMA_USE_CURRENT -fpic  -g -O2 -fstack-protector-strong -Wformat -Werror=format-security -Wdate-time -D_FORTIFY_SOURCE=2 -g   -c g2_helpers.cpp -o g2_helpers.o
g++ -std=gnu++17 -I"/usr/local/lib/R/include" -DNDEBUG -I../inst/include -I'/usr/local/lib/R/site-library/Rcpp/include' -I'/usr/local/lib/R/site-library/RcppArmadillo/include' -I'/usr/local/lib/R/site-library/RcppParallel/include' -I'/usr/local/lib/R/site-library/zigg/include' -I/usr/local/include   -fopenmp -DARMA_USE_CURRENT -fpic  -g -O2 -fstack-protector-strong -Wformat -Werror=format-security -Wdate-time -D_FORTIFY_SOURCE=2 -g   -c g2t.cpp -o g2t.o
g++ -std=gnu++17 -I"/usr/local/lib/R/include" -DNDEBUG -I../inst/include -I'/usr/local/lib/R/site-library/Rcpp/include' -I'/usr/local/lib/R/site-library/RcppArmadillo/include' -I'/usr/local/lib/R/site-library/RcppParallel/include' -I'/usr/local/lib/R/site-library/zigg/include' -I/usr/local/include   -fopenmp -DARMA_USE_CURRENT -fpic  -g -O2 -fstack-protector-strong -Wformat -Werror=format-security -Wdate-time -D_FORTIFY_SOURCE=2 -g   -c gamma.cpp -o gamma.o
g++ -std=gnu++17 -I"/usr/local/lib/R/include" -DNDEBUG -I../inst/include -I'/usr/local/lib/R/site-library/Rcpp/include' -I'/usr/local/lib/R/site-library/RcppArmadillo/include' -I'/usr/local/lib/R/site-library/RcppParallel/include' -I'/usr/local/lib/R/site-library/zigg/include' -I/usr/local/include   -fopenmp -DARMA_USE_CURRENT -fpic  -g -O2 -fstack-protector-strong -Wformat -Werror=format-security -Wdate-time -D_FORTIFY_SOURCE=2 -g   -c gaussian_nb.cpp -o gaussian_nb.o
g++ -std=gnu++17 -I"/usr/local/lib/R/include" -DNDEBUG -I../inst/include -I'/usr/local/lib/R/site-library/Rcpp/include' -I'/usr/local/lib/R/site-library/RcppArmadillo/include' -I'/usr/local/lib/R/site-library/RcppParallel/include' -I'/usr/local/lib/R/site-library/zigg/include' -I/usr/local/include   -fopenmp -DARMA_USE_CURRENT -fpic  -g -O2 -fstack-protector-strong -Wformat -Werror=format-security -Wdate-time -D_FORTIFY_SOURCE=2 -g   -c geom_regs.cpp -o geom_regs.o
g++ -std=gnu++17 -I"/usr/local/lib/R/include" -DNDEBUG -I../inst/include -I'/usr/local/lib/R/site-library/Rcpp/include' -I'/usr/local/lib/R/site-library/RcppArmadillo/include' -I'/usr/local/lib/R/site-library/RcppParallel/include' -I'/usr/local/lib/R/site-library/zigg/include' -I/usr/local/include   -fopenmp -DARMA_USE_CURRENT -fpic  -g -O2 -fstack-protector-strong -Wformat -Werror=format-security -Wdate-time -D_FORTIFY_SOURCE=2 -g   -c glm.cpp -o glm.o
g++ -std=gnu++17 -I"/usr/local/lib/R/include" -DNDEBUG -I../inst/include -I'/usr/local/lib/R/site-library/Rcpp/include' -I'/usr/local/lib/R/site-library/RcppArmadillo/include' -I'/usr/local/lib/R/site-library/RcppParallel/include' -I'/usr/local/lib/R/site-library/zigg/include' -I/usr/local/include   -fopenmp -DARMA_USE_CURRENT -fpic  -g -O2 -fstack-protector-strong -Wformat -Werror=format-security -Wdate-time -D_FORTIFY_SOURCE=2 -g   -c group.cpp -o group.o
g++ -std=gnu++17 -I"/usr/local/lib/R/include" -DNDEBUG -I../inst/include -I'/usr/local/lib/R/site-library/Rcpp/include' -I'/usr/local/lib/R/site-library/RcppArmadillo/include' -I'/usr/local/lib/R/site-library/RcppParallel/include' -I'/usr/local/lib/R/site-library/zigg/include' -I/usr/local/include   -fopenmp -DARMA_USE_CURRENT -fpic  -g -O2 -fstack-protector-strong -Wformat -Werror=format-security -Wdate-time -D_FORTIFY_SOURCE=2 -g   -c hash.cpp -o hash.o
gcc -std=gnu2x -I"/usr/local/lib/R/include" -DNDEBUG -I../inst/include -I'/usr/local/lib/R/site-library/Rcpp/include' -I'/usr/local/lib/R/site-library/RcppArmadillo/include' -I'/usr/local/lib/R/site-library/RcppParallel/include' -I'/usr/local/lib/R/site-library/zigg/include' -I/usr/local/include    -fpic  -g -O2 -fstack-protector-strong -Wformat -Werror=format-security -Wdate-time -D_FORTIFY_SOURCE=2 -g  -c init.c -o init.o
g++ -std=gnu++17 -I"/usr/local/lib/R/include" -DNDEBUG -I../inst/include -I'/usr/local/lib/R/site-library/Rcpp/include' -I'/usr/local/lib/R/site-library/RcppArmadillo/include' -I'/usr/local/lib/R/site-library/RcppParallel/include' -I'/usr/local/lib/R/site-library/zigg/include' -I/usr/local/include   -fopenmp -DARMA_USE_CURRENT -fpic  -g -O2 -fstack-protector-strong -Wformat -Werror=format-security -Wdate-time -D_FORTIFY_SOURCE=2 -g   -c is.cpp -o is.o
g++ -std=gnu++17 -I"/usr/local/lib/R/include" -DNDEBUG -I../inst/include -I'/usr/local/lib/R/site-library/Rcpp/include' -I'/usr/local/lib/R/site-library/RcppArmadillo/include' -I'/usr/local/lib/R/site-library/RcppParallel/include' -I'/usr/local/lib/R/site-library/zigg/include' -I/usr/local/include   -fopenmp -DARMA_USE_CURRENT -fpic  -g -O2 -fstack-protector-strong -Wformat -Werror=format-security -Wdate-time -D_FORTIFY_SOURCE=2 -g   -c k_nn.cpp -o k_nn.o
g++ -std=gnu++17 -I"/usr/local/lib/R/include" -DNDEBUG -I../inst/include -I'/usr/local/lib/R/site-library/Rcpp/include' -I'/usr/local/lib/R/site-library/RcppArmadillo/include' -I'/usr/local/lib/R/site-library/RcppParallel/include' -I'/usr/local/lib/R/site-library/zigg/include' -I/usr/local/include   -fopenmp -DARMA_USE_CURRENT -fpic  -g -O2 -fstack-protector-strong -Wformat -Werror=format-security -Wdate-time -D_FORTIFY_SOURCE=2 -g   -c logistic_only.cpp -o logistic_only.o
g++ -std=gnu++17 -I"/usr/local/lib/R/include" -DNDEBUG -I../inst/include -I'/usr/local/lib/R/site-library/Rcpp/include' -I'/usr/local/lib/R/site-library/RcppArmadillo/include' -I'/usr/local/lib/R/site-library/RcppParallel/include' -I'/usr/local/lib/R/site-library/zigg/include' -I/usr/local/include   -fopenmp -DARMA_USE_CURRENT -fpic  -g -O2 -fstack-protector-strong -Wformat -Werror=format-security -Wdate-time -D_FORTIFY_SOURCE=2 -g   -c lower_upper_tri.cpp -o lower_upper_tri.o
g++ -std=gnu++17 -I"/usr/local/lib/R/include" -DNDEBUG -I../inst/include -I'/usr/local/lib/R/site-library/Rcpp/include' -I'/usr/local/lib/R/site-library/RcppArmadillo/include' -I'/usr/local/lib/R/site-library/RcppParallel/include' -I'/usr/local/lib/R/site-library/zigg/include' -I/usr/local/include   -fopenmp -DARMA_USE_CURRENT -fpic  -g -O2 -fstack-protector-strong -Wformat -Werror=format-security -Wdate-time -D_FORTIFY_SOURCE=2 -g   -c maha.cpp -o maha.o
g++ -std=gnu++17 -I"/usr/local/lib/R/include" -DNDEBUG -I../inst/include -I'/usr/local/lib/R/site-library/Rcpp/include' -I'/usr/local/lib/R/site-library/RcppArmadillo/include' -I'/usr/local/lib/R/site-library/RcppParallel/include' -I'/usr/local/lib/R/site-library/zigg/include' -I/usr/local/include   -fopenmp -DARMA_USE_CURRENT -fpic  -g -O2 -fstack-protector-strong -Wformat -Werror=format-security -Wdate-time -D_FORTIFY_SOURCE=2 -g   -c maha_ex.cpp -o maha_ex.o
g++ -std=gnu++17 -I"/usr/local/lib/R/include" -DNDEBUG -I../inst/include -I'/usr/local/lib/R/site-library/Rcpp/include' -I'/usr/local/lib/R/site-library/RcppArmadillo/include' -I'/usr/local/lib/R/site-library/RcppParallel/include' -I'/usr/local/lib/R/site-library/zigg/include' -I/usr/local/include   -fopenmp -DARMA_USE_CURRENT -fpic  -g -O2 -fstack-protector-strong -Wformat -Werror=format-security -Wdate-time -D_FORTIFY_SOURCE=2 -g   -c matrices.cpp -o matrices.o
g++ -std=gnu++17 -I"/usr/local/lib/R/include" -DNDEBUG -I../inst/include -I'/usr/local/lib/R/site-library/Rcpp/include' -I'/usr/local/lib/R/site-library/RcppArmadillo/include' -I'/usr/local/lib/R/site-library/RcppParallel/include' -I'/usr/local/lib/R/site-library/zigg/include' -I/usr/local/include   -fopenmp -DARMA_USE_CURRENT -fpic  -g -O2 -fstack-protector-strong -Wformat -Werror=format-security -Wdate-time -D_FORTIFY_SOURCE=2 -g   -c mn.cpp -o mn.o
g++ -std=gnu++17 -I"/usr/local/lib/R/include" -DNDEBUG -I../inst/include -I'/usr/local/lib/R/site-library/Rcpp/include' -I'/usr/local/lib/R/site-library/RcppArmadillo/include' -I'/usr/local/lib/R/site-library/RcppParallel/include' -I'/usr/local/lib/R/site-library/zigg/include' -I/usr/local/include   -fopenmp -DARMA_USE_CURRENT -fpic  -g -O2 -fstack-protector-strong -Wformat -Werror=format-security -Wdate-time -D_FORTIFY_SOURCE=2 -g   -c multinom_regs.cpp -o multinom_regs.o
g++ -std=gnu++17 -I"/usr/local/lib/R/include" -DNDEBUG -I../inst/include -I'/usr/local/lib/R/site-library/Rcpp/include' -I'/usr/local/lib/R/site-library/RcppArmadillo/include' -I'/usr/local/lib/R/site-library/RcppParallel/include' -I'/usr/local/lib/R/site-library/zigg/include' -I/usr/local/include   -fopenmp -DARMA_USE_CURRENT -fpic  -g -O2 -fstack-protector-strong -Wformat -Werror=format-security -Wdate-time -D_FORTIFY_SOURCE=2 -g   -c my_k_sorted_array.cpp -o my_k_sorted_array.o
g++ -std=gnu++17 -I"/usr/local/lib/R/include" -DNDEBUG -I../inst/include -I'/usr/local/lib/R/site-library/Rcpp/include' -I'/usr/local/lib/R/site-library/RcppArmadillo/include' -I'/usr/local/lib/R/site-library/RcppParallel/include' -I'/usr/local/lib/R/site-library/zigg/include' -I/usr/local/include   -fopenmp -DARMA_USE_CURRENT -fpic  -g -O2 -fstack-protector-strong -Wformat -Werror=format-security -Wdate-time -D_FORTIFY_SOURCE=2 -g   -c normlog_reg.cpp -o normlog_reg.o
g++ -std=gnu++17 -I"/usr/local/lib/R/include" -DNDEBUG -I../inst/include -I'/usr/local/lib/R/site-library/Rcpp/include' -I'/usr/local/lib/R/site-library/RcppArmadillo/include' -I'/usr/local/lib/R/site-library/RcppParallel/include' -I'/usr/local/lib/R/site-library/zigg/include' -I/usr/local/include   -fopenmp -DARMA_USE_CURRENT -fpic  -g -O2 -fstack-protector-strong -Wformat -Werror=format-security -Wdate-time -D_FORTIFY_SOURCE=2 -g   -c normlog_regs.cpp -o normlog_regs.o
g++ -std=gnu++17 -I"/usr/local/lib/R/include" -DNDEBUG -I../inst/include -I'/usr/local/lib/R/site-library/Rcpp/include' -I'/usr/local/lib/R/site-library/RcppArmadillo/include' -I'/usr/local/lib/R/site-library/RcppParallel/include' -I'/usr/local/lib/R/site-library/zigg/include' -I/usr/local/include   -fopenmp -DARMA_USE_CURRENT -fpic  -g -O2 -fstack-protector-strong -Wformat -Werror=format-security -Wdate-time -D_FORTIFY_SOURCE=2 -g   -c odds_helper.cpp -o odds_helper.o
g++ -std=gnu++17 -I"/usr/local/lib/R/include" -DNDEBUG -I../inst/include -I'/usr/local/lib/R/site-library/Rcpp/include' -I'/usr/local/lib/R/site-library/RcppArmadillo/include' -I'/usr/local/lib/R/site-library/RcppParallel/include' -I'/usr/local/lib/R/site-library/zigg/include' -I/usr/local/include   -fopenmp -DARMA_USE_CURRENT -fpic  -g -O2 -fstack-protector-strong -Wformat -Werror=format-security -Wdate-time -D_FORTIFY_SOURCE=2 -g   -c pc_skel.cpp -o pc_skel.o
g++ -std=gnu++17 -I"/usr/local/lib/R/include" -DNDEBUG -I../inst/include -I'/usr/local/lib/R/site-library/Rcpp/include' -I'/usr/local/lib/R/site-library/RcppArmadillo/include' -I'/usr/local/lib/R/site-library/RcppParallel/include' -I'/usr/local/lib/R/site-library/zigg/include' -I/usr/local/include   -fopenmp -DARMA_USE_CURRENT -fpic  -g -O2 -fstack-protector-strong -Wformat -Werror=format-security -Wdate-time -D_FORTIFY_SOURCE=2 -g   -c permutation.cpp -o permutation.o
g++ -std=gnu++17 -I"/usr/local/lib/R/include" -DNDEBUG -I../inst/include -I'/usr/local/lib/R/site-library/Rcpp/include' -I'/usr/local/lib/R/site-library/RcppArmadillo/include' -I'/usr/local/lib/R/site-library/RcppParallel/include' -I'/usr/local/lib/R/site-library/zigg/include' -I/usr/local/include   -fopenmp -DARMA_USE_CURRENT -fpic  -g -O2 -fstack-protector-strong -Wformat -Werror=format-security -Wdate-time -D_FORTIFY_SOURCE=2 -g   -c positive_negative.cpp -o positive_negative.o
g++ -std=gnu++17 -I"/usr/local/lib/R/include" -DNDEBUG -I../inst/include -I'/usr/local/lib/R/site-library/Rcpp/include' -I'/usr/local/lib/R/site-library/RcppArmadillo/include' -I'/usr/local/lib/R/site-library/RcppParallel/include' -I'/usr/local/lib/R/site-library/zigg/include' -I/usr/local/include   -fopenmp -DARMA_USE_CURRENT -fpic  -g -O2 -fstack-protector-strong -Wformat -Werror=format-security -Wdate-time -D_FORTIFY_SOURCE=2 -g   -c prop.cpp -o prop.o
g++ -std=gnu++17 -I"/usr/local/lib/R/include" -DNDEBUG -I../inst/include -I'/usr/local/lib/R/site-library/Rcpp/include' -I'/usr/local/lib/R/site-library/RcppArmadillo/include' -I'/usr/local/lib/R/site-library/RcppParallel/include' -I'/usr/local/lib/R/site-library/zigg/include' -I/usr/local/include   -fopenmp -DARMA_USE_CURRENT -fpic  -g -O2 -fstack-protector-strong -Wformat -Werror=format-security -Wdate-time -D_FORTIFY_SOURCE=2 -g   -c qpois.cpp -o qpois.o
g++ -std=gnu++17 -I"/usr/local/lib/R/include" -DNDEBUG -I../inst/include -I'/usr/local/lib/R/site-library/Rcpp/include' -I'/usr/local/lib/R/site-library/RcppArmadillo/include' -I'/usr/local/lib/R/site-library/RcppParallel/include' -I'/usr/local/lib/R/site-library/zigg/include' -I/usr/local/include   -fopenmp -DARMA_USE_CURRENT -fpic  -g -O2 -fstack-protector-strong -Wformat -Werror=format-security -Wdate-time -D_FORTIFY_SOURCE=2 -g   -c rbing.cpp -o rbing.o
g++ -std=gnu++17 -I"/usr/local/lib/R/include" -DNDEBUG -I../inst/include -I'/usr/local/lib/R/site-library/Rcpp/include' -I'/usr/local/lib/R/site-library/RcppArmadillo/include' -I'/usr/local/lib/R/site-library/RcppParallel/include' -I'/usr/local/lib/R/site-library/zigg/include' -I/usr/local/include   -fopenmp -DARMA_USE_CURRENT -fpic  -g -O2 -fstack-protector-strong -Wformat -Werror=format-security -Wdate-time -D_FORTIFY_SOURCE=2 -g   -c read.cpp -o read.o
g++ -std=gnu++17 -I"/usr/local/lib/R/include" -DNDEBUG -I../inst/include -I'/usr/local/lib/R/site-library/Rcpp/include' -I'/usr/local/lib/R/site-library/RcppArmadillo/include' -I'/usr/local/lib/R/site-library/RcppParallel/include' -I'/usr/local/lib/R/site-library/zigg/include' -I/usr/local/include   -fopenmp -DARMA_USE_CURRENT -fpic  -g -O2 -fstack-protector-strong -Wformat -Werror=format-security -Wdate-time -D_FORTIFY_SOURCE=2 -g   -c reg_lib.cpp -o reg_lib.o
g++ -std=gnu++17 -I"/usr/local/lib/R/include" -DNDEBUG -I../inst/include -I'/usr/local/lib/R/site-library/Rcpp/include' -I'/usr/local/lib/R/site-library/RcppArmadillo/include' -I'/usr/local/lib/R/site-library/RcppParallel/include' -I'/usr/local/lib/R/site-library/zigg/include' -I/usr/local/include   -fopenmp -DARMA_USE_CURRENT -fpic  -g -O2 -fstack-protector-strong -Wformat -Werror=format-security -Wdate-time -D_FORTIFY_SOURCE=2 -g   -c rep.cpp -o rep.o
g++ -std=gnu++17 -I"/usr/local/lib/R/include" -DNDEBUG -I../inst/include -I'/usr/local/lib/R/site-library/Rcpp/include' -I'/usr/local/lib/R/site-library/RcppArmadillo/include' -I'/usr/local/lib/R/site-library/RcppParallel/include' -I'/usr/local/lib/R/site-library/zigg/include' -I/usr/local/include   -fopenmp -DARMA_USE_CURRENT -fpic  -g -O2 -fstack-protector-strong -Wformat -Werror=format-security -Wdate-time -D_FORTIFY_SOURCE=2 -g   -c rint.cpp -o rint.o
g++ -std=gnu++17 -I"/usr/local/lib/R/include" -DNDEBUG -I../inst/include -I'/usr/local/lib/R/site-library/Rcpp/include' -I'/usr/local/lib/R/site-library/RcppArmadillo/include' -I'/usr/local/lib/R/site-library/RcppParallel/include' -I'/usr/local/lib/R/site-library/zigg/include' -I/usr/local/include   -fopenmp -DARMA_USE_CURRENT -fpic  -g -O2 -fstack-protector-strong -Wformat -Werror=format-security -Wdate-time -D_FORTIFY_SOURCE=2 -g   -c rmdp.cpp -o rmdp.o
g++ -std=gnu++17 -I"/usr/local/lib/R/include" -DNDEBUG -I../inst/include -I'/usr/local/lib/R/site-library/Rcpp/include' -I'/usr/local/lib/R/site-library/RcppArmadillo/include' -I'/usr/local/lib/R/site-library/RcppParallel/include' -I'/usr/local/lib/R/site-library/zigg/include' -I/usr/local/include   -fopenmp -DARMA_USE_CURRENT -fpic  -g -O2 -fstack-protector-strong -Wformat -Werror=format-security -Wdate-time -D_FORTIFY_SOURCE=2 -g   -c rvmf.cpp -o rvmf.o
g++ -std=gnu++17 -I"/usr/local/lib/R/include" -DNDEBUG -I../inst/include -I'/usr/local/lib/R/site-library/Rcpp/include' -I'/usr/local/lib/R/site-library/RcppArmadillo/include' -I'/usr/local/lib/R/site-library/RcppParallel/include' -I'/usr/local/lib/R/site-library/zigg/include' -I/usr/local/include   -fopenmp -DARMA_USE_CURRENT -fpic  -g -O2 -fstack-protector-strong -Wformat -Werror=format-security -Wdate-time -D_FORTIFY_SOURCE=2 -g   -c sf.cpp -o sf.o
g++ -std=gnu++17 -I"/usr/local/lib/R/include" -DNDEBUG -I../inst/include -I'/usr/local/lib/R/site-library/Rcpp/include' -I'/usr/local/lib/R/site-library/RcppArmadillo/include' -I'/usr/local/lib/R/site-library/RcppParallel/include' -I'/usr/local/lib/R/site-library/zigg/include' -I/usr/local/include   -fopenmp -DARMA_USE_CURRENT -fpic  -g -O2 -fstack-protector-strong -Wformat -Werror=format-security -Wdate-time -D_FORTIFY_SOURCE=2 -g   -c sort_unique.cpp -o sort_unique.o
g++ -std=gnu++17 -I"/usr/local/lib/R/include" -DNDEBUG -I../inst/include -I'/usr/local/lib/R/site-library/Rcpp/include' -I'/usr/local/lib/R/site-library/RcppArmadillo/include' -I'/usr/local/lib/R/site-library/RcppParallel/include' -I'/usr/local/lib/R/site-library/zigg/include' -I/usr/local/include   -fopenmp -DARMA_USE_CURRENT -fpic  -g -O2 -fstack-protector-strong -Wformat -Werror=format-security -Wdate-time -D_FORTIFY_SOURCE=2 -g   -c spat_med.cpp -o spat_med.o
g++ -std=gnu++17 -I"/usr/local/lib/R/include" -DNDEBUG -I../inst/include -I'/usr/local/lib/R/site-library/Rcpp/include' -I'/usr/local/lib/R/site-library/RcppArmadillo/include' -I'/usr/local/lib/R/site-library/RcppParallel/include' -I'/usr/local/lib/R/site-library/zigg/include' -I/usr/local/include   -fopenmp -DARMA_USE_CURRENT -fpic  -g -O2 -fstack-protector-strong -Wformat -Werror=format-security -Wdate-time -D_FORTIFY_SOURCE=2 -g   -c spml.cpp -o spml.o
g++ -std=gnu++17 -I"/usr/local/lib/R/include" -DNDEBUG -I../inst/include -I'/usr/local/lib/R/site-library/Rcpp/include' -I'/usr/local/lib/R/site-library/RcppArmadillo/include' -I'/usr/local/lib/R/site-library/RcppParallel/include' -I'/usr/local/lib/R/site-library/zigg/include' -I/usr/local/include   -fopenmp -DARMA_USE_CURRENT -fpic  -g -O2 -fstack-protector-strong -Wformat -Werror=format-security -Wdate-time -D_FORTIFY_SOURCE=2 -g   -c sw_regs.cpp -o sw_regs.o
g++ -std=gnu++17 -I"/usr/local/lib/R/include" -DNDEBUG -I../inst/include -I'/usr/local/lib/R/site-library/Rcpp/include' -I'/usr/local/lib/R/site-library/RcppArmadillo/include' -I'/usr/local/lib/R/site-library/RcppParallel/include' -I'/usr/local/lib/R/site-library/zigg/include' -I/usr/local/include   -fopenmp -DARMA_USE_CURRENT -fpic  -g -O2 -fstack-protector-strong -Wformat -Werror=format-security -Wdate-time -D_FORTIFY_SOURCE=2 -g   -c system_files.cpp -o system_files.o
g++ -std=gnu++17 -I"/usr/local/lib/R/include" -DNDEBUG -I../inst/include -I'/usr/local/lib/R/site-library/Rcpp/include' -I'/usr/local/lib/R/site-library/RcppArmadillo/include' -I'/usr/local/lib/R/site-library/RcppParallel/include' -I'/usr/local/lib/R/site-library/zigg/include' -I/usr/local/include   -fopenmp -DARMA_USE_CURRENT -fpic  -g -O2 -fstack-protector-strong -Wformat -Werror=format-security -Wdate-time -D_FORTIFY_SOURCE=2 -g   -c topological_sort.cpp -o topological_sort.o
g++ -std=gnu++17 -I"/usr/local/lib/R/include" -DNDEBUG -I../inst/include -I'/usr/local/lib/R/site-library/Rcpp/include' -I'/usr/local/lib/R/site-library/RcppArmadillo/include' -I'/usr/local/lib/R/site-library/RcppParallel/include' -I'/usr/local/lib/R/site-library/zigg/include' -I/usr/local/include   -fopenmp -DARMA_USE_CURRENT -fpic  -g -O2 -fstack-protector-strong -Wformat -Werror=format-security -Wdate-time -D_FORTIFY_SOURCE=2 -g   -c utilities.cpp -o utilities.o
g++ -std=gnu++17 -I"/usr/local/lib/R/include" -DNDEBUG -I../inst/include -I'/usr/local/lib/R/site-library/Rcpp/include' -I'/usr/local/lib/R/site-library/RcppArmadillo/include' -I'/usr/local/lib/R/site-library/RcppParallel/include' -I'/usr/local/lib/R/site-library/zigg/include' -I/usr/local/include   -fopenmp -DARMA_USE_CURRENT -fpic  -g -O2 -fstack-protector-strong -Wformat -Werror=format-security -Wdate-time -D_FORTIFY_SOURCE=2 -g   -c varcomps_mle.cpp -o varcomps_mle.o
g++ -std=gnu++17 -I"/usr/local/lib/R/include" -DNDEBUG -I../inst/include -I'/usr/local/lib/R/site-library/Rcpp/include' -I'/usr/local/lib/R/site-library/RcppArmadillo/include' -I'/usr/local/lib/R/site-library/RcppParallel/include' -I'/usr/local/lib/R/site-library/zigg/include' -I/usr/local/include   -fopenmp -DARMA_USE_CURRENT -fpic  -g -O2 -fstack-protector-strong -Wformat -Werror=format-security -Wdate-time -D_FORTIFY_SOURCE=2 -g   -c vecdist.cpp -o vecdist.o
g++ -std=gnu++17 -I"/usr/local/lib/R/include" -DNDEBUG -I../inst/include -I'/usr/local/lib/R/site-library/Rcpp/include' -I'/usr/local/lib/R/site-library/RcppArmadillo/include' -I'/usr/local/lib/R/site-library/RcppParallel/include' -I'/usr/local/lib/R/site-library/zigg/include' -I/usr/local/include   -fopenmp -DARMA_USE_CURRENT -fpic  -g -O2 -fstack-protector-strong -Wformat -Werror=format-security -Wdate-time -D_FORTIFY_SOURCE=2 -g   -c weib_reg.cpp -o weib_reg.o
g++ -std=gnu++17 -I"/usr/local/lib/R/include" -DNDEBUG -I../inst/include -I'/usr/local/lib/R/site-library/Rcpp/include' -I'/usr/local/lib/R/site-library/RcppArmadillo/include' -I'/usr/local/lib/R/site-library/RcppParallel/include' -I'/usr/local/lib/R/site-library/zigg/include' -I/usr/local/include   -fopenmp -DARMA_USE_CURRENT -fpic  -g -O2 -fstack-protector-strong -Wformat -Werror=format-security -Wdate-time -D_FORTIFY_SOURCE=2 -g   -c weibull_mle.cpp -o weibull_mle.o
g++ -std=gnu++17 -shared -L/usr/local/lib/R/lib -L/usr/local/lib -o Rfast.so Coeff.o Diag.o Norm.o Rank.o Sort.o Table.o add_to_namespace.o apply_condition.o as_integer.o binarysearch.o bincomb.o check.o cholesky.o col_row_utilities.o col_row_utilities_p.o col_statistical.o colrint_mle.o colweibull_mle.o cts.o cts_rf.o design_matrix.o dir_knn.o diri_nr_type2.o dista.o dists.o each.o eigs_sym_c.o energy.o floyd_john.o frame_to_matrix.o g2_export.o g2_helpers.o g2t.o gamma.o gaussian_nb.o geom_regs.o glm.o group.o hash.o init.o is.o k_nn.o logistic_only.o lower_upper_tri.o maha.o maha_ex.o matrices.o mn.o multinom_regs.o my_k_sorted_array.o normlog_reg.o normlog_regs.o odds_helper.o pc_skel.o permutation.o positive_negative.o prop.o qpois.o rbing.o read.o reg_lib.o rep.o rint.o rmdp.o rvmf.o sf.o sort_unique.o spat_med.o spml.o sw_regs.o system_files.o topological_sort.o utilities.o varcomps_mle.o vecdist.o weib_reg.o weibull_mle.o -llapack -lblas -lgfortran -lm -lquadmath -fopenmp -L/usr/local/lib/R/lib -lR
installing to /usr/local/lib/R/site-library/00LOCK-Rfast/00new/Rfast/libs
** R
** inst
** byte-compile and prepare package for lazy loading
** help
*** installing help indices
** building package indices
** testing if installed package can be loaded from temporary location
** checking absolute paths in shared objects and dynamic libraries
** testing if installed package can be loaded from final location
** testing if installed package keeps a record of temporary installation path
* creating tarball
packaged installation of ‘Rfast’ as ‘Rfast_2.1.5.2_R_x86_64-pc-linux-gnu.tar.gz’
* DONE (Rfast)
* installing *source* package ‘BiocGenerics’ ...
** this is package ‘BiocGenerics’ version ‘0.57.0’
** using staged installation
** R
** inst
** byte-compile and prepare package for lazy loading
Creating a new generic function for ‘aperm’ in package ‘BiocGenerics’
Creating a new generic function for ‘append’ in package ‘BiocGenerics’
Creating a new generic function for ‘as.data.frame’ in package ‘BiocGenerics’
Creating a new generic function for ‘cbind’ in package ‘BiocGenerics’
Creating a new generic function for ‘rbind’ in package ‘BiocGenerics’
Creating a new generic function for ‘do.call’ in package ‘BiocGenerics’
Creating a new generic function for ‘duplicated’ in package ‘BiocGenerics’
Creating a new generic function for ‘anyDuplicated’ in package ‘BiocGenerics’
Creating a new generic function for ‘eval’ in package ‘BiocGenerics’
Creating a new generic function for ‘pmax’ in package ‘BiocGenerics’
Creating a new generic function for ‘pmin’ in package ‘BiocGenerics’
Creating a new generic function for ‘pmax.int’ in package ‘BiocGenerics’
Creating a new generic function for ‘pmin.int’ in package ‘BiocGenerics’
Creating a new generic function for ‘Reduce’ in package ‘BiocGenerics’
Creating a new generic function for ‘Filter’ in package ‘BiocGenerics’
Creating a new generic function for ‘Find’ in package ‘BiocGenerics’
Creating a new generic function for ‘Map’ in package ‘BiocGenerics’
Creating a new generic function for ‘Position’ in package ‘BiocGenerics’
Creating a new generic function for ‘get’ in package ‘BiocGenerics’
Creating a new generic function for ‘mget’ in package ‘BiocGenerics’
Creating a new generic function for ‘grep’ in package ‘BiocGenerics’
Creating a new generic function for ‘grepl’ in package ‘BiocGenerics’
Creating a new generic function for ‘is.unsorted’ in package ‘BiocGenerics’
Creating a new generic function for ‘lapply’ in package ‘BiocGenerics’
Creating a new generic function for ‘sapply’ in package ‘BiocGenerics’
Creating a new generic function for ‘mapply’ in package ‘BiocGenerics’
Creating a new generic function for ‘match’ in package ‘BiocGenerics’
Creating a new generic function for ‘order’ in package ‘BiocGenerics’
Creating a new generic function for ‘paste’ in package ‘BiocGenerics’
Creating a new generic function for ‘rank’ in package ‘BiocGenerics’
Creating a new generic function for ‘rownames’ in package ‘BiocGenerics’
Creating a new generic function for ‘colnames’ in package ‘BiocGenerics’
Creating a new generic function for ‘saveRDS’ in package ‘BiocGenerics’
Creating a new generic function for ‘table’ in package ‘BiocGenerics’
Creating a new generic function for ‘tapply’ in package ‘BiocGenerics’
Creating a new generic function for ‘unique’ in package ‘BiocGenerics’
Creating a new generic function for ‘unsplit’ in package ‘BiocGenerics’
Creating a new generic function for ‘which.min’ in package ‘BiocGenerics’
Creating a new generic function for ‘which.max’ in package ‘BiocGenerics’
Creating a new generic function for ‘IQR’ in package ‘BiocGenerics’
Creating a new generic function for ‘mad’ in package ‘BiocGenerics’
Creating a new generic function for ‘var’ in package ‘BiocGenerics’
Creating a new generic function for ‘sd’ in package ‘BiocGenerics’
Creating a new generic function for ‘xtabs’ in package ‘BiocGenerics’
Creating a new generic function for ‘basename’ in package ‘BiocGenerics’
Creating a new generic function for ‘dirname’ in package ‘BiocGenerics’
** help
*** installing help indices
** building package indices
** testing if installed package can be loaded from temporary location
** testing if installed package can be loaded from final location
** testing if installed package keeps a record of temporary installation path
* creating tarball
packaged installation of ‘BiocGenerics’ as ‘BiocGenerics_0.57.0_R_x86_64-pc-linux-gnu.tar.gz’
* DONE (BiocGenerics)
* installing *source* package ‘BiocStyle’ ...
** this is package ‘BiocStyle’ version ‘2.39.0’
** using staged installation
** R
** inst
** byte-compile and prepare package for lazy loading
** help
*** installing help indices
** building package indices
** installing vignettes
** testing if installed package can be loaded from temporary location
** testing if installed package can be loaded from final location
** testing if installed package keeps a record of temporary installation path
* creating tarball
packaged installation of ‘BiocStyle’ as ‘BiocStyle_2.39.0_R_x86_64-pc-linux-gnu.tar.gz’
* DONE (BiocStyle)
* installing *source* package ‘VERSO’ ...
** this is package ‘VERSO’ version ‘1.21.0’
** using staged installation
** R
** data
** inst
** byte-compile and prepare package for lazy loading
** help
*** installing help indices
** building package indices
** installing vignettes
** testing if installed package can be loaded from temporary location
** testing if installed package can be loaded from final location
** testing if installed package keeps a record of temporary installation path
* creating tarball
packaged installation of ‘VERSO’ as ‘VERSO_1.21.0_R_x86_64-pc-linux-gnu.tar.gz’
* DONE (VERSO)

The downloaded source packages are in
	‘/tmp/RtmptyUaBV/downloaded_packages’
Old packages: 'promises'

real	12m11.838s
user	10m52.548s
sys	1m23.410s
