+ Rscript -e 'Sys.setenv(BIOCONDUCTOR_USE_CONTAINER_REPOSITORY=FALSE);
  p <- .libPaths();
  p <- c('\''/tmp/library'\'', '\''/mnt/library'\'', p);
  .libPaths(p);
  if(BiocManager::install('\''biobtreeR'\'', INSTALL_opts = '\''--build'\'', update = TRUE, quiet = FALSE, dependencies=TRUE, force = TRUE, keep_outputs = TRUE) %in% rownames(installed.packages())) q(status = 0) else q(status = 1)'
'getOption("repos")' replaces Bioconductor standard repositories, see
'help("repositories", package = "BiocManager")' for details.
Replacement repositories:
    CRAN: https://cloud.r-project.org
Bioconductor version 3.23 (BiocManager 1.30.26), R Under development (unstable)
  (2025-10-28 r88973)
Installing package(s) 'biobtreeR'
trying URL 'https://bioconductor.org/packages/3.23/bioc/src/contrib/biobtreeR_1.23.0.tar.gz'
Content type 'application/x-gzip' length 960872 bytes (938 KB)
==================================================
downloaded 938 KB

* installing *source* package ‘biobtreeR’ ...
** this is package ‘biobtreeR’ version ‘1.23.0’
** using staged installation
** R
** inst
** byte-compile and prepare package for lazy loading
** help
*** installing help indices
** building package indices
** installing vignettes
** testing if installed package can be loaded from temporary location
** testing if installed package can be loaded from final location
** testing if installed package keeps a record of temporary installation path
* creating tarball
packaged installation of ‘biobtreeR’ as ‘biobtreeR_1.23.0_R_x86_64-pc-linux-gnu.tar.gz’
* DONE (biobtreeR)

The downloaded source packages are in
	‘/tmp/RtmpnhiMLS/downloaded_packages’
Old packages: 'BiocBook', 'rhdf5', 'promises'

real	0m10.095s
user	0m6.818s
sys	0m1.884s
