+ Rscript -e 'Sys.setenv(BIOCONDUCTOR_USE_CONTAINER_REPOSITORY=FALSE);
  p <- .libPaths();
  p <- c('\''/tmp/library'\'', '\''/mnt/library'\'', p);
  .libPaths(p);
  if(BiocManager::install('\''GraphAT'\'', INSTALL_opts = '\''--build'\'', update = TRUE, quiet = FALSE, dependencies=TRUE, force = TRUE, keep_outputs = TRUE) %in% rownames(installed.packages())) q(status = 0) else q(status = 1)'
'getOption("repos")' replaces Bioconductor standard repositories, see
'help("repositories", package = "BiocManager")' for details.
Replacement repositories:
    CRAN: https://cloud.r-project.org
Bioconductor version 3.23 (BiocManager 1.30.26), R Under development (unstable)
  (2025-10-28 r88973)
Installing package(s) 'GraphAT'
trying URL 'https://bioconductor.org/packages/3.23/bioc/src/contrib/GraphAT_1.83.0.tar.gz'
Content type 'application/x-gzip' length 1975115 bytes (1.9 MB)
==================================================
downloaded 1.9 MB

* installing *source* package ‘GraphAT’ ...
** this is package ‘GraphAT’ version ‘1.83.0’
** using staged installation
** R
** data
** byte-compile and prepare package for lazy loading
** help
*** installing help indices
** building package indices
** testing if installed package can be loaded from temporary location
** testing if installed package can be loaded from final location
** testing if installed package keeps a record of temporary installation path
* creating tarball
packaged installation of ‘GraphAT’ as ‘GraphAT_1.83.0_R_x86_64-pc-linux-gnu.tar.gz’
* DONE (GraphAT)

The downloaded source packages are in
	‘/tmp/RtmpdxDphA/downloaded_packages’
Old packages: 'promises'

real	0m10.982s
user	0m7.196s
sys	0m1.978s
