+ Rscript -e 'Sys.setenv(BIOCONDUCTOR_USE_CONTAINER_REPOSITORY=FALSE);
  p <- .libPaths();
  p <- c('\''/tmp/library'\'', '\''/mnt/library'\'', p);
  .libPaths(p);
  if(BiocManager::install('\''Path2PPI'\'', INSTALL_opts = '\''--build'\'', update = TRUE, quiet = FALSE, dependencies=TRUE, force = TRUE, keep_outputs = TRUE) %in% rownames(installed.packages())) q(status = 0) else q(status = 1)'
'getOption("repos")' replaces Bioconductor standard repositories, see
'help("repositories", package = "BiocManager")' for details.
Replacement repositories:
    CRAN: https://cloud.r-project.org
Bioconductor version 3.23 (BiocManager 1.30.26), R Under development (unstable)
  (2025-10-28 r88973)
Installing package(s) 'Path2PPI'
trying URL 'https://bioconductor.org/packages/3.23/bioc/src/contrib/Path2PPI_1.41.0.tar.gz'
Content type 'application/x-gzip' length 1494822 bytes (1.4 MB)
==================================================
downloaded 1.4 MB

* installing *source* package ‘Path2PPI’ ...
** this is package ‘Path2PPI’ version ‘1.41.0’
** using staged installation
** R
** data
** inst
** byte-compile and prepare package for lazy loading
** help
*** installing help indices
** building package indices
** installing vignettes
** testing if installed package can be loaded from temporary location
** testing if installed package can be loaded from final location
** testing if installed package keeps a record of temporary installation path
* creating tarball
packaged installation of ‘Path2PPI’ as ‘Path2PPI_1.41.0_R_x86_64-pc-linux-gnu.tar.gz’
* DONE (Path2PPI)

The downloaded source packages are in
	‘/tmp/Rtmp8rFihE/downloaded_packages’
Old packages: 'BiocBook', 'rhdf5', 'promises'

real	0m12.229s
user	0m8.267s
sys	0m2.596s
