+ Rscript -e 'Sys.setenv(BIOCONDUCTOR_USE_CONTAINER_REPOSITORY=FALSE);
  p <- .libPaths();
  p <- c('\''/tmp/library'\'', '\''/mnt/library'\'', p);
  .libPaths(p);
  if(BiocManager::install('\''les'\'', INSTALL_opts = '\''--build'\'', update = TRUE, quiet = FALSE, dependencies=TRUE, force = TRUE, keep_outputs = TRUE) %in% rownames(installed.packages())) q(status = 0) else q(status = 1)'
'getOption("repos")' replaces Bioconductor standard repositories, see
'help("repositories", package = "BiocManager")' for details.
Replacement repositories:
    CRAN: https://cloud.r-project.org
Bioconductor version 3.23 (BiocManager 1.30.26), R Under development (unstable)
  (2025-10-28 r88973)
Installing package(s) 'les'
trying URL 'https://bioconductor.org/packages/3.23/bioc/src/contrib/les_1.61.0.tar.gz'
Content type 'application/x-gzip' length 459237 bytes (448 KB)
==================================================
downloaded 448 KB

* installing *source* package ‘les’ ...
** this is package ‘les’ version ‘1.61.0’
** using staged installation
** R
** data
** inst
** byte-compile and prepare package for lazy loading
** help
*** installing help indices
** building package indices
** installing vignettes
** testing if installed package can be loaded from temporary location
** testing if installed package can be loaded from final location
** testing if installed package keeps a record of temporary installation path
* creating tarball
packaged installation of ‘les’ as ‘les_1.61.0_R_x86_64-pc-linux-gnu.tar.gz’
* DONE (les)

The downloaded source packages are in
	‘/tmp/RtmpQnU2C2/downloaded_packages’
Old packages: 'BiocBook', 'rhdf5', 'promises'

real	0m11.421s
user	0m7.673s
sys	0m2.375s
