+ Rscript -e 'Sys.setenv(BIOCONDUCTOR_USE_CONTAINER_REPOSITORY=FALSE);
  p <- .libPaths();
  p <- c('\''/tmp/library'\'', '\''/mnt/library'\'', p);
  .libPaths(p);
  if(BiocManager::install('\''IHW'\'', INSTALL_opts = '\''--build'\'', update = TRUE, quiet = FALSE, dependencies=TRUE, force = TRUE, keep_outputs = TRUE) %in% rownames(installed.packages())) q(status = 0) else q(status = 1)'
'getOption("repos")' replaces Bioconductor standard repositories, see
'help("repositories", package = "BiocManager")' for details.
Replacement repositories:
    CRAN: https://cloud.r-project.org
Bioconductor version 3.23 (BiocManager 1.30.26), R Under development (unstable)
  (2025-10-28 r88973)
Installing package(s) 'IHW'
Warning: dependencies ‘DESeq2’, ‘SummarizedExperiment’ are not available
also installing the dependencies ‘slam’, ‘lpsymphony’, ‘fdrtool’, ‘airway’

trying URL 'https://cloud.r-project.org/src/contrib/slam_0.1-55.tar.gz'
trying URL 'https://bioconductor.org/packages/3.23/bioc/src/contrib/lpsymphony_1.39.0.tar.gz'
trying URL 'https://cloud.r-project.org/src/contrib/fdrtool_1.2.18.tar.gz'
trying URL 'https://bioconductor.org/packages/3.23/data/experiment/src/contrib/airway_1.29.0.tar.gz'
trying URL 'https://bioconductor.org/packages/3.23/bioc/src/contrib/IHW_1.39.0.tar.gz'
* installing *source* package ‘slam’ ...
** this is package ‘slam’ version ‘0.1-55’
** package ‘slam’ successfully unpacked and MD5 sums checked
** using staged installation
** libs
using C compiler: ‘gcc (Ubuntu 13.3.0-6ubuntu2~24.04) 13.3.0’
gcc -std=gnu2x -I"/usr/local/lib/R/include" -DNDEBUG   -I/usr/local/include    -fpic  -g -O2 -fstack-protector-strong -Wformat -Werror=format-security -Wdate-time -D_FORTIFY_SOURCE=2 -g  -c apply.c -o apply.o
gcc -std=gnu2x -I"/usr/local/lib/R/include" -DNDEBUG   -I/usr/local/include    -fpic  -g -O2 -fstack-protector-strong -Wformat -Werror=format-security -Wdate-time -D_FORTIFY_SOURCE=2 -g  -c dll.c -o dll.o
gcc -std=gnu2x -I"/usr/local/lib/R/include" -DNDEBUG   -I/usr/local/include    -fpic  -g -O2 -fstack-protector-strong -Wformat -Werror=format-security -Wdate-time -D_FORTIFY_SOURCE=2 -g  -c grouped.c -o grouped.o
gcc -std=gnu2x -I"/usr/local/lib/R/include" -DNDEBUG   -I/usr/local/include    -fpic  -g -O2 -fstack-protector-strong -Wformat -Werror=format-security -Wdate-time -D_FORTIFY_SOURCE=2 -g  -c sparse.c -o sparse.o
gcc -std=gnu2x -I"/usr/local/lib/R/include" -DNDEBUG   -I/usr/local/include    -fpic  -g -O2 -fstack-protector-strong -Wformat -Werror=format-security -Wdate-time -D_FORTIFY_SOURCE=2 -g  -c util.c -o util.o
gcc -std=gnu2x -shared -L/usr/local/lib/R/lib -L/usr/local/lib -o slam.so apply.o dll.o grouped.o sparse.o util.o -lblas -lgfortran -lm -lquadmath -L/usr/local/lib/R/lib -lR
installing to /tmp/library/00LOCK-slam/00new/slam/libs
** R
** inst
** byte-compile and prepare package for lazy loading
** help
*** installing help indices
** building package indices
** testing if installed package can be loaded from temporary location
** checking absolute paths in shared objects and dynamic libraries
** testing if installed package can be loaded from final location
** testing if installed package keeps a record of temporary installation path
* creating tarball
packaged installation of ‘slam’ as ‘slam_0.1-55_R_x86_64-pc-linux-gnu.tar.gz’
* DONE (slam)
* installing *source* package ‘lpsymphony’ ...
** this is package ‘lpsymphony’ version ‘1.39.0’
** using staged installation
** libs
using C++ compiler: ‘g++ (Ubuntu 13.3.0-6ubuntu2~24.04) 13.3.0’
g++ -std=gnu++17 -I"/usr/local/lib/R/include" -DNDEBUG   -I/usr/local/include    -fpic  -g -O2 -fstack-protector-strong -Wformat -Werror=format-security -Wdate-time -D_FORTIFY_SOURCE=2 -g   -c lp_symphony.cc -o lp_symphony.o
g++ -std=gnu++17 -shared -L/usr/local/lib/R/lib -L/usr/local/lib -o lpsymphony.so lp_symphony.o -lSym -lCgl -lOsiClp -lClp -lOsi -lCoinUtils -llapack -lblas -lgfortran -lm -lquadmath -L/usr/local/lib/R/lib -lR
installing to /tmp/library/00LOCK-lpsymphony/00new/lpsymphony/libs
** R
** inst
** byte-compile and prepare package for lazy loading
** help
*** installing help indices
** building package indices
** installing vignettes
** testing if installed package can be loaded from temporary location
** checking absolute paths in shared objects and dynamic libraries
** testing if installed package can be loaded from final location
** testing if installed package keeps a record of temporary installation path
* creating tarball
packaged installation of ‘lpsymphony’ as ‘lpsymphony_1.39.0_R_x86_64-pc-linux-gnu.tar.gz’
* DONE (lpsymphony)
* installing *source* package ‘fdrtool’ ...
** this is package ‘fdrtool’ version ‘1.2.18’
** package ‘fdrtool’ successfully unpacked and MD5 sums checked
** using staged installation
** libs
using C compiler: ‘gcc (Ubuntu 13.3.0-6ubuntu2~24.04) 13.3.0’
gcc -std=gnu2x -I"/usr/local/lib/R/include" -DNDEBUG   -I/usr/local/include    -fpic  -g -O2 -fstack-protector-strong -Wformat -Werror=format-security -Wdate-time -D_FORTIFY_SOURCE=2 -g  -c fdrtool_init.c -o fdrtool_init.o
gcc -std=gnu2x -I"/usr/local/lib/R/include" -DNDEBUG   -I/usr/local/include    -fpic  -g -O2 -fstack-protector-strong -Wformat -Werror=format-security -Wdate-time -D_FORTIFY_SOURCE=2 -g  -c isomean.c -o isomean.o
gcc -std=gnu2x -shared -L/usr/local/lib/R/lib -L/usr/local/lib -o fdrtool.so fdrtool_init.o isomean.o -L/usr/local/lib/R/lib -lR
installing to /tmp/library/00LOCK-fdrtool/00new/fdrtool/libs
** R
** data
** byte-compile and prepare package for lazy loading
** help
*** installing help indices
** building package indices
** testing if installed package can be loaded from temporary location
** checking absolute paths in shared objects and dynamic libraries
** testing if installed package can be loaded from final location
** testing if installed package keeps a record of temporary installation path
* creating tarball
packaged installation of ‘fdrtool’ as ‘fdrtool_1.2.18_R_x86_64-pc-linux-gnu.tar.gz’
* DONE (fdrtool)
ERROR: dependency ‘SummarizedExperiment’ is not available for package ‘airway’
Perhaps try a variation of:
install.packages('SummarizedExperiment')
* removing ‘/tmp/library/airway’
* installing *source* package ‘IHW’ ...
** this is package ‘IHW’ version ‘1.39.0’
** using staged installation
** R
** inst
** byte-compile and prepare package for lazy loading
Creating a generic function for ‘nrow’ from package ‘base’ in package ‘IHW’
** help
*** installing help indices
** building package indices
** installing vignettes
** testing if installed package can be loaded from temporary location
** testing if installed package can be loaded from final location
** testing if installed package keeps a record of temporary installation path
* creating tarball
packaged installation of ‘IHW’ as ‘IHW_1.39.0_R_x86_64-pc-linux-gnu.tar.gz’
* DONE (IHW)

The downloaded source packages are in
	‘/tmp/RtmpRUc4Sq/downloaded_packages’
Old packages: 'promises'
Warning message:
In install.packages(...) :
  installation of package ‘airway’ had non-zero exit status

real	0m18.530s
user	0m14.232s
sys	0m6.149s
