+ Rscript -e 'Sys.setenv(BIOCONDUCTOR_USE_CONTAINER_REPOSITORY=FALSE);
  p <- .libPaths();
  p <- c('\'''\'', '\'''\'', p);
  .libPaths(p);
  if(BiocManager::install('\''flowPlots'\'', INSTALL_opts = '\''--build'\'', update = TRUE, quiet = FALSE, dependencies=TRUE, force = TRUE, keep_outputs = TRUE) %in% rownames(installed.packages())) q(status = 0) else q(status = 1)'
'getOption("repos")' replaces Bioconductor standard repositories, see
'help("repositories", package = "BiocManager")' for details.
Replacement repositories:
    CRAN: https://p3m.dev/cran/__linux__/noble/latest
Bioconductor version 3.22 (BiocManager 1.30.26), R 4.5.2 (2025-10-31)
Installing package(s) 'flowPlots'
also installing the dependencies ‘zoo’, ‘colorspace’, ‘lmtest’, ‘vcd’

trying URL 'https://p3m.dev/cran/__linux__/noble/latest/src/contrib/zoo_1.8-14.tar.gz'
trying URL 'https://p3m.dev/cran/__linux__/noble/latest/src/contrib/colorspace_2.1-2.tar.gz'
trying URL 'https://p3m.dev/cran/__linux__/noble/latest/src/contrib/lmtest_0.9-40.tar.gz'
trying URL 'https://p3m.dev/cran/__linux__/noble/latest/src/contrib/vcd_1.4-13.tar.gz'
trying URL 'https://bioconductor.org/packages/3.22/bioc/src/contrib/flowPlots_1.58.0.tar.gz'
* installing *binary* package ‘zoo’ ...
* ‘zoo’ was already a binary package and will not be rebuilt
* creating tarball
packaged installation of ‘zoo’ as ‘zoo_1.8-14_R_x86_64-pc-linux-gnu.tar.gz’
* DONE (zoo)
* installing *binary* package ‘colorspace’ ...
* ‘colorspace’ was already a binary package and will not be rebuilt
* creating tarball
packaged installation of ‘colorspace’ as ‘colorspace_2.1-2_R_x86_64-pc-linux-gnu.tar.gz’
* DONE (colorspace)
* installing *source* package ‘flowPlots’ ...
** this is package ‘flowPlots’ version ‘1.58.0’
** package ‘flowPlots’ successfully unpacked and MD5 sums checked
** using staged installation
** R
** data
*** moving datasets to lazyload DB
** inst
** byte-compile and prepare package for lazy loading
** help
*** installing help indices
** building package indices
** installing vignettes
** testing if installed package can be loaded from temporary location
** testing if installed package can be loaded from final location
** testing if installed package keeps a record of temporary installation path
* creating tarball
packaged installation of ‘flowPlots’ as ‘flowPlots_1.58.0_R_x86_64-pc-linux-gnu.tar.gz’
* DONE (flowPlots)
* installing *binary* package ‘lmtest’ ...
* ‘lmtest’ was already a binary package and will not be rebuilt
* creating tarball
packaged installation of ‘lmtest’ as ‘lmtest_0.9-40_R_x86_64-pc-linux-gnu.tar.gz’
* DONE (lmtest)
* installing *binary* package ‘vcd’ ...
* ‘vcd’ was already a binary package and will not be rebuilt
* creating tarball
packaged installation of ‘vcd’ as ‘vcd_1.4-13_R_x86_64-pc-linux-gnu.tar.gz’
* DONE (vcd)

The downloaded source packages are in
	‘/tmp/Rtmp7fIVGI/downloaded_packages’

real	0m7.417s
user	0m5.212s
sys	0m2.051s
