+ Rscript -e 'Sys.setenv(BIOCONDUCTOR_USE_CONTAINER_REPOSITORY=FALSE);
  p <- .libPaths();
  p <- c('\'''\'', '\'''\'', p);
  .libPaths(p);
  if(BiocManager::install('\''occugene'\'', INSTALL_opts = '\''--build'\'', update = TRUE, quiet = FALSE, dependencies=TRUE, force = TRUE, keep_outputs = TRUE) %in% rownames(installed.packages())) q(status = 0) else q(status = 1)'
'getOption("repos")' replaces Bioconductor standard repositories, see
'help("repositories", package = "BiocManager")' for details.
Replacement repositories:
    CRAN: https://cloud.r-project.org
Bioconductor version 3.23 (BiocManager 1.30.26), R Under development (unstable)
  (2025-10-28 r88973)
Installing package(s) 'occugene'
trying URL 'https://bioconductor.org/packages/3.23/bioc/src/contrib/occugene_1.71.0.tar.gz'
Content type 'application/x-gzip' length 199580 bytes (194 KB)
==================================================
downloaded 194 KB

* installing *source* package ‘occugene’ ...
** this is package ‘occugene’ version ‘1.71.0’
** using staged installation
** R
** data
** inst
** byte-compile and prepare package for lazy loading
** help
*** installing help indices
** building package indices
** installing vignettes
** testing if installed package can be loaded from temporary location
** testing if installed package can be loaded from final location
** testing if installed package keeps a record of temporary installation path
* creating tarball
packaged installation of ‘occugene’ as ‘occugene_1.71.0_R_x86_64-pc-linux-gnu.tar.gz’
* DONE (occugene)

The downloaded source packages are in
	‘/tmp/RtmptDMqzs/downloaded_packages’
Old packages: 'promises'

real	0m4.672s
user	0m3.257s
sys	0m1.402s
