+ Rscript -e 'Sys.setenv(BIOCONDUCTOR_USE_CONTAINER_REPOSITORY=FALSE);
  p <- .libPaths();
  p <- c('\'''\'', '\'''\'', p);
  .libPaths(p);
  if(BiocManager::install('\''biocthis'\'', INSTALL_opts = '\''--build'\'', update = TRUE, quiet = FALSE, dependencies=TRUE, force = TRUE, keep_outputs = TRUE) %in% rownames(installed.packages())) q(status = 0) else q(status = 1)'
'getOption("repos")' replaces Bioconductor standard repositories, see
'help("repositories", package = "BiocManager")' for details.
Replacement repositories:
    CRAN: https://p3m.dev/cran/__linux__/noble/latest
Bioconductor version 3.22 (BiocManager 1.30.26), R 4.5.2 (2025-10-31)
Installing package(s) 'biocthis'
also installing the dependencies ‘R.methodsS3’, ‘R.oo’, ‘R.utils’, ‘lazyeval’, ‘generics’, ‘timechange’, ‘backports’, ‘R.cache’, ‘bookdown’, ‘rex’, ‘httr’, ‘plyr’, ‘lubridate’, ‘bibtex’, ‘styler’, ‘BiocStyle’, ‘covr’, ‘RefManageR’

trying URL 'https://p3m.dev/cran/__linux__/noble/latest/src/contrib/R.methodsS3_1.8.2.tar.gz'
trying URL 'https://p3m.dev/cran/__linux__/noble/latest/src/contrib/R.oo_1.27.1.tar.gz'
trying URL 'https://p3m.dev/cran/__linux__/noble/latest/src/contrib/R.utils_2.13.0.tar.gz'
trying URL 'https://p3m.dev/cran/__linux__/noble/latest/src/contrib/lazyeval_0.2.2.tar.gz'
trying URL 'https://p3m.dev/cran/__linux__/noble/latest/src/contrib/generics_0.1.4.tar.gz'
trying URL 'https://p3m.dev/cran/__linux__/noble/latest/src/contrib/timechange_0.3.0.tar.gz'
trying URL 'https://p3m.dev/cran/__linux__/noble/latest/src/contrib/backports_1.5.0.tar.gz'
trying URL 'https://p3m.dev/cran/__linux__/noble/latest/src/contrib/R.cache_0.17.0.tar.gz'
trying URL 'https://p3m.dev/cran/__linux__/noble/latest/src/contrib/bookdown_0.45.tar.gz'
trying URL 'https://p3m.dev/cran/__linux__/noble/latest/src/contrib/rex_1.2.1.tar.gz'
trying URL 'https://p3m.dev/cran/__linux__/noble/latest/src/contrib/httr_1.4.7.tar.gz'
trying URL 'https://p3m.dev/cran/__linux__/noble/latest/src/contrib/plyr_1.8.9.tar.gz'
trying URL 'https://p3m.dev/cran/__linux__/noble/latest/src/contrib/lubridate_1.9.4.tar.gz'
trying URL 'https://p3m.dev/cran/__linux__/noble/latest/src/contrib/bibtex_0.5.1.tar.gz'
trying URL 'https://p3m.dev/cran/__linux__/noble/latest/src/contrib/styler_1.11.0.tar.gz'
trying URL 'https://bioconductor.org/packages/3.22/bioc/src/contrib/BiocStyle_2.38.0.tar.gz'
trying URL 'https://p3m.dev/cran/__linux__/noble/latest/src/contrib/covr_3.6.4.tar.gz'
trying URL 'https://p3m.dev/cran/__linux__/noble/latest/src/contrib/RefManageR_1.4.0.tar.gz'
trying URL 'https://bioconductor.org/packages/3.22/bioc/src/contrib/biocthis_1.20.0.tar.gz'
* installing *binary* package ‘R.methodsS3’ ...
* ‘R.methodsS3’ was already a binary package and will not be rebuilt
* creating tarball
packaged installation of ‘R.methodsS3’ as ‘R.methodsS3_1.8.2_R_x86_64-pc-linux-gnu.tar.gz’
* DONE (R.methodsS3)
* installing *binary* package ‘lazyeval’ ...
* ‘lazyeval’ was already a binary package and will not be rebuilt
* creating tarball
packaged installation of ‘lazyeval’ as ‘lazyeval_0.2.2_R_x86_64-pc-linux-gnu.tar.gz’
* DONE (lazyeval)
* installing *binary* package ‘generics’ ...
* ‘generics’ was already a binary package and will not be rebuilt
* creating tarball
packaged installation of ‘generics’ as ‘generics_0.1.4_R_x86_64-pc-linux-gnu.tar.gz’
* DONE (generics)
* installing *binary* package ‘timechange’ ...
* ‘timechange’ was already a binary package and will not be rebuilt
* creating tarball
packaged installation of ‘timechange’ as ‘timechange_0.3.0_R_x86_64-pc-linux-gnu.tar.gz’
* DONE (timechange)
* installing *binary* package ‘backports’ ...
* ‘backports’ was already a binary package and will not be rebuilt
* creating tarball
packaged installation of ‘backports’ as ‘backports_1.5.0_R_x86_64-pc-linux-gnu.tar.gz’
* DONE (backports)
* installing *binary* package ‘bookdown’ ...
* ‘bookdown’ was already a binary package and will not be rebuilt
* creating tarball
packaged installation of ‘bookdown’ as ‘bookdown_0.45_R_x86_64-pc-linux-gnu.tar.gz’
* DONE (bookdown)
* installing *binary* package ‘httr’ ...
* ‘httr’ was already a binary package and will not be rebuilt
* creating tarball
packaged installation of ‘httr’ as ‘httr_1.4.7_R_x86_64-pc-linux-gnu.tar.gz’
* DONE (httr)
* installing *binary* package ‘plyr’ ...
* ‘plyr’ was already a binary package and will not be rebuilt
* creating tarball
packaged installation of ‘plyr’ as ‘plyr_1.8.9_R_x86_64-pc-linux-gnu.tar.gz’
* DONE (plyr)
* installing *binary* package ‘R.oo’ ...
* ‘R.oo’ was already a binary package and will not be rebuilt
* creating tarball
packaged installation of ‘R.oo’ as ‘R.oo_1.27.1_R_x86_64-pc-linux-gnu.tar.gz’
* DONE (R.oo)
* installing *binary* package ‘rex’ ...
* ‘rex’ was already a binary package and will not be rebuilt
* creating tarball
packaged installation of ‘rex’ as ‘rex_1.2.1_R_x86_64-pc-linux-gnu.tar.gz’
* DONE (rex)
* installing *binary* package ‘lubridate’ ...
* ‘lubridate’ was already a binary package and will not be rebuilt
* creating tarball
packaged installation of ‘lubridate’ as ‘lubridate_1.9.4_R_x86_64-pc-linux-gnu.tar.gz’
* DONE (lubridate)
* installing *binary* package ‘bibtex’ ...
* ‘bibtex’ was already a binary package and will not be rebuilt
* creating tarball
packaged installation of ‘bibtex’ as ‘bibtex_0.5.1_R_x86_64-pc-linux-gnu.tar.gz’
* DONE (bibtex)
* installing *source* package ‘BiocStyle’ ...
** this is package ‘BiocStyle’ version ‘2.38.0’
** package ‘BiocStyle’ successfully unpacked and MD5 sums checked
** using staged installation
** R
** inst
** byte-compile and prepare package for lazy loading
** help
*** installing help indices
** building package indices
** installing vignettes
** testing if installed package can be loaded from temporary location
** testing if installed package can be loaded from final location
** testing if installed package keeps a record of temporary installation path
* creating tarball
packaged installation of ‘BiocStyle’ as ‘BiocStyle_2.38.0_R_x86_64-pc-linux-gnu.tar.gz’
* DONE (BiocStyle)
* installing *binary* package ‘R.utils’ ...
* ‘R.utils’ was already a binary package and will not be rebuilt
* creating tarball
packaged installation of ‘R.utils’ as ‘R.utils_2.13.0_R_x86_64-pc-linux-gnu.tar.gz’
* DONE (R.utils)
* installing *binary* package ‘covr’ ...
* ‘covr’ was already a binary package and will not be rebuilt
* creating tarball
packaged installation of ‘covr’ as ‘covr_3.6.4_R_x86_64-pc-linux-gnu.tar.gz’
* DONE (covr)
* installing *binary* package ‘RefManageR’ ...
* ‘RefManageR’ was already a binary package and will not be rebuilt
* creating tarball
packaged installation of ‘RefManageR’ as ‘RefManageR_1.4.0_R_x86_64-pc-linux-gnu.tar.gz’
* DONE (RefManageR)
* installing *binary* package ‘R.cache’ ...
* ‘R.cache’ was already a binary package and will not be rebuilt
* creating tarball
packaged installation of ‘R.cache’ as ‘R.cache_0.17.0_R_x86_64-pc-linux-gnu.tar.gz’
* DONE (R.cache)
* installing *binary* package ‘styler’ ...
* ‘styler’ was already a binary package and will not be rebuilt
* creating tarball
packaged installation of ‘styler’ as ‘styler_1.11.0_R_x86_64-pc-linux-gnu.tar.gz’
* DONE (styler)
* installing *source* package ‘biocthis’ ...
** this is package ‘biocthis’ version ‘1.20.0’
** package ‘biocthis’ successfully unpacked and MD5 sums checked
** using staged installation
** R
** inst
** byte-compile and prepare package for lazy loading
** help
*** installing help indices
** building package indices
** installing vignettes
** testing if installed package can be loaded from temporary location
** testing if installed package can be loaded from final location
** testing if installed package keeps a record of temporary installation path
* creating tarball
packaged installation of ‘biocthis’ as ‘biocthis_1.20.0_R_x86_64-pc-linux-gnu.tar.gz’
* DONE (biocthis)

The downloaded source packages are in
	‘/tmp/RtmpMZcQ7J/downloaded_packages’

real	0m14.018s
user	0m10.629s
sys	0m5.405s
