+ Rscript -e 'Sys.setenv(BIOCONDUCTOR_USE_CONTAINER_REPOSITORY=FALSE);
  p <- .libPaths();
  p <- c('\'''\'', '\'''\'', p);
  .libPaths(p);
  if(BiocManager::install('\''spikeLI'\'', INSTALL_opts = '\''--build'\'', update = TRUE, quiet = FALSE, dependencies=TRUE, force = TRUE, keep_outputs = TRUE) %in% rownames(installed.packages())) q(status = 0) else q(status = 1)'
'getOption("repos")' replaces Bioconductor standard repositories, see
'help("repositories", package = "BiocManager")' for details.
Replacement repositories:
    CRAN: https://p3m.dev/cran/__linux__/noble/latest
Bioconductor version 3.21 (BiocManager 1.30.26), R 4.5.1 (2025-06-13)
Installing package(s) 'spikeLI'
trying URL 'https://bioconductor.org/packages/3.21/bioc/src/contrib/spikeLI_2.68.0.tar.gz'
Content type 'application/x-gzip' length 402946 bytes (393 KB)
==================================================
downloaded 393 KB

* installing *source* package ‘spikeLI’ ...
** this is package ‘spikeLI’ version ‘2.68.0’
** using staged installation
** R
** data
** demo
** inst
** byte-compile and prepare package for lazy loading
** help
*** installing help indices
** building package indices
** installing vignettes
** testing if installed package can be loaded from temporary location
** testing if installed package can be loaded from final location
** testing if installed package keeps a record of temporary installation path
* creating tarball
packaged installation of ‘spikeLI’ as ‘spikeLI_2.68.0_R_x86_64-pc-linux-gnu.tar.gz’
* DONE (spikeLI)

The downloaded source packages are in
	‘/tmp/Rtmpys8ZZ7/downloaded_packages’
Old packages: 'xml2'

real	0m4.356s
user	0m2.930s
sys	0m1.331s
