+ Rscript -e 'Sys.setenv(BIOCONDUCTOR_USE_CONTAINER_REPOSITORY=FALSE);
  p <- .libPaths();
  p <- c('\''/tmp/library'\'', '\''/mnt/library'\'', p);
  .libPaths(p);
  if(BiocManager::install('\''HilbertVisGUI'\'', INSTALL_opts = '\''--build'\'', update = TRUE, quiet = FALSE, dependencies=TRUE, force = TRUE, keep_outputs = TRUE) %in% rownames(installed.packages())) q(status = 0) else q(status = 1)'
'getOption("repos")' replaces Bioconductor standard repositories, see
'help("repositories", package = "BiocManager")' for details.
Replacement repositories:
    CRAN: https://cloud.r-project.org
Bioconductor version 3.23 (BiocManager 1.30.26), R Under development (unstable)
  (2025-10-28 r88973)
Installing package(s) 'HilbertVisGUI'
Warning: dependency ‘IRanges’ is not available
also installing the dependency ‘HilbertVis’

trying URL 'https://bioconductor.org/packages/3.23/bioc/src/contrib/HilbertVis_1.69.0.tar.gz'
trying URL 'https://bioconductor.org/packages/3.23/bioc/src/contrib/HilbertVisGUI_1.69.0.tar.gz'
* installing *source* package ‘HilbertVis’ ...
** this is package ‘HilbertVis’ version ‘1.69.0’
** using staged installation
** libs
using C compiler: ‘gcc (Ubuntu 13.3.0-6ubuntu2~24.04) 13.3.0’
gcc -std=gnu2x -I"/usr/local/lib/R/include" -DNDEBUG   -I/usr/local/include    -fpic  -g -O2 -fstack-protector-strong -Wformat -Werror=format-security -Wdate-time -D_FORTIFY_SOURCE=2 -g  -c hilbert.c -o hilbert.o
gcc -std=gnu2x -I"/usr/local/lib/R/include" -DNDEBUG   -I/usr/local/include    -fpic  -g -O2 -fstack-protector-strong -Wformat -Werror=format-security -Wdate-time -D_FORTIFY_SOURCE=2 -g  -c make_wiggle_vector.c -o make_wiggle_vector.o
gcc -std=gnu2x -I"/usr/local/lib/R/include" -DNDEBUG   -I/usr/local/include    -fpic  -g -O2 -fstack-protector-strong -Wformat -Werror=format-security -Wdate-time -D_FORTIFY_SOURCE=2 -g  -c shrink_vector.c -o shrink_vector.o
gcc -std=gnu2x -shared -L/usr/local/lib/R/lib -L/usr/local/lib -o HilbertVis.so hilbert.o make_wiggle_vector.o shrink_vector.o -L/usr/local/lib/R/lib -lR
installing to /tmp/library/00LOCK-HilbertVis/00new/HilbertVis/libs
** R
** inst
** byte-compile and prepare package for lazy loading
** help
*** installing help indices
** building package indices
** installing vignettes
** testing if installed package can be loaded from temporary location
** checking absolute paths in shared objects and dynamic libraries
** testing if installed package can be loaded from final location
** testing if installed package keeps a record of temporary installation path
* creating tarball
packaged installation of ‘HilbertVis’ as ‘HilbertVis_1.69.0_R_x86_64-pc-linux-gnu.tar.gz’
* DONE (HilbertVis)
* installing *source* package ‘HilbertVisGUI’ ...
** this is package ‘HilbertVisGUI’ version ‘1.69.0’
** using staged installation
Checking for pkg-config... /usr/bin/pkg-config
Checking for gtkmm-2.4... found: version 2.24.5
** libs
using C compiler: ‘gcc (Ubuntu 13.3.0-6ubuntu2~24.04) 13.3.0’
using C++ compiler: ‘g++ (Ubuntu 13.3.0-6ubuntu2~24.04) 13.3.0’
gcc -std=gnu2x -I"/usr/local/lib/R/include" -DNDEBUG `pkg-config gtkmm-2.4 --cflags` -DSO_NAME=HilbertVisGUI -DSO_NAME=HilbertVisGUI  -I/usr/local/include   `pkg-config gtkmm-2.4 --cflags` -DSO_NAME=HilbertVisGUI -DSO_NAME=HilbertVisGUI -fpic  -g -O2 -fstack-protector-strong -Wformat -Werror=format-security -Wdate-time -D_FORTIFY_SOURCE=2 -g  -c R_env_prot.c -o R_env_prot.o
g++ -std=gnu++17 -I"/usr/local/lib/R/include" -DNDEBUG `pkg-config gtkmm-2.4 --cflags` -DSO_NAME=HilbertVisGUI -DSO_NAME=HilbertVisGUI  -I/usr/local/include    -fpic  -g -O2 -fstack-protector-strong -Wformat -Werror=format-security -Wdate-time -D_FORTIFY_SOURCE=2 -g   -c R_interface.cc -o R_interface.o
In file included from /usr/include/gdkmm-2.4/gdkmm.h:34,
                 from /usr/include/gtkmm-2.4/gtkmm.h:89,
                 from display.h:7,
                 from R_interface.cc:8:
/usr/include/gdkmm-2.4/gdkmm/pixbufanimation.h:124:72: warning: ‘GTimeVal’ is deprecated: Use 'GDateTime' instead [-Wdeprecated-declarations]
  124 |   Glib::RefPtr<PixbufAnimationIter> get_iter(const GTimeVal* start_time);
      |                                                                        ^
In file included from /usr/include/glib-2.0/glib/galloca.h:34,
                 from /usr/include/glib-2.0/glib.h:32,
                 from /usr/include/glibmm-2.4/glibmm/thread.h:39,
                 from /usr/include/glibmm-2.4/glibmm.h:103,
                 from /usr/include/gtkmm-2.4/gtkmm.h:87:
/usr/include/glib-2.0/glib/gtypes.h:578:26: note: declared here
  578 | typedef struct _GTimeVal GTimeVal GLIB_DEPRECATED_TYPE_IN_2_62_FOR(GDateTime);
      |                          ^~~~~~~~
In file included from /usr/include/gtk-2.0/gtk/gtkobject.h:37,
                 from /usr/include/gtk-2.0/gtk/gtkwidget.h:36,
                 from /usr/include/gtk-2.0/gtk/gtkcontainer.h:35,
                 from /usr/include/gtk-2.0/gtk/gtkbin.h:35,
                 from /usr/include/gtk-2.0/gtk/gtkwindow.h:36,
                 from /usr/include/gtk-2.0/gtk/gtkdialog.h:35,
                 from /usr/include/gtk-2.0/gtk/gtkaboutdialog.h:32,
                 from /usr/include/gtk-2.0/gtk/gtk.h:33,
                 from /usr/include/gtkmm-2.4/gtkmm/box.h:44,
                 from /usr/include/gtkmm-2.4/gtkmm.h:91:
/usr/include/gtk-2.0/gtk/gtktypeutils.h:236:64: warning: ‘GTypeDebugFlags’ is deprecated [-Wdeprecated-declarations]
  236 | void            gtk_type_init   (GTypeDebugFlags    debug_flags);
      |                                                                ^
In file included from /usr/include/glib-2.0/gobject/gobject.h:26,
                 from /usr/include/glib-2.0/gobject/gbinding.h:31,
                 from /usr/include/glib-2.0/glib-object.h:24,
                 from /usr/include/glibmm-2.4/glibmm/value.h:24,
                 from /usr/include/glibmm-2.4/glibmm/error.h:22,
                 from /usr/include/glibmm-2.4/glibmm/thread.h:48:
/usr/include/glib-2.0/gobject/gtype.h:731:3: note: declared here
  731 | } GTypeDebugFlags GOBJECT_DEPRECATED_TYPE_IN_2_36;
      |   ^~~~~~~~~~~~~~~
In file included from /usr/include/gtk-2.0/gtk/gtktoolitem.h:31,
                 from /usr/include/gtk-2.0/gtk/gtktoolbutton.h:30,
                 from /usr/include/gtk-2.0/gtk/gtkmenutoolbutton.h:30,
                 from /usr/include/gtk-2.0/gtk/gtk.h:126:
/usr/include/gtk-2.0/gtk/gtktooltips.h:73:12: warning: ‘GTimeVal’ is deprecated: Use 'GDateTime' instead [-Wdeprecated-declarations]
   73 |   GTimeVal last_popdown;
      |            ^~~~~~~~~~~~
/usr/include/glib-2.0/glib/gtypes.h:578:26: note: declared here
  578 | typedef struct _GTimeVal GTimeVal GLIB_DEPRECATED_TYPE_IN_2_62_FOR(GDateTime);
      |                          ^~~~~~~~
In file included from R_interface.cc:10:
colorizers.h:42:9: warning: ‘template<class> class std::auto_ptr’ is deprecated: use 'std::unique_ptr' instead [-Wdeprecated-declarations]
   42 |    std::auto_ptr<DataVector> data;
      |         ^~~~~~~~
In file included from /usr/include/c++/13/memory:78,
                 from /usr/include/glibmm-2.4/glibmm/variant.h:33,
                 from /usr/include/glibmm-2.4/glibmm/containerhandle_shared.h:23,
                 from /usr/include/glibmm-2.4/glibmm/arrayhandle.h:21,
                 from /usr/include/glibmm-2.4/glibmm.h:107:
/usr/include/c++/13/bits/unique_ptr.h:65:28: note: declared here
   65 |   template<typename> class auto_ptr;
      |                            ^~~~~~~~
g++ -std=gnu++17 -I"/usr/local/lib/R/include" -DNDEBUG `pkg-config gtkmm-2.4 --cflags` -DSO_NAME=HilbertVisGUI -DSO_NAME=HilbertVisGUI  -I/usr/local/include    -fpic  -g -O2 -fstack-protector-strong -Wformat -Werror=format-security -Wdate-time -D_FORTIFY_SOURCE=2 -g   -c colorizers.cc -o colorizers.o
In file included from /usr/include/gdkmm-2.4/gdkmm.h:34,
                 from /usr/include/gtkmm-2.4/gtkmm.h:89,
                 from colorizers.h:6,
                 from colorizers.cc:1:
/usr/include/gdkmm-2.4/gdkmm/pixbufanimation.h:124:72: warning: ‘GTimeVal’ is deprecated: Use 'GDateTime' instead [-Wdeprecated-declarations]
  124 |   Glib::RefPtr<PixbufAnimationIter> get_iter(const GTimeVal* start_time);
      |                                                                        ^
In file included from /usr/include/glib-2.0/glib/galloca.h:34,
                 from /usr/include/glib-2.0/glib.h:32,
                 from /usr/include/glibmm-2.4/glibmm/thread.h:39,
                 from /usr/include/glibmm-2.4/glibmm.h:103,
                 from /usr/include/gtkmm-2.4/gtkmm.h:87:
/usr/include/glib-2.0/glib/gtypes.h:578:26: note: declared here
  578 | typedef struct _GTimeVal GTimeVal GLIB_DEPRECATED_TYPE_IN_2_62_FOR(GDateTime);
      |                          ^~~~~~~~
In file included from /usr/include/gtk-2.0/gtk/gtkobject.h:37,
                 from /usr/include/gtk-2.0/gtk/gtkwidget.h:36,
                 from /usr/include/gtk-2.0/gtk/gtkcontainer.h:35,
                 from /usr/include/gtk-2.0/gtk/gtkbin.h:35,
                 from /usr/include/gtk-2.0/gtk/gtkwindow.h:36,
                 from /usr/include/gtk-2.0/gtk/gtkdialog.h:35,
                 from /usr/include/gtk-2.0/gtk/gtkaboutdialog.h:32,
                 from /usr/include/gtk-2.0/gtk/gtk.h:33,
                 from /usr/include/gtkmm-2.4/gtkmm/box.h:44,
                 from /usr/include/gtkmm-2.4/gtkmm.h:91:
/usr/include/gtk-2.0/gtk/gtktypeutils.h:236:64: warning: ‘GTypeDebugFlags’ is deprecated [-Wdeprecated-declarations]
  236 | void            gtk_type_init   (GTypeDebugFlags    debug_flags);
      |                                                                ^
In file included from /usr/include/glib-2.0/gobject/gobject.h:26,
                 from /usr/include/glib-2.0/gobject/gbinding.h:31,
                 from /usr/include/glib-2.0/glib-object.h:24,
                 from /usr/include/glibmm-2.4/glibmm/value.h:24,
                 from /usr/include/glibmm-2.4/glibmm/error.h:22,
                 from /usr/include/glibmm-2.4/glibmm/thread.h:48:
/usr/include/glib-2.0/gobject/gtype.h:731:3: note: declared here
  731 | } GTypeDebugFlags GOBJECT_DEPRECATED_TYPE_IN_2_36;
      |   ^~~~~~~~~~~~~~~
In file included from /usr/include/gtk-2.0/gtk/gtktoolitem.h:31,
                 from /usr/include/gtk-2.0/gtk/gtktoolbutton.h:30,
                 from /usr/include/gtk-2.0/gtk/gtkmenutoolbutton.h:30,
                 from /usr/include/gtk-2.0/gtk/gtk.h:126:
/usr/include/gtk-2.0/gtk/gtktooltips.h:73:12: warning: ‘GTimeVal’ is deprecated: Use 'GDateTime' instead [-Wdeprecated-declarations]
   73 |   GTimeVal last_popdown;
      |            ^~~~~~~~~~~~
/usr/include/glib-2.0/glib/gtypes.h:578:26: note: declared here
  578 | typedef struct _GTimeVal GTimeVal GLIB_DEPRECATED_TYPE_IN_2_62_FOR(GDateTime);
      |                          ^~~~~~~~
colorizers.h:42:9: warning: ‘template<class> class std::auto_ptr’ is deprecated: use 'std::unique_ptr' instead [-Wdeprecated-declarations]
   42 |    std::auto_ptr<DataVector> data;
      |         ^~~~~~~~
In file included from /usr/include/c++/13/memory:78,
                 from colorizers.h:4:
/usr/include/c++/13/bits/unique_ptr.h:65:28: note: declared here
   65 |   template<typename> class auto_ptr;
      |                            ^~~~~~~~
g++ -std=gnu++17 -I"/usr/local/lib/R/include" -DNDEBUG `pkg-config gtkmm-2.4 --cflags` -DSO_NAME=HilbertVisGUI -DSO_NAME=HilbertVisGUI  -I/usr/local/include    -fpic  -g -O2 -fstack-protector-strong -Wformat -Werror=format-security -Wdate-time -D_FORTIFY_SOURCE=2 -g   -c display.cc -o display.o
In file included from /usr/include/gdkmm-2.4/gdkmm.h:34,
                 from /usr/include/gtkmm-2.4/gtkmm.h:89,
                 from display.h:7,
                 from display.cc:1:
/usr/include/gdkmm-2.4/gdkmm/pixbufanimation.h:124:72: warning: ‘GTimeVal’ is deprecated: Use 'GDateTime' instead [-Wdeprecated-declarations]
  124 |   Glib::RefPtr<PixbufAnimationIter> get_iter(const GTimeVal* start_time);
      |                                                                        ^
In file included from /usr/include/glib-2.0/glib/galloca.h:34,
                 from /usr/include/glib-2.0/glib.h:32,
                 from /usr/include/glibmm-2.4/glibmm/thread.h:39,
                 from /usr/include/glibmm-2.4/glibmm.h:103,
                 from /usr/include/gtkmm-2.4/gtkmm.h:87:
/usr/include/glib-2.0/glib/gtypes.h:578:26: note: declared here
  578 | typedef struct _GTimeVal GTimeVal GLIB_DEPRECATED_TYPE_IN_2_62_FOR(GDateTime);
      |                          ^~~~~~~~
In file included from /usr/include/gtk-2.0/gtk/gtkobject.h:37,
                 from /usr/include/gtk-2.0/gtk/gtkwidget.h:36,
                 from /usr/include/gtk-2.0/gtk/gtkcontainer.h:35,
                 from /usr/include/gtk-2.0/gtk/gtkbin.h:35,
                 from /usr/include/gtk-2.0/gtk/gtkwindow.h:36,
                 from /usr/include/gtk-2.0/gtk/gtkdialog.h:35,
                 from /usr/include/gtk-2.0/gtk/gtkaboutdialog.h:32,
                 from /usr/include/gtk-2.0/gtk/gtk.h:33,
                 from /usr/include/gtkmm-2.4/gtkmm/box.h:44,
                 from /usr/include/gtkmm-2.4/gtkmm.h:91:
/usr/include/gtk-2.0/gtk/gtktypeutils.h:236:64: warning: ‘GTypeDebugFlags’ is deprecated [-Wdeprecated-declarations]
  236 | void            gtk_type_init   (GTypeDebugFlags    debug_flags);
      |                                                                ^
In file included from /usr/include/glib-2.0/gobject/gobject.h:26,
                 from /usr/include/glib-2.0/gobject/gbinding.h:31,
                 from /usr/include/glib-2.0/glib-object.h:24,
                 from /usr/include/glibmm-2.4/glibmm/value.h:24,
                 from /usr/include/glibmm-2.4/glibmm/error.h:22,
                 from /usr/include/glibmm-2.4/glibmm/thread.h:48:
/usr/include/glib-2.0/gobject/gtype.h:731:3: note: declared here
  731 | } GTypeDebugFlags GOBJECT_DEPRECATED_TYPE_IN_2_36;
      |   ^~~~~~~~~~~~~~~
In file included from /usr/include/gtk-2.0/gtk/gtktoolitem.h:31,
                 from /usr/include/gtk-2.0/gtk/gtktoolbutton.h:30,
                 from /usr/include/gtk-2.0/gtk/gtkmenutoolbutton.h:30,
                 from /usr/include/gtk-2.0/gtk/gtk.h:126:
/usr/include/gtk-2.0/gtk/gtktooltips.h:73:12: warning: ‘GTimeVal’ is deprecated: Use 'GDateTime' instead [-Wdeprecated-declarations]
   73 |   GTimeVal last_popdown;
      |            ^~~~~~~~~~~~
/usr/include/glib-2.0/glib/gtypes.h:578:26: note: declared here
  578 | typedef struct _GTimeVal GTimeVal GLIB_DEPRECATED_TYPE_IN_2_62_FOR(GDateTime);
      |                          ^~~~~~~~
display.cc: In function ‘coord hilbert(long long int, int)’:
display.cc:21:46: warning: narrowing conversion of ‘(((long int)c.coord::y) + (1 << (lv - 1)))’ from ‘long int’ to ‘int’ [-Wnarrowing]
   21 |          case 1: { return (coord) { c.x, c.y + ( 1l << (lv-1) ) }; }
      |                                          ~~~~^~~~~~~~~~~~~~~~~~
display.cc:22:41: warning: narrowing conversion of ‘(((long int)c.coord::x) + (1 << (lv - 1)))’ from ‘long int’ to ‘int’ [-Wnarrowing]
   22 |          case 2: { return (coord) { c.x + ( 1l << (lv-1) ), c.y + ( 1l << (lv-1) ) }; }
      |                                     ~~~~^~~~~~~~~~~~~~~~~~
display.cc:22:65: warning: narrowing conversion of ‘(((long int)c.coord::y) + (1 << (lv - 1)))’ from ‘long int’ to ‘int’ [-Wnarrowing]
   22 |          case 2: { return (coord) { c.x + ( 1l << (lv-1) ), c.y + ( 1l << (lv-1) ) }; }
      |                                                             ~~~~^~~~~~~~~~~~~~~~~~
display.cc:23:50: warning: narrowing conversion of ‘(((1 << lv) - 1) - ((long int)c.coord::y))’ from ‘long int’ to ‘int’ [-Wnarrowing]
   23 |          case 3: { return (coord) { (1l<<lv) - 1 - c.y, ( 1l << (lv-1) ) - 1 - c.x }; }
      |                                     ~~~~~~~~~~~~~^~~~~
display.cc:23:78: warning: narrowing conversion of ‘(((1 << (lv - 1)) - 1) - ((long int)c.coord::x))’ from ‘long int’ to ‘int’ [-Wnarrowing]
   23 |          case 3: { return (coord) { (1l<<lv) - 1 - c.y, ( 1l << (lv-1) ) - 1 - c.x }; }
      |                                                         ~~~~~~~~~~~~~~~~~~~~~^~~~~
g++ -std=gnu++17 -I"/usr/local/lib/R/include" -DNDEBUG `pkg-config gtkmm-2.4 --cflags` -DSO_NAME=HilbertVisGUI -DSO_NAME=HilbertVisGUI  -I/usr/local/include    -fpic  -g -O2 -fstack-protector-strong -Wformat -Werror=format-security -Wdate-time -D_FORTIFY_SOURCE=2 -g   -c ruler.cc -o ruler.o
In file included from /usr/include/gdkmm-2.4/gdkmm.h:34,
                 from /usr/include/gtkmm-2.4/gtkmm.h:89,
                 from ruler.h:4,
                 from ruler.cc:6:
/usr/include/gdkmm-2.4/gdkmm/pixbufanimation.h:124:72: warning: ‘GTimeVal’ is deprecated: Use 'GDateTime' instead [-Wdeprecated-declarations]
  124 |   Glib::RefPtr<PixbufAnimationIter> get_iter(const GTimeVal* start_time);
      |                                                                        ^
In file included from /usr/include/glib-2.0/glib/galloca.h:34,
                 from /usr/include/glib-2.0/glib.h:32,
                 from /usr/include/glibmm-2.4/glibmm/thread.h:39,
                 from /usr/include/glibmm-2.4/glibmm.h:103,
                 from /usr/include/gtkmm-2.4/gtkmm.h:87:
/usr/include/glib-2.0/glib/gtypes.h:578:26: note: declared here
  578 | typedef struct _GTimeVal GTimeVal GLIB_DEPRECATED_TYPE_IN_2_62_FOR(GDateTime);
      |                          ^~~~~~~~
In file included from /usr/include/gtk-2.0/gtk/gtkobject.h:37,
                 from /usr/include/gtk-2.0/gtk/gtkwidget.h:36,
                 from /usr/include/gtk-2.0/gtk/gtkcontainer.h:35,
                 from /usr/include/gtk-2.0/gtk/gtkbin.h:35,
                 from /usr/include/gtk-2.0/gtk/gtkwindow.h:36,
                 from /usr/include/gtk-2.0/gtk/gtkdialog.h:35,
                 from /usr/include/gtk-2.0/gtk/gtkaboutdialog.h:32,
                 from /usr/include/gtk-2.0/gtk/gtk.h:33,
                 from /usr/include/gtkmm-2.4/gtkmm/box.h:44,
                 from /usr/include/gtkmm-2.4/gtkmm.h:91:
/usr/include/gtk-2.0/gtk/gtktypeutils.h:236:64: warning: ‘GTypeDebugFlags’ is deprecated [-Wdeprecated-declarations]
  236 | void            gtk_type_init   (GTypeDebugFlags    debug_flags);
      |                                                                ^
In file included from /usr/include/glib-2.0/gobject/gobject.h:26,
                 from /usr/include/glib-2.0/gobject/gbinding.h:31,
                 from /usr/include/glib-2.0/glib-object.h:24,
                 from /usr/include/glibmm-2.4/glibmm/value.h:24,
                 from /usr/include/glibmm-2.4/glibmm/error.h:22,
                 from /usr/include/glibmm-2.4/glibmm/thread.h:48:
/usr/include/glib-2.0/gobject/gtype.h:731:3: note: declared here
  731 | } GTypeDebugFlags GOBJECT_DEPRECATED_TYPE_IN_2_36;
      |   ^~~~~~~~~~~~~~~
In file included from /usr/include/gtk-2.0/gtk/gtktoolitem.h:31,
                 from /usr/include/gtk-2.0/gtk/gtktoolbutton.h:30,
                 from /usr/include/gtk-2.0/gtk/gtkmenutoolbutton.h:30,
                 from /usr/include/gtk-2.0/gtk/gtk.h:126:
/usr/include/gtk-2.0/gtk/gtktooltips.h:73:12: warning: ‘GTimeVal’ is deprecated: Use 'GDateTime' instead [-Wdeprecated-declarations]
   73 |   GTimeVal last_popdown;
      |            ^~~~~~~~~~~~
/usr/include/glib-2.0/glib/gtypes.h:578:26: note: declared here
  578 | typedef struct _GTimeVal GTimeVal GLIB_DEPRECATED_TYPE_IN_2_62_FOR(GDateTime);
      |                          ^~~~~~~~
g++ -std=gnu++17 -I"/usr/local/lib/R/include" -DNDEBUG `pkg-config gtkmm-2.4 --cflags` -DSO_NAME=HilbertVisGUI -DSO_NAME=HilbertVisGUI  -I/usr/local/include    -fpic  -g -O2 -fstack-protector-strong -Wformat -Werror=format-security -Wdate-time -D_FORTIFY_SOURCE=2 -g   -c window.cc -o window.o
In file included from /usr/include/gdkmm-2.4/gdkmm.h:34,
                 from /usr/include/gtkmm-2.4/gtkmm.h:89,
                 from window.h:5,
                 from window.cc:4:
/usr/include/gdkmm-2.4/gdkmm/pixbufanimation.h:124:72: warning: ‘GTimeVal’ is deprecated: Use 'GDateTime' instead [-Wdeprecated-declarations]
  124 |   Glib::RefPtr<PixbufAnimationIter> get_iter(const GTimeVal* start_time);
      |                                                                        ^
In file included from /usr/include/glib-2.0/glib/galloca.h:34,
                 from /usr/include/glib-2.0/glib.h:32,
                 from /usr/include/glibmm-2.4/glibmm/thread.h:39,
                 from /usr/include/glibmm-2.4/glibmm.h:103,
                 from /usr/include/gtkmm-2.4/gtkmm.h:87:
/usr/include/glib-2.0/glib/gtypes.h:578:26: note: declared here
  578 | typedef struct _GTimeVal GTimeVal GLIB_DEPRECATED_TYPE_IN_2_62_FOR(GDateTime);
      |                          ^~~~~~~~
In file included from /usr/include/gtk-2.0/gtk/gtkobject.h:37,
                 from /usr/include/gtk-2.0/gtk/gtkwidget.h:36,
                 from /usr/include/gtk-2.0/gtk/gtkcontainer.h:35,
                 from /usr/include/gtk-2.0/gtk/gtkbin.h:35,
                 from /usr/include/gtk-2.0/gtk/gtkwindow.h:36,
                 from /usr/include/gtk-2.0/gtk/gtkdialog.h:35,
                 from /usr/include/gtk-2.0/gtk/gtkaboutdialog.h:32,
                 from /usr/include/gtk-2.0/gtk/gtk.h:33,
                 from /usr/include/gtkmm-2.4/gtkmm/box.h:44,
                 from /usr/include/gtkmm-2.4/gtkmm.h:91:
/usr/include/gtk-2.0/gtk/gtktypeutils.h:236:64: warning: ‘GTypeDebugFlags’ is deprecated [-Wdeprecated-declarations]
  236 | void            gtk_type_init   (GTypeDebugFlags    debug_flags);
      |                                                                ^
In file included from /usr/include/glib-2.0/gobject/gobject.h:26,
                 from /usr/include/glib-2.0/gobject/gbinding.h:31,
                 from /usr/include/glib-2.0/glib-object.h:24,
                 from /usr/include/glibmm-2.4/glibmm/value.h:24,
                 from /usr/include/glibmm-2.4/glibmm/error.h:22,
                 from /usr/include/glibmm-2.4/glibmm/thread.h:48:
/usr/include/glib-2.0/gobject/gtype.h:731:3: note: declared here
  731 | } GTypeDebugFlags GOBJECT_DEPRECATED_TYPE_IN_2_36;
      |   ^~~~~~~~~~~~~~~
In file included from /usr/include/gtk-2.0/gtk/gtktoolitem.h:31,
                 from /usr/include/gtk-2.0/gtk/gtktoolbutton.h:30,
                 from /usr/include/gtk-2.0/gtk/gtkmenutoolbutton.h:30,
                 from /usr/include/gtk-2.0/gtk/gtk.h:126:
/usr/include/gtk-2.0/gtk/gtktooltips.h:73:12: warning: ‘GTimeVal’ is deprecated: Use 'GDateTime' instead [-Wdeprecated-declarations]
   73 |   GTimeVal last_popdown;
      |            ^~~~~~~~~~~~
/usr/include/glib-2.0/glib/gtypes.h:578:26: note: declared here
  578 | typedef struct _GTimeVal GTimeVal GLIB_DEPRECATED_TYPE_IN_2_62_FOR(GDateTime);
      |                          ^~~~~~~~
In file included from window.cc:7:
colorizers.h:42:9: warning: ‘template<class> class std::auto_ptr’ is deprecated: use 'std::unique_ptr' instead [-Wdeprecated-declarations]
   42 |    std::auto_ptr<DataVector> data;
      |         ^~~~~~~~
In file included from /usr/include/c++/13/memory:78,
                 from /usr/include/glibmm-2.4/glibmm/variant.h:33,
                 from /usr/include/glibmm-2.4/glibmm/containerhandle_shared.h:23,
                 from /usr/include/glibmm-2.4/glibmm/arrayhandle.h:21,
                 from /usr/include/glibmm-2.4/glibmm.h:107:
/usr/include/c++/13/bits/unique_ptr.h:65:28: note: declared here
   65 |   template<typename> class auto_ptr;
      |                            ^~~~~~~~
g++ -std=gnu++17 -shared -L/usr/local/lib/R/lib -L/usr/local/lib -o HilbertVisGUI.so R_env_prot.o R_interface.o colorizers.o display.o ruler.o window.o -lgtkmm-2.4 -latkmm-1.6 -lgdkmm-2.4 -lgiomm-2.4 -lpangomm-1.4 -lglibmm-2.4 -lcairomm-1.0 -lsigc-2.0 -lgtk-x11-2.0 -lgdk-x11-2.0 -lpangocairo-1.0 -latk-1.0 -lcairo -lgdk_pixbuf-2.0 -lgio-2.0 -lpangoft2-1.0 -lpango-1.0 -lgobject-2.0 -lglib-2.0 -lharfbuzz -lfontconfig -lfreetype -L/usr/local/lib/R/lib -lR
installing to /tmp/library/00LOCK-HilbertVisGUI/00new/HilbertVisGUI/libs
** R
** inst
** byte-compile and prepare package for lazy loading
** help
*** installing help indices
** building package indices
** installing vignettes
** testing if installed package can be loaded from temporary location

 | Cannot connect to an X display. Most functionality of 
 | HilbertVisGUI will be unavailable. Make sure that the DISPLAY
 | environment variable is set properly.

Warning in dyn.load(file, DLLpath = DLLpath, ...) :
  Cannot connect to X display.
** checking absolute paths in shared objects and dynamic libraries
** testing if installed package can be loaded from final location

 | Cannot connect to an X display. Most functionality of 
 | HilbertVisGUI will be unavailable. Make sure that the DISPLAY
 | environment variable is set properly.

Warning in dyn.load(file, DLLpath = DLLpath, ...) :
  Cannot connect to X display.
** testing if installed package keeps a record of temporary installation path
* creating tarball
packaged installation of ‘HilbertVisGUI’ as ‘HilbertVisGUI_1.69.0_R_x86_64-pc-linux-gnu.tar.gz’
* DONE (HilbertVisGUI)

The downloaded source packages are in
	‘/tmp/RtmpiYTQhZ/downloaded_packages’
Old packages: 'promises'

real	0m24.095s
user	0m18.642s
sys	0m5.260s
