+ Rscript -e 'Sys.setenv(BIOCONDUCTOR_USE_CONTAINER_REPOSITORY=FALSE);
  p <- .libPaths();
  p <- c('\'''\'', '\'''\'', p);
  .libPaths(p);
  if(BiocManager::install('\''gdsfmt'\'', INSTALL_opts = '\''--build'\'', update = TRUE, quiet = FALSE, dependencies=TRUE, force = TRUE, keep_outputs = TRUE) %in% rownames(installed.packages())) q(status = 0) else q(status = 1)'
'getOption("repos")' replaces Bioconductor standard repositories, see
'help("repositories", package = "BiocManager")' for details.
Replacement repositories:
    CRAN: https://p3m.dev/cran/__linux__/noble/latest
Bioconductor version 3.22 (BiocManager 1.30.26), R 4.5.2 (2025-10-31)
Installing package(s) 'gdsfmt'
also installing the dependencies ‘litedown’, ‘generics’, ‘RUnit’, ‘markdown’, ‘BiocGenerics’

trying URL 'https://p3m.dev/cran/__linux__/noble/latest/src/contrib/litedown_0.7.tar.gz'
trying URL 'https://p3m.dev/cran/__linux__/noble/latest/src/contrib/generics_0.1.4.tar.gz'
trying URL 'https://p3m.dev/cran/__linux__/noble/latest/src/contrib/RUnit_0.4.33.1.tar.gz'
trying URL 'https://p3m.dev/cran/__linux__/noble/latest/src/contrib/markdown_2.0.tar.gz'
trying URL 'https://bioconductor.org/packages/3.22/bioc/src/contrib/BiocGenerics_0.56.0.tar.gz'
trying URL 'https://bioconductor.org/packages/3.22/bioc/src/contrib/gdsfmt_1.46.0.tar.gz'
* installing *binary* package ‘litedown’ ...
* ‘litedown’ was already a binary package and will not be rebuilt
* creating tarball
packaged installation of ‘litedown’ as ‘litedown_0.7_R_x86_64-pc-linux-gnu.tar.gz’
* DONE (litedown)
* installing *binary* package ‘generics’ ...
* ‘generics’ was already a binary package and will not be rebuilt
* creating tarball
packaged installation of ‘generics’ as ‘generics_0.1.4_R_x86_64-pc-linux-gnu.tar.gz’
* DONE (generics)
* installing *binary* package ‘RUnit’ ...
* ‘RUnit’ was already a binary package and will not be rebuilt
* creating tarball
packaged installation of ‘RUnit’ as ‘RUnit_0.4.33.1_R_x86_64-pc-linux-gnu.tar.gz’
* DONE (RUnit)
* installing *source* package ‘gdsfmt’ ...
** this is package ‘gdsfmt’ version ‘1.46.0’
** package ‘gdsfmt’ successfully unpacked and MD5 sums checked
** using staged installation
** libs
using C++ compiler: ‘g++ (Ubuntu 13.3.0-6ubuntu2~24.04) 13.3.0’
g++ -std=gnu++17 -I"/usr/local/lib/R/include" -DNDEBUG -DUSING_R -D_FILE_OFFSET_BITS=64 -I../inst/include -ICoreArray  -I/usr/local/include    -fpic  -g -O2 -fstack-protector-strong -Wformat -Werror=format-security -Wdate-time -D_FORTIFY_SOURCE=2 -g   -c R_CoreArray.cpp -o R_CoreArray.o
g++ -std=gnu++17 -I"/usr/local/lib/R/include" -DNDEBUG -DUSING_R -D_FILE_OFFSET_BITS=64 -I../inst/include -ICoreArray  -I/usr/local/include    -fpic  -g -O2 -fstack-protector-strong -Wformat -Werror=format-security -Wdate-time -D_FORTIFY_SOURCE=2 -g   -c gdsfmt.cpp -o gdsfmt.o
g++ -std=gnu++17 -I"/usr/local/lib/R/include" -DNDEBUG -DUSING_R -D_FILE_OFFSET_BITS=64 -I../inst/include -ICoreArray  -I/usr/local/include    -fpic  -g -O2 -fstack-protector-strong -Wformat -Werror=format-security -Wdate-time -D_FORTIFY_SOURCE=2 -g   -c digest.cpp -o digest.o
g++ -std=gnu++17 -I"/usr/local/lib/R/include" -DNDEBUG -DUSING_R -D_FILE_OFFSET_BITS=64 -I../inst/include -ICoreArray  -I/usr/local/include    -fpic  -g -O2 -fstack-protector-strong -Wformat -Werror=format-security -Wdate-time -D_FORTIFY_SOURCE=2 -g   -c CoreArray/CoreArray.cpp -o CoreArray/CoreArray.o
g++ -std=gnu++17 -I"/usr/local/lib/R/include" -DNDEBUG -DUSING_R -D_FILE_OFFSET_BITS=64 -I../inst/include -ICoreArray  -I/usr/local/include    -fpic  -g -O2 -fstack-protector-strong -Wformat -Werror=format-security -Wdate-time -D_FORTIFY_SOURCE=2 -g   -c CoreArray/dAllocator.cpp -o CoreArray/dAllocator.o
g++ -std=gnu++17 -I"/usr/local/lib/R/include" -DNDEBUG -DUSING_R -D_FILE_OFFSET_BITS=64 -I../inst/include -ICoreArray  -I/usr/local/include    -fpic  -g -O2 -fstack-protector-strong -Wformat -Werror=format-security -Wdate-time -D_FORTIFY_SOURCE=2 -g   -c CoreArray/dAny.cpp -o CoreArray/dAny.o
g++ -std=gnu++17 -I"/usr/local/lib/R/include" -DNDEBUG -DUSING_R -D_FILE_OFFSET_BITS=64 -I../inst/include -ICoreArray  -I/usr/local/include    -fpic  -g -O2 -fstack-protector-strong -Wformat -Werror=format-security -Wdate-time -D_FORTIFY_SOURCE=2 -g   -c CoreArray/dBase.cpp -o CoreArray/dBase.o
g++ -std=gnu++17 -I"/usr/local/lib/R/include" -DNDEBUG -DUSING_R -D_FILE_OFFSET_BITS=64 -I../inst/include -ICoreArray  -I/usr/local/include    -fpic  -g -O2 -fstack-protector-strong -Wformat -Werror=format-security -Wdate-time -D_FORTIFY_SOURCE=2 -g   -c CoreArray/dBitGDS.cpp -o CoreArray/dBitGDS.o
g++ -std=gnu++17 -I"/usr/local/lib/R/include" -DNDEBUG -DUSING_R -D_FILE_OFFSET_BITS=64 -I../inst/include -ICoreArray  -I/usr/local/include    -fpic  -g -O2 -fstack-protector-strong -Wformat -Werror=format-security -Wdate-time -D_FORTIFY_SOURCE=2 -g   -c CoreArray/dEndian.cpp -o CoreArray/dEndian.o
g++ -std=gnu++17 -I"/usr/local/lib/R/include" -DNDEBUG -DUSING_R -D_FILE_OFFSET_BITS=64 -I../inst/include -ICoreArray  -I/usr/local/include    -fpic  -g -O2 -fstack-protector-strong -Wformat -Werror=format-security -Wdate-time -D_FORTIFY_SOURCE=2 -g   -c CoreArray/dFile.cpp -o CoreArray/dFile.o
g++ -std=gnu++17 -I"/usr/local/lib/R/include" -DNDEBUG -DUSING_R -D_FILE_OFFSET_BITS=64 -I../inst/include -ICoreArray  -I/usr/local/include    -fpic  -g -O2 -fstack-protector-strong -Wformat -Werror=format-security -Wdate-time -D_FORTIFY_SOURCE=2 -g   -c CoreArray/dParallel.cpp -o CoreArray/dParallel.o
gcc -std=gnu2x -I"/usr/local/lib/R/include" -DNDEBUG -DUSING_R -D_FILE_OFFSET_BITS=64 -I../inst/include -ICoreArray  -I/usr/local/include    -fpic  -g -O2 -fstack-protector-strong -Wformat -Werror=format-security -Wdate-time -D_FORTIFY_SOURCE=2 -g  -c CoreArray/dParallel_Ext.c -o CoreArray/dParallel_Ext.o
g++ -std=gnu++17 -I"/usr/local/lib/R/include" -DNDEBUG -DUSING_R -D_FILE_OFFSET_BITS=64 -I../inst/include -ICoreArray  -I/usr/local/include    -fpic  -g -O2 -fstack-protector-strong -Wformat -Werror=format-security -Wdate-time -D_FORTIFY_SOURCE=2 -g   -c CoreArray/dPlatform.cpp -o CoreArray/dPlatform.o
g++ -std=gnu++17 -I"/usr/local/lib/R/include" -DNDEBUG -DUSING_R -D_FILE_OFFSET_BITS=64 -I../inst/include -ICoreArray  -I/usr/local/include    -fpic  -g -O2 -fstack-protector-strong -Wformat -Werror=format-security -Wdate-time -D_FORTIFY_SOURCE=2 -g   -c CoreArray/dRealGDS.cpp -o CoreArray/dRealGDS.o
g++ -std=gnu++17 -I"/usr/local/lib/R/include" -DNDEBUG -DUSING_R -D_FILE_OFFSET_BITS=64 -I../inst/include -ICoreArray  -I/usr/local/include    -fpic  -g -O2 -fstack-protector-strong -Wformat -Werror=format-security -Wdate-time -D_FORTIFY_SOURCE=2 -g   -c CoreArray/dSerial.cpp -o CoreArray/dSerial.o
g++ -std=gnu++17 -I"/usr/local/lib/R/include" -DNDEBUG -DUSING_R -D_FILE_OFFSET_BITS=64 -I../inst/include -ICoreArray  -I/usr/local/include    -fpic  -g -O2 -fstack-protector-strong -Wformat -Werror=format-security -Wdate-time -D_FORTIFY_SOURCE=2 -g   -c CoreArray/dStrGDS.cpp -o CoreArray/dStrGDS.o
g++ -std=gnu++17 -I"/usr/local/lib/R/include" -DNDEBUG -DUSING_R -D_FILE_OFFSET_BITS=64 -I../inst/include -ICoreArray  -I/usr/local/include    -fpic  -g -O2 -fstack-protector-strong -Wformat -Werror=format-security -Wdate-time -D_FORTIFY_SOURCE=2 -g   -c CoreArray/dStream.cpp -o CoreArray/dStream.o
g++ -std=gnu++17 -I"/usr/local/lib/R/include" -DNDEBUG -DUSING_R -D_FILE_OFFSET_BITS=64 -I../inst/include -ICoreArray  -I/usr/local/include    -fpic  -g -O2 -fstack-protector-strong -Wformat -Werror=format-security -Wdate-time -D_FORTIFY_SOURCE=2 -g   -c CoreArray/dStruct.cpp -o CoreArray/dStruct.o
g++ -std=gnu++17 -I"/usr/local/lib/R/include" -DNDEBUG -DUSING_R -D_FILE_OFFSET_BITS=64 -I../inst/include -ICoreArray  -I/usr/local/include    -fpic  -g -O2 -fstack-protector-strong -Wformat -Werror=format-security -Wdate-time -D_FORTIFY_SOURCE=2 -g   -c CoreArray/dSparse.cpp -o CoreArray/dSparse.o
g++ -std=gnu++17 -I"/usr/local/lib/R/include" -DNDEBUG -DUSING_R -D_FILE_OFFSET_BITS=64 -I../inst/include -ICoreArray  -I/usr/local/include    -fpic  -g -O2 -fstack-protector-strong -Wformat -Werror=format-security -Wdate-time -D_FORTIFY_SOURCE=2 -g   -c CoreArray/dVLIntGDS.cpp -o CoreArray/dVLIntGDS.o
gcc -std=gnu2x -I"/usr/local/lib/R/include" -DNDEBUG -DUSING_R -D_FILE_OFFSET_BITS=64 -I../inst/include -ICoreArray  -I/usr/local/include    -fpic  -g -O2 -fstack-protector-strong -Wformat -Werror=format-security -Wdate-time -D_FORTIFY_SOURCE=2 -g  -c -g0 ZLIB/adler32.c -o ZLIB/adler32.o
gcc -std=gnu2x -I"/usr/local/lib/R/include" -DNDEBUG -DUSING_R -D_FILE_OFFSET_BITS=64 -I../inst/include -ICoreArray  -I/usr/local/include    -fpic  -g -O2 -fstack-protector-strong -Wformat -Werror=format-security -Wdate-time -D_FORTIFY_SOURCE=2 -g  -c -g0 ZLIB/compress.c -o ZLIB/compress.o
gcc -std=gnu2x -I"/usr/local/lib/R/include" -DNDEBUG -DUSING_R -D_FILE_OFFSET_BITS=64 -I../inst/include -ICoreArray  -I/usr/local/include    -fpic  -g -O2 -fstack-protector-strong -Wformat -Werror=format-security -Wdate-time -D_FORTIFY_SOURCE=2 -g  -c -g0 ZLIB/crc32.c -o ZLIB/crc32.o
gcc -std=gnu2x -I"/usr/local/lib/R/include" -DNDEBUG -DUSING_R -D_FILE_OFFSET_BITS=64 -I../inst/include -ICoreArray  -I/usr/local/include    -fpic  -g -O2 -fstack-protector-strong -Wformat -Werror=format-security -Wdate-time -D_FORTIFY_SOURCE=2 -g  -c -g0 ZLIB/deflate.c -o ZLIB/deflate.o
gcc -std=gnu2x -I"/usr/local/lib/R/include" -DNDEBUG -DUSING_R -D_FILE_OFFSET_BITS=64 -I../inst/include -ICoreArray  -I/usr/local/include    -fpic  -g -O2 -fstack-protector-strong -Wformat -Werror=format-security -Wdate-time -D_FORTIFY_SOURCE=2 -g  -c -g0 ZLIB/infback.c -o ZLIB/infback.o
gcc -std=gnu2x -I"/usr/local/lib/R/include" -DNDEBUG -DUSING_R -D_FILE_OFFSET_BITS=64 -I../inst/include -ICoreArray  -I/usr/local/include    -fpic  -g -O2 -fstack-protector-strong -Wformat -Werror=format-security -Wdate-time -D_FORTIFY_SOURCE=2 -g  -c -g0 ZLIB/inffast.c -o ZLIB/inffast.o
gcc -std=gnu2x -I"/usr/local/lib/R/include" -DNDEBUG -DUSING_R -D_FILE_OFFSET_BITS=64 -I../inst/include -ICoreArray  -I/usr/local/include    -fpic  -g -O2 -fstack-protector-strong -Wformat -Werror=format-security -Wdate-time -D_FORTIFY_SOURCE=2 -g  -c -g0 ZLIB/inflate.c -o ZLIB/inflate.o
gcc -std=gnu2x -I"/usr/local/lib/R/include" -DNDEBUG -DUSING_R -D_FILE_OFFSET_BITS=64 -I../inst/include -ICoreArray  -I/usr/local/include    -fpic  -g -O2 -fstack-protector-strong -Wformat -Werror=format-security -Wdate-time -D_FORTIFY_SOURCE=2 -g  -c -g0 ZLIB/inftrees.c -o ZLIB/inftrees.o
gcc -std=gnu2x -I"/usr/local/lib/R/include" -DNDEBUG -DUSING_R -D_FILE_OFFSET_BITS=64 -I../inst/include -ICoreArray  -I/usr/local/include    -fpic  -g -O2 -fstack-protector-strong -Wformat -Werror=format-security -Wdate-time -D_FORTIFY_SOURCE=2 -g  -c -g0 ZLIB/trees.c -o ZLIB/trees.o
gcc -std=gnu2x -I"/usr/local/lib/R/include" -DNDEBUG -DUSING_R -D_FILE_OFFSET_BITS=64 -I../inst/include -ICoreArray  -I/usr/local/include    -fpic  -g -O2 -fstack-protector-strong -Wformat -Werror=format-security -Wdate-time -D_FORTIFY_SOURCE=2 -g  -c -g0 ZLIB/uncompr.c -o ZLIB/uncompr.o
gcc -std=gnu2x -I"/usr/local/lib/R/include" -DNDEBUG -DUSING_R -D_FILE_OFFSET_BITS=64 -I../inst/include -ICoreArray  -I/usr/local/include    -fpic  -g -O2 -fstack-protector-strong -Wformat -Werror=format-security -Wdate-time -D_FORTIFY_SOURCE=2 -g  -c -g0 ZLIB/zutil.c -o ZLIB/zutil.o
gcc -std=gnu2x -I"/usr/local/lib/R/include" -DNDEBUG -DUSING_R -D_FILE_OFFSET_BITS=64 -I../inst/include -ICoreArray  -I/usr/local/include    -fpic  -g -O2 -fstack-protector-strong -Wformat -Werror=format-security -Wdate-time -D_FORTIFY_SOURCE=2 -g  -c LZ4/lz4.c -o LZ4/lz4.o
gcc -std=gnu2x -I"/usr/local/lib/R/include" -DNDEBUG -DUSING_R -D_FILE_OFFSET_BITS=64 -I../inst/include -ICoreArray  -I/usr/local/include    -fpic  -g -O2 -fstack-protector-strong -Wformat -Werror=format-security -Wdate-time -D_FORTIFY_SOURCE=2 -g  -c LZ4/lz4hc.c -o LZ4/lz4hc.o
gcc -std=gnu2x -I"/usr/local/lib/R/include" -DNDEBUG -DUSING_R -D_FILE_OFFSET_BITS=64 -I../inst/include -ICoreArray  -I/usr/local/include    -fpic  -g -O2 -fstack-protector-strong -Wformat -Werror=format-security -Wdate-time -D_FORTIFY_SOURCE=2 -g  -c LZ4/lz4frame.c -o LZ4/lz4frame.o
gcc -std=gnu2x -I"/usr/local/lib/R/include" -DNDEBUG -DUSING_R -D_FILE_OFFSET_BITS=64 -I../inst/include -ICoreArray  -I/usr/local/include    -fpic  -g -O2 -fstack-protector-strong -Wformat -Werror=format-security -Wdate-time -D_FORTIFY_SOURCE=2 -g  -c LZ4/xxhash.c -o LZ4/xxhash.o
cd XZ && tar -xzf xz-5.2.9.tar.gz
cd XZ/xz-5.2.9 && \
	./configure CC="gcc -std=gnu2x" CPP="gcc -std=gnu2x -E" CXX="g++ -std=gnu++17" CXXCPP="" --build="" \
	--with-pic --enable-silent-rules --quiet --disable-xz --disable-shared > /dev/null
cd XZ/xz-5.2.9/src/liblzma && make
make[1]: Entering directory '/tmp/Rtmpg7ZGJX/R.INSTALL676383c041/gdsfmt/src/XZ/xz-5.2.9/src/liblzma'
Making all in api
make[2]: Entering directory '/tmp/Rtmpg7ZGJX/R.INSTALL676383c041/gdsfmt/src/XZ/xz-5.2.9/src/liblzma/api'
make[2]: Nothing to be done for 'all'.
make[2]: Leaving directory '/tmp/Rtmpg7ZGJX/R.INSTALL676383c041/gdsfmt/src/XZ/xz-5.2.9/src/liblzma/api'
make[2]: Entering directory '/tmp/Rtmpg7ZGJX/R.INSTALL676383c041/gdsfmt/src/XZ/xz-5.2.9/src/liblzma'
  CC       liblzma_la-tuklib_physmem.lo
  CC       liblzma_la-tuklib_cpucores.lo
  CC       liblzma_la-common.lo
  CC       liblzma_la-block_util.lo
  CC       liblzma_la-easy_preset.lo
  CC       liblzma_la-filter_common.lo
  CC       liblzma_la-hardware_physmem.lo
  CC       liblzma_la-index.lo
  CC       liblzma_la-stream_flags_common.lo
  CC       liblzma_la-vli_size.lo
  CC       liblzma_la-hardware_cputhreads.lo
  CC       liblzma_la-alone_encoder.lo
  CC       liblzma_la-block_buffer_encoder.lo
  CC       liblzma_la-block_encoder.lo
  CC       liblzma_la-block_header_encoder.lo
  CC       liblzma_la-easy_buffer_encoder.lo
  CC       liblzma_la-easy_encoder.lo
  CC       liblzma_la-easy_encoder_memusage.lo
  CC       liblzma_la-filter_buffer_encoder.lo
  CC       liblzma_la-filter_encoder.lo
  CC       liblzma_la-filter_flags_encoder.lo
  CC       liblzma_la-index_encoder.lo
  CC       liblzma_la-stream_buffer_encoder.lo
  CC       liblzma_la-stream_encoder.lo
  CC       liblzma_la-stream_flags_encoder.lo
  CC       liblzma_la-vli_encoder.lo
  CC       liblzma_la-outqueue.lo
  CC       liblzma_la-stream_encoder_mt.lo
  CC       liblzma_la-alone_decoder.lo
  CC       liblzma_la-auto_decoder.lo
  CC       liblzma_la-block_buffer_decoder.lo
  CC       liblzma_la-block_decoder.lo
  CC       liblzma_la-block_header_decoder.lo
  CC       liblzma_la-easy_decoder_memusage.lo
  CC       liblzma_la-filter_buffer_decoder.lo
  CC       liblzma_la-filter_decoder.lo
  CC       liblzma_la-filter_flags_decoder.lo
  CC       liblzma_la-index_decoder.lo
  CC       liblzma_la-index_hash.lo
  CC       liblzma_la-stream_buffer_decoder.lo
  CC       liblzma_la-stream_decoder.lo
  CC       liblzma_la-stream_flags_decoder.lo
  CC       liblzma_la-vli_decoder.lo
  CC       liblzma_la-check.lo
  CC       liblzma_la-crc32_table.lo
  CC       liblzma_la-crc32_fast.lo
  CC       liblzma_la-crc64_table.lo
  CC       liblzma_la-crc64_fast.lo
  CC       liblzma_la-sha256.lo
  CC       liblzma_la-lz_encoder.lo
  CC       liblzma_la-lz_encoder_mf.lo
  CC       liblzma_la-lz_decoder.lo
  CC       liblzma_la-lzma_encoder_presets.lo
  CC       liblzma_la-lzma_encoder.lo
  CC       liblzma_la-lzma_encoder_optimum_fast.lo
  CC       liblzma_la-lzma_encoder_optimum_normal.lo
  CC       liblzma_la-fastpos_table.lo
  CC       liblzma_la-lzma_decoder.lo
  CC       liblzma_la-lzma2_encoder.lo
  CC       liblzma_la-lzma2_decoder.lo
  CC       liblzma_la-price_table.lo
  CC       liblzma_la-delta_common.lo
  CC       liblzma_la-delta_encoder.lo
  CC       liblzma_la-delta_decoder.lo
  CC       liblzma_la-simple_coder.lo
  CC       liblzma_la-simple_encoder.lo
  CC       liblzma_la-simple_decoder.lo
  CC       liblzma_la-x86.lo
  CC       liblzma_la-powerpc.lo
  CC       liblzma_la-ia64.lo
  CC       liblzma_la-arm.lo
  CC       liblzma_la-armthumb.lo
  CC       liblzma_la-sparc.lo
  CCLD     liblzma.la
  PC       liblzma.pc
make[2]: Leaving directory '/tmp/Rtmpg7ZGJX/R.INSTALL676383c041/gdsfmt/src/XZ/xz-5.2.9/src/liblzma'
make[1]: Leaving directory '/tmp/Rtmpg7ZGJX/R.INSTALL676383c041/gdsfmt/src/XZ/xz-5.2.9/src/liblzma'
cp XZ/xz-5.2.9/src/liblzma/.libs/liblzma.a  .
rm -rf XZ/xz-5.2.9/dos
rm -rf XZ/xz-5.2.9/po
g++ -std=gnu++17 -shared -L/usr/local/lib/R/lib -L/usr/local/lib -o gdsfmt.so R_CoreArray.o gdsfmt.o digest.o CoreArray/CoreArray.o CoreArray/dAllocator.o CoreArray/dAny.o CoreArray/dBase.o CoreArray/dBitGDS.o CoreArray/dEndian.o CoreArray/dFile.o CoreArray/dParallel.o CoreArray/dParallel_Ext.o CoreArray/dPlatform.o CoreArray/dRealGDS.o CoreArray/dSerial.o CoreArray/dStrGDS.o CoreArray/dStream.o CoreArray/dStruct.o CoreArray/dSparse.o CoreArray/dVLIntGDS.o ZLIB/adler32.o ZLIB/compress.o ZLIB/crc32.o ZLIB/deflate.o ZLIB/infback.o ZLIB/inffast.o ZLIB/inflate.o ZLIB/inftrees.o ZLIB/trees.o ZLIB/uncompr.o ZLIB/zutil.o LZ4/lz4.o LZ4/lz4hc.o LZ4/lz4frame.o LZ4/xxhash.o ./liblzma.a -lpthread -L/usr/local/lib/R/lib -lR
installing to /usr/local/lib/R/site-library/00LOCK-gdsfmt/00new/gdsfmt/libs
** R
** inst
** byte-compile and prepare package for lazy loading
** help
*** installing help indices
** building package indices
** installing vignettes
** testing if installed package can be loaded from temporary location
** checking absolute paths in shared objects and dynamic libraries
** testing if installed package can be loaded from final location
** testing if installed package keeps a record of temporary installation path
* creating tarball
packaged installation of ‘gdsfmt’ as ‘gdsfmt_1.46.0_R_x86_64-pc-linux-gnu.tar.gz’
* DONE (gdsfmt)
* installing *binary* package ‘markdown’ ...
* ‘markdown’ was already a binary package and will not be rebuilt
* creating tarball
packaged installation of ‘markdown’ as ‘markdown_2.0_R_x86_64-pc-linux-gnu.tar.gz’
* DONE (markdown)
* installing *source* package ‘BiocGenerics’ ...
** this is package ‘BiocGenerics’ version ‘0.56.0’
** package ‘BiocGenerics’ successfully unpacked and MD5 sums checked
** using staged installation
** R
** inst
** byte-compile and prepare package for lazy loading
Creating a new generic function for ‘aperm’ in package ‘BiocGenerics’
Creating a new generic function for ‘append’ in package ‘BiocGenerics’
Creating a new generic function for ‘as.data.frame’ in package ‘BiocGenerics’
Creating a new generic function for ‘cbind’ in package ‘BiocGenerics’
Creating a new generic function for ‘rbind’ in package ‘BiocGenerics’
Creating a new generic function for ‘do.call’ in package ‘BiocGenerics’
Creating a new generic function for ‘duplicated’ in package ‘BiocGenerics’
Creating a new generic function for ‘anyDuplicated’ in package ‘BiocGenerics’
Creating a new generic function for ‘eval’ in package ‘BiocGenerics’
Creating a new generic function for ‘pmax’ in package ‘BiocGenerics’
Creating a new generic function for ‘pmin’ in package ‘BiocGenerics’
Creating a new generic function for ‘pmax.int’ in package ‘BiocGenerics’
Creating a new generic function for ‘pmin.int’ in package ‘BiocGenerics’
Creating a new generic function for ‘Reduce’ in package ‘BiocGenerics’
Creating a new generic function for ‘Filter’ in package ‘BiocGenerics’
Creating a new generic function for ‘Find’ in package ‘BiocGenerics’
Creating a new generic function for ‘Map’ in package ‘BiocGenerics’
Creating a new generic function for ‘Position’ in package ‘BiocGenerics’
Creating a new generic function for ‘get’ in package ‘BiocGenerics’
Creating a new generic function for ‘mget’ in package ‘BiocGenerics’
Creating a new generic function for ‘grep’ in package ‘BiocGenerics’
Creating a new generic function for ‘grepl’ in package ‘BiocGenerics’
Creating a new generic function for ‘is.unsorted’ in package ‘BiocGenerics’
Creating a new generic function for ‘lapply’ in package ‘BiocGenerics’
Creating a new generic function for ‘sapply’ in package ‘BiocGenerics’
Creating a new generic function for ‘mapply’ in package ‘BiocGenerics’
Creating a new generic function for ‘match’ in package ‘BiocGenerics’
Creating a new generic function for ‘order’ in package ‘BiocGenerics’
Creating a new generic function for ‘paste’ in package ‘BiocGenerics’
Creating a new generic function for ‘rank’ in package ‘BiocGenerics’
Creating a new generic function for ‘rownames’ in package ‘BiocGenerics’
Creating a new generic function for ‘colnames’ in package ‘BiocGenerics’
Creating a new generic function for ‘saveRDS’ in package ‘BiocGenerics’
Creating a new generic function for ‘table’ in package ‘BiocGenerics’
Creating a new generic function for ‘tapply’ in package ‘BiocGenerics’
Creating a new generic function for ‘unique’ in package ‘BiocGenerics’
Creating a new generic function for ‘unsplit’ in package ‘BiocGenerics’
Creating a new generic function for ‘which.min’ in package ‘BiocGenerics’
Creating a new generic function for ‘which.max’ in package ‘BiocGenerics’
Creating a new generic function for ‘IQR’ in package ‘BiocGenerics’
Creating a new generic function for ‘mad’ in package ‘BiocGenerics’
Creating a new generic function for ‘var’ in package ‘BiocGenerics’
Creating a new generic function for ‘sd’ in package ‘BiocGenerics’
Creating a new generic function for ‘xtabs’ in package ‘BiocGenerics’
Creating a new generic function for ‘basename’ in package ‘BiocGenerics’
Creating a new generic function for ‘dirname’ in package ‘BiocGenerics’
** help
*** installing help indices
** building package indices
** testing if installed package can be loaded from temporary location
** testing if installed package can be loaded from final location
** testing if installed package keeps a record of temporary installation path
* creating tarball
packaged installation of ‘BiocGenerics’ as ‘BiocGenerics_0.56.0_R_x86_64-pc-linux-gnu.tar.gz’
* DONE (BiocGenerics)

The downloaded source packages are in
	‘/tmp/Rtmp0q3fEe/downloaded_packages’

real	3m10.575s
user	2m46.524s
sys	0m22.900s
