+ Rscript -e 'Sys.setenv(BIOCONDUCTOR_USE_CONTAINER_REPOSITORY=FALSE);
  p <- .libPaths();
  p <- c('\''/tmp/library'\'', '\''/mnt/library'\'', p);
  .libPaths(p);
  if(BiocManager::install('\''fgga'\'', INSTALL_opts = '\''--build'\'', update = TRUE, quiet = FALSE, dependencies=TRUE, force = TRUE, keep_outputs = TRUE) %in% rownames(installed.packages())) q(status = 0) else q(status = 1)'
'getOption("repos")' replaces Bioconductor standard repositories, see
'help("repositories", package = "BiocManager")' for details.
Replacement repositories:
    CRAN: https://cloud.r-project.org
Bioconductor version 3.23 (BiocManager 1.30.26), R Under development (unstable)
  (2025-10-28 r88973)
Installing package(s) 'fgga'
Warning: dependencies ‘GOstats’, ‘AnnotationDbi’ are not available
also installing the dependency ‘GO.db’

trying URL 'https://bioconductor.org/packages/3.23/data/annotation/src/contrib/GO.db_3.22.0.tar.gz'
trying URL 'https://bioconductor.org/packages/3.23/bioc/src/contrib/fgga_1.19.0.tar.gz'
ERROR: dependency ‘AnnotationDbi’ is not available for package ‘GO.db’
Perhaps try a variation of:
install.packages('AnnotationDbi')
* removing ‘/tmp/library/GO.db’
* installing *source* package ‘fgga’ ...
** this is package ‘fgga’ version ‘1.19.0’
** using staged installation
** R
** data
** inst
** byte-compile and prepare package for lazy loading
** help
*** installing help indices
** building package indices
** installing vignettes
** testing if installed package can be loaded from temporary location
** testing if installed package can be loaded from final location
** testing if installed package keeps a record of temporary installation path
* creating tarball
packaged installation of ‘fgga’ as ‘fgga_1.19.0_R_x86_64-pc-linux-gnu.tar.gz’
* DONE (fgga)

The downloaded source packages are in
	‘/tmp/RtmpqEKySR/downloaded_packages’
Old packages: 'promises'
Warning message:
In install.packages(...) :
  installation of package ‘GO.db’ had non-zero exit status

real	0m19.418s
user	0m15.074s
sys	0m3.462s
